[2025-Nov-03 22:03:13.065368] <info>: (MediaService.cpp:44:main) Starting the media-service server...
[2025-Nov-03 22:05:03.997535] <info>: (MediaHandler.h:36:ComposeMedia) Received ComposeMedia request [req_id=644931833795737216, media_ids count=0, media_types count=0]
[2025-Nov-03 22:05:03.998221] <info>: (MediaHandler.h:58:ComposeMedia) ComposeMedia parameter validation passed [req_id=644931833795737216]
[2025-Nov-03 22:05:03.998326] <info>: (MediaHandler.h:68:ComposeMedia) ComposeMedia completed [req_id=644931833795737216, return media count=0]
[2025-Nov-03 22:05:09.387434] <info>: (MediaHandler.h:36:ComposeMedia) Received ComposeMedia request [req_id=1141705460314226304, media_ids count=0, media_types count=0]
[2025-Nov-03 22:05:09.387668] <info>: (MediaHandler.h:58:ComposeMedia) ComposeMedia parameter validation passed [req_id=1141705460314226304]
[2025-Nov-03 22:05:09.387814] <info>: (MediaHandler.h:68:ComposeMedia) ComposeMedia completed [req_id=1141705460314226304, return media count=0]
[2025-Nov-03 22:05:14.740914] <info>: (MediaHandler.h:36:ComposeMedia) Received ComposeMedia request [req_id=25092719621304320, media_ids count=0, media_types count=0]
[2025-Nov-03 22:05:14.741499] <info>: (MediaHandler.h:58:ComposeMedia) ComposeMedia parameter validation passed [req_id=25092719621304320]
[2025-Nov-03 22:05:14.741549] <info>: (MediaHandler.h:68:ComposeMedia) ComposeMedia completed [req_id=25092719621304320, return media count=0]
[2025-Nov-03 22:05:20.106995] <info>: (MediaHandler.h:36:ComposeMedia) Received ComposeMedia request [req_id=473802275579832384, media_ids count=0, media_types count=0]
[2025-Nov-03 22:05:20.107353] <info>: (MediaHandler.h:58:ComposeMedia) ComposeMedia parameter validation passed [req_id=473802275579832384]
[2025-Nov-03 22:05:20.107427] <info>: (MediaHandler.h:68:ComposeMedia) ComposeMedia completed [req_id=473802275579832384, return media count=0]
[2025-Nov-03 22:05:25.477878] <info>: (MediaHandler.h:36:ComposeMedia) Received ComposeMedia request [req_id=708351769102285952, media_ids count=0, media_types count=0]
[2025-Nov-03 22:05:25.478038] <info>: (MediaHandler.h:58:ComposeMedia) ComposeMedia parameter validation passed [req_id=708351769102285952]
[2025-Nov-03 22:05:25.478071] <info>: (MediaHandler.h:68:ComposeMedia) ComposeMedia completed [req_id=708351769102285952, return media count=0]
[2025-Nov-03 22:05:30.839950] <info>: (MediaHandler.h:36:ComposeMedia) Received ComposeMedia request [req_id=1086746256611597568, media_ids count=0, media_types count=0]
[2025-Nov-03 22:05:30.840109] <info>: (MediaHandler.h:58:ComposeMedia) ComposeMedia parameter validation passed [req_id=1086746256611597568]
[2025-Nov-03 22:05:30.840145] <info>: (MediaHandler.h:68:ComposeMedia) ComposeMedia completed [req_id=1086746256611597568, return media count=0]
[2025-Nov-03 22:05:36.187456] <info>: (MediaHandler.h:36:ComposeMedia) Received ComposeMedia request [req_id=176865968639057888, media_ids count=0, media_types count=0]
[2025-Nov-03 22:05:36.187600] <info>: (MediaHandler.h:58:ComposeMedia) ComposeMedia parameter validation passed [req_id=176865968639057888]
[2025-Nov-03 22:05:36.187630] <info>: (MediaHandler.h:68:ComposeMedia) ComposeMedia completed [req_id=176865968639057888, return media count=0]
[2025-Nov-03 22:05:41.530706] <info>: (MediaHandler.h:36:ComposeMedia) Received ComposeMedia request [req_id=43225609333550080, media_ids count=0, media_types count=0]
[2025-Nov-03 22:05:41.530874] <info>: (MediaHandler.h:58:ComposeMedia) ComposeMedia parameter validation passed [req_id=43225609333550080]
[2025-Nov-03 22:05:41.530904] <info>: (MediaHandler.h:68:ComposeMedia) ComposeMedia completed [req_id=43225609333550080, return media count=0]
[2025-Nov-03 22:05:46.873666] <info>: (MediaHandler.h:36:ComposeMedia) Received ComposeMedia request [req_id=221766773924813856, media_ids count=0, media_types count=0]
[2025-Nov-03 22:05:46.874127] <info>: (MediaHandler.h:58:ComposeMedia) ComposeMedia parameter validation passed [req_id=221766773924813856]
[2025-Nov-03 22:05:46.874231] <info>: (MediaHandler.h:68:ComposeMedia) ComposeMedia completed [req_id=221766773924813856, return media count=0]
[2025-Nov-03 22:05:52.220081] <info>: (MediaHandler.h:36:ComposeMedia) Received ComposeMedia request [req_id=459564763629693312, media_ids count=0, media_types count=0]
[2025-Nov-03 22:05:52.220255] <info>: (MediaHandler.h:58:ComposeMedia) ComposeMedia parameter validation passed [req_id=459564763629693312]
[2025-Nov-03 22:05:52.220297] <info>: (MediaHandler.h:68:ComposeMedia) ComposeMedia completed [req_id=459564763629693312, return media count=0]
[2025-Nov-03 22:05:57.571400] <info>: (MediaHandler.h:36:ComposeMedia) Received ComposeMedia request [req_id=67702870758975296, media_ids count=0, media_types count=0]
[2025-Nov-03 22:05:57.571584] <info>: (MediaHandler.h:58:ComposeMedia) ComposeMedia parameter validation passed [req_id=67702870758975296]
[2025-Nov-03 22:05:57.571640] <info>: (MediaHandler.h:68:ComposeMedia) ComposeMedia completed [req_id=67702870758975296, return media count=0]
[2025-Nov-03 22:06:02.946310] <info>: (MediaHandler.h:36:ComposeMedia) Received ComposeMedia request [req_id=1052818739793053440, media_ids count=0, media_types count=0]
[2025-Nov-03 22:06:02.946447] <info>: (MediaHandler.h:58:ComposeMedia) ComposeMedia parameter validation passed [req_id=1052818739793053440]
[2025-Nov-03 22:06:02.946480] <info>: (MediaHandler.h:68:ComposeMedia) ComposeMedia completed [req_id=1052818739793053440, return media count=0]
[2025-Nov-03 22:06:08.302169] <info>: (MediaHandler.h:36:ComposeMedia) Received ComposeMedia request [req_id=482936484206817728, media_ids count=0, media_types count=0]
[2025-Nov-03 22:06:08.302319] <info>: (MediaHandler.h:58:ComposeMedia) ComposeMedia parameter validation passed [req_id=482936484206817728]
[2025-Nov-03 22:06:08.302348] <info>: (MediaHandler.h:68:ComposeMedia) ComposeMedia completed [req_id=482936484206817728, return media count=0]
[2025-Nov-03 22:06:13.666849] <info>: (MediaHandler.h:36:ComposeMedia) Received ComposeMedia request [req_id=51306035890665640, media_ids count=0, media_types count=0]
[2025-Nov-03 22:06:13.667052] <info>: (MediaHandler.h:58:ComposeMedia) ComposeMedia parameter validation passed [req_id=51306035890665640]
[2025-Nov-03 22:06:13.667087] <info>: (MediaHandler.h:68:ComposeMedia) ComposeMedia completed [req_id=51306035890665640, return media count=0]
[2025-Nov-03 22:06:19.027389] <info>: (MediaHandler.h:36:ComposeMedia) Received ComposeMedia request [req_id=626478232607279104, media_ids count=0, media_types count=0]
[2025-Nov-03 22:06:19.027559] <info>: (MediaHandler.h:58:ComposeMedia) ComposeMedia parameter validation passed [req_id=626478232607279104]
[2025-Nov-03 22:06:19.027598] <info>: (MediaHandler.h:68:ComposeMedia) ComposeMedia completed [req_id=626478232607279104, return media count=0]
[2025-Nov-03 22:06:24.397411] <info>: (MediaHandler.h:36:ComposeMedia) Received ComposeMedia request [req_id=424522604539953280, media_ids count=0, media_types count=0]
[2025-Nov-03 22:06:24.397562] <info>: (MediaHandler.h:58:ComposeMedia) ComposeMedia parameter validation passed [req_id=424522604539953280]
[2025-Nov-03 22:06:24.397601] <info>: (MediaHandler.h:68:ComposeMedia) ComposeMedia completed [req_id=424522604539953280, return media count=0]
[2025-Nov-03 22:06:29.756170] <info>: (MediaHandler.h:36:ComposeMedia) Received ComposeMedia request [req_id=1116164073901709184, media_ids count=0, media_types count=0]
[2025-Nov-03 22:06:29.756531] <info>: (MediaHandler.h:58:ComposeMedia) ComposeMedia parameter validation passed [req_id=1116164073901709184]
[2025-Nov-03 22:06:29.756618] <info>: (MediaHandler.h:68:ComposeMedia) ComposeMedia completed [req_id=1116164073901709184, return media count=0]
[2025-Nov-03 22:06:35.128062] <info>: (MediaHandler.h:36:ComposeMedia) Received ComposeMedia request [req_id=1108023458744474240, media_ids count=0, media_types count=0]
[2025-Nov-03 22:06:35.128196] <info>: (MediaHandler.h:58:ComposeMedia) ComposeMedia parameter validation passed [req_id=1108023458744474240]
[2025-Nov-03 22:06:35.128228] <info>: (MediaHandler.h:68:ComposeMedia) ComposeMedia completed [req_id=1108023458744474240, return media count=0]
[2025-Nov-03 22:06:40.508728] <info>: (MediaHandler.h:36:ComposeMedia) Received ComposeMedia request [req_id=1024276122556639232, media_ids count=0, media_types count=0]
[2025-Nov-03 22:06:40.508929] <info>: (MediaHandler.h:58:ComposeMedia) ComposeMedia parameter validation passed [req_id=1024276122556639232]
[2025-Nov-03 22:06:40.508961] <info>: (MediaHandler.h:68:ComposeMedia) ComposeMedia completed [req_id=1024276122556639232, return media count=0]
[2025-Nov-03 22:06:45.878397] <info>: (MediaHandler.h:36:ComposeMedia) Received ComposeMedia request [req_id=588124662839759104, media_ids count=0, media_types count=0]
[2025-Nov-03 22:06:45.878532] <info>: (MediaHandler.h:58:ComposeMedia) ComposeMedia parameter validation passed [req_id=588124662839759104]
[2025-Nov-03 22:06:45.878563] <info>: (MediaHandler.h:68:ComposeMedia) ComposeMedia completed [req_id=588124662839759104, return media count=0]
[2025-Nov-03 22:06:51.231427] <info>: (MediaHandler.h:36:ComposeMedia) Received ComposeMedia request [req_id=968963237183671552, media_ids count=0, media_types count=0]
[2025-Nov-03 22:06:51.231613] <info>: (MediaHandler.h:58:ComposeMedia) ComposeMedia parameter validation passed [req_id=968963237183671552]
[2025-Nov-03 22:06:51.231656] <info>: (MediaHandler.h:68:ComposeMedia) ComposeMedia completed [req_id=968963237183671552, return media count=0]
[2025-Nov-03 22:06:56.576816] <info>: (MediaHandler.h:36:ComposeMedia) Received ComposeMedia request [req_id=314022383537750016, media_ids count=0, media_types count=0]
[2025-Nov-03 22:06:56.577105] <info>: (MediaHandler.h:58:ComposeMedia) ComposeMedia parameter validation passed [req_id=314022383537750016]
[2025-Nov-03 22:06:56.577173] <info>: (MediaHandler.h:68:ComposeMedia) ComposeMedia completed [req_id=314022383537750016, return media count=0]
[2025-Nov-03 22:07:01.926391] <info>: (MediaHandler.h:36:ComposeMedia) Received ComposeMedia request [req_id=719124203154139392, media_ids count=0, media_types count=0]
[2025-Nov-03 22:07:01.926563] <info>: (MediaHandler.h:58:ComposeMedia) ComposeMedia parameter validation passed [req_id=719124203154139392]
[2025-Nov-03 22:07:01.926593] <info>: (MediaHandler.h:68:ComposeMedia) ComposeMedia completed [req_id=719124203154139392, return media count=0]
[2025-Nov-03 22:07:07.286459] <info>: (MediaHandler.h:36:ComposeMedia) Received ComposeMedia request [req_id=679383394805264000, media_ids count=0, media_types count=0]
[2025-Nov-03 22:07:07.286802] <info>: (MediaHandler.h:58:ComposeMedia) ComposeMedia parameter validation passed [req_id=679383394805264000]
[2025-Nov-03 22:07:07.286859] <info>: (MediaHandler.h:68:ComposeMedia) ComposeMedia completed [req_id=679383394805264000, return media count=0]
[2025-Nov-03 22:07:12.646395] <info>: (MediaHandler.h:36:ComposeMedia) Received ComposeMedia request [req_id=1093942302523724160, media_ids count=0, media_types count=0]
[2025-Nov-03 22:07:12.646546] <info>: (MediaHandler.h:58:ComposeMedia) ComposeMedia parameter validation passed [req_id=1093942302523724160]
[2025-Nov-03 22:07:12.646575] <info>: (MediaHandler.h:68:ComposeMedia) ComposeMedia completed [req_id=1093942302523724160, return media count=0]
[2025-Nov-03 22:07:18.005754] <info>: (MediaHandler.h:36:ComposeMedia) Received ComposeMedia request [req_id=267835807221785344, media_ids count=0, media_types count=0]
[2025-Nov-03 22:07:18.005928] <info>: (MediaHandler.h:58:ComposeMedia) ComposeMedia parameter validation passed [req_id=267835807221785344]
[2025-Nov-03 22:07:18.005958] <info>: (MediaHandler.h:68:ComposeMedia) ComposeMedia completed [req_id=267835807221785344, return media count=0]
[2025-Nov-03 22:07:23.374299] <info>: (MediaHandler.h:36:ComposeMedia) Received ComposeMedia request [req_id=619169184568723968, media_ids count=0, media_types count=0]
[2025-Nov-03 22:07:23.374488] <info>: (MediaHandler.h:58:ComposeMedia) ComposeMedia parameter validation passed [req_id=619169184568723968]
[2025-Nov-03 22:07:23.374542] <info>: (MediaHandler.h:68:ComposeMedia) ComposeMedia completed [req_id=619169184568723968, return media count=0]
[2025-Nov-03 22:07:28.785431] <info>: (MediaHandler.h:36:ComposeMedia) Received ComposeMedia request [req_id=762886346554251520, media_ids count=0, media_types count=0]
[2025-Nov-03 22:07:28.785618] <info>: (MediaHandler.h:58:ComposeMedia) ComposeMedia parameter validation passed [req_id=762886346554251520]
[2025-Nov-03 22:07:28.785727] <info>: (MediaHandler.h:68:ComposeMedia) ComposeMedia completed [req_id=762886346554251520, return media count=0]
[2025-Nov-03 22:07:34.186944] <info>: (MediaHandler.h:36:ComposeMedia) Received ComposeMedia request [req_id=875720380098239744, media_ids count=0, media_types count=0]
[2025-Nov-03 22:07:34.187138] <info>: (MediaHandler.h:58:ComposeMedia) ComposeMedia parameter validation passed [req_id=875720380098239744]
[2025-Nov-03 22:07:34.187195] <info>: (MediaHandler.h:68:ComposeMedia) ComposeMedia completed [req_id=875720380098239744, return media count=0]
[2025-Nov-03 22:07:39.541443] <info>: (MediaHandler.h:36:ComposeMedia) Received ComposeMedia request [req_id=636673960088665344, media_ids count=0, media_types count=0]
[2025-Nov-03 22:07:39.541732] <info>: (MediaHandler.h:58:ComposeMedia) ComposeMedia parameter validation passed [req_id=636673960088665344]
[2025-Nov-03 22:07:39.541807] <info>: (MediaHandler.h:68:ComposeMedia) ComposeMedia completed [req_id=636673960088665344, return media count=0]
[2025-Nov-03 22:07:44.902888] <info>: (MediaHandler.h:36:ComposeMedia) Received ComposeMedia request [req_id=918068485788391296, media_ids count=0, media_types count=0]
[2025-Nov-03 22:07:44.903042] <info>: (MediaHandler.h:58:ComposeMedia) ComposeMedia parameter validation passed [req_id=918068485788391296]
[2025-Nov-03 22:07:44.903075] <info>: (MediaHandler.h:68:ComposeMedia) ComposeMedia completed [req_id=918068485788391296, return media count=0]
[2025-Nov-03 22:07:50.262602] <info>: (MediaHandler.h:36:ComposeMedia) Received ComposeMedia request [req_id=921791093515540736, media_ids count=0, media_types count=0]
[2025-Nov-03 22:07:50.262746] <info>: (MediaHandler.h:58:ComposeMedia) ComposeMedia parameter validation passed [req_id=921791093515540736]
[2025-Nov-03 22:07:50.262891] <info>: (MediaHandler.h:68:ComposeMedia) ComposeMedia completed [req_id=921791093515540736, return media count=0]
[2025-Nov-03 22:07:55.615601] <info>: (MediaHandler.h:36:ComposeMedia) Received ComposeMedia request [req_id=50431138249779744, media_ids count=0, media_types count=0]
[2025-Nov-03 22:07:55.615803] <info>: (MediaHandler.h:58:ComposeMedia) ComposeMedia parameter validation passed [req_id=50431138249779744]
[2025-Nov-03 22:07:55.615862] <info>: (MediaHandler.h:68:ComposeMedia) ComposeMedia completed [req_id=50431138249779744, return media count=0]
[2025-Nov-03 22:08:00.974233] <info>: (MediaHandler.h:36:ComposeMedia) Received ComposeMedia request [req_id=390769173123907392, media_ids count=0, media_types count=0]
[2025-Nov-03 22:08:00.974416] <info>: (MediaHandler.h:58:ComposeMedia) ComposeMedia parameter validation passed [req_id=390769173123907392]
[2025-Nov-03 22:08:00.974450] <info>: (MediaHandler.h:68:ComposeMedia) ComposeMedia completed [req_id=390769173123907392, return media count=0]
[2025-Nov-03 22:08:06.323179] <info>: (MediaHandler.h:36:ComposeMedia) Received ComposeMedia request [req_id=875997939954224000, media_ids count=0, media_types count=0]
[2025-Nov-03 22:08:06.323316] <info>: (MediaHandler.h:58:ComposeMedia) ComposeMedia parameter validation passed [req_id=875997939954224000]
[2025-Nov-03 22:08:06.323342] <info>: (MediaHandler.h:68:ComposeMedia) ComposeMedia completed [req_id=875997939954224000, return media count=0]
[2025-Nov-03 22:08:11.681023] <info>: (MediaHandler.h:36:ComposeMedia) Received ComposeMedia request [req_id=569795423556875584, media_ids count=0, media_types count=0]
[2025-Nov-03 22:08:11.681175] <info>: (MediaHandler.h:58:ComposeMedia) ComposeMedia parameter validation passed [req_id=569795423556875584]
[2025-Nov-03 22:08:11.681208] <info>: (MediaHandler.h:68:ComposeMedia) ComposeMedia completed [req_id=569795423556875584, return media count=0]
[2025-Nov-03 22:08:17.036504] <info>: (MediaHandler.h:36:ComposeMedia) Received ComposeMedia request [req_id=223935745251763520, media_ids count=0, media_types count=0]
[2025-Nov-03 22:08:17.036648] <info>: (MediaHandler.h:58:ComposeMedia) ComposeMedia parameter validation passed [req_id=223935745251763520]
[2025-Nov-03 22:08:17.036683] <info>: (MediaHandler.h:68:ComposeMedia) ComposeMedia completed [req_id=223935745251763520, return media count=0]
[2025-Nov-03 22:08:22.416256] <info>: (MediaHandler.h:36:ComposeMedia) Received ComposeMedia request [req_id=1092221423012405248, media_ids count=0, media_types count=0]
[2025-Nov-03 22:08:22.416386] <info>: (MediaHandler.h:58:ComposeMedia) ComposeMedia parameter validation passed [req_id=1092221423012405248]
[2025-Nov-03 22:08:22.416422] <info>: (MediaHandler.h:68:ComposeMedia) ComposeMedia completed [req_id=1092221423012405248, return media count=0]
[2025-Nov-03 22:08:27.791471] <info>: (MediaHandler.h:36:ComposeMedia) Received ComposeMedia request [req_id=262032661442578080, media_ids count=0, media_types count=0]
[2025-Nov-03 22:08:27.791632] <info>: (MediaHandler.h:58:ComposeMedia) ComposeMedia parameter validation passed [req_id=262032661442578080]
[2025-Nov-03 22:08:27.791670] <info>: (MediaHandler.h:68:ComposeMedia) ComposeMedia completed [req_id=262032661442578080, return media count=0]
[2025-Nov-03 22:08:33.148349] <info>: (MediaHandler.h:36:ComposeMedia) Received ComposeMedia request [req_id=580364974433750528, media_ids count=0, media_types count=0]
[2025-Nov-03 22:08:33.148593] <info>: (MediaHandler.h:58:ComposeMedia) ComposeMedia parameter validation passed [req_id=580364974433750528]
[2025-Nov-03 22:08:33.148635] <info>: (MediaHandler.h:68:ComposeMedia) ComposeMedia completed [req_id=580364974433750528, return media count=0]
[2025-Nov-03 22:08:38.499599] <info>: (MediaHandler.h:36:ComposeMedia) Received ComposeMedia request [req_id=99994089183751120, media_ids count=0, media_types count=0]
[2025-Nov-03 22:08:38.499852] <info>: (MediaHandler.h:58:ComposeMedia) ComposeMedia parameter validation passed [req_id=99994089183751120]
[2025-Nov-03 22:08:38.499894] <info>: (MediaHandler.h:68:ComposeMedia) ComposeMedia completed [req_id=99994089183751120, return media count=0]
[2025-Nov-03 22:08:43.847481] <info>: (MediaHandler.h:36:ComposeMedia) Received ComposeMedia request [req_id=64807224966246264, media_ids count=0, media_types count=0]
[2025-Nov-03 22:08:43.847648] <info>: (MediaHandler.h:58:ComposeMedia) ComposeMedia parameter validation passed [req_id=64807224966246264]
[2025-Nov-03 22:08:43.847697] <info>: (MediaHandler.h:68:ComposeMedia) ComposeMedia completed [req_id=64807224966246264, return media count=0]
[2025-Nov-03 22:08:49.202393] <info>: (MediaHandler.h:36:ComposeMedia) Received ComposeMedia request [req_id=168867486102233056, media_ids count=0, media_types count=0]
[2025-Nov-03 22:08:49.202571] <info>: (MediaHandler.h:58:ComposeMedia) ComposeMedia parameter validation passed [req_id=168867486102233056]
[2025-Nov-03 22:08:49.202618] <info>: (MediaHandler.h:68:ComposeMedia) ComposeMedia completed [req_id=168867486102233056, return media count=0]
[2025-Nov-03 22:08:54.554658] <info>: (MediaHandler.h:36:ComposeMedia) Received ComposeMedia request [req_id=121802597341952208, media_ids count=0, media_types count=0]
[2025-Nov-03 22:08:54.554838] <info>: (MediaHandler.h:58:ComposeMedia) ComposeMedia parameter validation passed [req_id=121802597341952208]
[2025-Nov-03 22:08:54.554879] <info>: (MediaHandler.h:68:ComposeMedia) ComposeMedia completed [req_id=121802597341952208, return media count=0]
[2025-Nov-03 22:08:59.922455] <info>: (MediaHandler.h:36:ComposeMedia) Received ComposeMedia request [req_id=620717785178272896, media_ids count=0, media_types count=0]
[2025-Nov-03 22:08:59.922583] <info>: (MediaHandler.h:58:ComposeMedia) ComposeMedia parameter validation passed [req_id=620717785178272896]
[2025-Nov-03 22:08:59.922607] <info>: (MediaHandler.h:68:ComposeMedia) ComposeMedia completed [req_id=620717785178272896, return media count=0]
[2025-Nov-03 22:09:05.289192] <info>: (MediaHandler.h:36:ComposeMedia) Received ComposeMedia request [req_id=565144768764424320, media_ids count=0, media_types count=0]
[2025-Nov-03 22:09:05.289387] <info>: (MediaHandler.h:58:ComposeMedia) ComposeMedia parameter validation passed [req_id=565144768764424320]
[2025-Nov-03 22:09:05.289440] <info>: (MediaHandler.h:68:ComposeMedia) ComposeMedia completed [req_id=565144768764424320, return media count=0]
[2025-Nov-03 22:09:10.640084] <info>: (MediaHandler.h:36:ComposeMedia) Received ComposeMedia request [req_id=131507722544528128, media_ids count=0, media_types count=0]
[2025-Nov-03 22:09:10.640276] <info>: (MediaHandler.h:58:ComposeMedia) ComposeMedia parameter validation passed [req_id=131507722544528128]
[2025-Nov-03 22:09:10.640346] <info>: (MediaHandler.h:68:ComposeMedia) ComposeMedia completed [req_id=131507722544528128, return media count=0]
[2025-Nov-03 22:09:15.994105] <info>: (MediaHandler.h:36:ComposeMedia) Received ComposeMedia request [req_id=201472790262871520, media_ids count=0, media_types count=0]
[2025-Nov-03 22:09:15.994292] <info>: (MediaHandler.h:58:ComposeMedia) ComposeMedia parameter validation passed [req_id=201472790262871520]
[2025-Nov-03 22:09:15.994405] <info>: (MediaHandler.h:68:ComposeMedia) ComposeMedia completed [req_id=201472790262871520, return media count=0]
[2025-Nov-03 22:09:21.351394] <info>: (MediaHandler.h:36:ComposeMedia) Received ComposeMedia request [req_id=243475649571637152, media_ids count=0, media_types count=0]
[2025-Nov-03 22:09:21.351590] <info>: (MediaHandler.h:58:ComposeMedia) ComposeMedia parameter validation passed [req_id=243475649571637152]
[2025-Nov-03 22:09:21.351655] <info>: (MediaHandler.h:68:ComposeMedia) ComposeMedia completed [req_id=243475649571637152, return media count=0]
[2025-Nov-03 22:09:26.704202] <info>: (MediaHandler.h:36:ComposeMedia) Received ComposeMedia request [req_id=985605384351010048, media_ids count=0, media_types count=0]
[2025-Nov-03 22:09:26.704380] <info>: (MediaHandler.h:58:ComposeMedia) ComposeMedia parameter validation passed [req_id=985605384351010048]
[2025-Nov-03 22:09:26.704431] <info>: (MediaHandler.h:68:ComposeMedia) ComposeMedia completed [req_id=985605384351010048, return media count=0]
[2025-Nov-03 22:09:32.067548] <info>: (MediaHandler.h:36:ComposeMedia) Received ComposeMedia request [req_id=984622788556450048, media_ids count=0, media_types count=0]
[2025-Nov-03 22:09:32.067702] <info>: (MediaHandler.h:58:ComposeMedia) ComposeMedia parameter validation passed [req_id=984622788556450048]
[2025-Nov-03 22:09:32.067730] <info>: (MediaHandler.h:68:ComposeMedia) ComposeMedia completed [req_id=984622788556450048, return media count=0]
[2025-Nov-03 22:09:37.411950] <info>: (MediaHandler.h:36:ComposeMedia) Received ComposeMedia request [req_id=516272438311794304, media_ids count=0, media_types count=0]
[2025-Nov-03 22:09:37.412092] <info>: (MediaHandler.h:58:ComposeMedia) ComposeMedia parameter validation passed [req_id=516272438311794304]
[2025-Nov-03 22:09:37.412121] <info>: (MediaHandler.h:68:ComposeMedia) ComposeMedia completed [req_id=516272438311794304, return media count=0]
[2025-Nov-03 22:09:42.763678] <info>: (MediaHandler.h:36:ComposeMedia) Received ComposeMedia request [req_id=44512118436707664, media_ids count=0, media_types count=0]
[2025-Nov-03 22:09:42.763889] <info>: (MediaHandler.h:58:ComposeMedia) ComposeMedia parameter validation passed [req_id=44512118436707664]
[2025-Nov-03 22:09:42.763935] <info>: (MediaHandler.h:68:ComposeMedia) ComposeMedia completed [req_id=44512118436707664, return media count=0]
[2025-Nov-03 22:09:48.114543] <info>: (MediaHandler.h:36:ComposeMedia) Received ComposeMedia request [req_id=215668247605288416, media_ids count=0, media_types count=0]
[2025-Nov-03 22:09:48.115024] <info>: (MediaHandler.h:58:ComposeMedia) ComposeMedia parameter validation passed [req_id=215668247605288416]
[2025-Nov-03 22:09:48.115095] <info>: (MediaHandler.h:68:ComposeMedia) ComposeMedia completed [req_id=215668247605288416, return media count=0]
[2025-Nov-03 22:09:53.455748] <info>: (MediaHandler.h:36:ComposeMedia) Received ComposeMedia request [req_id=618528023962339328, media_ids count=0, media_types count=0]
[2025-Nov-03 22:09:53.455923] <info>: (MediaHandler.h:58:ComposeMedia) ComposeMedia parameter validation passed [req_id=618528023962339328]
[2025-Nov-03 22:09:53.455954] <info>: (MediaHandler.h:68:ComposeMedia) ComposeMedia completed [req_id=618528023962339328, return media count=0]
[2025-Nov-03 22:09:58.810048] <info>: (MediaHandler.h:36:ComposeMedia) Received ComposeMedia request [req_id=41544175559285136, media_ids count=0, media_types count=0]
[2025-Nov-03 22:09:58.810454] <info>: (MediaHandler.h:58:ComposeMedia) ComposeMedia parameter validation passed [req_id=41544175559285136]
[2025-Nov-03 22:09:58.810523] <info>: (MediaHandler.h:68:ComposeMedia) ComposeMedia completed [req_id=41544175559285136, return media count=0]
[2025-Nov-03 22:10:04.184155] <info>: (MediaHandler.h:36:ComposeMedia) Received ComposeMedia request [req_id=546467732712613952, media_ids count=0, media_types count=0]
[2025-Nov-03 22:10:04.184537] <info>: (MediaHandler.h:58:ComposeMedia) ComposeMedia parameter validation passed [req_id=546467732712613952]
[2025-Nov-03 22:10:04.184597] <info>: (MediaHandler.h:68:ComposeMedia) ComposeMedia completed [req_id=546467732712613952, return media count=0]
[2025-Nov-03 22:10:09.549170] <info>: (MediaHandler.h:36:ComposeMedia) Received ComposeMedia request [req_id=150523255768220800, media_ids count=0, media_types count=0]
[2025-Nov-03 22:10:09.549336] <info>: (MediaHandler.h:58:ComposeMedia) ComposeMedia parameter validation passed [req_id=150523255768220800]
[2025-Nov-03 22:10:09.549376] <info>: (MediaHandler.h:68:ComposeMedia) ComposeMedia completed [req_id=150523255768220800, return media count=0]
[2025-Nov-03 22:10:14.945735] <info>: (MediaHandler.h:36:ComposeMedia) Received ComposeMedia request [req_id=676403862141208704, media_ids count=0, media_types count=0]
[2025-Nov-03 22:10:14.945946] <info>: (MediaHandler.h:58:ComposeMedia) ComposeMedia parameter validation passed [req_id=676403862141208704]
[2025-Nov-03 22:10:14.946003] <info>: (MediaHandler.h:68:ComposeMedia) ComposeMedia completed [req_id=676403862141208704, return media count=0]
[2025-Nov-03 22:10:20.364500] <info>: (MediaHandler.h:36:ComposeMedia) Received ComposeMedia request [req_id=77274489324828640, media_ids count=0, media_types count=0]
[2025-Nov-03 22:10:20.365215] <info>: (MediaHandler.h:58:ComposeMedia) ComposeMedia parameter validation passed [req_id=77274489324828640]
[2025-Nov-03 22:10:20.365327] <info>: (MediaHandler.h:68:ComposeMedia) ComposeMedia completed [req_id=77274489324828640, return media count=0]
[2025-Nov-03 22:10:25.735347] <info>: (MediaHandler.h:36:ComposeMedia) Received ComposeMedia request [req_id=588755371520096512, media_ids count=0, media_types count=0]
[2025-Nov-03 22:10:25.735533] <info>: (MediaHandler.h:58:ComposeMedia) ComposeMedia parameter validation passed [req_id=588755371520096512]
[2025-Nov-03 22:10:25.735567] <info>: (MediaHandler.h:68:ComposeMedia) ComposeMedia completed [req_id=588755371520096512, return media count=0]
[2025-Nov-03 22:10:31.093929] <info>: (MediaHandler.h:36:ComposeMedia) Received ComposeMedia request [req_id=975969667255029120, media_ids count=0, media_types count=0]
[2025-Nov-03 22:10:31.094098] <info>: (MediaHandler.h:58:ComposeMedia) ComposeMedia parameter validation passed [req_id=975969667255029120]
[2025-Nov-03 22:10:31.094154] <info>: (MediaHandler.h:68:ComposeMedia) ComposeMedia completed [req_id=975969667255029120, return media count=0]
[2025-Nov-03 22:10:36.459435] <info>: (MediaHandler.h:36:ComposeMedia) Received ComposeMedia request [req_id=987876121104442752, media_ids count=0, media_types count=0]
[2025-Nov-03 22:10:36.459611] <info>: (MediaHandler.h:58:ComposeMedia) ComposeMedia parameter validation passed [req_id=987876121104442752]
[2025-Nov-03 22:10:36.459666] <info>: (MediaHandler.h:68:ComposeMedia) ComposeMedia completed [req_id=987876121104442752, return media count=0]
[2025-Nov-03 22:10:41.816667] <info>: (MediaHandler.h:36:ComposeMedia) Received ComposeMedia request [req_id=1007641883601615104, media_ids count=0, media_types count=0]
[2025-Nov-03 22:10:41.817030] <info>: (MediaHandler.h:58:ComposeMedia) ComposeMedia parameter validation passed [req_id=1007641883601615104]
[2025-Nov-03 22:10:41.817207] <info>: (MediaHandler.h:68:ComposeMedia) ComposeMedia completed [req_id=1007641883601615104, return media count=0]
[2025-Nov-03 22:10:47.166697] <info>: (MediaHandler.h:36:ComposeMedia) Received ComposeMedia request [req_id=584543393521549568, media_ids count=0, media_types count=0]
[2025-Nov-03 22:10:47.166861] <info>: (MediaHandler.h:58:ComposeMedia) ComposeMedia parameter validation passed [req_id=584543393521549568]
[2025-Nov-03 22:10:47.166892] <info>: (MediaHandler.h:68:ComposeMedia) ComposeMedia completed [req_id=584543393521549568, return media count=0]
[2025-Nov-03 22:10:52.553318] <info>: (MediaHandler.h:36:ComposeMedia) Received ComposeMedia request [req_id=890714486910205440, media_ids count=0, media_types count=0]
[2025-Nov-03 22:10:52.553494] <info>: (MediaHandler.h:58:ComposeMedia) ComposeMedia parameter validation passed [req_id=890714486910205440]
[2025-Nov-03 22:10:52.553523] <info>: (MediaHandler.h:68:ComposeMedia) ComposeMedia completed [req_id=890714486910205440, return media count=0]
[2025-Nov-03 22:10:57.909980] <info>: (MediaHandler.h:36:ComposeMedia) Received ComposeMedia request [req_id=160643792957582592, media_ids count=0, media_types count=0]
[2025-Nov-03 22:10:57.910171] <info>: (MediaHandler.h:58:ComposeMedia) ComposeMedia parameter validation passed [req_id=160643792957582592]
[2025-Nov-03 22:10:57.910207] <info>: (MediaHandler.h:68:ComposeMedia) ComposeMedia completed [req_id=160643792957582592, return media count=0]
[2025-Nov-03 22:11:03.266642] <info>: (MediaHandler.h:36:ComposeMedia) Received ComposeMedia request [req_id=707687737521025536, media_ids count=0, media_types count=0]
[2025-Nov-03 22:11:03.266866] <info>: (MediaHandler.h:58:ComposeMedia) ComposeMedia parameter validation passed [req_id=707687737521025536]
[2025-Nov-03 22:11:03.266905] <info>: (MediaHandler.h:68:ComposeMedia) ComposeMedia completed [req_id=707687737521025536, return media count=0]
[2025-Nov-03 22:11:08.608243] <info>: (MediaHandler.h:36:ComposeMedia) Received ComposeMedia request [req_id=818439951824341760, media_ids count=0, media_types count=0]
[2025-Nov-03 22:11:08.608400] <info>: (MediaHandler.h:58:ComposeMedia) ComposeMedia parameter validation passed [req_id=818439951824341760]
[2025-Nov-03 22:11:08.608451] <info>: (MediaHandler.h:68:ComposeMedia) ComposeMedia completed [req_id=818439951824341760, return media count=0]
[2025-Nov-03 22:11:13.965087] <info>: (MediaHandler.h:36:ComposeMedia) Received ComposeMedia request [req_id=846897062371880448, media_ids count=0, media_types count=0]
[2025-Nov-03 22:11:13.965338] <info>: (MediaHandler.h:58:ComposeMedia) ComposeMedia parameter validation passed [req_id=846897062371880448]
[2025-Nov-03 22:11:13.965374] <info>: (MediaHandler.h:68:ComposeMedia) ComposeMedia completed [req_id=846897062371880448, return media count=0]
[2025-Nov-03 22:11:19.323001] <info>: (MediaHandler.h:36:ComposeMedia) Received ComposeMedia request [req_id=755515394721302656, media_ids count=0, media_types count=0]
[2025-Nov-03 22:11:19.323318] <info>: (MediaHandler.h:58:ComposeMedia) ComposeMedia parameter validation passed [req_id=755515394721302656]
[2025-Nov-03 22:11:19.323420] <info>: (MediaHandler.h:68:ComposeMedia) ComposeMedia completed [req_id=755515394721302656, return media count=0]
[2025-Nov-03 22:11:24.661708] <info>: (MediaHandler.h:36:ComposeMedia) Received ComposeMedia request [req_id=295369448190258176, media_ids count=0, media_types count=0]
[2025-Nov-03 22:11:24.661935] <info>: (MediaHandler.h:58:ComposeMedia) ComposeMedia parameter validation passed [req_id=295369448190258176]
[2025-Nov-03 22:11:24.661988] <info>: (MediaHandler.h:68:ComposeMedia) ComposeMedia completed [req_id=295369448190258176, return media count=0]
[2025-Nov-03 22:11:30.039105] <info>: (MediaHandler.h:36:ComposeMedia) Received ComposeMedia request [req_id=546120901984393024, media_ids count=0, media_types count=0]
[2025-Nov-03 22:11:30.039254] <info>: (MediaHandler.h:58:ComposeMedia) ComposeMedia parameter validation passed [req_id=546120901984393024]
[2025-Nov-03 22:11:30.039287] <info>: (MediaHandler.h:68:ComposeMedia) ComposeMedia completed [req_id=546120901984393024, return media count=0]
[2025-Nov-03 22:11:35.421099] <info>: (MediaHandler.h:36:ComposeMedia) Received ComposeMedia request [req_id=523549410356359488, media_ids count=0, media_types count=0]
[2025-Nov-03 22:11:35.421316] <info>: (MediaHandler.h:58:ComposeMedia) ComposeMedia parameter validation passed [req_id=523549410356359488]
[2025-Nov-03 22:11:35.421370] <info>: (MediaHandler.h:68:ComposeMedia) ComposeMedia completed [req_id=523549410356359488, return media count=0]
[2025-Nov-03 22:11:40.789871] <info>: (MediaHandler.h:36:ComposeMedia) Received ComposeMedia request [req_id=1082516441192565248, media_ids count=0, media_types count=0]
[2025-Nov-03 22:11:40.790168] <info>: (MediaHandler.h:58:ComposeMedia) ComposeMedia parameter validation passed [req_id=1082516441192565248]
[2025-Nov-03 22:11:40.790211] <info>: (MediaHandler.h:68:ComposeMedia) ComposeMedia completed [req_id=1082516441192565248, return media count=0]
[2025-Nov-03 22:11:46.152405] <info>: (MediaHandler.h:36:ComposeMedia) Received ComposeMedia request [req_id=532295244466149952, media_ids count=0, media_types count=0]
[2025-Nov-03 22:11:46.152720] <info>: (MediaHandler.h:58:ComposeMedia) ComposeMedia parameter validation passed [req_id=532295244466149952]
[2025-Nov-03 22:11:46.152888] <info>: (MediaHandler.h:68:ComposeMedia) ComposeMedia completed [req_id=532295244466149952, return media count=0]
[2025-Nov-03 22:11:51.515622] <info>: (MediaHandler.h:36:ComposeMedia) Received ComposeMedia request [req_id=754756722470523648, media_ids count=0, media_types count=0]
[2025-Nov-03 22:11:51.515915] <info>: (MediaHandler.h:58:ComposeMedia) ComposeMedia parameter validation passed [req_id=754756722470523648]
[2025-Nov-03 22:11:51.515994] <info>: (MediaHandler.h:68:ComposeMedia) ComposeMedia completed [req_id=754756722470523648, return media count=0]
[2025-Nov-03 22:11:56.869938] <info>: (MediaHandler.h:36:ComposeMedia) Received ComposeMedia request [req_id=1097242262612804096, media_ids count=0, media_types count=0]
[2025-Nov-03 22:11:56.870072] <info>: (MediaHandler.h:58:ComposeMedia) ComposeMedia parameter validation passed [req_id=1097242262612804096]
[2025-Nov-03 22:11:56.870128] <info>: (MediaHandler.h:68:ComposeMedia) ComposeMedia completed [req_id=1097242262612804096, return media count=0]
[2025-Nov-03 22:12:02.241637] <info>: (MediaHandler.h:36:ComposeMedia) Received ComposeMedia request [req_id=833976177873938176, media_ids count=0, media_types count=0]
[2025-Nov-03 22:12:02.241863] <info>: (MediaHandler.h:58:ComposeMedia) ComposeMedia parameter validation passed [req_id=833976177873938176]
[2025-Nov-03 22:12:02.241901] <info>: (MediaHandler.h:68:ComposeMedia) ComposeMedia completed [req_id=833976177873938176, return media count=0]
[2025-Nov-03 22:12:07.605302] <info>: (MediaHandler.h:36:ComposeMedia) Received ComposeMedia request [req_id=181345029788615904, media_ids count=0, media_types count=0]
[2025-Nov-03 22:12:07.605902] <info>: (MediaHandler.h:58:ComposeMedia) ComposeMedia parameter validation passed [req_id=181345029788615904]
[2025-Nov-03 22:12:07.606029] <info>: (MediaHandler.h:68:ComposeMedia) ComposeMedia completed [req_id=181345029788615904, return media count=0]
[2025-Nov-03 22:12:12.957254] <info>: (MediaHandler.h:36:ComposeMedia) Received ComposeMedia request [req_id=113386837533954016, media_ids count=0, media_types count=0]
[2025-Nov-03 22:12:12.957589] <info>: (MediaHandler.h:58:ComposeMedia) ComposeMedia parameter validation passed [req_id=113386837533954016]
[2025-Nov-03 22:12:12.957651] <info>: (MediaHandler.h:68:ComposeMedia) ComposeMedia completed [req_id=113386837533954016, return media count=0]
[2025-Nov-03 22:12:18.324463] <info>: (MediaHandler.h:36:ComposeMedia) Received ComposeMedia request [req_id=827879455302060032, media_ids count=0, media_types count=0]
[2025-Nov-03 22:12:18.324622] <info>: (MediaHandler.h:58:ComposeMedia) ComposeMedia parameter validation passed [req_id=827879455302060032]
[2025-Nov-03 22:12:18.324651] <info>: (MediaHandler.h:68:ComposeMedia) ComposeMedia completed [req_id=827879455302060032, return media count=0]
[2025-Nov-03 22:12:23.680107] <info>: (MediaHandler.h:36:ComposeMedia) Received ComposeMedia request [req_id=532986998997080128, media_ids count=0, media_types count=0]
[2025-Nov-03 22:12:23.680251] <info>: (MediaHandler.h:58:ComposeMedia) ComposeMedia parameter validation passed [req_id=532986998997080128]
[2025-Nov-03 22:12:23.680281] <info>: (MediaHandler.h:68:ComposeMedia) ComposeMedia completed [req_id=532986998997080128, return media count=0]
[2025-Nov-03 22:12:29.028486] <info>: (MediaHandler.h:36:ComposeMedia) Received ComposeMedia request [req_id=720818659329749760, media_ids count=0, media_types count=0]
[2025-Nov-03 22:12:29.028643] <info>: (MediaHandler.h:58:ComposeMedia) ComposeMedia parameter validation passed [req_id=720818659329749760]
[2025-Nov-03 22:12:29.028695] <info>: (MediaHandler.h:68:ComposeMedia) ComposeMedia completed [req_id=720818659329749760, return media count=0]
[2025-Nov-03 22:12:34.396325] <info>: (MediaHandler.h:36:ComposeMedia) Received ComposeMedia request [req_id=896499610905474048, media_ids count=0, media_types count=0]
[2025-Nov-03 22:12:34.396610] <info>: (MediaHandler.h:58:ComposeMedia) ComposeMedia parameter validation passed [req_id=896499610905474048]
[2025-Nov-03 22:12:34.396795] <info>: (MediaHandler.h:68:ComposeMedia) ComposeMedia completed [req_id=896499610905474048, return media count=0]
[2025-Nov-03 22:12:39.759677] <info>: (MediaHandler.h:36:ComposeMedia) Received ComposeMedia request [req_id=443047756689514368, media_ids count=0, media_types count=0]
[2025-Nov-03 22:12:39.759939] <info>: (MediaHandler.h:58:ComposeMedia) ComposeMedia parameter validation passed [req_id=443047756689514368]
[2025-Nov-03 22:12:39.760020] <info>: (MediaHandler.h:68:ComposeMedia) ComposeMedia completed [req_id=443047756689514368, return media count=0]
[2025-Nov-03 22:12:45.113245] <info>: (MediaHandler.h:36:ComposeMedia) Received ComposeMedia request [req_id=77223048880835104, media_ids count=0, media_types count=0]
[2025-Nov-03 22:12:45.113392] <info>: (MediaHandler.h:58:ComposeMedia) ComposeMedia parameter validation passed [req_id=77223048880835104]
[2025-Nov-03 22:12:45.113420] <info>: (MediaHandler.h:68:ComposeMedia) ComposeMedia completed [req_id=77223048880835104, return media count=0]
[2025-Nov-03 22:12:50.459289] <info>: (MediaHandler.h:36:ComposeMedia) Received ComposeMedia request [req_id=1151018238562835072, media_ids count=0, media_types count=0]
[2025-Nov-03 22:12:50.459721] <info>: (MediaHandler.h:58:ComposeMedia) ComposeMedia parameter validation passed [req_id=1151018238562835072]
[2025-Nov-03 22:12:50.459772] <info>: (MediaHandler.h:68:ComposeMedia) ComposeMedia completed [req_id=1151018238562835072, return media count=0]
[2025-Nov-03 22:12:55.810909] <info>: (MediaHandler.h:36:ComposeMedia) Received ComposeMedia request [req_id=1049764347763129728, media_ids count=0, media_types count=0]
[2025-Nov-03 22:12:55.811048] <info>: (MediaHandler.h:58:ComposeMedia) ComposeMedia parameter validation passed [req_id=1049764347763129728]
[2025-Nov-03 22:12:55.811081] <info>: (MediaHandler.h:68:ComposeMedia) ComposeMedia completed [req_id=1049764347763129728, return media count=0]
[2025-Nov-03 22:13:01.164481] <info>: (MediaHandler.h:36:ComposeMedia) Received ComposeMedia request [req_id=1019402637599590144, media_ids count=0, media_types count=0]
[2025-Nov-03 22:13:01.164660] <info>: (MediaHandler.h:58:ComposeMedia) ComposeMedia parameter validation passed [req_id=1019402637599590144]
[2025-Nov-03 22:13:01.164713] <info>: (MediaHandler.h:68:ComposeMedia) ComposeMedia completed [req_id=1019402637599590144, return media count=0]
[2025-Nov-03 22:13:06.524476] <info>: (MediaHandler.h:36:ComposeMedia) Received ComposeMedia request [req_id=353881110628806976, media_ids count=0, media_types count=0]
[2025-Nov-03 22:13:06.524666] <info>: (MediaHandler.h:58:ComposeMedia) ComposeMedia parameter validation passed [req_id=353881110628806976]
[2025-Nov-03 22:13:06.524703] <info>: (MediaHandler.h:68:ComposeMedia) ComposeMedia completed [req_id=353881110628806976, return media count=0]
[2025-Nov-03 22:13:11.873886] <info>: (MediaHandler.h:36:ComposeMedia) Received ComposeMedia request [req_id=762749512601090560, media_ids count=0, media_types count=0]
[2025-Nov-03 22:13:11.874020] <info>: (MediaHandler.h:58:ComposeMedia) ComposeMedia parameter validation passed [req_id=762749512601090560]
[2025-Nov-03 22:13:11.874052] <info>: (MediaHandler.h:68:ComposeMedia) ComposeMedia completed [req_id=762749512601090560, return media count=0]
[2025-Nov-03 22:13:17.228959] <info>: (MediaHandler.h:36:ComposeMedia) Received ComposeMedia request [req_id=407572685215950016, media_ids count=0, media_types count=0]
[2025-Nov-03 22:13:17.229200] <info>: (MediaHandler.h:58:ComposeMedia) ComposeMedia parameter validation passed [req_id=407572685215950016]
[2025-Nov-03 22:13:17.229230] <info>: (MediaHandler.h:68:ComposeMedia) ComposeMedia completed [req_id=407572685215950016, return media count=0]
[2025-Nov-03 22:13:22.597995] <info>: (MediaHandler.h:36:ComposeMedia) Received ComposeMedia request [req_id=846923311717109632, media_ids count=0, media_types count=0]
[2025-Nov-03 22:13:22.598168] <info>: (MediaHandler.h:58:ComposeMedia) ComposeMedia parameter validation passed [req_id=846923311717109632]
[2025-Nov-03 22:13:22.598198] <info>: (MediaHandler.h:68:ComposeMedia) ComposeMedia completed [req_id=846923311717109632, return media count=0]
[2025-Nov-03 22:13:27.951222] <info>: (MediaHandler.h:36:ComposeMedia) Received ComposeMedia request [req_id=783288113921272576, media_ids count=0, media_types count=0]
[2025-Nov-03 22:13:27.951368] <info>: (MediaHandler.h:58:ComposeMedia) ComposeMedia parameter validation passed [req_id=783288113921272576]
[2025-Nov-03 22:13:27.951422] <info>: (MediaHandler.h:68:ComposeMedia) ComposeMedia completed [req_id=783288113921272576, return media count=0]
[2025-Nov-03 22:13:33.310846] <info>: (MediaHandler.h:36:ComposeMedia) Received ComposeMedia request [req_id=398761289051279616, media_ids count=0, media_types count=0]
[2025-Nov-03 22:13:33.310973] <info>: (MediaHandler.h:58:ComposeMedia) ComposeMedia parameter validation passed [req_id=398761289051279616]
[2025-Nov-03 22:13:33.311003] <info>: (MediaHandler.h:68:ComposeMedia) ComposeMedia completed [req_id=398761289051279616, return media count=0]
[2025-Nov-03 22:13:38.672891] <info>: (MediaHandler.h:36:ComposeMedia) Received ComposeMedia request [req_id=616229586856709504, media_ids count=0, media_types count=0]
[2025-Nov-03 22:13:38.673109] <info>: (MediaHandler.h:58:ComposeMedia) ComposeMedia parameter validation passed [req_id=616229586856709504]
[2025-Nov-03 22:13:38.673315] <info>: (MediaHandler.h:68:ComposeMedia) ComposeMedia completed [req_id=616229586856709504, return media count=0]
[2025-Nov-03 22:13:44.057521] <info>: (MediaHandler.h:36:ComposeMedia) Received ComposeMedia request [req_id=339514744965069312, media_ids count=0, media_types count=0]
[2025-Nov-03 22:13:44.058815] <info>: (MediaHandler.h:58:ComposeMedia) ComposeMedia parameter validation passed [req_id=339514744965069312]
[2025-Nov-03 22:13:44.058941] <info>: (MediaHandler.h:68:ComposeMedia) ComposeMedia completed [req_id=339514744965069312, return media count=0]
[2025-Nov-03 22:13:49.452934] <info>: (MediaHandler.h:36:ComposeMedia) Received ComposeMedia request [req_id=569603512680185280, media_ids count=0, media_types count=0]
[2025-Nov-03 22:13:49.453096] <info>: (MediaHandler.h:58:ComposeMedia) ComposeMedia parameter validation passed [req_id=569603512680185280]
[2025-Nov-03 22:13:49.453127] <info>: (MediaHandler.h:68:ComposeMedia) ComposeMedia completed [req_id=569603512680185280, return media count=0]
[2025-Nov-03 22:13:54.808130] <info>: (MediaHandler.h:36:ComposeMedia) Received ComposeMedia request [req_id=218904387123673792, media_ids count=0, media_types count=0]
[2025-Nov-03 22:13:54.808297] <info>: (MediaHandler.h:58:ComposeMedia) ComposeMedia parameter validation passed [req_id=218904387123673792]
[2025-Nov-03 22:13:54.808335] <info>: (MediaHandler.h:68:ComposeMedia) ComposeMedia completed [req_id=218904387123673792, return media count=0]
[2025-Nov-03 22:14:00.229139] <info>: (MediaHandler.h:36:ComposeMedia) Received ComposeMedia request [req_id=530245604691230592, media_ids count=0, media_types count=0]
[2025-Nov-03 22:14:00.229287] <info>: (MediaHandler.h:58:ComposeMedia) ComposeMedia parameter validation passed [req_id=530245604691230592]
[2025-Nov-03 22:14:00.229360] <info>: (MediaHandler.h:68:ComposeMedia) ComposeMedia completed [req_id=530245604691230592, return media count=0]
[2025-Nov-03 22:14:05.587661] <info>: (MediaHandler.h:36:ComposeMedia) Received ComposeMedia request [req_id=114789246172115008, media_ids count=0, media_types count=0]
[2025-Nov-03 22:14:05.587842] <info>: (MediaHandler.h:58:ComposeMedia) ComposeMedia parameter validation passed [req_id=114789246172115008]
[2025-Nov-03 22:14:05.587871] <info>: (MediaHandler.h:68:ComposeMedia) ComposeMedia completed [req_id=114789246172115008, return media count=0]
[2025-Nov-03 22:14:10.937541] <info>: (MediaHandler.h:36:ComposeMedia) Received ComposeMedia request [req_id=841001329764327808, media_ids count=0, media_types count=0]
[2025-Nov-03 22:14:10.937711] <info>: (MediaHandler.h:58:ComposeMedia) ComposeMedia parameter validation passed [req_id=841001329764327808]
[2025-Nov-03 22:14:10.937745] <info>: (MediaHandler.h:68:ComposeMedia) ComposeMedia completed [req_id=841001329764327808, return media count=0]
[2025-Nov-03 22:14:16.291978] <info>: (MediaHandler.h:36:ComposeMedia) Received ComposeMedia request [req_id=581077278040463360, media_ids count=0, media_types count=0]
[2025-Nov-03 22:14:16.292374] <info>: (MediaHandler.h:58:ComposeMedia) ComposeMedia parameter validation passed [req_id=581077278040463360]
[2025-Nov-03 22:14:16.292489] <info>: (MediaHandler.h:68:ComposeMedia) ComposeMedia completed [req_id=581077278040463360, return media count=0]
[2025-Nov-03 22:14:21.649692] <info>: (MediaHandler.h:36:ComposeMedia) Received ComposeMedia request [req_id=736829463878605824, media_ids count=0, media_types count=0]
[2025-Nov-03 22:14:21.650012] <info>: (MediaHandler.h:58:ComposeMedia) ComposeMedia parameter validation passed [req_id=736829463878605824]
[2025-Nov-03 22:14:21.650061] <info>: (MediaHandler.h:68:ComposeMedia) ComposeMedia completed [req_id=736829463878605824, return media count=0]
[2025-Nov-03 22:14:27.011028] <info>: (MediaHandler.h:36:ComposeMedia) Received ComposeMedia request [req_id=856783707153906432, media_ids count=0, media_types count=0]
[2025-Nov-03 22:14:27.011169] <info>: (MediaHandler.h:58:ComposeMedia) ComposeMedia parameter validation passed [req_id=856783707153906432]
[2025-Nov-03 22:14:27.011199] <info>: (MediaHandler.h:68:ComposeMedia) ComposeMedia completed [req_id=856783707153906432, return media count=0]
[2025-Nov-03 22:14:32.389174] <info>: (MediaHandler.h:36:ComposeMedia) Received ComposeMedia request [req_id=838759408132884864, media_ids count=0, media_types count=0]
[2025-Nov-03 22:14:32.389313] <info>: (MediaHandler.h:58:ComposeMedia) ComposeMedia parameter validation passed [req_id=838759408132884864]
[2025-Nov-03 22:14:32.389343] <info>: (MediaHandler.h:68:ComposeMedia) ComposeMedia completed [req_id=838759408132884864, return media count=0]
[2025-Nov-03 22:14:37.730884] <info>: (MediaHandler.h:36:ComposeMedia) Received ComposeMedia request [req_id=277357294858480704, media_ids count=0, media_types count=0]
[2025-Nov-03 22:14:37.731173] <info>: (MediaHandler.h:58:ComposeMedia) ComposeMedia parameter validation passed [req_id=277357294858480704]
[2025-Nov-03 22:14:37.731220] <info>: (MediaHandler.h:68:ComposeMedia) ComposeMedia completed [req_id=277357294858480704, return media count=0]
[2025-Nov-03 22:14:43.079265] <info>: (MediaHandler.h:36:ComposeMedia) Received ComposeMedia request [req_id=230080616067956640, media_ids count=0, media_types count=0]
[2025-Nov-03 22:14:43.079404] <info>: (MediaHandler.h:58:ComposeMedia) ComposeMedia parameter validation passed [req_id=230080616067956640]
[2025-Nov-03 22:14:43.079432] <info>: (MediaHandler.h:68:ComposeMedia) ComposeMedia completed [req_id=230080616067956640, return media count=0]
[2025-Nov-03 22:14:48.480626] <info>: (MediaHandler.h:36:ComposeMedia) Received ComposeMedia request [req_id=986927761227530752, media_ids count=0, media_types count=0]
[2025-Nov-03 22:14:48.480812] <info>: (MediaHandler.h:58:ComposeMedia) ComposeMedia parameter validation passed [req_id=986927761227530752]
[2025-Nov-03 22:14:48.480884] <info>: (MediaHandler.h:68:ComposeMedia) ComposeMedia completed [req_id=986927761227530752, return media count=0]
[2025-Nov-03 22:14:53.818726] <info>: (MediaHandler.h:36:ComposeMedia) Received ComposeMedia request [req_id=993288348299978496, media_ids count=0, media_types count=0]
[2025-Nov-03 22:14:53.818888] <info>: (MediaHandler.h:58:ComposeMedia) ComposeMedia parameter validation passed [req_id=993288348299978496]
[2025-Nov-03 22:14:53.818916] <info>: (MediaHandler.h:68:ComposeMedia) ComposeMedia completed [req_id=993288348299978496, return media count=0]
[2025-Nov-03 22:14:59.164016] <info>: (MediaHandler.h:36:ComposeMedia) Received ComposeMedia request [req_id=601172280558232960, media_ids count=0, media_types count=0]
[2025-Nov-03 22:14:59.164215] <info>: (MediaHandler.h:58:ComposeMedia) ComposeMedia parameter validation passed [req_id=601172280558232960]
[2025-Nov-03 22:14:59.164265] <info>: (MediaHandler.h:68:ComposeMedia) ComposeMedia completed [req_id=601172280558232960, return media count=0]
[2025-Nov-03 22:15:04.542367] <info>: (MediaHandler.h:36:ComposeMedia) Received ComposeMedia request [req_id=218022998362933856, media_ids count=0, media_types count=0]
[2025-Nov-03 22:15:04.542495] <info>: (MediaHandler.h:58:ComposeMedia) ComposeMedia parameter validation passed [req_id=218022998362933856]
[2025-Nov-03 22:15:04.542520] <info>: (MediaHandler.h:68:ComposeMedia) ComposeMedia completed [req_id=218022998362933856, return media count=0]
[2025-Nov-03 22:15:09.903121] <info>: (MediaHandler.h:36:ComposeMedia) Received ComposeMedia request [req_id=271483938858142912, media_ids count=0, media_types count=0]
[2025-Nov-03 22:15:09.903349] <info>: (MediaHandler.h:58:ComposeMedia) ComposeMedia parameter validation passed [req_id=271483938858142912]
[2025-Nov-03 22:15:09.903391] <info>: (MediaHandler.h:68:ComposeMedia) ComposeMedia completed [req_id=271483938858142912, return media count=0]
[2025-Nov-03 22:15:15.272005] <info>: (MediaHandler.h:36:ComposeMedia) Received ComposeMedia request [req_id=1094794323900361216, media_ids count=0, media_types count=0]
[2025-Nov-03 22:15:15.272154] <info>: (MediaHandler.h:58:ComposeMedia) ComposeMedia parameter validation passed [req_id=1094794323900361216]
[2025-Nov-03 22:15:15.272184] <info>: (MediaHandler.h:68:ComposeMedia) ComposeMedia completed [req_id=1094794323900361216, return media count=0]
[2025-Nov-03 22:15:20.629203] <info>: (MediaHandler.h:36:ComposeMedia) Received ComposeMedia request [req_id=189972189116070272, media_ids count=0, media_types count=0]
[2025-Nov-03 22:15:20.629343] <info>: (MediaHandler.h:58:ComposeMedia) ComposeMedia parameter validation passed [req_id=189972189116070272]
[2025-Nov-03 22:15:20.629392] <info>: (MediaHandler.h:68:ComposeMedia) ComposeMedia completed [req_id=189972189116070272, return media count=0]
[2025-Nov-03 22:15:25.975685] <info>: (MediaHandler.h:36:ComposeMedia) Received ComposeMedia request [req_id=527606597175642624, media_ids count=0, media_types count=0]
[2025-Nov-03 22:15:25.975845] <info>: (MediaHandler.h:58:ComposeMedia) ComposeMedia parameter validation passed [req_id=527606597175642624]
[2025-Nov-03 22:15:25.975879] <info>: (MediaHandler.h:68:ComposeMedia) ComposeMedia completed [req_id=527606597175642624, return media count=0]
[2025-Nov-03 22:15:31.333868] <info>: (MediaHandler.h:36:ComposeMedia) Received ComposeMedia request [req_id=402654365955624000, media_ids count=0, media_types count=0]
[2025-Nov-03 22:15:31.334095] <info>: (MediaHandler.h:58:ComposeMedia) ComposeMedia parameter validation passed [req_id=402654365955624000]
[2025-Nov-03 22:15:31.334135] <info>: (MediaHandler.h:68:ComposeMedia) ComposeMedia completed [req_id=402654365955624000, return media count=0]
[2025-Nov-03 22:15:36.688981] <info>: (MediaHandler.h:36:ComposeMedia) Received ComposeMedia request [req_id=754440058373113984, media_ids count=0, media_types count=0]
[2025-Nov-03 22:15:36.689107] <info>: (MediaHandler.h:58:ComposeMedia) ComposeMedia parameter validation passed [req_id=754440058373113984]
[2025-Nov-03 22:15:36.689137] <info>: (MediaHandler.h:68:ComposeMedia) ComposeMedia completed [req_id=754440058373113984, return media count=0]
[2025-Nov-03 22:15:42.040078] <info>: (MediaHandler.h:36:ComposeMedia) Received ComposeMedia request [req_id=230910407563133696, media_ids count=0, media_types count=0]
[2025-Nov-03 22:15:42.040327] <info>: (MediaHandler.h:58:ComposeMedia) ComposeMedia parameter validation passed [req_id=230910407563133696]
[2025-Nov-03 22:15:42.040370] <info>: (MediaHandler.h:68:ComposeMedia) ComposeMedia completed [req_id=230910407563133696, return media count=0]
[2025-Nov-03 22:15:47.404173] <info>: (MediaHandler.h:36:ComposeMedia) Received ComposeMedia request [req_id=279210853388023872, media_ids count=0, media_types count=0]
[2025-Nov-03 22:15:47.404318] <info>: (MediaHandler.h:58:ComposeMedia) ComposeMedia parameter validation passed [req_id=279210853388023872]
[2025-Nov-03 22:15:47.404344] <info>: (MediaHandler.h:68:ComposeMedia) ComposeMedia completed [req_id=279210853388023872, return media count=0]
[2025-Nov-03 22:15:52.755781] <info>: (MediaHandler.h:36:ComposeMedia) Received ComposeMedia request [req_id=838490122073300864, media_ids count=0, media_types count=0]
[2025-Nov-03 22:15:52.755988] <info>: (MediaHandler.h:58:ComposeMedia) ComposeMedia parameter validation passed [req_id=838490122073300864]
[2025-Nov-03 22:15:52.756031] <info>: (MediaHandler.h:68:ComposeMedia) ComposeMedia completed [req_id=838490122073300864, return media count=0]
[2025-Nov-03 22:15:58.101180] <info>: (MediaHandler.h:36:ComposeMedia) Received ComposeMedia request [req_id=775183572104905344, media_ids count=0, media_types count=0]
[2025-Nov-03 22:15:58.101349] <info>: (MediaHandler.h:58:ComposeMedia) ComposeMedia parameter validation passed [req_id=775183572104905344]
[2025-Nov-03 22:15:58.101384] <info>: (MediaHandler.h:68:ComposeMedia) ComposeMedia completed [req_id=775183572104905344, return media count=0]
[2025-Nov-03 22:16:03.452256] <info>: (MediaHandler.h:36:ComposeMedia) Received ComposeMedia request [req_id=981708811365840384, media_ids count=0, media_types count=0]
[2025-Nov-03 22:16:03.452514] <info>: (MediaHandler.h:58:ComposeMedia) ComposeMedia parameter validation passed [req_id=981708811365840384]
[2025-Nov-03 22:16:03.452552] <info>: (MediaHandler.h:68:ComposeMedia) ComposeMedia completed [req_id=981708811365840384, return media count=0]
[2025-Nov-03 22:16:08.800850] <info>: (MediaHandler.h:36:ComposeMedia) Received ComposeMedia request [req_id=248976211651210048, media_ids count=0, media_types count=0]
[2025-Nov-03 22:16:08.800987] <info>: (MediaHandler.h:58:ComposeMedia) ComposeMedia parameter validation passed [req_id=248976211651210048]
[2025-Nov-03 22:16:08.801013] <info>: (MediaHandler.h:68:ComposeMedia) ComposeMedia completed [req_id=248976211651210048, return media count=0]
[2025-Nov-03 22:16:14.157480] <info>: (MediaHandler.h:36:ComposeMedia) Received ComposeMedia request [req_id=512948926829555392, media_ids count=0, media_types count=0]
[2025-Nov-03 22:16:14.157633] <info>: (MediaHandler.h:58:ComposeMedia) ComposeMedia parameter validation passed [req_id=512948926829555392]
[2025-Nov-03 22:16:14.157663] <info>: (MediaHandler.h:68:ComposeMedia) ComposeMedia completed [req_id=512948926829555392, return media count=0]
[2025-Nov-03 22:16:19.522516] <info>: (MediaHandler.h:36:ComposeMedia) Received ComposeMedia request [req_id=551625462532918016, media_ids count=0, media_types count=0]
[2025-Nov-03 22:16:19.522722] <info>: (MediaHandler.h:58:ComposeMedia) ComposeMedia parameter validation passed [req_id=551625462532918016]
[2025-Nov-03 22:16:19.522799] <info>: (MediaHandler.h:68:ComposeMedia) ComposeMedia completed [req_id=551625462532918016, return media count=0]
[2025-Nov-03 22:16:24.882281] <info>: (MediaHandler.h:36:ComposeMedia) Received ComposeMedia request [req_id=348315958067550592, media_ids count=0, media_types count=0]
[2025-Nov-03 22:16:24.882426] <info>: (MediaHandler.h:58:ComposeMedia) ComposeMedia parameter validation passed [req_id=348315958067550592]
[2025-Nov-03 22:16:24.882454] <info>: (MediaHandler.h:68:ComposeMedia) ComposeMedia completed [req_id=348315958067550592, return media count=0]
[2025-Nov-03 22:16:30.273921] <info>: (MediaHandler.h:36:ComposeMedia) Received ComposeMedia request [req_id=973378635088618496, media_ids count=0, media_types count=0]
[2025-Nov-03 22:16:30.274056] <info>: (MediaHandler.h:58:ComposeMedia) ComposeMedia parameter validation passed [req_id=973378635088618496]
[2025-Nov-03 22:16:30.274089] <info>: (MediaHandler.h:68:ComposeMedia) ComposeMedia completed [req_id=973378635088618496, return media count=0]
[2025-Nov-03 22:16:35.654832] <info>: (MediaHandler.h:36:ComposeMedia) Received ComposeMedia request [req_id=883488211181510400, media_ids count=0, media_types count=0]
[2025-Nov-03 22:16:35.654974] <info>: (MediaHandler.h:58:ComposeMedia) ComposeMedia parameter validation passed [req_id=883488211181510400]
[2025-Nov-03 22:16:35.655004] <info>: (MediaHandler.h:68:ComposeMedia) ComposeMedia completed [req_id=883488211181510400, return media count=0]
[2025-Nov-03 22:16:41.022258] <info>: (MediaHandler.h:36:ComposeMedia) Received ComposeMedia request [req_id=399924055275382784, media_ids count=0, media_types count=0]
[2025-Nov-03 22:16:41.022401] <info>: (MediaHandler.h:58:ComposeMedia) ComposeMedia parameter validation passed [req_id=399924055275382784]
[2025-Nov-03 22:16:41.022429] <info>: (MediaHandler.h:68:ComposeMedia) ComposeMedia completed [req_id=399924055275382784, return media count=0]
[2025-Nov-03 22:16:46.385032] <info>: (MediaHandler.h:36:ComposeMedia) Received ComposeMedia request [req_id=801149504308899712, media_ids count=0, media_types count=0]
[2025-Nov-03 22:16:46.385166] <info>: (MediaHandler.h:58:ComposeMedia) ComposeMedia parameter validation passed [req_id=801149504308899712]
[2025-Nov-03 22:16:46.385211] <info>: (MediaHandler.h:68:ComposeMedia) ComposeMedia completed [req_id=801149504308899712, return media count=0]
[2025-Nov-03 22:16:51.740748] <info>: (MediaHandler.h:36:ComposeMedia) Received ComposeMedia request [req_id=729872824613926272, media_ids count=0, media_types count=0]
[2025-Nov-03 22:16:51.740987] <info>: (MediaHandler.h:58:ComposeMedia) ComposeMedia parameter validation passed [req_id=729872824613926272]
[2025-Nov-03 22:16:51.741027] <info>: (MediaHandler.h:68:ComposeMedia) ComposeMedia completed [req_id=729872824613926272, return media count=0]
[2025-Nov-03 22:16:57.084785] <info>: (MediaHandler.h:36:ComposeMedia) Received ComposeMedia request [req_id=1131014425127609856, media_ids count=0, media_types count=0]
[2025-Nov-03 22:16:57.084937] <info>: (MediaHandler.h:58:ComposeMedia) ComposeMedia parameter validation passed [req_id=1131014425127609856]
[2025-Nov-03 22:16:57.084964] <info>: (MediaHandler.h:68:ComposeMedia) ComposeMedia completed [req_id=1131014425127609856, return media count=0]
[2025-Nov-03 22:17:02.437602] <info>: (MediaHandler.h:36:ComposeMedia) Received ComposeMedia request [req_id=42214574511116376, media_ids count=0, media_types count=0]
[2025-Nov-03 22:17:02.437735] <info>: (MediaHandler.h:58:ComposeMedia) ComposeMedia parameter validation passed [req_id=42214574511116376]
[2025-Nov-03 22:17:02.437788] <info>: (MediaHandler.h:68:ComposeMedia) ComposeMedia completed [req_id=42214574511116376, return media count=0]
[2025-Nov-03 22:17:07.787676] <info>: (MediaHandler.h:36:ComposeMedia) Received ComposeMedia request [req_id=603712927529496448, media_ids count=0, media_types count=0]
[2025-Nov-03 22:17:07.787842] <info>: (MediaHandler.h:58:ComposeMedia) ComposeMedia parameter validation passed [req_id=603712927529496448]
[2025-Nov-03 22:17:07.787874] <info>: (MediaHandler.h:68:ComposeMedia) ComposeMedia completed [req_id=603712927529496448, return media count=0]
[2025-Nov-03 22:17:13.156989] <info>: (MediaHandler.h:36:ComposeMedia) Received ComposeMedia request [req_id=1064468745718221696, media_ids count=0, media_types count=0]
[2025-Nov-03 22:17:13.157167] <info>: (MediaHandler.h:58:ComposeMedia) ComposeMedia parameter validation passed [req_id=1064468745718221696]
[2025-Nov-03 22:17:13.157220] <info>: (MediaHandler.h:68:ComposeMedia) ComposeMedia completed [req_id=1064468745718221696, return media count=0]
[2025-Nov-03 22:17:18.505644] <info>: (MediaHandler.h:36:ComposeMedia) Received ComposeMedia request [req_id=851410176562527488, media_ids count=0, media_types count=0]
[2025-Nov-03 22:17:18.505840] <info>: (MediaHandler.h:58:ComposeMedia) ComposeMedia parameter validation passed [req_id=851410176562527488]
[2025-Nov-03 22:17:18.505959] <info>: (MediaHandler.h:68:ComposeMedia) ComposeMedia completed [req_id=851410176562527488, return media count=0]
[2025-Nov-03 22:17:23.853825] <info>: (MediaHandler.h:36:ComposeMedia) Received ComposeMedia request [req_id=1109709671856966, media_ids count=0, media_types count=0]
[2025-Nov-03 22:17:23.854128] <info>: (MediaHandler.h:58:ComposeMedia) ComposeMedia parameter validation passed [req_id=1109709671856966]
[2025-Nov-03 22:17:23.854158] <info>: (MediaHandler.h:68:ComposeMedia) ComposeMedia completed [req_id=1109709671856966, return media count=0]
[2025-Nov-03 22:17:29.210455] <info>: (MediaHandler.h:36:ComposeMedia) Received ComposeMedia request [req_id=992032721177648256, media_ids count=0, media_types count=0]
[2025-Nov-03 22:17:29.210841] <info>: (MediaHandler.h:58:ComposeMedia) ComposeMedia parameter validation passed [req_id=992032721177648256]
[2025-Nov-03 22:17:29.210931] <info>: (MediaHandler.h:68:ComposeMedia) ComposeMedia completed [req_id=992032721177648256, return media count=0]
[2025-Nov-03 22:17:34.556401] <info>: (MediaHandler.h:36:ComposeMedia) Received ComposeMedia request [req_id=997464570178944640, media_ids count=0, media_types count=0]
[2025-Nov-03 22:17:34.556734] <info>: (MediaHandler.h:58:ComposeMedia) ComposeMedia parameter validation passed [req_id=997464570178944640]
[2025-Nov-03 22:17:34.556802] <info>: (MediaHandler.h:68:ComposeMedia) ComposeMedia completed [req_id=997464570178944640, return media count=0]
[2025-Nov-03 22:17:39.916926] <info>: (MediaHandler.h:36:ComposeMedia) Received ComposeMedia request [req_id=614407846781378432, media_ids count=0, media_types count=0]
[2025-Nov-03 22:17:39.917139] <info>: (MediaHandler.h:58:ComposeMedia) ComposeMedia parameter validation passed [req_id=614407846781378432]
[2025-Nov-03 22:17:39.917175] <info>: (MediaHandler.h:68:ComposeMedia) ComposeMedia completed [req_id=614407846781378432, return media count=0]
[2025-Nov-03 22:17:45.297686] <info>: (MediaHandler.h:36:ComposeMedia) Received ComposeMedia request [req_id=697915984797363200, media_ids count=0, media_types count=0]
[2025-Nov-03 22:17:45.297917] <info>: (MediaHandler.h:58:ComposeMedia) ComposeMedia parameter validation passed [req_id=697915984797363200]
[2025-Nov-03 22:17:45.297982] <info>: (MediaHandler.h:68:ComposeMedia) ComposeMedia completed [req_id=697915984797363200, return media count=0]
[2025-Nov-03 22:17:50.667184] <info>: (MediaHandler.h:36:ComposeMedia) Received ComposeMedia request [req_id=775934287379156352, media_ids count=0, media_types count=0]
[2025-Nov-03 22:17:50.667635] <info>: (MediaHandler.h:58:ComposeMedia) ComposeMedia parameter validation passed [req_id=775934287379156352]
[2025-Nov-03 22:17:50.667716] <info>: (MediaHandler.h:68:ComposeMedia) ComposeMedia completed [req_id=775934287379156352, return media count=0]
[2025-Nov-03 22:17:56.028143] <info>: (MediaHandler.h:36:ComposeMedia) Received ComposeMedia request [req_id=555896336350217216, media_ids count=0, media_types count=0]
[2025-Nov-03 22:17:56.028391] <info>: (MediaHandler.h:58:ComposeMedia) ComposeMedia parameter validation passed [req_id=555896336350217216]
[2025-Nov-03 22:17:56.028473] <info>: (MediaHandler.h:68:ComposeMedia) ComposeMedia completed [req_id=555896336350217216, return media count=0]
[2025-Nov-03 22:18:01.388281] <info>: (MediaHandler.h:36:ComposeMedia) Received ComposeMedia request [req_id=814012990635250944, media_ids count=0, media_types count=0]
[2025-Nov-03 22:18:01.388415] <info>: (MediaHandler.h:58:ComposeMedia) ComposeMedia parameter validation passed [req_id=814012990635250944]
[2025-Nov-03 22:18:01.388441] <info>: (MediaHandler.h:68:ComposeMedia) ComposeMedia completed [req_id=814012990635250944, return media count=0]
[2025-Nov-03 22:18:06.745296] <info>: (MediaHandler.h:36:ComposeMedia) Received ComposeMedia request [req_id=277272659930605344, media_ids count=0, media_types count=0]
[2025-Nov-03 22:18:06.745610] <info>: (MediaHandler.h:58:ComposeMedia) ComposeMedia parameter validation passed [req_id=277272659930605344]
[2025-Nov-03 22:18:06.745844] <info>: (MediaHandler.h:68:ComposeMedia) ComposeMedia completed [req_id=277272659930605344, return media count=0]
[2025-Nov-03 22:18:12.122740] <info>: (MediaHandler.h:36:ComposeMedia) Received ComposeMedia request [req_id=603074623198543744, media_ids count=0, media_types count=0]
[2025-Nov-03 22:18:12.122962] <info>: (MediaHandler.h:58:ComposeMedia) ComposeMedia parameter validation passed [req_id=603074623198543744]
[2025-Nov-03 22:18:12.123016] <info>: (MediaHandler.h:68:ComposeMedia) ComposeMedia completed [req_id=603074623198543744, return media count=0]
[2025-Nov-03 22:18:17.476679] <info>: (MediaHandler.h:36:ComposeMedia) Received ComposeMedia request [req_id=534703745133565248, media_ids count=0, media_types count=0]
[2025-Nov-03 22:18:17.476935] <info>: (MediaHandler.h:58:ComposeMedia) ComposeMedia parameter validation passed [req_id=534703745133565248]
[2025-Nov-03 22:18:17.476974] <info>: (MediaHandler.h:68:ComposeMedia) ComposeMedia completed [req_id=534703745133565248, return media count=0]
[2025-Nov-03 22:18:22.822742] <info>: (MediaHandler.h:36:ComposeMedia) Received ComposeMedia request [req_id=157056904157197376, media_ids count=0, media_types count=0]
[2025-Nov-03 22:18:22.823397] <info>: (MediaHandler.h:58:ComposeMedia) ComposeMedia parameter validation passed [req_id=157056904157197376]
[2025-Nov-03 22:18:22.823432] <info>: (MediaHandler.h:68:ComposeMedia) ComposeMedia completed [req_id=157056904157197376, return media count=0]
[2025-Nov-03 22:18:28.178167] <info>: (MediaHandler.h:36:ComposeMedia) Received ComposeMedia request [req_id=209871893069766176, media_ids count=0, media_types count=0]
[2025-Nov-03 22:18:28.178365] <info>: (MediaHandler.h:58:ComposeMedia) ComposeMedia parameter validation passed [req_id=209871893069766176]
[2025-Nov-03 22:18:28.178400] <info>: (MediaHandler.h:68:ComposeMedia) ComposeMedia completed [req_id=209871893069766176, return media count=0]
[2025-Nov-03 22:18:33.534889] <info>: (MediaHandler.h:36:ComposeMedia) Received ComposeMedia request [req_id=205902272612668544, media_ids count=0, media_types count=0]
[2025-Nov-03 22:18:33.535048] <info>: (MediaHandler.h:58:ComposeMedia) ComposeMedia parameter validation passed [req_id=205902272612668544]
[2025-Nov-03 22:18:33.535084] <info>: (MediaHandler.h:68:ComposeMedia) ComposeMedia completed [req_id=205902272612668544, return media count=0]
[2025-Nov-03 22:18:38.879679] <info>: (MediaHandler.h:36:ComposeMedia) Received ComposeMedia request [req_id=2806758415386279, media_ids count=0, media_types count=0]
[2025-Nov-03 22:18:38.879895] <info>: (MediaHandler.h:58:ComposeMedia) ComposeMedia parameter validation passed [req_id=2806758415386279]
[2025-Nov-03 22:18:38.879935] <info>: (MediaHandler.h:68:ComposeMedia) ComposeMedia completed [req_id=2806758415386279, return media count=0]
[2025-Nov-03 22:18:44.230919] <info>: (MediaHandler.h:36:ComposeMedia) Received ComposeMedia request [req_id=624914437109697024, media_ids count=0, media_types count=0]
[2025-Nov-03 22:18:44.231081] <info>: (MediaHandler.h:58:ComposeMedia) ComposeMedia parameter validation passed [req_id=624914437109697024]
[2025-Nov-03 22:18:44.231110] <info>: (MediaHandler.h:68:ComposeMedia) ComposeMedia completed [req_id=624914437109697024, return media count=0]
[2025-Nov-03 22:18:49.581321] <info>: (MediaHandler.h:36:ComposeMedia) Received ComposeMedia request [req_id=62341939870600896, media_ids count=0, media_types count=0]
[2025-Nov-03 22:18:49.581833] <info>: (MediaHandler.h:58:ComposeMedia) ComposeMedia parameter validation passed [req_id=62341939870600896]
[2025-Nov-03 22:18:49.581967] <info>: (MediaHandler.h:68:ComposeMedia) ComposeMedia completed [req_id=62341939870600896, return media count=0]
[2025-Nov-03 22:18:54.951907] <info>: (MediaHandler.h:36:ComposeMedia) Received ComposeMedia request [req_id=542577576876728960, media_ids count=0, media_types count=0]
[2025-Nov-03 22:18:54.952039] <info>: (MediaHandler.h:58:ComposeMedia) ComposeMedia parameter validation passed [req_id=542577576876728960]
[2025-Nov-03 22:18:54.952066] <info>: (MediaHandler.h:68:ComposeMedia) ComposeMedia completed [req_id=542577576876728960, return media count=0]
[2025-Nov-03 22:19:00.307196] <info>: (MediaHandler.h:36:ComposeMedia) Received ComposeMedia request [req_id=147173429706626752, media_ids count=0, media_types count=0]
[2025-Nov-03 22:19:00.307340] <info>: (MediaHandler.h:58:ComposeMedia) ComposeMedia parameter validation passed [req_id=147173429706626752]
[2025-Nov-03 22:19:00.307366] <info>: (MediaHandler.h:68:ComposeMedia) ComposeMedia completed [req_id=147173429706626752, return media count=0]
[2025-Nov-03 22:19:05.680154] <info>: (MediaHandler.h:36:ComposeMedia) Received ComposeMedia request [req_id=843086063976931072, media_ids count=0, media_types count=0]
[2025-Nov-03 22:19:05.680329] <info>: (MediaHandler.h:58:ComposeMedia) ComposeMedia parameter validation passed [req_id=843086063976931072]
[2025-Nov-03 22:19:05.680359] <info>: (MediaHandler.h:68:ComposeMedia) ComposeMedia completed [req_id=843086063976931072, return media count=0]
[2025-Nov-03 22:19:11.037504] <info>: (MediaHandler.h:36:ComposeMedia) Received ComposeMedia request [req_id=1133930847251313152, media_ids count=0, media_types count=0]
[2025-Nov-03 22:19:11.037692] <info>: (MediaHandler.h:58:ComposeMedia) ComposeMedia parameter validation passed [req_id=1133930847251313152]
[2025-Nov-03 22:19:11.037752] <info>: (MediaHandler.h:68:ComposeMedia) ComposeMedia completed [req_id=1133930847251313152, return media count=0]
[2025-Nov-03 22:19:16.406405] <info>: (MediaHandler.h:36:ComposeMedia) Received ComposeMedia request [req_id=191688881604962208, media_ids count=0, media_types count=0]
[2025-Nov-03 22:19:16.406594] <info>: (MediaHandler.h:58:ComposeMedia) ComposeMedia parameter validation passed [req_id=191688881604962208]
[2025-Nov-03 22:19:16.406644] <info>: (MediaHandler.h:68:ComposeMedia) ComposeMedia completed [req_id=191688881604962208, return media count=0]
[2025-Nov-03 22:19:21.770816] <info>: (MediaHandler.h:36:ComposeMedia) Received ComposeMedia request [req_id=506041457408067392, media_ids count=0, media_types count=0]
[2025-Nov-03 22:19:21.770938] <info>: (MediaHandler.h:58:ComposeMedia) ComposeMedia parameter validation passed [req_id=506041457408067392]
[2025-Nov-03 22:19:21.770962] <info>: (MediaHandler.h:68:ComposeMedia) ComposeMedia completed [req_id=506041457408067392, return media count=0]
[2025-Nov-03 22:19:27.132673] <info>: (MediaHandler.h:36:ComposeMedia) Received ComposeMedia request [req_id=985437984766947968, media_ids count=0, media_types count=0]
[2025-Nov-03 22:19:27.132928] <info>: (MediaHandler.h:58:ComposeMedia) ComposeMedia parameter validation passed [req_id=985437984766947968]
[2025-Nov-03 22:19:27.132959] <info>: (MediaHandler.h:68:ComposeMedia) ComposeMedia completed [req_id=985437984766947968, return media count=0]
[2025-Nov-03 22:19:32.495087] <info>: (MediaHandler.h:36:ComposeMedia) Received ComposeMedia request [req_id=1037201149001383424, media_ids count=0, media_types count=0]
[2025-Nov-03 22:19:32.495421] <info>: (MediaHandler.h:58:ComposeMedia) ComposeMedia parameter validation passed [req_id=1037201149001383424]
[2025-Nov-03 22:19:32.495464] <info>: (MediaHandler.h:68:ComposeMedia) ComposeMedia completed [req_id=1037201149001383424, return media count=0]
[2025-Nov-03 22:19:37.851505] <info>: (MediaHandler.h:36:ComposeMedia) Received ComposeMedia request [req_id=435173046535777280, media_ids count=0, media_types count=0]
[2025-Nov-03 22:19:37.851673] <info>: (MediaHandler.h:58:ComposeMedia) ComposeMedia parameter validation passed [req_id=435173046535777280]
[2025-Nov-03 22:19:37.851729] <info>: (MediaHandler.h:68:ComposeMedia) ComposeMedia completed [req_id=435173046535777280, return media count=0]
[2025-Nov-03 22:19:43.196009] <info>: (MediaHandler.h:36:ComposeMedia) Received ComposeMedia request [req_id=1044010973139900544, media_ids count=0, media_types count=0]
[2025-Nov-03 22:19:43.196182] <info>: (MediaHandler.h:58:ComposeMedia) ComposeMedia parameter validation passed [req_id=1044010973139900544]
[2025-Nov-03 22:19:43.196242] <info>: (MediaHandler.h:68:ComposeMedia) ComposeMedia completed [req_id=1044010973139900544, return media count=0]
[2025-Nov-03 22:19:48.547430] <info>: (MediaHandler.h:36:ComposeMedia) Received ComposeMedia request [req_id=493179088085426560, media_ids count=0, media_types count=0]
[2025-Nov-03 22:19:48.547598] <info>: (MediaHandler.h:58:ComposeMedia) ComposeMedia parameter validation passed [req_id=493179088085426560]
[2025-Nov-03 22:19:48.547729] <info>: (MediaHandler.h:68:ComposeMedia) ComposeMedia completed [req_id=493179088085426560, return media count=0]
[2025-Nov-03 22:19:53.901350] <info>: (MediaHandler.h:36:ComposeMedia) Received ComposeMedia request [req_id=286060364142302016, media_ids count=0, media_types count=0]
[2025-Nov-03 22:19:53.901571] <info>: (MediaHandler.h:58:ComposeMedia) ComposeMedia parameter validation passed [req_id=286060364142302016]
[2025-Nov-03 22:19:53.901619] <info>: (MediaHandler.h:68:ComposeMedia) ComposeMedia completed [req_id=286060364142302016, return media count=0]
[2025-Nov-03 22:19:59.253382] <info>: (MediaHandler.h:36:ComposeMedia) Received ComposeMedia request [req_id=402215280754154432, media_ids count=0, media_types count=0]
[2025-Nov-03 22:19:59.253538] <info>: (MediaHandler.h:58:ComposeMedia) ComposeMedia parameter validation passed [req_id=402215280754154432]
[2025-Nov-03 22:19:59.253578] <info>: (MediaHandler.h:68:ComposeMedia) ComposeMedia completed [req_id=402215280754154432, return media count=0]
[2025-Nov-03 22:20:04.614335] <info>: (MediaHandler.h:36:ComposeMedia) Received ComposeMedia request [req_id=268308816679035648, media_ids count=0, media_types count=0]
[2025-Nov-03 22:20:04.614496] <info>: (MediaHandler.h:58:ComposeMedia) ComposeMedia parameter validation passed [req_id=268308816679035648]
[2025-Nov-03 22:20:04.614529] <info>: (MediaHandler.h:68:ComposeMedia) ComposeMedia completed [req_id=268308816679035648, return media count=0]
[2025-Nov-03 22:20:10.010079] <info>: (MediaHandler.h:36:ComposeMedia) Received ComposeMedia request [req_id=373952652087612864, media_ids count=0, media_types count=0]
[2025-Nov-03 22:20:10.010216] <info>: (MediaHandler.h:58:ComposeMedia) ComposeMedia parameter validation passed [req_id=373952652087612864]
[2025-Nov-03 22:20:10.010242] <info>: (MediaHandler.h:68:ComposeMedia) ComposeMedia completed [req_id=373952652087612864, return media count=0]
[2025-Nov-03 22:20:15.375869] <info>: (MediaHandler.h:36:ComposeMedia) Received ComposeMedia request [req_id=1070709686559424640, media_ids count=0, media_types count=0]
[2025-Nov-03 22:20:15.376016] <info>: (MediaHandler.h:58:ComposeMedia) ComposeMedia parameter validation passed [req_id=1070709686559424640]
[2025-Nov-03 22:20:15.376046] <info>: (MediaHandler.h:68:ComposeMedia) ComposeMedia completed [req_id=1070709686559424640, return media count=0]
[2025-Nov-03 22:20:20.727819] <info>: (MediaHandler.h:36:ComposeMedia) Received ComposeMedia request [req_id=91590429430740656, media_ids count=0, media_types count=0]
[2025-Nov-03 22:20:20.727997] <info>: (MediaHandler.h:58:ComposeMedia) ComposeMedia parameter validation passed [req_id=91590429430740656]
[2025-Nov-03 22:20:20.728030] <info>: (MediaHandler.h:68:ComposeMedia) ComposeMedia completed [req_id=91590429430740656, return media count=0]
[2025-Nov-03 22:20:26.072056] <info>: (MediaHandler.h:36:ComposeMedia) Received ComposeMedia request [req_id=334341418394033088, media_ids count=0, media_types count=0]
[2025-Nov-03 22:20:26.072271] <info>: (MediaHandler.h:58:ComposeMedia) ComposeMedia parameter validation passed [req_id=334341418394033088]
[2025-Nov-03 22:20:26.072311] <info>: (MediaHandler.h:68:ComposeMedia) ComposeMedia completed [req_id=334341418394033088, return media count=0]
[2025-Nov-03 22:20:31.433000] <info>: (MediaHandler.h:36:ComposeMedia) Received ComposeMedia request [req_id=227934636985824640, media_ids count=0, media_types count=0]
[2025-Nov-03 22:20:31.433342] <info>: (MediaHandler.h:58:ComposeMedia) ComposeMedia parameter validation passed [req_id=227934636985824640]
[2025-Nov-03 22:20:31.433410] <info>: (MediaHandler.h:68:ComposeMedia) ComposeMedia completed [req_id=227934636985824640, return media count=0]
[2025-Nov-03 22:20:36.792999] <info>: (MediaHandler.h:36:ComposeMedia) Received ComposeMedia request [req_id=491224757655273088, media_ids count=0, media_types count=0]
[2025-Nov-03 22:20:36.793149] <info>: (MediaHandler.h:58:ComposeMedia) ComposeMedia parameter validation passed [req_id=491224757655273088]
[2025-Nov-03 22:20:36.793175] <info>: (MediaHandler.h:68:ComposeMedia) ComposeMedia completed [req_id=491224757655273088, return media count=0]
[2025-Nov-03 22:20:42.153996] <info>: (MediaHandler.h:36:ComposeMedia) Received ComposeMedia request [req_id=183466177371793888, media_ids count=0, media_types count=0]
[2025-Nov-03 22:20:42.154133] <info>: (MediaHandler.h:58:ComposeMedia) ComposeMedia parameter validation passed [req_id=183466177371793888]
[2025-Nov-03 22:20:42.154172] <info>: (MediaHandler.h:68:ComposeMedia) ComposeMedia completed [req_id=183466177371793888, return media count=0]
[2025-Nov-03 22:20:47.499815] <info>: (MediaHandler.h:36:ComposeMedia) Received ComposeMedia request [req_id=840132387909834368, media_ids count=0, media_types count=0]
[2025-Nov-03 22:20:47.500045] <info>: (MediaHandler.h:58:ComposeMedia) ComposeMedia parameter validation passed [req_id=840132387909834368]
[2025-Nov-03 22:20:47.500212] <info>: (MediaHandler.h:68:ComposeMedia) ComposeMedia completed [req_id=840132387909834368, return media count=0]
[2025-Nov-03 22:20:52.848821] <info>: (MediaHandler.h:36:ComposeMedia) Received ComposeMedia request [req_id=855806151927021952, media_ids count=0, media_types count=0]
[2025-Nov-03 22:20:52.848972] <info>: (MediaHandler.h:58:ComposeMedia) ComposeMedia parameter validation passed [req_id=855806151927021952]
[2025-Nov-03 22:20:52.849004] <info>: (MediaHandler.h:68:ComposeMedia) ComposeMedia completed [req_id=855806151927021952, return media count=0]
[2025-Nov-03 22:20:58.216835] <info>: (MediaHandler.h:36:ComposeMedia) Received ComposeMedia request [req_id=875844585255022976, media_ids count=0, media_types count=0]
[2025-Nov-03 22:20:58.216974] <info>: (MediaHandler.h:58:ComposeMedia) ComposeMedia parameter validation passed [req_id=875844585255022976]
[2025-Nov-03 22:20:58.217000] <info>: (MediaHandler.h:68:ComposeMedia) ComposeMedia completed [req_id=875844585255022976, return media count=0]
[2025-Nov-03 22:21:03.569349] <info>: (MediaHandler.h:36:ComposeMedia) Received ComposeMedia request [req_id=124629670955561472, media_ids count=0, media_types count=0]
[2025-Nov-03 22:21:03.569552] <info>: (MediaHandler.h:58:ComposeMedia) ComposeMedia parameter validation passed [req_id=124629670955561472]
[2025-Nov-03 22:21:03.569611] <info>: (MediaHandler.h:68:ComposeMedia) ComposeMedia completed [req_id=124629670955561472, return media count=0]
[2025-Nov-03 22:21:08.917592] <info>: (MediaHandler.h:36:ComposeMedia) Received ComposeMedia request [req_id=986360709139167616, media_ids count=0, media_types count=0]
[2025-Nov-03 22:21:08.917847] <info>: (MediaHandler.h:58:ComposeMedia) ComposeMedia parameter validation passed [req_id=986360709139167616]
[2025-Nov-03 22:21:08.917941] <info>: (MediaHandler.h:68:ComposeMedia) ComposeMedia completed [req_id=986360709139167616, return media count=0]
[2025-Nov-03 22:21:14.273863] <info>: (MediaHandler.h:36:ComposeMedia) Received ComposeMedia request [req_id=942319622315492608, media_ids count=0, media_types count=0]
[2025-Nov-03 22:21:14.274047] <info>: (MediaHandler.h:58:ComposeMedia) ComposeMedia parameter validation passed [req_id=942319622315492608]
[2025-Nov-03 22:21:14.274087] <info>: (MediaHandler.h:68:ComposeMedia) ComposeMedia completed [req_id=942319622315492608, return media count=0]
[2025-Nov-03 22:21:19.673288] <info>: (MediaHandler.h:36:ComposeMedia) Received ComposeMedia request [req_id=396885483174553728, media_ids count=0, media_types count=0]
[2025-Nov-03 22:21:19.673474] <info>: (MediaHandler.h:58:ComposeMedia) ComposeMedia parameter validation passed [req_id=396885483174553728]
[2025-Nov-03 22:21:19.673564] <info>: (MediaHandler.h:68:ComposeMedia) ComposeMedia completed [req_id=396885483174553728, return media count=0]
[2025-Nov-03 22:21:25.025619] <info>: (MediaHandler.h:36:ComposeMedia) Received ComposeMedia request [req_id=368977539462775232, media_ids count=0, media_types count=0]
[2025-Nov-03 22:21:25.025838] <info>: (MediaHandler.h:58:ComposeMedia) ComposeMedia parameter validation passed [req_id=368977539462775232]
[2025-Nov-03 22:21:25.025880] <info>: (MediaHandler.h:68:ComposeMedia) ComposeMedia completed [req_id=368977539462775232, return media count=0]
[2025-Nov-03 22:21:30.382680] <info>: (MediaHandler.h:36:ComposeMedia) Received ComposeMedia request [req_id=731967479791316352, media_ids count=0, media_types count=0]
[2025-Nov-03 22:21:30.382841] <info>: (MediaHandler.h:58:ComposeMedia) ComposeMedia parameter validation passed [req_id=731967479791316352]
[2025-Nov-03 22:21:30.382873] <info>: (MediaHandler.h:68:ComposeMedia) ComposeMedia completed [req_id=731967479791316352, return media count=0]
[2025-Nov-03 22:21:35.754407] <info>: (MediaHandler.h:36:ComposeMedia) Received ComposeMedia request [req_id=649323259401351936, media_ids count=0, media_types count=0]
[2025-Nov-03 22:21:35.754627] <info>: (MediaHandler.h:58:ComposeMedia) ComposeMedia parameter validation passed [req_id=649323259401351936]
[2025-Nov-03 22:21:35.754674] <info>: (MediaHandler.h:68:ComposeMedia) ComposeMedia completed [req_id=649323259401351936, return media count=0]
[2025-Nov-03 22:21:41.128931] <info>: (MediaHandler.h:36:ComposeMedia) Received ComposeMedia request [req_id=616184193792715520, media_ids count=0, media_types count=0]
[2025-Nov-03 22:21:41.129242] <info>: (MediaHandler.h:58:ComposeMedia) ComposeMedia parameter validation passed [req_id=616184193792715520]
[2025-Nov-03 22:21:41.129363] <info>: (MediaHandler.h:68:ComposeMedia) ComposeMedia completed [req_id=616184193792715520, return media count=0]
[2025-Nov-03 22:21:46.480733] <info>: (MediaHandler.h:36:ComposeMedia) Received ComposeMedia request [req_id=609863331361664000, media_ids count=0, media_types count=0]
[2025-Nov-03 22:21:46.480890] <info>: (MediaHandler.h:58:ComposeMedia) ComposeMedia parameter validation passed [req_id=609863331361664000]
[2025-Nov-03 22:21:46.480953] <info>: (MediaHandler.h:68:ComposeMedia) ComposeMedia completed [req_id=609863331361664000, return media count=0]
[2025-Nov-03 22:21:51.838973] <info>: (MediaHandler.h:36:ComposeMedia) Received ComposeMedia request [req_id=204515937928154720, media_ids count=0, media_types count=0]
[2025-Nov-03 22:21:51.839229] <info>: (MediaHandler.h:58:ComposeMedia) ComposeMedia parameter validation passed [req_id=204515937928154720]
[2025-Nov-03 22:21:51.839268] <info>: (MediaHandler.h:68:ComposeMedia) ComposeMedia completed [req_id=204515937928154720, return media count=0]
[2025-Nov-03 22:21:57.192026] <info>: (MediaHandler.h:36:ComposeMedia) Received ComposeMedia request [req_id=529751491566756096, media_ids count=0, media_types count=0]
[2025-Nov-03 22:21:57.192186] <info>: (MediaHandler.h:58:ComposeMedia) ComposeMedia parameter validation passed [req_id=529751491566756096]
[2025-Nov-03 22:21:57.192221] <info>: (MediaHandler.h:68:ComposeMedia) ComposeMedia completed [req_id=529751491566756096, return media count=0]
[2025-Nov-03 22:22:02.547881] <info>: (MediaHandler.h:36:ComposeMedia) Received ComposeMedia request [req_id=737890006398944768, media_ids count=0, media_types count=0]
[2025-Nov-03 22:22:02.548016] <info>: (MediaHandler.h:58:ComposeMedia) ComposeMedia parameter validation passed [req_id=737890006398944768]
[2025-Nov-03 22:22:02.548042] <info>: (MediaHandler.h:68:ComposeMedia) ComposeMedia completed [req_id=737890006398944768, return media count=0]
[2025-Nov-03 22:22:07.890159] <info>: (MediaHandler.h:36:ComposeMedia) Received ComposeMedia request [req_id=318765172612330048, media_ids count=0, media_types count=0]
[2025-Nov-03 22:22:07.890289] <info>: (MediaHandler.h:58:ComposeMedia) ComposeMedia parameter validation passed [req_id=318765172612330048]
[2025-Nov-03 22:22:07.890316] <info>: (MediaHandler.h:68:ComposeMedia) ComposeMedia completed [req_id=318765172612330048, return media count=0]
[2025-Nov-03 22:22:13.250433] <info>: (MediaHandler.h:36:ComposeMedia) Received ComposeMedia request [req_id=930037823371734528, media_ids count=0, media_types count=0]
[2025-Nov-03 22:22:13.250653] <info>: (MediaHandler.h:58:ComposeMedia) ComposeMedia parameter validation passed [req_id=930037823371734528]
[2025-Nov-03 22:22:13.250757] <info>: (MediaHandler.h:68:ComposeMedia) ComposeMedia completed [req_id=930037823371734528, return media count=0]
[2025-Nov-03 22:22:18.612655] <info>: (MediaHandler.h:36:ComposeMedia) Received ComposeMedia request [req_id=548331428032398400, media_ids count=0, media_types count=0]
[2025-Nov-03 22:22:18.612857] <info>: (MediaHandler.h:58:ComposeMedia) ComposeMedia parameter validation passed [req_id=548331428032398400]
[2025-Nov-03 22:22:18.612896] <info>: (MediaHandler.h:68:ComposeMedia) ComposeMedia completed [req_id=548331428032398400, return media count=0]
[2025-Nov-03 22:22:23.943889] <info>: (MediaHandler.h:36:ComposeMedia) Received ComposeMedia request [req_id=43486972951507408, media_ids count=0, media_types count=0]
[2025-Nov-03 22:22:23.944036] <info>: (MediaHandler.h:58:ComposeMedia) ComposeMedia parameter validation passed [req_id=43486972951507408]
[2025-Nov-03 22:22:23.944067] <info>: (MediaHandler.h:68:ComposeMedia) ComposeMedia completed [req_id=43486972951507408, return media count=0]
[2025-Nov-03 22:22:29.299343] <info>: (MediaHandler.h:36:ComposeMedia) Received ComposeMedia request [req_id=924418323007332864, media_ids count=0, media_types count=0]
[2025-Nov-03 22:22:29.299623] <info>: (MediaHandler.h:58:ComposeMedia) ComposeMedia parameter validation passed [req_id=924418323007332864]
[2025-Nov-03 22:22:29.299888] <info>: (MediaHandler.h:68:ComposeMedia) ComposeMedia completed [req_id=924418323007332864, return media count=0]
[2025-Nov-03 22:22:34.667283] <info>: (MediaHandler.h:36:ComposeMedia) Received ComposeMedia request [req_id=249722505083903328, media_ids count=0, media_types count=0]
[2025-Nov-03 22:22:34.667560] <info>: (MediaHandler.h:58:ComposeMedia) ComposeMedia parameter validation passed [req_id=249722505083903328]
[2025-Nov-03 22:22:34.667591] <info>: (MediaHandler.h:68:ComposeMedia) ComposeMedia completed [req_id=249722505083903328, return media count=0]
[2025-Nov-03 22:22:40.037513] <info>: (MediaHandler.h:36:ComposeMedia) Received ComposeMedia request [req_id=706238141136974976, media_ids count=0, media_types count=0]
[2025-Nov-03 22:22:40.037914] <info>: (MediaHandler.h:58:ComposeMedia) ComposeMedia parameter validation passed [req_id=706238141136974976]
[2025-Nov-03 22:22:40.037953] <info>: (MediaHandler.h:68:ComposeMedia) ComposeMedia completed [req_id=706238141136974976, return media count=0]
[2025-Nov-03 22:22:45.382481] <info>: (MediaHandler.h:36:ComposeMedia) Received ComposeMedia request [req_id=896487804411617792, media_ids count=0, media_types count=0]
[2025-Nov-03 22:22:45.382625] <info>: (MediaHandler.h:58:ComposeMedia) ComposeMedia parameter validation passed [req_id=896487804411617792]
[2025-Nov-03 22:22:45.382656] <info>: (MediaHandler.h:68:ComposeMedia) ComposeMedia completed [req_id=896487804411617792, return media count=0]
[2025-Nov-03 22:22:50.726475] <info>: (MediaHandler.h:36:ComposeMedia) Received ComposeMedia request [req_id=469611246165594368, media_ids count=0, media_types count=0]
[2025-Nov-03 22:22:50.726609] <info>: (MediaHandler.h:58:ComposeMedia) ComposeMedia parameter validation passed [req_id=469611246165594368]
[2025-Nov-03 22:22:50.726637] <info>: (MediaHandler.h:68:ComposeMedia) ComposeMedia completed [req_id=469611246165594368, return media count=0]
