[2025-Nov-03 22:03:11.236359] <info>: (UniqueIdHandler.h:150:GetMachineId) MAC address = 02:42:ac:17:00:19
[2025-Nov-03 22:03:11.236802] <info>: (UniqueIdService.cpp:56:main) machine_id = 111
[2025-Nov-03 22:03:11.236921] <info>: (UniqueIdService.cpp:67:main) Starting the unique-id-service server ...
[2025-Nov-03 22:05:03.997342] <info>: (UniqueIdHandler.h:65:ComposeUniqueId) Received ComposeUniqueId request [req_id=644931833795737216, post_type=9]
[2025-Nov-03 22:05:03.997756] <info>: (UniqueIdHandler.h:85:ComposeUniqueId) ComposeUniqueId timestamp and counter [req_id=644931833795737216, timestamp=247442703997, counter=0]
[2025-Nov-03 22:05:09.387534] <info>: (UniqueIdHandler.h:65:ComposeUniqueId) Received ComposeUniqueId request [req_id=1141705460314226304, post_type=9]
[2025-Nov-03 22:05:09.387869] <info>: (UniqueIdHandler.h:85:ComposeUniqueId) ComposeUniqueId timestamp and counter [req_id=1141705460314226304, timestamp=247442709387, counter=0]
[2025-Nov-03 22:05:14.740919] <info>: (UniqueIdHandler.h:65:ComposeUniqueId) Received ComposeUniqueId request [req_id=25092719621304320, post_type=9]
[2025-Nov-03 22:05:14.741128] <info>: (UniqueIdHandler.h:85:ComposeUniqueId) ComposeUniqueId timestamp and counter [req_id=25092719621304320, timestamp=247442714741, counter=0]
[2025-Nov-03 22:05:20.106582] <info>: (UniqueIdHandler.h:65:ComposeUniqueId) Received ComposeUniqueId request [req_id=473802275579832384, post_type=9]
[2025-Nov-03 22:05:20.106802] <info>: (UniqueIdHandler.h:85:ComposeUniqueId) ComposeUniqueId timestamp and counter [req_id=473802275579832384, timestamp=247442720106, counter=0]
[2025-Nov-03 22:05:25.478039] <info>: (UniqueIdHandler.h:65:ComposeUniqueId) Received ComposeUniqueId request [req_id=708351769102285952, post_type=9]
[2025-Nov-03 22:05:25.478252] <info>: (UniqueIdHandler.h:85:ComposeUniqueId) ComposeUniqueId timestamp and counter [req_id=708351769102285952, timestamp=247442725478, counter=0]
[2025-Nov-03 22:05:30.839943] <info>: (UniqueIdHandler.h:65:ComposeUniqueId) Received ComposeUniqueId request [req_id=1086746256611597568, post_type=9]
[2025-Nov-03 22:05:30.840113] <info>: (UniqueIdHandler.h:85:ComposeUniqueId) ComposeUniqueId timestamp and counter [req_id=1086746256611597568, timestamp=247442730840, counter=0]
[2025-Nov-03 22:05:36.187554] <info>: (UniqueIdHandler.h:65:ComposeUniqueId) Received ComposeUniqueId request [req_id=176865968639057888, post_type=9]
[2025-Nov-03 22:05:36.187851] <info>: (UniqueIdHandler.h:85:ComposeUniqueId) ComposeUniqueId timestamp and counter [req_id=176865968639057888, timestamp=247442736187, counter=0]
[2025-Nov-03 22:05:41.530807] <info>: (UniqueIdHandler.h:65:ComposeUniqueId) Received ComposeUniqueId request [req_id=43225609333550080, post_type=9]
[2025-Nov-03 22:05:41.531410] <info>: (UniqueIdHandler.h:85:ComposeUniqueId) ComposeUniqueId timestamp and counter [req_id=43225609333550080, timestamp=247442741531, counter=0]
[2025-Nov-03 22:05:46.873856] <info>: (UniqueIdHandler.h:65:ComposeUniqueId) Received ComposeUniqueId request [req_id=221766773924813856, post_type=9]
[2025-Nov-03 22:05:46.874023] <info>: (UniqueIdHandler.h:85:ComposeUniqueId) ComposeUniqueId timestamp and counter [req_id=221766773924813856, timestamp=247442746874, counter=0]
[2025-Nov-03 22:05:52.220114] <info>: (UniqueIdHandler.h:65:ComposeUniqueId) Received ComposeUniqueId request [req_id=459564763629693312, post_type=9]
[2025-Nov-03 22:05:52.220581] <info>: (UniqueIdHandler.h:85:ComposeUniqueId) ComposeUniqueId timestamp and counter [req_id=459564763629693312, timestamp=247442752220, counter=0]
[2025-Nov-03 22:05:57.571468] <info>: (UniqueIdHandler.h:65:ComposeUniqueId) Received ComposeUniqueId request [req_id=67702870758975296, post_type=9]
[2025-Nov-03 22:05:57.571659] <info>: (UniqueIdHandler.h:85:ComposeUniqueId) ComposeUniqueId timestamp and counter [req_id=67702870758975296, timestamp=247442757571, counter=0]
[2025-Nov-03 22:06:02.946302] <info>: (UniqueIdHandler.h:65:ComposeUniqueId) Received ComposeUniqueId request [req_id=1052818739793053440, post_type=9]
[2025-Nov-03 22:06:02.946464] <info>: (UniqueIdHandler.h:85:ComposeUniqueId) ComposeUniqueId timestamp and counter [req_id=1052818739793053440, timestamp=247442762946, counter=0]
[2025-Nov-03 22:06:08.302805] <info>: (UniqueIdHandler.h:65:ComposeUniqueId) Received ComposeUniqueId request [req_id=482936484206817728, post_type=9]
[2025-Nov-03 22:06:08.302965] <info>: (UniqueIdHandler.h:85:ComposeUniqueId) ComposeUniqueId timestamp and counter [req_id=482936484206817728, timestamp=247442768302, counter=0]
[2025-Nov-03 22:06:13.666967] <info>: (UniqueIdHandler.h:65:ComposeUniqueId) Received ComposeUniqueId request [req_id=51306035890665640, post_type=9]
[2025-Nov-03 22:06:13.667222] <info>: (UniqueIdHandler.h:85:ComposeUniqueId) ComposeUniqueId timestamp and counter [req_id=51306035890665640, timestamp=247442773667, counter=0]
[2025-Nov-03 22:06:19.027022] <info>: (UniqueIdHandler.h:65:ComposeUniqueId) Received ComposeUniqueId request [req_id=626478232607279104, post_type=9]
[2025-Nov-03 22:06:19.027237] <info>: (UniqueIdHandler.h:85:ComposeUniqueId) ComposeUniqueId timestamp and counter [req_id=626478232607279104, timestamp=247442779027, counter=0]
[2025-Nov-03 22:06:24.397348] <info>: (UniqueIdHandler.h:65:ComposeUniqueId) Received ComposeUniqueId request [req_id=424522604539953280, post_type=9]
[2025-Nov-03 22:06:24.397497] <info>: (UniqueIdHandler.h:85:ComposeUniqueId) ComposeUniqueId timestamp and counter [req_id=424522604539953280, timestamp=247442784397, counter=0]
[2025-Nov-03 22:06:29.756222] <info>: (UniqueIdHandler.h:65:ComposeUniqueId) Received ComposeUniqueId request [req_id=1116164073901709184, post_type=9]
[2025-Nov-03 22:06:29.756584] <info>: (UniqueIdHandler.h:85:ComposeUniqueId) ComposeUniqueId timestamp and counter [req_id=1116164073901709184, timestamp=247442789756, counter=0]
[2025-Nov-03 22:06:35.128265] <info>: (UniqueIdHandler.h:65:ComposeUniqueId) Received ComposeUniqueId request [req_id=1108023458744474240, post_type=9]
[2025-Nov-03 22:06:35.128558] <info>: (UniqueIdHandler.h:85:ComposeUniqueId) ComposeUniqueId timestamp and counter [req_id=1108023458744474240, timestamp=247442795128, counter=0]
[2025-Nov-03 22:06:40.508896] <info>: (UniqueIdHandler.h:65:ComposeUniqueId) Received ComposeUniqueId request [req_id=1024276122556639232, post_type=9]
[2025-Nov-03 22:06:40.509142] <info>: (UniqueIdHandler.h:85:ComposeUniqueId) ComposeUniqueId timestamp and counter [req_id=1024276122556639232, timestamp=247442800509, counter=0]
[2025-Nov-03 22:06:45.878424] <info>: (UniqueIdHandler.h:65:ComposeUniqueId) Received ComposeUniqueId request [req_id=588124662839759104, post_type=9]
[2025-Nov-03 22:06:45.878562] <info>: (UniqueIdHandler.h:85:ComposeUniqueId) ComposeUniqueId timestamp and counter [req_id=588124662839759104, timestamp=247442805878, counter=0]
[2025-Nov-03 22:06:51.231450] <info>: (UniqueIdHandler.h:65:ComposeUniqueId) Received ComposeUniqueId request [req_id=968963237183671552, post_type=9]
[2025-Nov-03 22:06:51.231674] <info>: (UniqueIdHandler.h:85:ComposeUniqueId) ComposeUniqueId timestamp and counter [req_id=968963237183671552, timestamp=247442811231, counter=0]
[2025-Nov-03 22:06:56.576997] <info>: (UniqueIdHandler.h:65:ComposeUniqueId) Received ComposeUniqueId request [req_id=314022383537750016, post_type=9]
[2025-Nov-03 22:06:56.577232] <info>: (UniqueIdHandler.h:85:ComposeUniqueId) ComposeUniqueId timestamp and counter [req_id=314022383537750016, timestamp=247442816577, counter=0]
[2025-Nov-03 22:07:01.926448] <info>: (UniqueIdHandler.h:65:ComposeUniqueId) Received ComposeUniqueId request [req_id=719124203154139392, post_type=9]
[2025-Nov-03 22:07:01.926626] <info>: (UniqueIdHandler.h:85:ComposeUniqueId) ComposeUniqueId timestamp and counter [req_id=719124203154139392, timestamp=247442821926, counter=0]
[2025-Nov-03 22:07:07.286747] <info>: (UniqueIdHandler.h:65:ComposeUniqueId) Received ComposeUniqueId request [req_id=679383394805264000, post_type=9]
[2025-Nov-03 22:07:07.287081] <info>: (UniqueIdHandler.h:85:ComposeUniqueId) ComposeUniqueId timestamp and counter [req_id=679383394805264000, timestamp=247442827286, counter=0]
[2025-Nov-03 22:07:12.646897] <info>: (UniqueIdHandler.h:65:ComposeUniqueId) Received ComposeUniqueId request [req_id=1093942302523724160, post_type=9]
[2025-Nov-03 22:07:12.647395] <info>: (UniqueIdHandler.h:85:ComposeUniqueId) ComposeUniqueId timestamp and counter [req_id=1093942302523724160, timestamp=247442832647, counter=0]
[2025-Nov-03 22:07:18.006202] <info>: (UniqueIdHandler.h:65:ComposeUniqueId) Received ComposeUniqueId request [req_id=267835807221785344, post_type=9]
[2025-Nov-03 22:07:18.006671] <info>: (UniqueIdHandler.h:85:ComposeUniqueId) ComposeUniqueId timestamp and counter [req_id=267835807221785344, timestamp=247442838006, counter=0]
[2025-Nov-03 22:07:23.374276] <info>: (UniqueIdHandler.h:65:ComposeUniqueId) Received ComposeUniqueId request [req_id=619169184568723968, post_type=9]
[2025-Nov-03 22:07:23.374408] <info>: (UniqueIdHandler.h:85:ComposeUniqueId) ComposeUniqueId timestamp and counter [req_id=619169184568723968, timestamp=247442843374, counter=0]
[2025-Nov-03 22:07:28.785513] <info>: (UniqueIdHandler.h:65:ComposeUniqueId) Received ComposeUniqueId request [req_id=762886346554251520, post_type=9]
[2025-Nov-03 22:07:28.785659] <info>: (UniqueIdHandler.h:85:ComposeUniqueId) ComposeUniqueId timestamp and counter [req_id=762886346554251520, timestamp=247442848785, counter=0]
[2025-Nov-03 22:07:34.186980] <info>: (UniqueIdHandler.h:65:ComposeUniqueId) Received ComposeUniqueId request [req_id=875720380098239744, post_type=9]
[2025-Nov-03 22:07:34.187127] <info>: (UniqueIdHandler.h:85:ComposeUniqueId) ComposeUniqueId timestamp and counter [req_id=875720380098239744, timestamp=247442854187, counter=0]
[2025-Nov-03 22:07:39.541458] <info>: (UniqueIdHandler.h:65:ComposeUniqueId) Received ComposeUniqueId request [req_id=636673960088665344, post_type=9]
[2025-Nov-03 22:07:39.541625] <info>: (UniqueIdHandler.h:85:ComposeUniqueId) ComposeUniqueId timestamp and counter [req_id=636673960088665344, timestamp=247442859541, counter=0]
[2025-Nov-03 22:07:44.902893] <info>: (UniqueIdHandler.h:65:ComposeUniqueId) Received ComposeUniqueId request [req_id=918068485788391296, post_type=9]
[2025-Nov-03 22:07:44.903156] <info>: (UniqueIdHandler.h:85:ComposeUniqueId) ComposeUniqueId timestamp and counter [req_id=918068485788391296, timestamp=247442864903, counter=0]
[2025-Nov-03 22:07:50.262646] <info>: (UniqueIdHandler.h:65:ComposeUniqueId) Received ComposeUniqueId request [req_id=921791093515540736, post_type=9]
[2025-Nov-03 22:07:50.262815] <info>: (UniqueIdHandler.h:85:ComposeUniqueId) ComposeUniqueId timestamp and counter [req_id=921791093515540736, timestamp=247442870262, counter=0]
[2025-Nov-03 22:07:55.615387] <info>: (UniqueIdHandler.h:65:ComposeUniqueId) Received ComposeUniqueId request [req_id=50431138249779744, post_type=9]
[2025-Nov-03 22:07:55.615560] <info>: (UniqueIdHandler.h:85:ComposeUniqueId) ComposeUniqueId timestamp and counter [req_id=50431138249779744, timestamp=247442875615, counter=0]
[2025-Nov-03 22:08:00.975249] <info>: (UniqueIdHandler.h:65:ComposeUniqueId) Received ComposeUniqueId request [req_id=390769173123907392, post_type=9]
[2025-Nov-03 22:08:00.975484] <info>: (UniqueIdHandler.h:85:ComposeUniqueId) ComposeUniqueId timestamp and counter [req_id=390769173123907392, timestamp=247442880975, counter=0]
[2025-Nov-03 22:08:06.323103] <info>: (UniqueIdHandler.h:65:ComposeUniqueId) Received ComposeUniqueId request [req_id=875997939954224000, post_type=9]
[2025-Nov-03 22:08:06.323237] <info>: (UniqueIdHandler.h:85:ComposeUniqueId) ComposeUniqueId timestamp and counter [req_id=875997939954224000, timestamp=247442886323, counter=0]
[2025-Nov-03 22:08:11.681107] <info>: (UniqueIdHandler.h:65:ComposeUniqueId) Received ComposeUniqueId request [req_id=569795423556875584, post_type=9]
[2025-Nov-03 22:08:11.681469] <info>: (UniqueIdHandler.h:85:ComposeUniqueId) ComposeUniqueId timestamp and counter [req_id=569795423556875584, timestamp=247442891681, counter=0]
[2025-Nov-03 22:08:17.036488] <info>: (UniqueIdHandler.h:65:ComposeUniqueId) Received ComposeUniqueId request [req_id=223935745251763520, post_type=9]
[2025-Nov-03 22:08:17.036657] <info>: (UniqueIdHandler.h:85:ComposeUniqueId) ComposeUniqueId timestamp and counter [req_id=223935745251763520, timestamp=247442897036, counter=0]
[2025-Nov-03 22:08:22.416674] <info>: (UniqueIdHandler.h:65:ComposeUniqueId) Received ComposeUniqueId request [req_id=1092221423012405248, post_type=9]
[2025-Nov-03 22:08:22.416839] <info>: (UniqueIdHandler.h:85:ComposeUniqueId) ComposeUniqueId timestamp and counter [req_id=1092221423012405248, timestamp=247442902416, counter=0]
[2025-Nov-03 22:08:27.791170] <info>: (UniqueIdHandler.h:65:ComposeUniqueId) Received ComposeUniqueId request [req_id=262032661442578080, post_type=9]
[2025-Nov-03 22:08:27.791343] <info>: (UniqueIdHandler.h:85:ComposeUniqueId) ComposeUniqueId timestamp and counter [req_id=262032661442578080, timestamp=247442907791, counter=0]
[2025-Nov-03 22:08:33.148630] <info>: (UniqueIdHandler.h:65:ComposeUniqueId) Received ComposeUniqueId request [req_id=580364974433750528, post_type=9]
[2025-Nov-03 22:08:33.148971] <info>: (UniqueIdHandler.h:85:ComposeUniqueId) ComposeUniqueId timestamp and counter [req_id=580364974433750528, timestamp=247442913148, counter=0]
[2025-Nov-03 22:08:38.499597] <info>: (UniqueIdHandler.h:65:ComposeUniqueId) Received ComposeUniqueId request [req_id=99994089183751120, post_type=9]
[2025-Nov-03 22:08:38.499733] <info>: (UniqueIdHandler.h:85:ComposeUniqueId) ComposeUniqueId timestamp and counter [req_id=99994089183751120, timestamp=247442918499, counter=0]
[2025-Nov-03 22:08:43.847624] <info>: (UniqueIdHandler.h:65:ComposeUniqueId) Received ComposeUniqueId request [req_id=64807224966246264, post_type=9]
[2025-Nov-03 22:08:43.847758] <info>: (UniqueIdHandler.h:85:ComposeUniqueId) ComposeUniqueId timestamp and counter [req_id=64807224966246264, timestamp=247442923847, counter=0]
[2025-Nov-03 22:08:49.202407] <info>: (UniqueIdHandler.h:65:ComposeUniqueId) Received ComposeUniqueId request [req_id=168867486102233056, post_type=9]
[2025-Nov-03 22:08:49.202580] <info>: (UniqueIdHandler.h:85:ComposeUniqueId) ComposeUniqueId timestamp and counter [req_id=168867486102233056, timestamp=247442929202, counter=0]
[2025-Nov-03 22:08:54.554680] <info>: (UniqueIdHandler.h:65:ComposeUniqueId) Received ComposeUniqueId request [req_id=121802597341952208, post_type=9]
[2025-Nov-03 22:08:54.554932] <info>: (UniqueIdHandler.h:85:ComposeUniqueId) ComposeUniqueId timestamp and counter [req_id=121802597341952208, timestamp=247442934554, counter=0]
[2025-Nov-03 22:08:59.922483] <info>: (UniqueIdHandler.h:65:ComposeUniqueId) Received ComposeUniqueId request [req_id=620717785178272896, post_type=9]
[2025-Nov-03 22:08:59.922615] <info>: (UniqueIdHandler.h:85:ComposeUniqueId) ComposeUniqueId timestamp and counter [req_id=620717785178272896, timestamp=247442939922, counter=0]
[2025-Nov-03 22:09:05.289436] <info>: (UniqueIdHandler.h:65:ComposeUniqueId) Received ComposeUniqueId request [req_id=565144768764424320, post_type=9]
[2025-Nov-03 22:09:05.289626] <info>: (UniqueIdHandler.h:85:ComposeUniqueId) ComposeUniqueId timestamp and counter [req_id=565144768764424320, timestamp=247442945289, counter=0]
[2025-Nov-03 22:09:10.640060] <info>: (UniqueIdHandler.h:65:ComposeUniqueId) Received ComposeUniqueId request [req_id=131507722544528128, post_type=9]
[2025-Nov-03 22:09:10.640585] <info>: (UniqueIdHandler.h:85:ComposeUniqueId) ComposeUniqueId timestamp and counter [req_id=131507722544528128, timestamp=247442950640, counter=0]
[2025-Nov-03 22:09:15.994089] <info>: (UniqueIdHandler.h:65:ComposeUniqueId) Received ComposeUniqueId request [req_id=201472790262871520, post_type=9]
[2025-Nov-03 22:09:15.994384] <info>: (UniqueIdHandler.h:85:ComposeUniqueId) ComposeUniqueId timestamp and counter [req_id=201472790262871520, timestamp=247442955994, counter=0]
[2025-Nov-03 22:09:21.351416] <info>: (UniqueIdHandler.h:65:ComposeUniqueId) Received ComposeUniqueId request [req_id=243475649571637152, post_type=9]
[2025-Nov-03 22:09:21.351577] <info>: (UniqueIdHandler.h:85:ComposeUniqueId) ComposeUniqueId timestamp and counter [req_id=243475649571637152, timestamp=247442961351, counter=0]
[2025-Nov-03 22:09:26.704243] <info>: (UniqueIdHandler.h:65:ComposeUniqueId) Received ComposeUniqueId request [req_id=985605384351010048, post_type=9]
[2025-Nov-03 22:09:26.704423] <info>: (UniqueIdHandler.h:85:ComposeUniqueId) ComposeUniqueId timestamp and counter [req_id=985605384351010048, timestamp=247442966704, counter=0]
[2025-Nov-03 22:09:32.067553] <info>: (UniqueIdHandler.h:65:ComposeUniqueId) Received ComposeUniqueId request [req_id=984622788556450048, post_type=9]
[2025-Nov-03 22:09:32.067729] <info>: (UniqueIdHandler.h:85:ComposeUniqueId) ComposeUniqueId timestamp and counter [req_id=984622788556450048, timestamp=247442972067, counter=0]
[2025-Nov-03 22:09:37.412013] <info>: (UniqueIdHandler.h:65:ComposeUniqueId) Received ComposeUniqueId request [req_id=516272438311794304, post_type=9]
[2025-Nov-03 22:09:37.412205] <info>: (UniqueIdHandler.h:85:ComposeUniqueId) ComposeUniqueId timestamp and counter [req_id=516272438311794304, timestamp=247442977412, counter=0]
[2025-Nov-03 22:09:42.763734] <info>: (UniqueIdHandler.h:65:ComposeUniqueId) Received ComposeUniqueId request [req_id=44512118436707664, post_type=9]
[2025-Nov-03 22:09:42.763928] <info>: (UniqueIdHandler.h:85:ComposeUniqueId) ComposeUniqueId timestamp and counter [req_id=44512118436707664, timestamp=247442982763, counter=0]
[2025-Nov-03 22:09:48.114546] <info>: (UniqueIdHandler.h:65:ComposeUniqueId) Received ComposeUniqueId request [req_id=215668247605288416, post_type=9]
[2025-Nov-03 22:09:48.114692] <info>: (UniqueIdHandler.h:85:ComposeUniqueId) ComposeUniqueId timestamp and counter [req_id=215668247605288416, timestamp=247442988114, counter=0]
[2025-Nov-03 22:09:53.455283] <info>: (UniqueIdHandler.h:65:ComposeUniqueId) Received ComposeUniqueId request [req_id=618528023962339328, post_type=9]
[2025-Nov-03 22:09:53.455435] <info>: (UniqueIdHandler.h:85:ComposeUniqueId) ComposeUniqueId timestamp and counter [req_id=618528023962339328, timestamp=247442993455, counter=0]
[2025-Nov-03 22:09:58.810669] <info>: (UniqueIdHandler.h:65:ComposeUniqueId) Received ComposeUniqueId request [req_id=41544175559285136, post_type=9]
[2025-Nov-03 22:09:58.810830] <info>: (UniqueIdHandler.h:85:ComposeUniqueId) ComposeUniqueId timestamp and counter [req_id=41544175559285136, timestamp=247442998810, counter=0]
[2025-Nov-03 22:10:04.184145] <info>: (UniqueIdHandler.h:65:ComposeUniqueId) Received ComposeUniqueId request [req_id=546467732712613952, post_type=9]
[2025-Nov-03 22:10:04.184316] <info>: (UniqueIdHandler.h:85:ComposeUniqueId) ComposeUniqueId timestamp and counter [req_id=546467732712613952, timestamp=247443004184, counter=0]
[2025-Nov-03 22:10:09.549219] <info>: (UniqueIdHandler.h:65:ComposeUniqueId) Received ComposeUniqueId request [req_id=150523255768220800, post_type=9]
[2025-Nov-03 22:10:09.549685] <info>: (UniqueIdHandler.h:85:ComposeUniqueId) ComposeUniqueId timestamp and counter [req_id=150523255768220800, timestamp=247443009549, counter=0]
[2025-Nov-03 22:10:14.945777] <info>: (UniqueIdHandler.h:65:ComposeUniqueId) Received ComposeUniqueId request [req_id=676403862141208704, post_type=9]
[2025-Nov-03 22:10:14.946009] <info>: (UniqueIdHandler.h:85:ComposeUniqueId) ComposeUniqueId timestamp and counter [req_id=676403862141208704, timestamp=247443014945, counter=0]
[2025-Nov-03 22:10:20.364463] <info>: (UniqueIdHandler.h:65:ComposeUniqueId) Received ComposeUniqueId request [req_id=77274489324828640, post_type=9]
[2025-Nov-03 22:10:20.364665] <info>: (UniqueIdHandler.h:85:ComposeUniqueId) ComposeUniqueId timestamp and counter [req_id=77274489324828640, timestamp=247443020364, counter=0]
[2025-Nov-03 22:10:25.735338] <info>: (UniqueIdHandler.h:65:ComposeUniqueId) Received ComposeUniqueId request [req_id=588755371520096512, post_type=9]
[2025-Nov-03 22:10:25.735505] <info>: (UniqueIdHandler.h:85:ComposeUniqueId) ComposeUniqueId timestamp and counter [req_id=588755371520096512, timestamp=247443025735, counter=0]
[2025-Nov-03 22:10:31.093905] <info>: (UniqueIdHandler.h:65:ComposeUniqueId) Received ComposeUniqueId request [req_id=975969667255029120, post_type=9]
[2025-Nov-03 22:10:31.094040] <info>: (UniqueIdHandler.h:85:ComposeUniqueId) ComposeUniqueId timestamp and counter [req_id=975969667255029120, timestamp=247443031094, counter=0]
[2025-Nov-03 22:10:36.459468] <info>: (UniqueIdHandler.h:65:ComposeUniqueId) Received ComposeUniqueId request [req_id=987876121104442752, post_type=9]
[2025-Nov-03 22:10:36.459607] <info>: (UniqueIdHandler.h:85:ComposeUniqueId) ComposeUniqueId timestamp and counter [req_id=987876121104442752, timestamp=247443036459, counter=0]
[2025-Nov-03 22:10:41.816360] <info>: (UniqueIdHandler.h:65:ComposeUniqueId) Received ComposeUniqueId request [req_id=1007641883601615104, post_type=9]
[2025-Nov-03 22:10:41.816512] <info>: (UniqueIdHandler.h:85:ComposeUniqueId) ComposeUniqueId timestamp and counter [req_id=1007641883601615104, timestamp=247443041816, counter=0]
[2025-Nov-03 22:10:47.166659] <info>: (UniqueIdHandler.h:65:ComposeUniqueId) Received ComposeUniqueId request [req_id=584543393521549568, post_type=9]
[2025-Nov-03 22:10:47.166839] <info>: (UniqueIdHandler.h:85:ComposeUniqueId) ComposeUniqueId timestamp and counter [req_id=584543393521549568, timestamp=247443047166, counter=0]
[2025-Nov-03 22:10:52.553334] <info>: (UniqueIdHandler.h:65:ComposeUniqueId) Received ComposeUniqueId request [req_id=890714486910205440, post_type=9]
[2025-Nov-03 22:10:52.553515] <info>: (UniqueIdHandler.h:85:ComposeUniqueId) ComposeUniqueId timestamp and counter [req_id=890714486910205440, timestamp=247443052553, counter=0]
[2025-Nov-03 22:10:57.910479] <info>: (UniqueIdHandler.h:65:ComposeUniqueId) Received ComposeUniqueId request [req_id=160643792957582592, post_type=9]
[2025-Nov-03 22:10:57.910635] <info>: (UniqueIdHandler.h:85:ComposeUniqueId) ComposeUniqueId timestamp and counter [req_id=160643792957582592, timestamp=247443057910, counter=0]
[2025-Nov-03 22:11:03.266642] <info>: (UniqueIdHandler.h:65:ComposeUniqueId) Received ComposeUniqueId request [req_id=707687737521025536, post_type=9]
[2025-Nov-03 22:11:03.266798] <info>: (UniqueIdHandler.h:85:ComposeUniqueId) ComposeUniqueId timestamp and counter [req_id=707687737521025536, timestamp=247443063266, counter=0]
[2025-Nov-03 22:11:08.608249] <info>: (UniqueIdHandler.h:65:ComposeUniqueId) Received ComposeUniqueId request [req_id=818439951824341760, post_type=9]
[2025-Nov-03 22:11:08.608423] <info>: (UniqueIdHandler.h:85:ComposeUniqueId) ComposeUniqueId timestamp and counter [req_id=818439951824341760, timestamp=247443068608, counter=0]
[2025-Nov-03 22:11:13.964890] <info>: (UniqueIdHandler.h:65:ComposeUniqueId) Received ComposeUniqueId request [req_id=846897062371880448, post_type=9]
[2025-Nov-03 22:11:13.965088] <info>: (UniqueIdHandler.h:85:ComposeUniqueId) ComposeUniqueId timestamp and counter [req_id=846897062371880448, timestamp=247443073965, counter=0]
[2025-Nov-03 22:11:19.322999] <info>: (UniqueIdHandler.h:65:ComposeUniqueId) Received ComposeUniqueId request [req_id=755515394721302656, post_type=9]
[2025-Nov-03 22:11:19.323154] <info>: (UniqueIdHandler.h:85:ComposeUniqueId) ComposeUniqueId timestamp and counter [req_id=755515394721302656, timestamp=247443079323, counter=0]
[2025-Nov-03 22:11:24.661743] <info>: (UniqueIdHandler.h:65:ComposeUniqueId) Received ComposeUniqueId request [req_id=295369448190258176, post_type=9]
[2025-Nov-03 22:11:24.661920] <info>: (UniqueIdHandler.h:85:ComposeUniqueId) ComposeUniqueId timestamp and counter [req_id=295369448190258176, timestamp=247443084661, counter=0]
[2025-Nov-03 22:11:30.039472] <info>: (UniqueIdHandler.h:65:ComposeUniqueId) Received ComposeUniqueId request [req_id=546120901984393024, post_type=9]
[2025-Nov-03 22:11:30.039654] <info>: (UniqueIdHandler.h:85:ComposeUniqueId) ComposeUniqueId timestamp and counter [req_id=546120901984393024, timestamp=247443090039, counter=0]
[2025-Nov-03 22:11:35.421010] <info>: (UniqueIdHandler.h:65:ComposeUniqueId) Received ComposeUniqueId request [req_id=523549410356359488, post_type=9]
[2025-Nov-03 22:11:35.421147] <info>: (UniqueIdHandler.h:85:ComposeUniqueId) ComposeUniqueId timestamp and counter [req_id=523549410356359488, timestamp=247443095421, counter=0]
[2025-Nov-03 22:11:40.789877] <info>: (UniqueIdHandler.h:65:ComposeUniqueId) Received ComposeUniqueId request [req_id=1082516441192565248, post_type=9]
[2025-Nov-03 22:11:40.790143] <info>: (UniqueIdHandler.h:85:ComposeUniqueId) ComposeUniqueId timestamp and counter [req_id=1082516441192565248, timestamp=247443100790, counter=0]
[2025-Nov-03 22:11:46.152394] <info>: (UniqueIdHandler.h:65:ComposeUniqueId) Received ComposeUniqueId request [req_id=532295244466149952, post_type=9]
[2025-Nov-03 22:11:46.152543] <info>: (UniqueIdHandler.h:85:ComposeUniqueId) ComposeUniqueId timestamp and counter [req_id=532295244466149952, timestamp=247443106152, counter=0]
[2025-Nov-03 22:11:51.514920] <info>: (UniqueIdHandler.h:65:ComposeUniqueId) Received ComposeUniqueId request [req_id=754756722470523648, post_type=9]
[2025-Nov-03 22:11:51.515052] <info>: (UniqueIdHandler.h:85:ComposeUniqueId) ComposeUniqueId timestamp and counter [req_id=754756722470523648, timestamp=247443111515, counter=0]
[2025-Nov-03 22:11:56.869978] <info>: (UniqueIdHandler.h:65:ComposeUniqueId) Received ComposeUniqueId request [req_id=1097242262612804096, post_type=9]
[2025-Nov-03 22:11:56.870118] <info>: (UniqueIdHandler.h:85:ComposeUniqueId) ComposeUniqueId timestamp and counter [req_id=1097242262612804096, timestamp=247443116870, counter=0]
[2025-Nov-03 22:12:02.241852] <info>: (UniqueIdHandler.h:65:ComposeUniqueId) Received ComposeUniqueId request [req_id=833976177873938176, post_type=9]
[2025-Nov-03 22:12:02.242060] <info>: (UniqueIdHandler.h:85:ComposeUniqueId) ComposeUniqueId timestamp and counter [req_id=833976177873938176, timestamp=247443122242, counter=0]
[2025-Nov-03 22:12:07.605330] <info>: (UniqueIdHandler.h:65:ComposeUniqueId) Received ComposeUniqueId request [req_id=181345029788615904, post_type=9]
[2025-Nov-03 22:12:07.605500] <info>: (UniqueIdHandler.h:85:ComposeUniqueId) ComposeUniqueId timestamp and counter [req_id=181345029788615904, timestamp=247443127605, counter=0]
[2025-Nov-03 22:12:12.957366] <info>: (UniqueIdHandler.h:65:ComposeUniqueId) Received ComposeUniqueId request [req_id=113386837533954016, post_type=9]
[2025-Nov-03 22:12:12.957503] <info>: (UniqueIdHandler.h:85:ComposeUniqueId) ComposeUniqueId timestamp and counter [req_id=113386837533954016, timestamp=247443132957, counter=0]
[2025-Nov-03 22:12:18.324334] <info>: (UniqueIdHandler.h:65:ComposeUniqueId) Received ComposeUniqueId request [req_id=827879455302060032, post_type=9]
[2025-Nov-03 22:12:18.324570] <info>: (UniqueIdHandler.h:85:ComposeUniqueId) ComposeUniqueId timestamp and counter [req_id=827879455302060032, timestamp=247443138324, counter=0]
[2025-Nov-03 22:12:23.680200] <info>: (UniqueIdHandler.h:65:ComposeUniqueId) Received ComposeUniqueId request [req_id=532986998997080128, post_type=9]
[2025-Nov-03 22:12:23.680341] <info>: (UniqueIdHandler.h:85:ComposeUniqueId) ComposeUniqueId timestamp and counter [req_id=532986998997080128, timestamp=247443143680, counter=0]
[2025-Nov-03 22:12:29.028488] <info>: (UniqueIdHandler.h:65:ComposeUniqueId) Received ComposeUniqueId request [req_id=720818659329749760, post_type=9]
[2025-Nov-03 22:12:29.028627] <info>: (UniqueIdHandler.h:85:ComposeUniqueId) ComposeUniqueId timestamp and counter [req_id=720818659329749760, timestamp=247443149028, counter=0]
[2025-Nov-03 22:12:34.396134] <info>: (UniqueIdHandler.h:65:ComposeUniqueId) Received ComposeUniqueId request [req_id=896499610905474048, post_type=9]
[2025-Nov-03 22:12:34.396288] <info>: (UniqueIdHandler.h:85:ComposeUniqueId) ComposeUniqueId timestamp and counter [req_id=896499610905474048, timestamp=247443154396, counter=0]
[2025-Nov-03 22:12:39.759808] <info>: (UniqueIdHandler.h:65:ComposeUniqueId) Received ComposeUniqueId request [req_id=443047756689514368, post_type=9]
[2025-Nov-03 22:12:39.760113] <info>: (UniqueIdHandler.h:85:ComposeUniqueId) ComposeUniqueId timestamp and counter [req_id=443047756689514368, timestamp=247443159760, counter=0]
[2025-Nov-03 22:12:45.113582] <info>: (UniqueIdHandler.h:65:ComposeUniqueId) Received ComposeUniqueId request [req_id=77223048880835104, post_type=9]
[2025-Nov-03 22:12:45.113860] <info>: (UniqueIdHandler.h:85:ComposeUniqueId) ComposeUniqueId timestamp and counter [req_id=77223048880835104, timestamp=247443165113, counter=0]
[2025-Nov-03 22:12:50.459189] <info>: (UniqueIdHandler.h:65:ComposeUniqueId) Received ComposeUniqueId request [req_id=1151018238562835072, post_type=9]
[2025-Nov-03 22:12:50.459390] <info>: (UniqueIdHandler.h:85:ComposeUniqueId) ComposeUniqueId timestamp and counter [req_id=1151018238562835072, timestamp=247443170459, counter=0]
[2025-Nov-03 22:12:55.810980] <info>: (UniqueIdHandler.h:65:ComposeUniqueId) Received ComposeUniqueId request [req_id=1049764347763129728, post_type=9]
[2025-Nov-03 22:12:55.811111] <info>: (UniqueIdHandler.h:85:ComposeUniqueId) ComposeUniqueId timestamp and counter [req_id=1049764347763129728, timestamp=247443175811, counter=0]
[2025-Nov-03 22:13:01.164459] <info>: (UniqueIdHandler.h:65:ComposeUniqueId) Received ComposeUniqueId request [req_id=1019402637599590144, post_type=9]
[2025-Nov-03 22:13:01.164594] <info>: (UniqueIdHandler.h:85:ComposeUniqueId) ComposeUniqueId timestamp and counter [req_id=1019402637599590144, timestamp=247443181164, counter=0]
[2025-Nov-03 22:13:06.524369] <info>: (UniqueIdHandler.h:65:ComposeUniqueId) Received ComposeUniqueId request [req_id=353881110628806976, post_type=9]
[2025-Nov-03 22:13:06.524599] <info>: (UniqueIdHandler.h:85:ComposeUniqueId) ComposeUniqueId timestamp and counter [req_id=353881110628806976, timestamp=247443186524, counter=0]
[2025-Nov-03 22:13:11.874104] <info>: (UniqueIdHandler.h:65:ComposeUniqueId) Received ComposeUniqueId request [req_id=762749512601090560, post_type=9]
[2025-Nov-03 22:13:11.874249] <info>: (UniqueIdHandler.h:85:ComposeUniqueId) ComposeUniqueId timestamp and counter [req_id=762749512601090560, timestamp=247443191874, counter=0]
[2025-Nov-03 22:13:17.228971] <info>: (UniqueIdHandler.h:65:ComposeUniqueId) Received ComposeUniqueId request [req_id=407572685215950016, post_type=9]
[2025-Nov-03 22:13:17.229105] <info>: (UniqueIdHandler.h:85:ComposeUniqueId) ComposeUniqueId timestamp and counter [req_id=407572685215950016, timestamp=247443197229, counter=0]
[2025-Nov-03 22:13:22.597822] <info>: (UniqueIdHandler.h:65:ComposeUniqueId) Received ComposeUniqueId request [req_id=846923311717109632, post_type=9]
[2025-Nov-03 22:13:22.597997] <info>: (UniqueIdHandler.h:85:ComposeUniqueId) ComposeUniqueId timestamp and counter [req_id=846923311717109632, timestamp=247443202597, counter=0]
[2025-Nov-03 22:13:27.951265] <info>: (UniqueIdHandler.h:65:ComposeUniqueId) Received ComposeUniqueId request [req_id=783288113921272576, post_type=9]
[2025-Nov-03 22:13:27.951959] <info>: (UniqueIdHandler.h:85:ComposeUniqueId) ComposeUniqueId timestamp and counter [req_id=783288113921272576, timestamp=247443207951, counter=0]
[2025-Nov-03 22:13:33.310956] <info>: (UniqueIdHandler.h:65:ComposeUniqueId) Received ComposeUniqueId request [req_id=398761289051279616, post_type=9]
[2025-Nov-03 22:13:33.311147] <info>: (UniqueIdHandler.h:85:ComposeUniqueId) ComposeUniqueId timestamp and counter [req_id=398761289051279616, timestamp=247443213311, counter=0]
[2025-Nov-03 22:13:38.672935] <info>: (UniqueIdHandler.h:65:ComposeUniqueId) Received ComposeUniqueId request [req_id=616229586856709504, post_type=9]
[2025-Nov-03 22:13:38.673374] <info>: (UniqueIdHandler.h:85:ComposeUniqueId) ComposeUniqueId timestamp and counter [req_id=616229586856709504, timestamp=247443218673, counter=0]
[2025-Nov-03 22:13:44.057475] <info>: (UniqueIdHandler.h:65:ComposeUniqueId) Received ComposeUniqueId request [req_id=339514744965069312, post_type=9]
[2025-Nov-03 22:13:44.057781] <info>: (UniqueIdHandler.h:85:ComposeUniqueId) ComposeUniqueId timestamp and counter [req_id=339514744965069312, timestamp=247443224057, counter=0]
[2025-Nov-03 22:13:49.453293] <info>: (UniqueIdHandler.h:65:ComposeUniqueId) Received ComposeUniqueId request [req_id=569603512680185280, post_type=9]
[2025-Nov-03 22:13:49.453459] <info>: (UniqueIdHandler.h:85:ComposeUniqueId) ComposeUniqueId timestamp and counter [req_id=569603512680185280, timestamp=247443229453, counter=0]
[2025-Nov-03 22:13:54.807977] <info>: (UniqueIdHandler.h:65:ComposeUniqueId) Received ComposeUniqueId request [req_id=218904387123673792, post_type=9]
[2025-Nov-03 22:13:54.808132] <info>: (UniqueIdHandler.h:85:ComposeUniqueId) ComposeUniqueId timestamp and counter [req_id=218904387123673792, timestamp=247443234808, counter=0]
[2025-Nov-03 22:14:00.229273] <info>: (UniqueIdHandler.h:65:ComposeUniqueId) Received ComposeUniqueId request [req_id=530245604691230592, post_type=9]
[2025-Nov-03 22:14:00.229447] <info>: (UniqueIdHandler.h:85:ComposeUniqueId) ComposeUniqueId timestamp and counter [req_id=530245604691230592, timestamp=247443240229, counter=0]
[2025-Nov-03 22:14:05.587664] <info>: (UniqueIdHandler.h:65:ComposeUniqueId) Received ComposeUniqueId request [req_id=114789246172115008, post_type=9]
[2025-Nov-03 22:14:05.587847] <info>: (UniqueIdHandler.h:85:ComposeUniqueId) ComposeUniqueId timestamp and counter [req_id=114789246172115008, timestamp=247443245587, counter=0]
[2025-Nov-03 22:14:10.937503] <info>: (UniqueIdHandler.h:65:ComposeUniqueId) Received ComposeUniqueId request [req_id=841001329764327808, post_type=9]
[2025-Nov-03 22:14:10.937651] <info>: (UniqueIdHandler.h:85:ComposeUniqueId) ComposeUniqueId timestamp and counter [req_id=841001329764327808, timestamp=247443250937, counter=0]
[2025-Nov-03 22:14:16.292083] <info>: (UniqueIdHandler.h:65:ComposeUniqueId) Received ComposeUniqueId request [req_id=581077278040463360, post_type=9]
[2025-Nov-03 22:14:16.292279] <info>: (UniqueIdHandler.h:85:ComposeUniqueId) ComposeUniqueId timestamp and counter [req_id=581077278040463360, timestamp=247443256292, counter=0]
[2025-Nov-03 22:14:21.649682] <info>: (UniqueIdHandler.h:65:ComposeUniqueId) Received ComposeUniqueId request [req_id=736829463878605824, post_type=9]
[2025-Nov-03 22:14:21.649858] <info>: (UniqueIdHandler.h:85:ComposeUniqueId) ComposeUniqueId timestamp and counter [req_id=736829463878605824, timestamp=247443261649, counter=0]
[2025-Nov-03 22:14:27.011195] <info>: (UniqueIdHandler.h:65:ComposeUniqueId) Received ComposeUniqueId request [req_id=856783707153906432, post_type=9]
[2025-Nov-03 22:14:27.011410] <info>: (UniqueIdHandler.h:85:ComposeUniqueId) ComposeUniqueId timestamp and counter [req_id=856783707153906432, timestamp=247443267011, counter=0]
[2025-Nov-03 22:14:32.388950] <info>: (UniqueIdHandler.h:65:ComposeUniqueId) Received ComposeUniqueId request [req_id=838759408132884864, post_type=9]
[2025-Nov-03 22:14:32.389092] <info>: (UniqueIdHandler.h:85:ComposeUniqueId) ComposeUniqueId timestamp and counter [req_id=838759408132884864, timestamp=247443272389, counter=0]
[2025-Nov-03 22:14:37.730878] <info>: (UniqueIdHandler.h:65:ComposeUniqueId) Received ComposeUniqueId request [req_id=277357294858480704, post_type=9]
[2025-Nov-03 22:14:37.731419] <info>: (UniqueIdHandler.h:85:ComposeUniqueId) ComposeUniqueId timestamp and counter [req_id=277357294858480704, timestamp=247443277731, counter=0]
[2025-Nov-03 22:14:43.078491] <info>: (UniqueIdHandler.h:65:ComposeUniqueId) Received ComposeUniqueId request [req_id=230080616067956640, post_type=9]
[2025-Nov-03 22:14:43.078636] <info>: (UniqueIdHandler.h:85:ComposeUniqueId) ComposeUniqueId timestamp and counter [req_id=230080616067956640, timestamp=247443283078, counter=0]
[2025-Nov-03 22:14:48.480434] <info>: (UniqueIdHandler.h:65:ComposeUniqueId) Received ComposeUniqueId request [req_id=986927761227530752, post_type=9]
[2025-Nov-03 22:14:48.480808] <info>: (UniqueIdHandler.h:85:ComposeUniqueId) ComposeUniqueId timestamp and counter [req_id=986927761227530752, timestamp=247443288480, counter=0]
[2025-Nov-03 22:14:53.819015] <info>: (UniqueIdHandler.h:65:ComposeUniqueId) Received ComposeUniqueId request [req_id=993288348299978496, post_type=9]
[2025-Nov-03 22:14:53.819385] <info>: (UniqueIdHandler.h:85:ComposeUniqueId) ComposeUniqueId timestamp and counter [req_id=993288348299978496, timestamp=247443293819, counter=0]
[2025-Nov-03 22:14:59.163931] <info>: (UniqueIdHandler.h:65:ComposeUniqueId) Received ComposeUniqueId request [req_id=601172280558232960, post_type=9]
[2025-Nov-03 22:14:59.164083] <info>: (UniqueIdHandler.h:85:ComposeUniqueId) ComposeUniqueId timestamp and counter [req_id=601172280558232960, timestamp=247443299164, counter=0]
[2025-Nov-03 22:15:04.542552] <info>: (UniqueIdHandler.h:65:ComposeUniqueId) Received ComposeUniqueId request [req_id=218022998362933856, post_type=9]
[2025-Nov-03 22:15:04.542725] <info>: (UniqueIdHandler.h:85:ComposeUniqueId) ComposeUniqueId timestamp and counter [req_id=218022998362933856, timestamp=247443304542, counter=0]
[2025-Nov-03 22:15:09.903195] <info>: (UniqueIdHandler.h:65:ComposeUniqueId) Received ComposeUniqueId request [req_id=271483938858142912, post_type=9]
[2025-Nov-03 22:15:09.903323] <info>: (UniqueIdHandler.h:85:ComposeUniqueId) ComposeUniqueId timestamp and counter [req_id=271483938858142912, timestamp=247443309903, counter=0]
[2025-Nov-03 22:15:15.271992] <info>: (UniqueIdHandler.h:65:ComposeUniqueId) Received ComposeUniqueId request [req_id=1094794323900361216, post_type=9]
[2025-Nov-03 22:15:15.272322] <info>: (UniqueIdHandler.h:85:ComposeUniqueId) ComposeUniqueId timestamp and counter [req_id=1094794323900361216, timestamp=247443315272, counter=0]
[2025-Nov-03 22:15:20.629366] <info>: (UniqueIdHandler.h:65:ComposeUniqueId) Received ComposeUniqueId request [req_id=189972189116070272, post_type=9]
[2025-Nov-03 22:15:20.629555] <info>: (UniqueIdHandler.h:85:ComposeUniqueId) ComposeUniqueId timestamp and counter [req_id=189972189116070272, timestamp=247443320629, counter=0]
[2025-Nov-03 22:15:25.976467] <info>: (UniqueIdHandler.h:65:ComposeUniqueId) Received ComposeUniqueId request [req_id=527606597175642624, post_type=9]
[2025-Nov-03 22:15:25.976595] <info>: (UniqueIdHandler.h:85:ComposeUniqueId) ComposeUniqueId timestamp and counter [req_id=527606597175642624, timestamp=247443325976, counter=0]
[2025-Nov-03 22:15:31.334044] <info>: (UniqueIdHandler.h:65:ComposeUniqueId) Received ComposeUniqueId request [req_id=402654365955624000, post_type=9]
[2025-Nov-03 22:15:31.334192] <info>: (UniqueIdHandler.h:85:ComposeUniqueId) ComposeUniqueId timestamp and counter [req_id=402654365955624000, timestamp=247443331334, counter=0]
[2025-Nov-03 22:15:36.688859] <info>: (UniqueIdHandler.h:65:ComposeUniqueId) Received ComposeUniqueId request [req_id=754440058373113984, post_type=9]
[2025-Nov-03 22:15:36.688999] <info>: (UniqueIdHandler.h:85:ComposeUniqueId) ComposeUniqueId timestamp and counter [req_id=754440058373113984, timestamp=247443336688, counter=0]
[2025-Nov-03 22:15:42.039950] <info>: (UniqueIdHandler.h:65:ComposeUniqueId) Received ComposeUniqueId request [req_id=230910407563133696, post_type=9]
[2025-Nov-03 22:15:42.040237] <info>: (UniqueIdHandler.h:85:ComposeUniqueId) ComposeUniqueId timestamp and counter [req_id=230910407563133696, timestamp=247443342040, counter=0]
[2025-Nov-03 22:15:47.404293] <info>: (UniqueIdHandler.h:65:ComposeUniqueId) Received ComposeUniqueId request [req_id=279210853388023872, post_type=9]
[2025-Nov-03 22:15:47.404454] <info>: (UniqueIdHandler.h:85:ComposeUniqueId) ComposeUniqueId timestamp and counter [req_id=279210853388023872, timestamp=247443347404, counter=0]
[2025-Nov-03 22:15:52.755704] <info>: (UniqueIdHandler.h:65:ComposeUniqueId) Received ComposeUniqueId request [req_id=838490122073300864, post_type=9]
[2025-Nov-03 22:15:52.755873] <info>: (UniqueIdHandler.h:85:ComposeUniqueId) ComposeUniqueId timestamp and counter [req_id=838490122073300864, timestamp=247443352755, counter=0]
[2025-Nov-03 22:15:58.101026] <info>: (UniqueIdHandler.h:65:ComposeUniqueId) Received ComposeUniqueId request [req_id=775183572104905344, post_type=9]
[2025-Nov-03 22:15:58.101163] <info>: (UniqueIdHandler.h:85:ComposeUniqueId) ComposeUniqueId timestamp and counter [req_id=775183572104905344, timestamp=247443358101, counter=0]
[2025-Nov-03 22:16:03.452595] <info>: (UniqueIdHandler.h:65:ComposeUniqueId) Received ComposeUniqueId request [req_id=981708811365840384, post_type=9]
[2025-Nov-03 22:16:03.452829] <info>: (UniqueIdHandler.h:85:ComposeUniqueId) ComposeUniqueId timestamp and counter [req_id=981708811365840384, timestamp=247443363452, counter=0]
[2025-Nov-03 22:16:08.800880] <info>: (UniqueIdHandler.h:65:ComposeUniqueId) Received ComposeUniqueId request [req_id=248976211651210048, post_type=9]
[2025-Nov-03 22:16:08.801253] <info>: (UniqueIdHandler.h:85:ComposeUniqueId) ComposeUniqueId timestamp and counter [req_id=248976211651210048, timestamp=247443368801, counter=0]
[2025-Nov-03 22:16:14.157401] <info>: (UniqueIdHandler.h:65:ComposeUniqueId) Received ComposeUniqueId request [req_id=512948926829555392, post_type=9]
[2025-Nov-03 22:16:14.157614] <info>: (UniqueIdHandler.h:85:ComposeUniqueId) ComposeUniqueId timestamp and counter [req_id=512948926829555392, timestamp=247443374157, counter=0]
[2025-Nov-03 22:16:19.522461] <info>: (UniqueIdHandler.h:65:ComposeUniqueId) Received ComposeUniqueId request [req_id=551625462532918016, post_type=9]
[2025-Nov-03 22:16:19.522673] <info>: (UniqueIdHandler.h:85:ComposeUniqueId) ComposeUniqueId timestamp and counter [req_id=551625462532918016, timestamp=247443379522, counter=0]
[2025-Nov-03 22:16:24.882329] <info>: (UniqueIdHandler.h:65:ComposeUniqueId) Received ComposeUniqueId request [req_id=348315958067550592, post_type=9]
[2025-Nov-03 22:16:24.882509] <info>: (UniqueIdHandler.h:85:ComposeUniqueId) ComposeUniqueId timestamp and counter [req_id=348315958067550592, timestamp=247443384882, counter=0]
[2025-Nov-03 22:16:30.273921] <info>: (UniqueIdHandler.h:65:ComposeUniqueId) Received ComposeUniqueId request [req_id=973378635088618496, post_type=9]
[2025-Nov-03 22:16:30.274122] <info>: (UniqueIdHandler.h:85:ComposeUniqueId) ComposeUniqueId timestamp and counter [req_id=973378635088618496, timestamp=247443390274, counter=0]
[2025-Nov-03 22:16:35.654855] <info>: (UniqueIdHandler.h:65:ComposeUniqueId) Received ComposeUniqueId request [req_id=883488211181510400, post_type=9]
[2025-Nov-03 22:16:35.655124] <info>: (UniqueIdHandler.h:85:ComposeUniqueId) ComposeUniqueId timestamp and counter [req_id=883488211181510400, timestamp=247443395655, counter=0]
[2025-Nov-03 22:16:41.022335] <info>: (UniqueIdHandler.h:65:ComposeUniqueId) Received ComposeUniqueId request [req_id=399924055275382784, post_type=9]
[2025-Nov-03 22:16:41.022476] <info>: (UniqueIdHandler.h:85:ComposeUniqueId) ComposeUniqueId timestamp and counter [req_id=399924055275382784, timestamp=247443401022, counter=0]
[2025-Nov-03 22:16:46.384973] <info>: (UniqueIdHandler.h:65:ComposeUniqueId) Received ComposeUniqueId request [req_id=801149504308899712, post_type=9]
[2025-Nov-03 22:16:46.385125] <info>: (UniqueIdHandler.h:85:ComposeUniqueId) ComposeUniqueId timestamp and counter [req_id=801149504308899712, timestamp=247443406385, counter=0]
[2025-Nov-03 22:16:51.740667] <info>: (UniqueIdHandler.h:65:ComposeUniqueId) Received ComposeUniqueId request [req_id=729872824613926272, post_type=9]
[2025-Nov-03 22:16:51.740848] <info>: (UniqueIdHandler.h:85:ComposeUniqueId) ComposeUniqueId timestamp and counter [req_id=729872824613926272, timestamp=247443411740, counter=0]
[2025-Nov-03 22:16:57.084816] <info>: (UniqueIdHandler.h:65:ComposeUniqueId) Received ComposeUniqueId request [req_id=1131014425127609856, post_type=9]
[2025-Nov-03 22:16:57.084976] <info>: (UniqueIdHandler.h:85:ComposeUniqueId) ComposeUniqueId timestamp and counter [req_id=1131014425127609856, timestamp=247443417084, counter=0]
[2025-Nov-03 22:17:02.437624] <info>: (UniqueIdHandler.h:65:ComposeUniqueId) Received ComposeUniqueId request [req_id=42214574511116376, post_type=9]
[2025-Nov-03 22:17:02.438046] <info>: (UniqueIdHandler.h:85:ComposeUniqueId) ComposeUniqueId timestamp and counter [req_id=42214574511116376, timestamp=247443422437, counter=0]
[2025-Nov-03 22:17:07.787782] <info>: (UniqueIdHandler.h:65:ComposeUniqueId) Received ComposeUniqueId request [req_id=603712927529496448, post_type=9]
[2025-Nov-03 22:17:07.787947] <info>: (UniqueIdHandler.h:85:ComposeUniqueId) ComposeUniqueId timestamp and counter [req_id=603712927529496448, timestamp=247443427787, counter=0]
[2025-Nov-03 22:17:13.157024] <info>: (UniqueIdHandler.h:65:ComposeUniqueId) Received ComposeUniqueId request [req_id=1064468745718221696, post_type=9]
[2025-Nov-03 22:17:13.157331] <info>: (UniqueIdHandler.h:85:ComposeUniqueId) ComposeUniqueId timestamp and counter [req_id=1064468745718221696, timestamp=247443433157, counter=0]
[2025-Nov-03 22:17:18.505655] <info>: (UniqueIdHandler.h:65:ComposeUniqueId) Received ComposeUniqueId request [req_id=851410176562527488, post_type=9]
[2025-Nov-03 22:17:18.505818] <info>: (UniqueIdHandler.h:85:ComposeUniqueId) ComposeUniqueId timestamp and counter [req_id=851410176562527488, timestamp=247443438505, counter=0]
[2025-Nov-03 22:17:23.853919] <info>: (UniqueIdHandler.h:65:ComposeUniqueId) Received ComposeUniqueId request [req_id=1109709671856966, post_type=9]
[2025-Nov-03 22:17:23.854223] <info>: (UniqueIdHandler.h:85:ComposeUniqueId) ComposeUniqueId timestamp and counter [req_id=1109709671856966, timestamp=247443443854, counter=0]
[2025-Nov-03 22:17:29.210385] <info>: (UniqueIdHandler.h:65:ComposeUniqueId) Received ComposeUniqueId request [req_id=992032721177648256, post_type=9]
[2025-Nov-03 22:17:29.210538] <info>: (UniqueIdHandler.h:85:ComposeUniqueId) ComposeUniqueId timestamp and counter [req_id=992032721177648256, timestamp=247443449210, counter=0]
[2025-Nov-03 22:17:34.556428] <info>: (UniqueIdHandler.h:65:ComposeUniqueId) Received ComposeUniqueId request [req_id=997464570178944640, post_type=9]
[2025-Nov-03 22:17:34.556571] <info>: (UniqueIdHandler.h:85:ComposeUniqueId) ComposeUniqueId timestamp and counter [req_id=997464570178944640, timestamp=247443454556, counter=0]
[2025-Nov-03 22:17:39.916808] <info>: (UniqueIdHandler.h:65:ComposeUniqueId) Received ComposeUniqueId request [req_id=614407846781378432, post_type=9]
[2025-Nov-03 22:17:39.916959] <info>: (UniqueIdHandler.h:85:ComposeUniqueId) ComposeUniqueId timestamp and counter [req_id=614407846781378432, timestamp=247443459916, counter=0]
[2025-Nov-03 22:17:45.297586] <info>: (UniqueIdHandler.h:65:ComposeUniqueId) Received ComposeUniqueId request [req_id=697915984797363200, post_type=9]
[2025-Nov-03 22:17:45.298087] <info>: (UniqueIdHandler.h:85:ComposeUniqueId) ComposeUniqueId timestamp and counter [req_id=697915984797363200, timestamp=247443465298, counter=0]
[2025-Nov-03 22:17:50.667350] <info>: (UniqueIdHandler.h:65:ComposeUniqueId) Received ComposeUniqueId request [req_id=775934287379156352, post_type=9]
[2025-Nov-03 22:17:50.667871] <info>: (UniqueIdHandler.h:85:ComposeUniqueId) ComposeUniqueId timestamp and counter [req_id=775934287379156352, timestamp=247443470667, counter=0]
[2025-Nov-03 22:17:56.027864] <info>: (UniqueIdHandler.h:65:ComposeUniqueId) Received ComposeUniqueId request [req_id=555896336350217216, post_type=9]
[2025-Nov-03 22:17:56.028008] <info>: (UniqueIdHandler.h:85:ComposeUniqueId) ComposeUniqueId timestamp and counter [req_id=555896336350217216, timestamp=247443476028, counter=0]
[2025-Nov-03 22:18:01.388312] <info>: (UniqueIdHandler.h:65:ComposeUniqueId) Received ComposeUniqueId request [req_id=814012990635250944, post_type=9]
[2025-Nov-03 22:18:01.388735] <info>: (UniqueIdHandler.h:85:ComposeUniqueId) ComposeUniqueId timestamp and counter [req_id=814012990635250944, timestamp=247443481388, counter=0]
[2025-Nov-03 22:18:06.745501] <info>: (UniqueIdHandler.h:65:ComposeUniqueId) Received ComposeUniqueId request [req_id=277272659930605344, post_type=9]
[2025-Nov-03 22:18:06.745732] <info>: (UniqueIdHandler.h:85:ComposeUniqueId) ComposeUniqueId timestamp and counter [req_id=277272659930605344, timestamp=247443486745, counter=0]
[2025-Nov-03 22:18:12.122613] <info>: (UniqueIdHandler.h:65:ComposeUniqueId) Received ComposeUniqueId request [req_id=603074623198543744, post_type=9]
[2025-Nov-03 22:18:12.122931] <info>: (UniqueIdHandler.h:85:ComposeUniqueId) ComposeUniqueId timestamp and counter [req_id=603074623198543744, timestamp=247443492122, counter=0]
[2025-Nov-03 22:18:17.476282] <info>: (UniqueIdHandler.h:65:ComposeUniqueId) Received ComposeUniqueId request [req_id=534703745133565248, post_type=9]
[2025-Nov-03 22:18:17.476479] <info>: (UniqueIdHandler.h:85:ComposeUniqueId) ComposeUniqueId timestamp and counter [req_id=534703745133565248, timestamp=247443497476, counter=0]
[2025-Nov-03 22:18:22.822495] <info>: (UniqueIdHandler.h:65:ComposeUniqueId) Received ComposeUniqueId request [req_id=157056904157197376, post_type=9]
[2025-Nov-03 22:18:22.823029] <info>: (UniqueIdHandler.h:85:ComposeUniqueId) ComposeUniqueId timestamp and counter [req_id=157056904157197376, timestamp=247443502823, counter=0]
[2025-Nov-03 22:18:28.178074] <info>: (UniqueIdHandler.h:65:ComposeUniqueId) Received ComposeUniqueId request [req_id=209871893069766176, post_type=9]
[2025-Nov-03 22:18:28.178324] <info>: (UniqueIdHandler.h:85:ComposeUniqueId) ComposeUniqueId timestamp and counter [req_id=209871893069766176, timestamp=247443508178, counter=0]
[2025-Nov-03 22:18:33.534963] <info>: (UniqueIdHandler.h:65:ComposeUniqueId) Received ComposeUniqueId request [req_id=205902272612668544, post_type=9]
[2025-Nov-03 22:18:33.535126] <info>: (UniqueIdHandler.h:85:ComposeUniqueId) ComposeUniqueId timestamp and counter [req_id=205902272612668544, timestamp=247443513535, counter=0]
[2025-Nov-03 22:18:38.879741] <info>: (UniqueIdHandler.h:65:ComposeUniqueId) Received ComposeUniqueId request [req_id=2806758415386279, post_type=9]
[2025-Nov-03 22:18:38.880295] <info>: (UniqueIdHandler.h:85:ComposeUniqueId) ComposeUniqueId timestamp and counter [req_id=2806758415386279, timestamp=247443518880, counter=0]
[2025-Nov-03 22:18:44.231683] <info>: (UniqueIdHandler.h:65:ComposeUniqueId) Received ComposeUniqueId request [req_id=624914437109697024, post_type=9]
[2025-Nov-03 22:18:44.231938] <info>: (UniqueIdHandler.h:85:ComposeUniqueId) ComposeUniqueId timestamp and counter [req_id=624914437109697024, timestamp=247443524231, counter=0]
[2025-Nov-03 22:18:49.581468] <info>: (UniqueIdHandler.h:65:ComposeUniqueId) Received ComposeUniqueId request [req_id=62341939870600896, post_type=9]
[2025-Nov-03 22:18:49.581595] <info>: (UniqueIdHandler.h:85:ComposeUniqueId) ComposeUniqueId timestamp and counter [req_id=62341939870600896, timestamp=247443529581, counter=0]
[2025-Nov-03 22:18:54.952093] <info>: (UniqueIdHandler.h:65:ComposeUniqueId) Received ComposeUniqueId request [req_id=542577576876728960, post_type=9]
[2025-Nov-03 22:18:54.952399] <info>: (UniqueIdHandler.h:85:ComposeUniqueId) ComposeUniqueId timestamp and counter [req_id=542577576876728960, timestamp=247443534952, counter=0]
[2025-Nov-03 22:19:00.307334] <info>: (UniqueIdHandler.h:65:ComposeUniqueId) Received ComposeUniqueId request [req_id=147173429706626752, post_type=9]
[2025-Nov-03 22:19:00.307507] <info>: (UniqueIdHandler.h:85:ComposeUniqueId) ComposeUniqueId timestamp and counter [req_id=147173429706626752, timestamp=247443540307, counter=0]
[2025-Nov-03 22:19:05.680189] <info>: (UniqueIdHandler.h:65:ComposeUniqueId) Received ComposeUniqueId request [req_id=843086063976931072, post_type=9]
[2025-Nov-03 22:19:05.680348] <info>: (UniqueIdHandler.h:85:ComposeUniqueId) ComposeUniqueId timestamp and counter [req_id=843086063976931072, timestamp=247443545680, counter=0]
[2025-Nov-03 22:19:11.037664] <info>: (UniqueIdHandler.h:65:ComposeUniqueId) Received ComposeUniqueId request [req_id=1133930847251313152, post_type=9]
[2025-Nov-03 22:19:11.037859] <info>: (UniqueIdHandler.h:85:ComposeUniqueId) ComposeUniqueId timestamp and counter [req_id=1133930847251313152, timestamp=247443551037, counter=0]
[2025-Nov-03 22:19:16.406305] <info>: (UniqueIdHandler.h:65:ComposeUniqueId) Received ComposeUniqueId request [req_id=191688881604962208, post_type=9]
[2025-Nov-03 22:19:16.406492] <info>: (UniqueIdHandler.h:85:ComposeUniqueId) ComposeUniqueId timestamp and counter [req_id=191688881604962208, timestamp=247443556406, counter=0]
[2025-Nov-03 22:19:21.770890] <info>: (UniqueIdHandler.h:65:ComposeUniqueId) Received ComposeUniqueId request [req_id=506041457408067392, post_type=9]
[2025-Nov-03 22:19:21.771072] <info>: (UniqueIdHandler.h:85:ComposeUniqueId) ComposeUniqueId timestamp and counter [req_id=506041457408067392, timestamp=247443561771, counter=0]
[2025-Nov-03 22:19:27.132813] <info>: (UniqueIdHandler.h:65:ComposeUniqueId) Received ComposeUniqueId request [req_id=985437984766947968, post_type=9]
[2025-Nov-03 22:19:27.132982] <info>: (UniqueIdHandler.h:85:ComposeUniqueId) ComposeUniqueId timestamp and counter [req_id=985437984766947968, timestamp=247443567132, counter=0]
[2025-Nov-03 22:19:32.495008] <info>: (UniqueIdHandler.h:65:ComposeUniqueId) Received ComposeUniqueId request [req_id=1037201149001383424, post_type=9]
[2025-Nov-03 22:19:32.495310] <info>: (UniqueIdHandler.h:85:ComposeUniqueId) ComposeUniqueId timestamp and counter [req_id=1037201149001383424, timestamp=247443572495, counter=0]
[2025-Nov-03 22:19:37.851831] <info>: (UniqueIdHandler.h:65:ComposeUniqueId) Received ComposeUniqueId request [req_id=435173046535777280, post_type=9]
[2025-Nov-03 22:19:37.852083] <info>: (UniqueIdHandler.h:85:ComposeUniqueId) ComposeUniqueId timestamp and counter [req_id=435173046535777280, timestamp=247443577852, counter=0]
[2025-Nov-03 22:19:43.196091] <info>: (UniqueIdHandler.h:65:ComposeUniqueId) Received ComposeUniqueId request [req_id=1044010973139900544, post_type=9]
[2025-Nov-03 22:19:43.196400] <info>: (UniqueIdHandler.h:85:ComposeUniqueId) ComposeUniqueId timestamp and counter [req_id=1044010973139900544, timestamp=247443583196, counter=0]
[2025-Nov-03 22:19:48.547577] <info>: (UniqueIdHandler.h:65:ComposeUniqueId) Received ComposeUniqueId request [req_id=493179088085426560, post_type=9]
[2025-Nov-03 22:19:48.547734] <info>: (UniqueIdHandler.h:85:ComposeUniqueId) ComposeUniqueId timestamp and counter [req_id=493179088085426560, timestamp=247443588547, counter=0]
[2025-Nov-03 22:19:53.901436] <info>: (UniqueIdHandler.h:65:ComposeUniqueId) Received ComposeUniqueId request [req_id=286060364142302016, post_type=9]
[2025-Nov-03 22:19:53.901579] <info>: (UniqueIdHandler.h:85:ComposeUniqueId) ComposeUniqueId timestamp and counter [req_id=286060364142302016, timestamp=247443593901, counter=0]
[2025-Nov-03 22:19:59.253381] <info>: (UniqueIdHandler.h:65:ComposeUniqueId) Received ComposeUniqueId request [req_id=402215280754154432, post_type=9]
[2025-Nov-03 22:19:59.253539] <info>: (UniqueIdHandler.h:85:ComposeUniqueId) ComposeUniqueId timestamp and counter [req_id=402215280754154432, timestamp=247443599253, counter=0]
[2025-Nov-03 22:20:04.614195] <info>: (UniqueIdHandler.h:65:ComposeUniqueId) Received ComposeUniqueId request [req_id=268308816679035648, post_type=9]
[2025-Nov-03 22:20:04.614363] <info>: (UniqueIdHandler.h:85:ComposeUniqueId) ComposeUniqueId timestamp and counter [req_id=268308816679035648, timestamp=247443604614, counter=0]
[2025-Nov-03 22:20:10.010124] <info>: (UniqueIdHandler.h:65:ComposeUniqueId) Received ComposeUniqueId request [req_id=373952652087612864, post_type=9]
[2025-Nov-03 22:20:10.010283] <info>: (UniqueIdHandler.h:85:ComposeUniqueId) ComposeUniqueId timestamp and counter [req_id=373952652087612864, timestamp=247443610010, counter=0]
[2025-Nov-03 22:20:15.376017] <info>: (UniqueIdHandler.h:65:ComposeUniqueId) Received ComposeUniqueId request [req_id=1070709686559424640, post_type=9]
[2025-Nov-03 22:20:15.376268] <info>: (UniqueIdHandler.h:85:ComposeUniqueId) ComposeUniqueId timestamp and counter [req_id=1070709686559424640, timestamp=247443615376, counter=0]
[2025-Nov-03 22:20:20.727909] <info>: (UniqueIdHandler.h:65:ComposeUniqueId) Received ComposeUniqueId request [req_id=91590429430740656, post_type=9]
[2025-Nov-03 22:20:20.728110] <info>: (UniqueIdHandler.h:85:ComposeUniqueId) ComposeUniqueId timestamp and counter [req_id=91590429430740656, timestamp=247443620728, counter=0]
[2025-Nov-03 22:20:26.072160] <info>: (UniqueIdHandler.h:65:ComposeUniqueId) Received ComposeUniqueId request [req_id=334341418394033088, post_type=9]
[2025-Nov-03 22:20:26.072369] <info>: (UniqueIdHandler.h:85:ComposeUniqueId) ComposeUniqueId timestamp and counter [req_id=334341418394033088, timestamp=247443626072, counter=0]
[2025-Nov-03 22:20:31.433311] <info>: (UniqueIdHandler.h:65:ComposeUniqueId) Received ComposeUniqueId request [req_id=227934636985824640, post_type=9]
[2025-Nov-03 22:20:31.433514] <info>: (UniqueIdHandler.h:85:ComposeUniqueId) ComposeUniqueId timestamp and counter [req_id=227934636985824640, timestamp=247443631433, counter=0]
[2025-Nov-03 22:20:36.793041] <info>: (UniqueIdHandler.h:65:ComposeUniqueId) Received ComposeUniqueId request [req_id=491224757655273088, post_type=9]
[2025-Nov-03 22:20:36.793229] <info>: (UniqueIdHandler.h:85:ComposeUniqueId) ComposeUniqueId timestamp and counter [req_id=491224757655273088, timestamp=247443636793, counter=0]
[2025-Nov-03 22:20:42.154125] <info>: (UniqueIdHandler.h:65:ComposeUniqueId) Received ComposeUniqueId request [req_id=183466177371793888, post_type=9]
[2025-Nov-03 22:20:42.154287] <info>: (UniqueIdHandler.h:85:ComposeUniqueId) ComposeUniqueId timestamp and counter [req_id=183466177371793888, timestamp=247443642154, counter=0]
[2025-Nov-03 22:20:47.499916] <info>: (UniqueIdHandler.h:65:ComposeUniqueId) Received ComposeUniqueId request [req_id=840132387909834368, post_type=9]
[2025-Nov-03 22:20:47.500084] <info>: (UniqueIdHandler.h:85:ComposeUniqueId) ComposeUniqueId timestamp and counter [req_id=840132387909834368, timestamp=247443647500, counter=0]
[2025-Nov-03 22:20:52.848204] <info>: (UniqueIdHandler.h:65:ComposeUniqueId) Received ComposeUniqueId request [req_id=855806151927021952, post_type=9]
[2025-Nov-03 22:20:52.848422] <info>: (UniqueIdHandler.h:85:ComposeUniqueId) ComposeUniqueId timestamp and counter [req_id=855806151927021952, timestamp=247443652848, counter=0]
[2025-Nov-03 22:20:58.216815] <info>: (UniqueIdHandler.h:65:ComposeUniqueId) Received ComposeUniqueId request [req_id=875844585255022976, post_type=9]
[2025-Nov-03 22:20:58.216960] <info>: (UniqueIdHandler.h:85:ComposeUniqueId) ComposeUniqueId timestamp and counter [req_id=875844585255022976, timestamp=247443658216, counter=0]
[2025-Nov-03 22:21:03.569113] <info>: (UniqueIdHandler.h:65:ComposeUniqueId) Received ComposeUniqueId request [req_id=124629670955561472, post_type=9]
[2025-Nov-03 22:21:03.569267] <info>: (UniqueIdHandler.h:85:ComposeUniqueId) ComposeUniqueId timestamp and counter [req_id=124629670955561472, timestamp=247443663569, counter=0]
[2025-Nov-03 22:21:08.917575] <info>: (UniqueIdHandler.h:65:ComposeUniqueId) Received ComposeUniqueId request [req_id=986360709139167616, post_type=9]
[2025-Nov-03 22:21:08.917720] <info>: (UniqueIdHandler.h:85:ComposeUniqueId) ComposeUniqueId timestamp and counter [req_id=986360709139167616, timestamp=247443668917, counter=0]
[2025-Nov-03 22:21:14.273884] <info>: (UniqueIdHandler.h:65:ComposeUniqueId) Received ComposeUniqueId request [req_id=942319622315492608, post_type=9]
[2025-Nov-03 22:21:14.274061] <info>: (UniqueIdHandler.h:85:ComposeUniqueId) ComposeUniqueId timestamp and counter [req_id=942319622315492608, timestamp=247443674274, counter=0]
[2025-Nov-03 22:21:19.673342] <info>: (UniqueIdHandler.h:65:ComposeUniqueId) Received ComposeUniqueId request [req_id=396885483174553728, post_type=9]
[2025-Nov-03 22:21:19.673538] <info>: (UniqueIdHandler.h:85:ComposeUniqueId) ComposeUniqueId timestamp and counter [req_id=396885483174553728, timestamp=247443679673, counter=0]
[2025-Nov-03 22:21:25.025834] <info>: (UniqueIdHandler.h:65:ComposeUniqueId) Received ComposeUniqueId request [req_id=368977539462775232, post_type=9]
[2025-Nov-03 22:21:25.025982] <info>: (UniqueIdHandler.h:85:ComposeUniqueId) ComposeUniqueId timestamp and counter [req_id=368977539462775232, timestamp=247443685025, counter=0]
[2025-Nov-03 22:21:30.382704] <info>: (UniqueIdHandler.h:65:ComposeUniqueId) Received ComposeUniqueId request [req_id=731967479791316352, post_type=9]
[2025-Nov-03 22:21:30.382887] <info>: (UniqueIdHandler.h:85:ComposeUniqueId) ComposeUniqueId timestamp and counter [req_id=731967479791316352, timestamp=247443690382, counter=0]
[2025-Nov-03 22:21:35.754586] <info>: (UniqueIdHandler.h:65:ComposeUniqueId) Received ComposeUniqueId request [req_id=649323259401351936, post_type=9]
[2025-Nov-03 22:21:35.754756] <info>: (UniqueIdHandler.h:85:ComposeUniqueId) ComposeUniqueId timestamp and counter [req_id=649323259401351936, timestamp=247443695754, counter=0]
[2025-Nov-03 22:21:41.128613] <info>: (UniqueIdHandler.h:65:ComposeUniqueId) Received ComposeUniqueId request [req_id=616184193792715520, post_type=9]
[2025-Nov-03 22:21:41.128962] <info>: (UniqueIdHandler.h:85:ComposeUniqueId) ComposeUniqueId timestamp and counter [req_id=616184193792715520, timestamp=247443701128, counter=0]
[2025-Nov-03 22:21:46.480835] <info>: (UniqueIdHandler.h:65:ComposeUniqueId) Received ComposeUniqueId request [req_id=609863331361664000, post_type=9]
[2025-Nov-03 22:21:46.480981] <info>: (UniqueIdHandler.h:85:ComposeUniqueId) ComposeUniqueId timestamp and counter [req_id=609863331361664000, timestamp=247443706480, counter=0]
[2025-Nov-03 22:21:51.839038] <info>: (UniqueIdHandler.h:65:ComposeUniqueId) Received ComposeUniqueId request [req_id=204515937928154720, post_type=9]
[2025-Nov-03 22:21:51.839256] <info>: (UniqueIdHandler.h:85:ComposeUniqueId) ComposeUniqueId timestamp and counter [req_id=204515937928154720, timestamp=247443711839, counter=0]
[2025-Nov-03 22:21:57.192275] <info>: (UniqueIdHandler.h:65:ComposeUniqueId) Received ComposeUniqueId request [req_id=529751491566756096, post_type=9]
[2025-Nov-03 22:21:57.192588] <info>: (UniqueIdHandler.h:85:ComposeUniqueId) ComposeUniqueId timestamp and counter [req_id=529751491566756096, timestamp=247443717192, counter=0]
[2025-Nov-03 22:22:02.548230] <info>: (UniqueIdHandler.h:65:ComposeUniqueId) Received ComposeUniqueId request [req_id=737890006398944768, post_type=9]
[2025-Nov-03 22:22:02.548359] <info>: (UniqueIdHandler.h:85:ComposeUniqueId) ComposeUniqueId timestamp and counter [req_id=737890006398944768, timestamp=247443722548, counter=0]
[2025-Nov-03 22:22:07.890978] <info>: (UniqueIdHandler.h:65:ComposeUniqueId) Received ComposeUniqueId request [req_id=318765172612330048, post_type=9]
[2025-Nov-03 22:22:07.891129] <info>: (UniqueIdHandler.h:85:ComposeUniqueId) ComposeUniqueId timestamp and counter [req_id=318765172612330048, timestamp=247443727891, counter=0]
[2025-Nov-03 22:22:13.250388] <info>: (UniqueIdHandler.h:65:ComposeUniqueId) Received ComposeUniqueId request [req_id=930037823371734528, post_type=9]
[2025-Nov-03 22:22:13.250647] <info>: (UniqueIdHandler.h:85:ComposeUniqueId) ComposeUniqueId timestamp and counter [req_id=930037823371734528, timestamp=247443733250, counter=0]
[2025-Nov-03 22:22:18.612331] <info>: (UniqueIdHandler.h:65:ComposeUniqueId) Received ComposeUniqueId request [req_id=548331428032398400, post_type=9]
[2025-Nov-03 22:22:18.612633] <info>: (UniqueIdHandler.h:85:ComposeUniqueId) ComposeUniqueId timestamp and counter [req_id=548331428032398400, timestamp=247443738612, counter=0]
[2025-Nov-03 22:22:23.943906] <info>: (UniqueIdHandler.h:65:ComposeUniqueId) Received ComposeUniqueId request [req_id=43486972951507408, post_type=9]
[2025-Nov-03 22:22:23.944206] <info>: (UniqueIdHandler.h:85:ComposeUniqueId) ComposeUniqueId timestamp and counter [req_id=43486972951507408, timestamp=247443743944, counter=0]
[2025-Nov-03 22:22:29.299297] <info>: (UniqueIdHandler.h:65:ComposeUniqueId) Received ComposeUniqueId request [req_id=924418323007332864, post_type=9]
[2025-Nov-03 22:22:29.299439] <info>: (UniqueIdHandler.h:85:ComposeUniqueId) ComposeUniqueId timestamp and counter [req_id=924418323007332864, timestamp=247443749299, counter=0]
[2025-Nov-03 22:22:34.667347] <info>: (UniqueIdHandler.h:65:ComposeUniqueId) Received ComposeUniqueId request [req_id=249722505083903328, post_type=9]
[2025-Nov-03 22:22:34.667541] <info>: (UniqueIdHandler.h:85:ComposeUniqueId) ComposeUniqueId timestamp and counter [req_id=249722505083903328, timestamp=247443754667, counter=0]
[2025-Nov-03 22:22:40.037488] <info>: (UniqueIdHandler.h:65:ComposeUniqueId) Received ComposeUniqueId request [req_id=706238141136974976, post_type=9]
[2025-Nov-03 22:22:40.037631] <info>: (UniqueIdHandler.h:85:ComposeUniqueId) ComposeUniqueId timestamp and counter [req_id=706238141136974976, timestamp=247443760037, counter=0]
[2025-Nov-03 22:22:45.382611] <info>: (UniqueIdHandler.h:65:ComposeUniqueId) Received ComposeUniqueId request [req_id=896487804411617792, post_type=9]
[2025-Nov-03 22:22:45.382816] <info>: (UniqueIdHandler.h:85:ComposeUniqueId) ComposeUniqueId timestamp and counter [req_id=896487804411617792, timestamp=247443765382, counter=0]
[2025-Nov-03 22:22:50.726446] <info>: (UniqueIdHandler.h:65:ComposeUniqueId) Received ComposeUniqueId request [req_id=469611246165594368, post_type=9]
[2025-Nov-03 22:22:50.726633] <info>: (UniqueIdHandler.h:85:ComposeUniqueId) ComposeUniqueId timestamp and counter [req_id=469611246165594368, timestamp=247443770726, counter=0]
