[2025-Nov-03 22:26:42.259543] <info>: (MediaService.cpp:44:main) Starting the media-service server...
[2025-Nov-03 22:28:34.472932] <info>: (MediaHandler.h:36:ComposeMedia) Received ComposeMedia request [req_id=603364211181735040, media_ids count=0, media_types count=0]
[2025-Nov-03 22:28:34.473500] <info>: (MediaHandler.h:58:ComposeMedia) ComposeMedia parameter validation passed [req_id=603364211181735040]
[2025-Nov-03 22:28:34.473545] <info>: (MediaHandler.h:68:ComposeMedia) ComposeMedia completed [req_id=603364211181735040, return media count=0]
[2025-Nov-03 22:28:40.139911] <info>: (MediaHandler.h:36:ComposeMedia) Received ComposeMedia request [req_id=763999306239106816, media_ids count=0, media_types count=0]
[2025-Nov-03 22:28:40.140080] <info>: (MediaHandler.h:58:ComposeMedia) ComposeMedia parameter validation passed [req_id=763999306239106816]
[2025-Nov-03 22:28:40.140125] <info>: (MediaHandler.h:68:ComposeMedia) ComposeMedia completed [req_id=763999306239106816, return media count=0]
[2025-Nov-03 22:28:45.953370] <info>: (MediaHandler.h:36:ComposeMedia) Received ComposeMedia request [req_id=582325518291394432, media_ids count=0, media_types count=0]
[2025-Nov-03 22:28:45.953520] <info>: (MediaHandler.h:58:ComposeMedia) ComposeMedia parameter validation passed [req_id=582325518291394432]
[2025-Nov-03 22:28:45.953551] <info>: (MediaHandler.h:68:ComposeMedia) ComposeMedia completed [req_id=582325518291394432, return media count=0]
[2025-Nov-03 22:28:51.697031] <info>: (MediaHandler.h:36:ComposeMedia) Received ComposeMedia request [req_id=630275039986923264, media_ids count=0, media_types count=0]
[2025-Nov-03 22:28:51.697431] <info>: (MediaHandler.h:58:ComposeMedia) ComposeMedia parameter validation passed [req_id=630275039986923264]
[2025-Nov-03 22:28:51.697523] <info>: (MediaHandler.h:68:ComposeMedia) ComposeMedia completed [req_id=630275039986923264, return media count=0]
[2025-Nov-03 22:28:57.398217] <info>: (MediaHandler.h:36:ComposeMedia) Received ComposeMedia request [req_id=440260253142898048, media_ids count=0, media_types count=0]
[2025-Nov-03 22:28:57.398481] <info>: (MediaHandler.h:58:ComposeMedia) ComposeMedia parameter validation passed [req_id=440260253142898048]
[2025-Nov-03 22:28:57.398575] <info>: (MediaHandler.h:68:ComposeMedia) ComposeMedia completed [req_id=440260253142898048, return media count=0]
[2025-Nov-03 22:29:03.086005] <info>: (MediaHandler.h:36:ComposeMedia) Received ComposeMedia request [req_id=999100663047509504, media_ids count=0, media_types count=0]
[2025-Nov-03 22:29:03.086327] <info>: (MediaHandler.h:58:ComposeMedia) ComposeMedia parameter validation passed [req_id=999100663047509504]
[2025-Nov-03 22:29:03.086449] <info>: (MediaHandler.h:68:ComposeMedia) ComposeMedia completed [req_id=999100663047509504, return media count=0]
[2025-Nov-03 22:29:08.820942] <info>: (MediaHandler.h:36:ComposeMedia) Received ComposeMedia request [req_id=452929434877008896, media_ids count=0, media_types count=0]
[2025-Nov-03 22:29:08.821110] <info>: (MediaHandler.h:58:ComposeMedia) ComposeMedia parameter validation passed [req_id=452929434877008896]
[2025-Nov-03 22:29:08.821138] <info>: (MediaHandler.h:68:ComposeMedia) ComposeMedia completed [req_id=452929434877008896, return media count=0]
[2025-Nov-03 22:29:14.572445] <info>: (MediaHandler.h:36:ComposeMedia) Received ComposeMedia request [req_id=478499297816789312, media_ids count=0, media_types count=0]
[2025-Nov-03 22:29:14.572599] <info>: (MediaHandler.h:58:ComposeMedia) ComposeMedia parameter validation passed [req_id=478499297816789312]
[2025-Nov-03 22:29:14.572628] <info>: (MediaHandler.h:68:ComposeMedia) ComposeMedia completed [req_id=478499297816789312, return media count=0]
[2025-Nov-03 22:29:20.245594] <info>: (MediaHandler.h:36:ComposeMedia) Received ComposeMedia request [req_id=835475391814910592, media_ids count=0, media_types count=0]
[2025-Nov-03 22:29:20.245729] <info>: (MediaHandler.h:58:ComposeMedia) ComposeMedia parameter validation passed [req_id=835475391814910592]
[2025-Nov-03 22:29:20.245824] <info>: (MediaHandler.h:68:ComposeMedia) ComposeMedia completed [req_id=835475391814910592, return media count=0]
[2025-Nov-03 22:29:25.953513] <info>: (MediaHandler.h:36:ComposeMedia) Received ComposeMedia request [req_id=339330598480847104, media_ids count=0, media_types count=0]
[2025-Nov-03 22:29:25.953652] <info>: (MediaHandler.h:58:ComposeMedia) ComposeMedia parameter validation passed [req_id=339330598480847104]
[2025-Nov-03 22:29:25.953677] <info>: (MediaHandler.h:68:ComposeMedia) ComposeMedia completed [req_id=339330598480847104, return media count=0]
[2025-Nov-03 22:29:31.715191] <info>: (MediaHandler.h:36:ComposeMedia) Received ComposeMedia request [req_id=7405124381902024, media_ids count=0, media_types count=0]
[2025-Nov-03 22:29:31.716116] <info>: (MediaHandler.h:58:ComposeMedia) ComposeMedia parameter validation passed [req_id=7405124381902024]
[2025-Nov-03 22:29:31.716788] <info>: (MediaHandler.h:68:ComposeMedia) ComposeMedia completed [req_id=7405124381902024, return media count=0]
[2025-Nov-03 22:29:37.387585] <info>: (MediaHandler.h:36:ComposeMedia) Received ComposeMedia request [req_id=899577998512697472, media_ids count=0, media_types count=0]
[2025-Nov-03 22:29:37.388176] <info>: (MediaHandler.h:58:ComposeMedia) ComposeMedia parameter validation passed [req_id=899577998512697472]
[2025-Nov-03 22:29:37.388213] <info>: (MediaHandler.h:68:ComposeMedia) ComposeMedia completed [req_id=899577998512697472, return media count=0]
[2025-Nov-03 22:29:43.196041] <info>: (MediaHandler.h:36:ComposeMedia) Received ComposeMedia request [req_id=795846785689218432, media_ids count=0, media_types count=0]
[2025-Nov-03 22:29:43.196457] <info>: (MediaHandler.h:58:ComposeMedia) ComposeMedia parameter validation passed [req_id=795846785689218432]
[2025-Nov-03 22:29:43.196499] <info>: (MediaHandler.h:68:ComposeMedia) ComposeMedia completed [req_id=795846785689218432, return media count=0]
[2025-Nov-03 22:29:48.813729] <info>: (MediaHandler.h:36:ComposeMedia) Received ComposeMedia request [req_id=749619381510646400, media_ids count=0, media_types count=0]
[2025-Nov-03 22:29:48.813918] <info>: (MediaHandler.h:58:ComposeMedia) ComposeMedia parameter validation passed [req_id=749619381510646400]
[2025-Nov-03 22:29:48.813948] <info>: (MediaHandler.h:68:ComposeMedia) ComposeMedia completed [req_id=749619381510646400, return media count=0]
[2025-Nov-03 22:29:54.552587] <info>: (MediaHandler.h:36:ComposeMedia) Received ComposeMedia request [req_id=529985236399617792, media_ids count=0, media_types count=0]
[2025-Nov-03 22:29:54.553010] <info>: (MediaHandler.h:58:ComposeMedia) ComposeMedia parameter validation passed [req_id=529985236399617792]
[2025-Nov-03 22:29:54.553055] <info>: (MediaHandler.h:68:ComposeMedia) ComposeMedia completed [req_id=529985236399617792, return media count=0]
[2025-Nov-03 22:30:00.300822] <info>: (MediaHandler.h:36:ComposeMedia) Received ComposeMedia request [req_id=352755587179145536, media_ids count=0, media_types count=0]
[2025-Nov-03 22:30:00.301002] <info>: (MediaHandler.h:58:ComposeMedia) ComposeMedia parameter validation passed [req_id=352755587179145536]
[2025-Nov-03 22:30:00.301035] <info>: (MediaHandler.h:68:ComposeMedia) ComposeMedia completed [req_id=352755587179145536, return media count=0]
[2025-Nov-03 22:30:06.023391] <info>: (MediaHandler.h:36:ComposeMedia) Received ComposeMedia request [req_id=40631604707383488, media_ids count=0, media_types count=0]
[2025-Nov-03 22:30:06.023565] <info>: (MediaHandler.h:58:ComposeMedia) ComposeMedia parameter validation passed [req_id=40631604707383488]
[2025-Nov-03 22:30:06.023597] <info>: (MediaHandler.h:68:ComposeMedia) ComposeMedia completed [req_id=40631604707383488, return media count=0]
[2025-Nov-03 22:30:11.814012] <info>: (MediaHandler.h:36:ComposeMedia) Received ComposeMedia request [req_id=1014896202132701312, media_ids count=0, media_types count=0]
[2025-Nov-03 22:30:11.814223] <info>: (MediaHandler.h:58:ComposeMedia) ComposeMedia parameter validation passed [req_id=1014896202132701312]
[2025-Nov-03 22:30:11.814252] <info>: (MediaHandler.h:68:ComposeMedia) ComposeMedia completed [req_id=1014896202132701312, return media count=0]
[2025-Nov-03 22:30:17.604525] <info>: (MediaHandler.h:36:ComposeMedia) Received ComposeMedia request [req_id=825112757742783232, media_ids count=0, media_types count=0]
[2025-Nov-03 22:30:17.605554] <info>: (MediaHandler.h:58:ComposeMedia) ComposeMedia parameter validation passed [req_id=825112757742783232]
[2025-Nov-03 22:30:17.605618] <info>: (MediaHandler.h:68:ComposeMedia) ComposeMedia completed [req_id=825112757742783232, return media count=0]
[2025-Nov-03 22:30:23.393748] <info>: (MediaHandler.h:36:ComposeMedia) Received ComposeMedia request [req_id=248081594832371200, media_ids count=0, media_types count=0]
[2025-Nov-03 22:30:23.393982] <info>: (MediaHandler.h:58:ComposeMedia) ComposeMedia parameter validation passed [req_id=248081594832371200]
[2025-Nov-03 22:30:23.394043] <info>: (MediaHandler.h:68:ComposeMedia) ComposeMedia completed [req_id=248081594832371200, return media count=0]
[2025-Nov-03 22:30:29.162820] <info>: (MediaHandler.h:36:ComposeMedia) Received ComposeMedia request [req_id=808232549327630720, media_ids count=0, media_types count=0]
[2025-Nov-03 22:30:29.163004] <info>: (MediaHandler.h:58:ComposeMedia) ComposeMedia parameter validation passed [req_id=808232549327630720]
[2025-Nov-03 22:30:29.163034] <info>: (MediaHandler.h:68:ComposeMedia) ComposeMedia completed [req_id=808232549327630720, return media count=0]
[2025-Nov-03 22:30:34.984670] <info>: (MediaHandler.h:36:ComposeMedia) Received ComposeMedia request [req_id=900530307523538, media_ids count=0, media_types count=0]
[2025-Nov-03 22:30:34.984883] <info>: (MediaHandler.h:58:ComposeMedia) ComposeMedia parameter validation passed [req_id=900530307523538]
[2025-Nov-03 22:30:34.984919] <info>: (MediaHandler.h:68:ComposeMedia) ComposeMedia completed [req_id=900530307523538, return media count=0]
[2025-Nov-03 22:30:40.720189] <info>: (MediaHandler.h:36:ComposeMedia) Received ComposeMedia request [req_id=9590634607029032, media_ids count=0, media_types count=0]
[2025-Nov-03 22:30:40.720613] <info>: (MediaHandler.h:58:ComposeMedia) ComposeMedia parameter validation passed [req_id=9590634607029032]
[2025-Nov-03 22:30:40.720648] <info>: (MediaHandler.h:68:ComposeMedia) ComposeMedia completed [req_id=9590634607029032, return media count=0]
[2025-Nov-03 22:30:46.375863] <info>: (MediaHandler.h:36:ComposeMedia) Received ComposeMedia request [req_id=824602450715965440, media_ids count=0, media_types count=0]
[2025-Nov-03 22:30:46.376070] <info>: (MediaHandler.h:58:ComposeMedia) ComposeMedia parameter validation passed [req_id=824602450715965440]
[2025-Nov-03 22:30:46.376102] <info>: (MediaHandler.h:68:ComposeMedia) ComposeMedia completed [req_id=824602450715965440, return media count=0]
[2025-Nov-03 22:30:52.060721] <info>: (MediaHandler.h:36:ComposeMedia) Received ComposeMedia request [req_id=846614934829477504, media_ids count=0, media_types count=0]
[2025-Nov-03 22:30:52.060914] <info>: (MediaHandler.h:58:ComposeMedia) ComposeMedia parameter validation passed [req_id=846614934829477504]
[2025-Nov-03 22:30:52.060950] <info>: (MediaHandler.h:68:ComposeMedia) ComposeMedia completed [req_id=846614934829477504, return media count=0]
[2025-Nov-03 22:30:57.797481] <info>: (MediaHandler.h:36:ComposeMedia) Received ComposeMedia request [req_id=18100387461459232, media_ids count=0, media_types count=0]
[2025-Nov-03 22:30:57.797621] <info>: (MediaHandler.h:58:ComposeMedia) ComposeMedia parameter validation passed [req_id=18100387461459232]
[2025-Nov-03 22:30:57.797662] <info>: (MediaHandler.h:68:ComposeMedia) ComposeMedia completed [req_id=18100387461459232, return media count=0]
[2025-Nov-03 22:31:03.444614] <info>: (MediaHandler.h:36:ComposeMedia) Received ComposeMedia request [req_id=1063174268605283072, media_ids count=0, media_types count=0]
[2025-Nov-03 22:31:03.444751] <info>: (MediaHandler.h:58:ComposeMedia) ComposeMedia parameter validation passed [req_id=1063174268605283072]
[2025-Nov-03 22:31:03.444794] <info>: (MediaHandler.h:68:ComposeMedia) ComposeMedia completed [req_id=1063174268605283072, return media count=0]
[2025-Nov-03 22:31:09.175124] <info>: (MediaHandler.h:36:ComposeMedia) Received ComposeMedia request [req_id=148376507508753920, media_ids count=0, media_types count=0]
[2025-Nov-03 22:31:09.175373] <info>: (MediaHandler.h:58:ComposeMedia) ComposeMedia parameter validation passed [req_id=148376507508753920]
[2025-Nov-03 22:31:09.175403] <info>: (MediaHandler.h:68:ComposeMedia) ComposeMedia completed [req_id=148376507508753920, return media count=0]
[2025-Nov-03 22:31:14.800054] <info>: (MediaHandler.h:36:ComposeMedia) Received ComposeMedia request [req_id=200402377826101088, media_ids count=0, media_types count=0]
[2025-Nov-03 22:31:14.800196] <info>: (MediaHandler.h:58:ComposeMedia) ComposeMedia parameter validation passed [req_id=200402377826101088]
[2025-Nov-03 22:31:14.800226] <info>: (MediaHandler.h:68:ComposeMedia) ComposeMedia completed [req_id=200402377826101088, return media count=0]
[2025-Nov-03 22:31:20.513168] <info>: (MediaHandler.h:36:ComposeMedia) Received ComposeMedia request [req_id=636566671699552384, media_ids count=0, media_types count=0]
[2025-Nov-03 22:31:20.513439] <info>: (MediaHandler.h:58:ComposeMedia) ComposeMedia parameter validation passed [req_id=636566671699552384]
[2025-Nov-03 22:31:20.513475] <info>: (MediaHandler.h:68:ComposeMedia) ComposeMedia completed [req_id=636566671699552384, return media count=0]
[2025-Nov-03 22:31:26.261821] <info>: (MediaHandler.h:36:ComposeMedia) Received ComposeMedia request [req_id=182836326481245760, media_ids count=0, media_types count=0]
[2025-Nov-03 22:31:26.261971] <info>: (MediaHandler.h:58:ComposeMedia) ComposeMedia parameter validation passed [req_id=182836326481245760]
[2025-Nov-03 22:31:26.262001] <info>: (MediaHandler.h:68:ComposeMedia) ComposeMedia completed [req_id=182836326481245760, return media count=0]
[2025-Nov-03 22:31:31.961698] <info>: (MediaHandler.h:36:ComposeMedia) Received ComposeMedia request [req_id=920248307664530688, media_ids count=0, media_types count=0]
[2025-Nov-03 22:31:31.961852] <info>: (MediaHandler.h:58:ComposeMedia) ComposeMedia parameter validation passed [req_id=920248307664530688]
[2025-Nov-03 22:31:31.961881] <info>: (MediaHandler.h:68:ComposeMedia) ComposeMedia completed [req_id=920248307664530688, return media count=0]
[2025-Nov-03 22:31:37.564583] <info>: (MediaHandler.h:36:ComposeMedia) Received ComposeMedia request [req_id=879961535762499328, media_ids count=0, media_types count=0]
[2025-Nov-03 22:31:37.564715] <info>: (MediaHandler.h:58:ComposeMedia) ComposeMedia parameter validation passed [req_id=879961535762499328]
[2025-Nov-03 22:31:37.564738] <info>: (MediaHandler.h:68:ComposeMedia) ComposeMedia completed [req_id=879961535762499328, return media count=0]
[2025-Nov-03 22:31:43.284050] <info>: (MediaHandler.h:36:ComposeMedia) Received ComposeMedia request [req_id=93831704964809920, media_ids count=0, media_types count=0]
[2025-Nov-03 22:31:43.284272] <info>: (MediaHandler.h:58:ComposeMedia) ComposeMedia parameter validation passed [req_id=93831704964809920]
[2025-Nov-03 22:31:43.284313] <info>: (MediaHandler.h:68:ComposeMedia) ComposeMedia completed [req_id=93831704964809920, return media count=0]
[2025-Nov-03 22:31:49.042360] <info>: (MediaHandler.h:36:ComposeMedia) Received ComposeMedia request [req_id=689574268886970624, media_ids count=0, media_types count=0]
[2025-Nov-03 22:31:49.042586] <info>: (MediaHandler.h:58:ComposeMedia) ComposeMedia parameter validation passed [req_id=689574268886970624]
[2025-Nov-03 22:31:49.042631] <info>: (MediaHandler.h:68:ComposeMedia) ComposeMedia completed [req_id=689574268886970624, return media count=0]
[2025-Nov-03 22:31:54.744972] <info>: (MediaHandler.h:36:ComposeMedia) Received ComposeMedia request [req_id=874274397784457216, media_ids count=0, media_types count=0]
[2025-Nov-03 22:31:54.745229] <info>: (MediaHandler.h:58:ComposeMedia) ComposeMedia parameter validation passed [req_id=874274397784457216]
[2025-Nov-03 22:31:54.745271] <info>: (MediaHandler.h:68:ComposeMedia) ComposeMedia completed [req_id=874274397784457216, return media count=0]
[2025-Nov-03 22:32:00.529559] <info>: (MediaHandler.h:36:ComposeMedia) Received ComposeMedia request [req_id=1072534275708371328, media_ids count=0, media_types count=0]
[2025-Nov-03 22:32:00.529715] <info>: (MediaHandler.h:58:ComposeMedia) ComposeMedia parameter validation passed [req_id=1072534275708371328]
[2025-Nov-03 22:32:00.529742] <info>: (MediaHandler.h:68:ComposeMedia) ComposeMedia completed [req_id=1072534275708371328, return media count=0]
[2025-Nov-03 22:32:06.191725] <info>: (MediaHandler.h:36:ComposeMedia) Received ComposeMedia request [req_id=937599054065646080, media_ids count=0, media_types count=0]
[2025-Nov-03 22:32:06.191868] <info>: (MediaHandler.h:58:ComposeMedia) ComposeMedia parameter validation passed [req_id=937599054065646080]
[2025-Nov-03 22:32:06.191897] <info>: (MediaHandler.h:68:ComposeMedia) ComposeMedia completed [req_id=937599054065646080, return media count=0]
[2025-Nov-03 22:32:11.952486] <info>: (MediaHandler.h:36:ComposeMedia) Received ComposeMedia request [req_id=174895829225754976, media_ids count=0, media_types count=0]
[2025-Nov-03 22:32:11.952645] <info>: (MediaHandler.h:58:ComposeMedia) ComposeMedia parameter validation passed [req_id=174895829225754976]
[2025-Nov-03 22:32:11.952711] <info>: (MediaHandler.h:68:ComposeMedia) ComposeMedia completed [req_id=174895829225754976, return media count=0]
[2025-Nov-03 22:32:17.656220] <info>: (MediaHandler.h:36:ComposeMedia) Received ComposeMedia request [req_id=418850805737556608, media_ids count=0, media_types count=0]
[2025-Nov-03 22:32:17.656395] <info>: (MediaHandler.h:58:ComposeMedia) ComposeMedia parameter validation passed [req_id=418850805737556608]
[2025-Nov-03 22:32:17.656425] <info>: (MediaHandler.h:68:ComposeMedia) ComposeMedia completed [req_id=418850805737556608, return media count=0]
[2025-Nov-03 22:32:23.357701] <info>: (MediaHandler.h:36:ComposeMedia) Received ComposeMedia request [req_id=127925763518470480, media_ids count=0, media_types count=0]
[2025-Nov-03 22:32:23.357894] <info>: (MediaHandler.h:58:ComposeMedia) ComposeMedia parameter validation passed [req_id=127925763518470480]
[2025-Nov-03 22:32:23.357927] <info>: (MediaHandler.h:68:ComposeMedia) ComposeMedia completed [req_id=127925763518470480, return media count=0]
[2025-Nov-03 22:32:29.052242] <info>: (MediaHandler.h:36:ComposeMedia) Received ComposeMedia request [req_id=770832583704455680, media_ids count=0, media_types count=0]
[2025-Nov-03 22:32:29.052416] <info>: (MediaHandler.h:58:ComposeMedia) ComposeMedia parameter validation passed [req_id=770832583704455680]
[2025-Nov-03 22:32:29.052449] <info>: (MediaHandler.h:68:ComposeMedia) ComposeMedia completed [req_id=770832583704455680, return media count=0]
[2025-Nov-03 22:32:34.847191] <info>: (MediaHandler.h:36:ComposeMedia) Received ComposeMedia request [req_id=999845309404505600, media_ids count=0, media_types count=0]
[2025-Nov-03 22:32:34.847352] <info>: (MediaHandler.h:58:ComposeMedia) ComposeMedia parameter validation passed [req_id=999845309404505600]
[2025-Nov-03 22:32:34.847381] <info>: (MediaHandler.h:68:ComposeMedia) ComposeMedia completed [req_id=999845309404505600, return media count=0]
[2025-Nov-03 22:32:40.550390] <info>: (MediaHandler.h:36:ComposeMedia) Received ComposeMedia request [req_id=258846347994879104, media_ids count=0, media_types count=0]
[2025-Nov-03 22:32:40.551085] <info>: (MediaHandler.h:58:ComposeMedia) ComposeMedia parameter validation passed [req_id=258846347994879104]
[2025-Nov-03 22:32:40.551252] <info>: (MediaHandler.h:68:ComposeMedia) ComposeMedia completed [req_id=258846347994879104, return media count=0]
[2025-Nov-03 22:32:46.239337] <info>: (MediaHandler.h:36:ComposeMedia) Received ComposeMedia request [req_id=1131866163241652224, media_ids count=0, media_types count=0]
[2025-Nov-03 22:32:46.239471] <info>: (MediaHandler.h:58:ComposeMedia) ComposeMedia parameter validation passed [req_id=1131866163241652224]
[2025-Nov-03 22:32:46.239501] <info>: (MediaHandler.h:68:ComposeMedia) ComposeMedia completed [req_id=1131866163241652224, return media count=0]
[2025-Nov-03 22:32:51.885385] <info>: (MediaHandler.h:36:ComposeMedia) Received ComposeMedia request [req_id=545078262462269760, media_ids count=0, media_types count=0]
[2025-Nov-03 22:32:51.885686] <info>: (MediaHandler.h:58:ComposeMedia) ComposeMedia parameter validation passed [req_id=545078262462269760]
[2025-Nov-03 22:32:51.885725] <info>: (MediaHandler.h:68:ComposeMedia) ComposeMedia completed [req_id=545078262462269760, return media count=0]
[2025-Nov-03 22:32:57.541880] <info>: (MediaHandler.h:36:ComposeMedia) Received ComposeMedia request [req_id=512439279084566400, media_ids count=0, media_types count=0]
[2025-Nov-03 22:32:57.542129] <info>: (MediaHandler.h:58:ComposeMedia) ComposeMedia parameter validation passed [req_id=512439279084566400]
[2025-Nov-03 22:32:57.542253] <info>: (MediaHandler.h:68:ComposeMedia) ComposeMedia completed [req_id=512439279084566400, return media count=0]
[2025-Nov-03 22:33:03.278034] <info>: (MediaHandler.h:36:ComposeMedia) Received ComposeMedia request [req_id=276955843017925856, media_ids count=0, media_types count=0]
[2025-Nov-03 22:33:03.278212] <info>: (MediaHandler.h:58:ComposeMedia) ComposeMedia parameter validation passed [req_id=276955843017925856]
[2025-Nov-03 22:33:03.278374] <info>: (MediaHandler.h:68:ComposeMedia) ComposeMedia completed [req_id=276955843017925856, return media count=0]
[2025-Nov-03 22:33:08.981965] <info>: (MediaHandler.h:36:ComposeMedia) Received ComposeMedia request [req_id=831970782070815744, media_ids count=0, media_types count=0]
[2025-Nov-03 22:33:08.982282] <info>: (MediaHandler.h:58:ComposeMedia) ComposeMedia parameter validation passed [req_id=831970782070815744]
[2025-Nov-03 22:33:08.982340] <info>: (MediaHandler.h:68:ComposeMedia) ComposeMedia completed [req_id=831970782070815744, return media count=0]
[2025-Nov-03 22:33:14.748085] <info>: (MediaHandler.h:36:ComposeMedia) Received ComposeMedia request [req_id=253649174841817216, media_ids count=0, media_types count=0]
[2025-Nov-03 22:33:14.748210] <info>: (MediaHandler.h:58:ComposeMedia) ComposeMedia parameter validation passed [req_id=253649174841817216]
[2025-Nov-03 22:33:14.748244] <info>: (MediaHandler.h:68:ComposeMedia) ComposeMedia completed [req_id=253649174841817216, return media count=0]
[2025-Nov-03 22:33:20.476984] <info>: (MediaHandler.h:36:ComposeMedia) Received ComposeMedia request [req_id=940161300622737920, media_ids count=0, media_types count=0]
[2025-Nov-03 22:33:20.477121] <info>: (MediaHandler.h:58:ComposeMedia) ComposeMedia parameter validation passed [req_id=940161300622737920]
[2025-Nov-03 22:33:20.477150] <info>: (MediaHandler.h:68:ComposeMedia) ComposeMedia completed [req_id=940161300622737920, return media count=0]
[2025-Nov-03 22:33:25.900864] <info>: (MediaHandler.h:36:ComposeMedia) Received ComposeMedia request [req_id=226000168210491200, media_ids count=0, media_types count=0]
[2025-Nov-03 22:33:25.901020] <info>: (MediaHandler.h:58:ComposeMedia) ComposeMedia parameter validation passed [req_id=226000168210491200]
[2025-Nov-03 22:33:25.901234] <info>: (MediaHandler.h:68:ComposeMedia) ComposeMedia completed [req_id=226000168210491200, return media count=0]
[2025-Nov-03 22:33:31.262913] <info>: (MediaHandler.h:36:ComposeMedia) Received ComposeMedia request [req_id=605951325310250496, media_ids count=0, media_types count=0]
[2025-Nov-03 22:33:31.263052] <info>: (MediaHandler.h:58:ComposeMedia) ComposeMedia parameter validation passed [req_id=605951325310250496]
[2025-Nov-03 22:33:31.263079] <info>: (MediaHandler.h:68:ComposeMedia) ComposeMedia completed [req_id=605951325310250496, return media count=0]
[2025-Nov-03 22:33:36.623434] <info>: (MediaHandler.h:36:ComposeMedia) Received ComposeMedia request [req_id=647824003227261056, media_ids count=0, media_types count=0]
[2025-Nov-03 22:33:36.623567] <info>: (MediaHandler.h:58:ComposeMedia) ComposeMedia parameter validation passed [req_id=647824003227261056]
[2025-Nov-03 22:33:36.623607] <info>: (MediaHandler.h:68:ComposeMedia) ComposeMedia completed [req_id=647824003227261056, return media count=0]
[2025-Nov-03 22:33:41.971858] <info>: (MediaHandler.h:36:ComposeMedia) Received ComposeMedia request [req_id=851411982169733760, media_ids count=0, media_types count=0]
[2025-Nov-03 22:33:41.972021] <info>: (MediaHandler.h:58:ComposeMedia) ComposeMedia parameter validation passed [req_id=851411982169733760]
[2025-Nov-03 22:33:41.972067] <info>: (MediaHandler.h:68:ComposeMedia) ComposeMedia completed [req_id=851411982169733760, return media count=0]
[2025-Nov-03 22:33:47.316918] <info>: (MediaHandler.h:36:ComposeMedia) Received ComposeMedia request [req_id=1093431665548550144, media_ids count=0, media_types count=0]
[2025-Nov-03 22:33:47.317054] <info>: (MediaHandler.h:58:ComposeMedia) ComposeMedia parameter validation passed [req_id=1093431665548550144]
[2025-Nov-03 22:33:47.317087] <info>: (MediaHandler.h:68:ComposeMedia) ComposeMedia completed [req_id=1093431665548550144, return media count=0]
[2025-Nov-03 22:33:52.681143] <info>: (MediaHandler.h:36:ComposeMedia) Received ComposeMedia request [req_id=1270652277485916, media_ids count=0, media_types count=0]
[2025-Nov-03 22:33:52.681397] <info>: (MediaHandler.h:58:ComposeMedia) ComposeMedia parameter validation passed [req_id=1270652277485916]
[2025-Nov-03 22:33:52.681463] <info>: (MediaHandler.h:68:ComposeMedia) ComposeMedia completed [req_id=1270652277485916, return media count=0]
[2025-Nov-03 22:33:58.060798] <info>: (MediaHandler.h:36:ComposeMedia) Received ComposeMedia request [req_id=874186143618990208, media_ids count=0, media_types count=0]
[2025-Nov-03 22:33:58.061021] <info>: (MediaHandler.h:58:ComposeMedia) ComposeMedia parameter validation passed [req_id=874186143618990208]
[2025-Nov-03 22:33:58.061057] <info>: (MediaHandler.h:68:ComposeMedia) ComposeMedia completed [req_id=874186143618990208, return media count=0]
[2025-Nov-03 22:34:03.412591] <info>: (MediaHandler.h:36:ComposeMedia) Received ComposeMedia request [req_id=47135945843872696, media_ids count=0, media_types count=0]
[2025-Nov-03 22:34:03.412742] <info>: (MediaHandler.h:58:ComposeMedia) ComposeMedia parameter validation passed [req_id=47135945843872696]
[2025-Nov-03 22:34:03.412810] <info>: (MediaHandler.h:68:ComposeMedia) ComposeMedia completed [req_id=47135945843872696, return media count=0]
[2025-Nov-03 22:34:08.778100] <info>: (MediaHandler.h:36:ComposeMedia) Received ComposeMedia request [req_id=949926862924504448, media_ids count=0, media_types count=0]
[2025-Nov-03 22:34:08.778277] <info>: (MediaHandler.h:58:ComposeMedia) ComposeMedia parameter validation passed [req_id=949926862924504448]
[2025-Nov-03 22:34:08.778323] <info>: (MediaHandler.h:68:ComposeMedia) ComposeMedia completed [req_id=949926862924504448, return media count=0]
[2025-Nov-03 22:34:14.160281] <info>: (MediaHandler.h:36:ComposeMedia) Received ComposeMedia request [req_id=486385775566961408, media_ids count=0, media_types count=0]
[2025-Nov-03 22:34:14.160469] <info>: (MediaHandler.h:58:ComposeMedia) ComposeMedia parameter validation passed [req_id=486385775566961408]
[2025-Nov-03 22:34:14.160517] <info>: (MediaHandler.h:68:ComposeMedia) ComposeMedia completed [req_id=486385775566961408, return media count=0]
[2025-Nov-03 22:34:19.559415] <info>: (MediaHandler.h:36:ComposeMedia) Received ComposeMedia request [req_id=953318524418169856, media_ids count=0, media_types count=0]
[2025-Nov-03 22:34:19.559592] <info>: (MediaHandler.h:58:ComposeMedia) ComposeMedia parameter validation passed [req_id=953318524418169856]
[2025-Nov-03 22:34:19.559640] <info>: (MediaHandler.h:68:ComposeMedia) ComposeMedia completed [req_id=953318524418169856, return media count=0]
[2025-Nov-03 22:34:24.920433] <info>: (MediaHandler.h:36:ComposeMedia) Received ComposeMedia request [req_id=613173827631703552, media_ids count=0, media_types count=0]
[2025-Nov-03 22:34:24.920579] <info>: (MediaHandler.h:58:ComposeMedia) ComposeMedia parameter validation passed [req_id=613173827631703552]
[2025-Nov-03 22:34:24.920606] <info>: (MediaHandler.h:68:ComposeMedia) ComposeMedia completed [req_id=613173827631703552, return media count=0]
[2025-Nov-03 22:34:30.299543] <info>: (MediaHandler.h:36:ComposeMedia) Received ComposeMedia request [req_id=834952968901749760, media_ids count=0, media_types count=0]
[2025-Nov-03 22:34:30.299699] <info>: (MediaHandler.h:58:ComposeMedia) ComposeMedia parameter validation passed [req_id=834952968901749760]
[2025-Nov-03 22:34:30.299728] <info>: (MediaHandler.h:68:ComposeMedia) ComposeMedia completed [req_id=834952968901749760, return media count=0]
[2025-Nov-03 22:34:35.693993] <info>: (MediaHandler.h:36:ComposeMedia) Received ComposeMedia request [req_id=854325787681947904, media_ids count=0, media_types count=0]
[2025-Nov-03 22:34:35.694124] <info>: (MediaHandler.h:58:ComposeMedia) ComposeMedia parameter validation passed [req_id=854325787681947904]
[2025-Nov-03 22:34:35.694150] <info>: (MediaHandler.h:68:ComposeMedia) ComposeMedia completed [req_id=854325787681947904, return media count=0]
[2025-Nov-03 22:34:41.066228] <info>: (MediaHandler.h:36:ComposeMedia) Received ComposeMedia request [req_id=841572869618134144, media_ids count=0, media_types count=0]
[2025-Nov-03 22:34:41.066367] <info>: (MediaHandler.h:58:ComposeMedia) ComposeMedia parameter validation passed [req_id=841572869618134144]
[2025-Nov-03 22:34:41.066400] <info>: (MediaHandler.h:68:ComposeMedia) ComposeMedia completed [req_id=841572869618134144, return media count=0]
[2025-Nov-03 22:34:46.421874] <info>: (MediaHandler.h:36:ComposeMedia) Received ComposeMedia request [req_id=832852629884733696, media_ids count=0, media_types count=0]
[2025-Nov-03 22:34:46.422043] <info>: (MediaHandler.h:58:ComposeMedia) ComposeMedia parameter validation passed [req_id=832852629884733696]
[2025-Nov-03 22:34:46.422073] <info>: (MediaHandler.h:68:ComposeMedia) ComposeMedia completed [req_id=832852629884733696, return media count=0]
[2025-Nov-03 22:34:51.767502] <info>: (MediaHandler.h:36:ComposeMedia) Received ComposeMedia request [req_id=172520689658638112, media_ids count=0, media_types count=0]
[2025-Nov-03 22:34:51.767655] <info>: (MediaHandler.h:58:ComposeMedia) ComposeMedia parameter validation passed [req_id=172520689658638112]
[2025-Nov-03 22:34:51.767682] <info>: (MediaHandler.h:68:ComposeMedia) ComposeMedia completed [req_id=172520689658638112, return media count=0]
[2025-Nov-03 22:34:57.126705] <info>: (MediaHandler.h:36:ComposeMedia) Received ComposeMedia request [req_id=700145054069539200, media_ids count=0, media_types count=0]
[2025-Nov-03 22:34:57.126852] <info>: (MediaHandler.h:58:ComposeMedia) ComposeMedia parameter validation passed [req_id=700145054069539200]
[2025-Nov-03 22:34:57.126880] <info>: (MediaHandler.h:68:ComposeMedia) ComposeMedia completed [req_id=700145054069539200, return media count=0]
[2025-Nov-03 22:35:02.504785] <info>: (MediaHandler.h:36:ComposeMedia) Received ComposeMedia request [req_id=159785531550418752, media_ids count=0, media_types count=0]
[2025-Nov-03 22:35:02.504928] <info>: (MediaHandler.h:58:ComposeMedia) ComposeMedia parameter validation passed [req_id=159785531550418752]
[2025-Nov-03 22:35:02.504965] <info>: (MediaHandler.h:68:ComposeMedia) ComposeMedia completed [req_id=159785531550418752, return media count=0]
[2025-Nov-03 22:35:07.863070] <info>: (MediaHandler.h:36:ComposeMedia) Received ComposeMedia request [req_id=319670519751233600, media_ids count=0, media_types count=0]
[2025-Nov-03 22:35:07.863230] <info>: (MediaHandler.h:58:ComposeMedia) ComposeMedia parameter validation passed [req_id=319670519751233600]
[2025-Nov-03 22:35:07.863261] <info>: (MediaHandler.h:68:ComposeMedia) ComposeMedia completed [req_id=319670519751233600, return media count=0]
[2025-Nov-03 22:35:13.226874] <info>: (MediaHandler.h:36:ComposeMedia) Received ComposeMedia request [req_id=119986652498473120, media_ids count=0, media_types count=0]
[2025-Nov-03 22:35:13.227035] <info>: (MediaHandler.h:58:ComposeMedia) ComposeMedia parameter validation passed [req_id=119986652498473120]
[2025-Nov-03 22:35:13.227075] <info>: (MediaHandler.h:68:ComposeMedia) ComposeMedia completed [req_id=119986652498473120, return media count=0]
[2025-Nov-03 22:35:18.573796] <info>: (MediaHandler.h:36:ComposeMedia) Received ComposeMedia request [req_id=1034618680754188672, media_ids count=0, media_types count=0]
[2025-Nov-03 22:35:18.574030] <info>: (MediaHandler.h:58:ComposeMedia) ComposeMedia parameter validation passed [req_id=1034618680754188672]
[2025-Nov-03 22:35:18.574284] <info>: (MediaHandler.h:68:ComposeMedia) ComposeMedia completed [req_id=1034618680754188672, return media count=0]
[2025-Nov-03 22:35:23.914785] <info>: (MediaHandler.h:36:ComposeMedia) Received ComposeMedia request [req_id=231167698525398272, media_ids count=0, media_types count=0]
[2025-Nov-03 22:35:23.914949] <info>: (MediaHandler.h:58:ComposeMedia) ComposeMedia parameter validation passed [req_id=231167698525398272]
[2025-Nov-03 22:35:23.915014] <info>: (MediaHandler.h:68:ComposeMedia) ComposeMedia completed [req_id=231167698525398272, return media count=0]
[2025-Nov-03 22:35:29.268510] <info>: (MediaHandler.h:36:ComposeMedia) Received ComposeMedia request [req_id=947573095607279872, media_ids count=0, media_types count=0]
[2025-Nov-03 22:35:29.268843] <info>: (MediaHandler.h:58:ComposeMedia) ComposeMedia parameter validation passed [req_id=947573095607279872]
[2025-Nov-03 22:35:29.268887] <info>: (MediaHandler.h:68:ComposeMedia) ComposeMedia completed [req_id=947573095607279872, return media count=0]
[2025-Nov-03 22:35:34.629288] <info>: (MediaHandler.h:36:ComposeMedia) Received ComposeMedia request [req_id=639341520159073408, media_ids count=0, media_types count=0]
[2025-Nov-03 22:35:34.629825] <info>: (MediaHandler.h:58:ComposeMedia) ComposeMedia parameter validation passed [req_id=639341520159073408]
[2025-Nov-03 22:35:34.630055] <info>: (MediaHandler.h:68:ComposeMedia) ComposeMedia completed [req_id=639341520159073408, return media count=0]
[2025-Nov-03 22:35:40.021965] <info>: (MediaHandler.h:36:ComposeMedia) Received ComposeMedia request [req_id=507208706905434112, media_ids count=0, media_types count=0]
[2025-Nov-03 22:35:40.022199] <info>: (MediaHandler.h:58:ComposeMedia) ComposeMedia parameter validation passed [req_id=507208706905434112]
[2025-Nov-03 22:35:40.022406] <info>: (MediaHandler.h:68:ComposeMedia) ComposeMedia completed [req_id=507208706905434112, return media count=0]
[2025-Nov-03 22:35:45.378274] <info>: (MediaHandler.h:36:ComposeMedia) Received ComposeMedia request [req_id=391294745129896320, media_ids count=0, media_types count=0]
[2025-Nov-03 22:35:45.378580] <info>: (MediaHandler.h:58:ComposeMedia) ComposeMedia parameter validation passed [req_id=391294745129896320]
[2025-Nov-03 22:35:45.378645] <info>: (MediaHandler.h:68:ComposeMedia) ComposeMedia completed [req_id=391294745129896320, return media count=0]
[2025-Nov-03 22:35:50.732793] <info>: (MediaHandler.h:36:ComposeMedia) Received ComposeMedia request [req_id=688625278297774464, media_ids count=0, media_types count=0]
[2025-Nov-03 22:35:50.732957] <info>: (MediaHandler.h:58:ComposeMedia) ComposeMedia parameter validation passed [req_id=688625278297774464]
[2025-Nov-03 22:35:50.732989] <info>: (MediaHandler.h:68:ComposeMedia) ComposeMedia completed [req_id=688625278297774464, return media count=0]
[2025-Nov-03 22:35:56.092284] <info>: (MediaHandler.h:36:ComposeMedia) Received ComposeMedia request [req_id=804371469339564160, media_ids count=0, media_types count=0]
[2025-Nov-03 22:35:56.092461] <info>: (MediaHandler.h:58:ComposeMedia) ComposeMedia parameter validation passed [req_id=804371469339564160]
[2025-Nov-03 22:35:56.092494] <info>: (MediaHandler.h:68:ComposeMedia) ComposeMedia completed [req_id=804371469339564160, return media count=0]
[2025-Nov-03 22:36:01.434026] <info>: (MediaHandler.h:36:ComposeMedia) Received ComposeMedia request [req_id=733496465789686016, media_ids count=0, media_types count=0]
[2025-Nov-03 22:36:01.434438] <info>: (MediaHandler.h:58:ComposeMedia) ComposeMedia parameter validation passed [req_id=733496465789686016]
[2025-Nov-03 22:36:01.434489] <info>: (MediaHandler.h:68:ComposeMedia) ComposeMedia completed [req_id=733496465789686016, return media count=0]
[2025-Nov-03 22:36:06.785940] <info>: (MediaHandler.h:36:ComposeMedia) Received ComposeMedia request [req_id=172752907294429472, media_ids count=0, media_types count=0]
[2025-Nov-03 22:36:06.786215] <info>: (MediaHandler.h:58:ComposeMedia) ComposeMedia parameter validation passed [req_id=172752907294429472]
[2025-Nov-03 22:36:06.786346] <info>: (MediaHandler.h:68:ComposeMedia) ComposeMedia completed [req_id=172752907294429472, return media count=0]
[2025-Nov-03 22:36:12.149497] <info>: (MediaHandler.h:36:ComposeMedia) Received ComposeMedia request [req_id=1018546246329717760, media_ids count=0, media_types count=0]
[2025-Nov-03 22:36:12.149644] <info>: (MediaHandler.h:58:ComposeMedia) ComposeMedia parameter validation passed [req_id=1018546246329717760]
[2025-Nov-03 22:36:12.149678] <info>: (MediaHandler.h:68:ComposeMedia) ComposeMedia completed [req_id=1018546246329717760, return media count=0]
[2025-Nov-03 22:36:17.500952] <info>: (MediaHandler.h:36:ComposeMedia) Received ComposeMedia request [req_id=408342049183292672, media_ids count=0, media_types count=0]
[2025-Nov-03 22:36:17.501097] <info>: (MediaHandler.h:58:ComposeMedia) ComposeMedia parameter validation passed [req_id=408342049183292672]
[2025-Nov-03 22:36:17.501151] <info>: (MediaHandler.h:68:ComposeMedia) ComposeMedia completed [req_id=408342049183292672, return media count=0]
[2025-Nov-03 22:36:22.853337] <info>: (MediaHandler.h:36:ComposeMedia) Received ComposeMedia request [req_id=497203324956807424, media_ids count=0, media_types count=0]
[2025-Nov-03 22:36:22.853479] <info>: (MediaHandler.h:58:ComposeMedia) ComposeMedia parameter validation passed [req_id=497203324956807424]
[2025-Nov-03 22:36:22.853512] <info>: (MediaHandler.h:68:ComposeMedia) ComposeMedia completed [req_id=497203324956807424, return media count=0]
[2025-Nov-03 22:36:28.226602] <info>: (MediaHandler.h:36:ComposeMedia) Received ComposeMedia request [req_id=618311207309791744, media_ids count=0, media_types count=0]
[2025-Nov-03 22:36:28.226787] <info>: (MediaHandler.h:58:ComposeMedia) ComposeMedia parameter validation passed [req_id=618311207309791744]
[2025-Nov-03 22:36:28.226817] <info>: (MediaHandler.h:68:ComposeMedia) ComposeMedia completed [req_id=618311207309791744, return media count=0]
[2025-Nov-03 22:36:33.597580] <info>: (MediaHandler.h:36:ComposeMedia) Received ComposeMedia request [req_id=135701302788843056, media_ids count=0, media_types count=0]
[2025-Nov-03 22:36:33.597711] <info>: (MediaHandler.h:58:ComposeMedia) ComposeMedia parameter validation passed [req_id=135701302788843056]
[2025-Nov-03 22:36:33.597737] <info>: (MediaHandler.h:68:ComposeMedia) ComposeMedia completed [req_id=135701302788843056, return media count=0]
[2025-Nov-03 22:36:38.961505] <info>: (MediaHandler.h:36:ComposeMedia) Received ComposeMedia request [req_id=431808675510831744, media_ids count=0, media_types count=0]
[2025-Nov-03 22:36:38.961701] <info>: (MediaHandler.h:58:ComposeMedia) ComposeMedia parameter validation passed [req_id=431808675510831744]
[2025-Nov-03 22:36:38.961746] <info>: (MediaHandler.h:68:ComposeMedia) ComposeMedia completed [req_id=431808675510831744, return media count=0]
[2025-Nov-03 22:36:44.323397] <info>: (MediaHandler.h:36:ComposeMedia) Received ComposeMedia request [req_id=356880140869154368, media_ids count=0, media_types count=0]
[2025-Nov-03 22:36:44.323614] <info>: (MediaHandler.h:58:ComposeMedia) ComposeMedia parameter validation passed [req_id=356880140869154368]
[2025-Nov-03 22:36:44.323645] <info>: (MediaHandler.h:68:ComposeMedia) ComposeMedia completed [req_id=356880140869154368, return media count=0]
[2025-Nov-03 22:36:49.668089] <info>: (MediaHandler.h:36:ComposeMedia) Received ComposeMedia request [req_id=631013399749155712, media_ids count=0, media_types count=0]
[2025-Nov-03 22:36:49.668283] <info>: (MediaHandler.h:58:ComposeMedia) ComposeMedia parameter validation passed [req_id=631013399749155712]
[2025-Nov-03 22:36:49.668312] <info>: (MediaHandler.h:68:ComposeMedia) ComposeMedia completed [req_id=631013399749155712, return media count=0]
[2025-Nov-03 22:36:55.028902] <info>: (MediaHandler.h:36:ComposeMedia) Received ComposeMedia request [req_id=142274996757920320, media_ids count=0, media_types count=0]
[2025-Nov-03 22:36:55.029046] <info>: (MediaHandler.h:58:ComposeMedia) ComposeMedia parameter validation passed [req_id=142274996757920320]
[2025-Nov-03 22:36:55.029078] <info>: (MediaHandler.h:68:ComposeMedia) ComposeMedia completed [req_id=142274996757920320, return media count=0]
[2025-Nov-03 22:37:00.399154] <info>: (MediaHandler.h:36:ComposeMedia) Received ComposeMedia request [req_id=708184392596864384, media_ids count=0, media_types count=0]
[2025-Nov-03 22:37:00.399336] <info>: (MediaHandler.h:58:ComposeMedia) ComposeMedia parameter validation passed [req_id=708184392596864384]
[2025-Nov-03 22:37:00.399476] <info>: (MediaHandler.h:68:ComposeMedia) ComposeMedia completed [req_id=708184392596864384, return media count=0]
[2025-Nov-03 22:37:05.755987] <info>: (MediaHandler.h:36:ComposeMedia) Received ComposeMedia request [req_id=417281804481098304, media_ids count=0, media_types count=0]
[2025-Nov-03 22:37:05.756113] <info>: (MediaHandler.h:58:ComposeMedia) ComposeMedia parameter validation passed [req_id=417281804481098304]
[2025-Nov-03 22:37:05.756147] <info>: (MediaHandler.h:68:ComposeMedia) ComposeMedia completed [req_id=417281804481098304, return media count=0]
[2025-Nov-03 22:37:11.129980] <info>: (MediaHandler.h:36:ComposeMedia) Received ComposeMedia request [req_id=141439294197881392, media_ids count=0, media_types count=0]
[2025-Nov-03 22:37:11.130145] <info>: (MediaHandler.h:58:ComposeMedia) ComposeMedia parameter validation passed [req_id=141439294197881392]
[2025-Nov-03 22:37:11.130186] <info>: (MediaHandler.h:68:ComposeMedia) ComposeMedia completed [req_id=141439294197881392, return media count=0]
[2025-Nov-03 22:37:16.484654] <info>: (MediaHandler.h:36:ComposeMedia) Received ComposeMedia request [req_id=1050477011195843200, media_ids count=0, media_types count=0]
[2025-Nov-03 22:37:16.484848] <info>: (MediaHandler.h:58:ComposeMedia) ComposeMedia parameter validation passed [req_id=1050477011195843200]
[2025-Nov-03 22:37:16.484883] <info>: (MediaHandler.h:68:ComposeMedia) ComposeMedia completed [req_id=1050477011195843200, return media count=0]
[2025-Nov-03 22:37:21.828546] <info>: (MediaHandler.h:36:ComposeMedia) Received ComposeMedia request [req_id=814990916846471040, media_ids count=0, media_types count=0]
[2025-Nov-03 22:37:21.828690] <info>: (MediaHandler.h:58:ComposeMedia) ComposeMedia parameter validation passed [req_id=814990916846471040]
[2025-Nov-03 22:37:21.828720] <info>: (MediaHandler.h:68:ComposeMedia) ComposeMedia completed [req_id=814990916846471040, return media count=0]
[2025-Nov-03 22:37:27.185257] <info>: (MediaHandler.h:36:ComposeMedia) Received ComposeMedia request [req_id=391977441646884352, media_ids count=0, media_types count=0]
[2025-Nov-03 22:37:27.185441] <info>: (MediaHandler.h:58:ComposeMedia) ComposeMedia parameter validation passed [req_id=391977441646884352]
[2025-Nov-03 22:37:27.185489] <info>: (MediaHandler.h:68:ComposeMedia) ComposeMedia completed [req_id=391977441646884352, return media count=0]
[2025-Nov-03 22:37:32.532087] <info>: (MediaHandler.h:36:ComposeMedia) Received ComposeMedia request [req_id=600476350525533568, media_ids count=0, media_types count=0]
[2025-Nov-03 22:37:32.532332] <info>: (MediaHandler.h:58:ComposeMedia) ComposeMedia parameter validation passed [req_id=600476350525533568]
[2025-Nov-03 22:37:32.532373] <info>: (MediaHandler.h:68:ComposeMedia) ComposeMedia completed [req_id=600476350525533568, return media count=0]
[2025-Nov-03 22:37:37.888833] <info>: (MediaHandler.h:36:ComposeMedia) Received ComposeMedia request [req_id=407389061572139072, media_ids count=0, media_types count=0]
[2025-Nov-03 22:37:37.889033] <info>: (MediaHandler.h:58:ComposeMedia) ComposeMedia parameter validation passed [req_id=407389061572139072]
[2025-Nov-03 22:37:37.889061] <info>: (MediaHandler.h:68:ComposeMedia) ComposeMedia completed [req_id=407389061572139072, return media count=0]
[2025-Nov-03 22:37:43.246796] <info>: (MediaHandler.h:36:ComposeMedia) Received ComposeMedia request [req_id=1038569648243303936, media_ids count=0, media_types count=0]
[2025-Nov-03 22:37:43.246961] <info>: (MediaHandler.h:58:ComposeMedia) ComposeMedia parameter validation passed [req_id=1038569648243303936]
[2025-Nov-03 22:37:43.246991] <info>: (MediaHandler.h:68:ComposeMedia) ComposeMedia completed [req_id=1038569648243303936, return media count=0]
[2025-Nov-03 22:37:48.597823] <info>: (MediaHandler.h:36:ComposeMedia) Received ComposeMedia request [req_id=536484709578258560, media_ids count=0, media_types count=0]
[2025-Nov-03 22:37:48.597970] <info>: (MediaHandler.h:58:ComposeMedia) ComposeMedia parameter validation passed [req_id=536484709578258560]
[2025-Nov-03 22:37:48.598004] <info>: (MediaHandler.h:68:ComposeMedia) ComposeMedia completed [req_id=536484709578258560, return media count=0]
[2025-Nov-03 22:37:53.932052] <info>: (MediaHandler.h:36:ComposeMedia) Received ComposeMedia request [req_id=513991360842734720, media_ids count=0, media_types count=0]
[2025-Nov-03 22:37:53.932186] <info>: (MediaHandler.h:58:ComposeMedia) ComposeMedia parameter validation passed [req_id=513991360842734720]
[2025-Nov-03 22:37:53.932218] <info>: (MediaHandler.h:68:ComposeMedia) ComposeMedia completed [req_id=513991360842734720, return media count=0]
[2025-Nov-03 22:37:59.274144] <info>: (MediaHandler.h:36:ComposeMedia) Received ComposeMedia request [req_id=985512954475523584, media_ids count=0, media_types count=0]
[2025-Nov-03 22:37:59.274457] <info>: (MediaHandler.h:58:ComposeMedia) ComposeMedia parameter validation passed [req_id=985512954475523584]
[2025-Nov-03 22:37:59.274706] <info>: (MediaHandler.h:68:ComposeMedia) ComposeMedia completed [req_id=985512954475523584, return media count=0]
[2025-Nov-03 22:38:04.642855] <info>: (MediaHandler.h:36:ComposeMedia) Received ComposeMedia request [req_id=497384270973193728, media_ids count=0, media_types count=0]
[2025-Nov-03 22:38:04.642983] <info>: (MediaHandler.h:58:ComposeMedia) ComposeMedia parameter validation passed [req_id=497384270973193728]
[2025-Nov-03 22:38:04.643008] <info>: (MediaHandler.h:68:ComposeMedia) ComposeMedia completed [req_id=497384270973193728, return media count=0]
[2025-Nov-03 22:38:09.995677] <info>: (MediaHandler.h:36:ComposeMedia) Received ComposeMedia request [req_id=882199394368519552, media_ids count=0, media_types count=0]
[2025-Nov-03 22:38:09.995891] <info>: (MediaHandler.h:58:ComposeMedia) ComposeMedia parameter validation passed [req_id=882199394368519552]
[2025-Nov-03 22:38:09.995925] <info>: (MediaHandler.h:68:ComposeMedia) ComposeMedia completed [req_id=882199394368519552, return media count=0]
[2025-Nov-03 22:38:15.349058] <info>: (MediaHandler.h:36:ComposeMedia) Received ComposeMedia request [req_id=88236003944677504, media_ids count=0, media_types count=0]
[2025-Nov-03 22:38:15.349256] <info>: (MediaHandler.h:58:ComposeMedia) ComposeMedia parameter validation passed [req_id=88236003944677504]
[2025-Nov-03 22:38:15.349316] <info>: (MediaHandler.h:68:ComposeMedia) ComposeMedia completed [req_id=88236003944677504, return media count=0]
[2025-Nov-03 22:38:20.704981] <info>: (MediaHandler.h:36:ComposeMedia) Received ComposeMedia request [req_id=672369900231554176, media_ids count=0, media_types count=0]
[2025-Nov-03 22:38:20.705123] <info>: (MediaHandler.h:58:ComposeMedia) ComposeMedia parameter validation passed [req_id=672369900231554176]
[2025-Nov-03 22:38:20.705153] <info>: (MediaHandler.h:68:ComposeMedia) ComposeMedia completed [req_id=672369900231554176, return media count=0]
[2025-Nov-03 22:38:26.058059] <info>: (MediaHandler.h:36:ComposeMedia) Received ComposeMedia request [req_id=539051819532200448, media_ids count=0, media_types count=0]
[2025-Nov-03 22:38:26.058233] <info>: (MediaHandler.h:58:ComposeMedia) ComposeMedia parameter validation passed [req_id=539051819532200448]
[2025-Nov-03 22:38:26.058282] <info>: (MediaHandler.h:68:ComposeMedia) ComposeMedia completed [req_id=539051819532200448, return media count=0]
[2025-Nov-03 22:38:31.411572] <info>: (MediaHandler.h:36:ComposeMedia) Received ComposeMedia request [req_id=1123182101800371328, media_ids count=0, media_types count=0]
[2025-Nov-03 22:38:31.411729] <info>: (MediaHandler.h:58:ComposeMedia) ComposeMedia parameter validation passed [req_id=1123182101800371328]
[2025-Nov-03 22:38:31.411755] <info>: (MediaHandler.h:68:ComposeMedia) ComposeMedia completed [req_id=1123182101800371328, return media count=0]
[2025-Nov-03 22:38:36.765472] <info>: (MediaHandler.h:36:ComposeMedia) Received ComposeMedia request [req_id=1116833251409306368, media_ids count=0, media_types count=0]
[2025-Nov-03 22:38:36.765619] <info>: (MediaHandler.h:58:ComposeMedia) ComposeMedia parameter validation passed [req_id=1116833251409306368]
[2025-Nov-03 22:38:36.765649] <info>: (MediaHandler.h:68:ComposeMedia) ComposeMedia completed [req_id=1116833251409306368, return media count=0]
[2025-Nov-03 22:38:42.148975] <info>: (MediaHandler.h:36:ComposeMedia) Received ComposeMedia request [req_id=555777293724592064, media_ids count=0, media_types count=0]
[2025-Nov-03 22:38:42.149120] <info>: (MediaHandler.h:58:ComposeMedia) ComposeMedia parameter validation passed [req_id=555777293724592064]
[2025-Nov-03 22:38:42.149152] <info>: (MediaHandler.h:68:ComposeMedia) ComposeMedia completed [req_id=555777293724592064, return media count=0]
[2025-Nov-03 22:38:47.503509] <info>: (MediaHandler.h:36:ComposeMedia) Received ComposeMedia request [req_id=719366632333697792, media_ids count=0, media_types count=0]
[2025-Nov-03 22:38:47.503656] <info>: (MediaHandler.h:58:ComposeMedia) ComposeMedia parameter validation passed [req_id=719366632333697792]
[2025-Nov-03 22:38:47.503689] <info>: (MediaHandler.h:68:ComposeMedia) ComposeMedia completed [req_id=719366632333697792, return media count=0]
[2025-Nov-03 22:38:52.879407] <info>: (MediaHandler.h:36:ComposeMedia) Received ComposeMedia request [req_id=348384424178933440, media_ids count=0, media_types count=0]
[2025-Nov-03 22:38:52.879623] <info>: (MediaHandler.h:58:ComposeMedia) ComposeMedia parameter validation passed [req_id=348384424178933440]
[2025-Nov-03 22:38:52.879681] <info>: (MediaHandler.h:68:ComposeMedia) ComposeMedia completed [req_id=348384424178933440, return media count=0]
[2025-Nov-03 22:38:58.269503] <info>: (MediaHandler.h:36:ComposeMedia) Received ComposeMedia request [req_id=902722135252375936, media_ids count=0, media_types count=0]
[2025-Nov-03 22:38:58.269637] <info>: (MediaHandler.h:58:ComposeMedia) ComposeMedia parameter validation passed [req_id=902722135252375936]
[2025-Nov-03 22:38:58.269667] <info>: (MediaHandler.h:68:ComposeMedia) ComposeMedia completed [req_id=902722135252375936, return media count=0]
[2025-Nov-03 22:39:03.620503] <info>: (MediaHandler.h:36:ComposeMedia) Received ComposeMedia request [req_id=1132239540213337600, media_ids count=0, media_types count=0]
[2025-Nov-03 22:39:03.620640] <info>: (MediaHandler.h:58:ComposeMedia) ComposeMedia parameter validation passed [req_id=1132239540213337600]
[2025-Nov-03 22:39:03.620670] <info>: (MediaHandler.h:68:ComposeMedia) ComposeMedia completed [req_id=1132239540213337600, return media count=0]
[2025-Nov-03 22:39:09.002197] <info>: (MediaHandler.h:36:ComposeMedia) Received ComposeMedia request [req_id=1004440195898908928, media_ids count=0, media_types count=0]
[2025-Nov-03 22:39:09.002371] <info>: (MediaHandler.h:58:ComposeMedia) ComposeMedia parameter validation passed [req_id=1004440195898908928]
[2025-Nov-03 22:39:09.002418] <info>: (MediaHandler.h:68:ComposeMedia) ComposeMedia completed [req_id=1004440195898908928, return media count=0]
[2025-Nov-03 22:39:14.343545] <info>: (MediaHandler.h:36:ComposeMedia) Received ComposeMedia request [req_id=158043479034255360, media_ids count=0, media_types count=0]
[2025-Nov-03 22:39:14.343709] <info>: (MediaHandler.h:58:ComposeMedia) ComposeMedia parameter validation passed [req_id=158043479034255360]
[2025-Nov-03 22:39:14.343783] <info>: (MediaHandler.h:68:ComposeMedia) ComposeMedia completed [req_id=158043479034255360, return media count=0]
[2025-Nov-03 22:39:19.682631] <info>: (MediaHandler.h:36:ComposeMedia) Received ComposeMedia request [req_id=886394968275599232, media_ids count=0, media_types count=0]
[2025-Nov-03 22:39:19.682841] <info>: (MediaHandler.h:58:ComposeMedia) ComposeMedia parameter validation passed [req_id=886394968275599232]
[2025-Nov-03 22:39:19.682880] <info>: (MediaHandler.h:68:ComposeMedia) ComposeMedia completed [req_id=886394968275599232, return media count=0]
[2025-Nov-03 22:39:25.042663] <info>: (MediaHandler.h:36:ComposeMedia) Received ComposeMedia request [req_id=425432110311647232, media_ids count=0, media_types count=0]
[2025-Nov-03 22:39:25.042889] <info>: (MediaHandler.h:58:ComposeMedia) ComposeMedia parameter validation passed [req_id=425432110311647232]
[2025-Nov-03 22:39:25.042957] <info>: (MediaHandler.h:68:ComposeMedia) ComposeMedia completed [req_id=425432110311647232, return media count=0]
[2025-Nov-03 22:39:30.407241] <info>: (MediaHandler.h:36:ComposeMedia) Received ComposeMedia request [req_id=1003928911844804096, media_ids count=0, media_types count=0]
[2025-Nov-03 22:39:30.407387] <info>: (MediaHandler.h:58:ComposeMedia) ComposeMedia parameter validation passed [req_id=1003928911844804096]
[2025-Nov-03 22:39:30.407420] <info>: (MediaHandler.h:68:ComposeMedia) ComposeMedia completed [req_id=1003928911844804096, return media count=0]
[2025-Nov-03 22:39:35.770482] <info>: (MediaHandler.h:36:ComposeMedia) Received ComposeMedia request [req_id=668210908807097088, media_ids count=0, media_types count=0]
[2025-Nov-03 22:39:35.770656] <info>: (MediaHandler.h:58:ComposeMedia) ComposeMedia parameter validation passed [req_id=668210908807097088]
[2025-Nov-03 22:39:35.770688] <info>: (MediaHandler.h:68:ComposeMedia) ComposeMedia completed [req_id=668210908807097088, return media count=0]
[2025-Nov-03 22:39:41.141281] <info>: (MediaHandler.h:36:ComposeMedia) Received ComposeMedia request [req_id=1066616675920447744, media_ids count=0, media_types count=0]
[2025-Nov-03 22:39:41.141452] <info>: (MediaHandler.h:58:ComposeMedia) ComposeMedia parameter validation passed [req_id=1066616675920447744]
[2025-Nov-03 22:39:41.141522] <info>: (MediaHandler.h:68:ComposeMedia) ComposeMedia completed [req_id=1066616675920447744, return media count=0]
[2025-Nov-03 22:39:46.497330] <info>: (MediaHandler.h:36:ComposeMedia) Received ComposeMedia request [req_id=832384928031134592, media_ids count=0, media_types count=0]
[2025-Nov-03 22:39:46.497479] <info>: (MediaHandler.h:58:ComposeMedia) ComposeMedia parameter validation passed [req_id=832384928031134592]
[2025-Nov-03 22:39:46.497516] <info>: (MediaHandler.h:68:ComposeMedia) ComposeMedia completed [req_id=832384928031134592, return media count=0]
[2025-Nov-03 22:39:51.846650] <info>: (MediaHandler.h:36:ComposeMedia) Received ComposeMedia request [req_id=942853303312170880, media_ids count=0, media_types count=0]
[2025-Nov-03 22:39:51.846995] <info>: (MediaHandler.h:58:ComposeMedia) ComposeMedia parameter validation passed [req_id=942853303312170880]
[2025-Nov-03 22:39:51.847118] <info>: (MediaHandler.h:68:ComposeMedia) ComposeMedia completed [req_id=942853303312170880, return media count=0]
[2025-Nov-03 22:39:57.199199] <info>: (MediaHandler.h:36:ComposeMedia) Received ComposeMedia request [req_id=603067313607102720, media_ids count=0, media_types count=0]
[2025-Nov-03 22:39:57.199371] <info>: (MediaHandler.h:58:ComposeMedia) ComposeMedia parameter validation passed [req_id=603067313607102720]
[2025-Nov-03 22:39:57.199413] <info>: (MediaHandler.h:68:ComposeMedia) ComposeMedia completed [req_id=603067313607102720, return media count=0]
[2025-Nov-03 22:40:02.549889] <info>: (MediaHandler.h:36:ComposeMedia) Received ComposeMedia request [req_id=628249647316818688, media_ids count=0, media_types count=0]
[2025-Nov-03 22:40:02.550025] <info>: (MediaHandler.h:58:ComposeMedia) ComposeMedia parameter validation passed [req_id=628249647316818688]
[2025-Nov-03 22:40:02.550054] <info>: (MediaHandler.h:68:ComposeMedia) ComposeMedia completed [req_id=628249647316818688, return media count=0]
[2025-Nov-03 22:40:07.914704] <info>: (MediaHandler.h:36:ComposeMedia) Received ComposeMedia request [req_id=256616114881935520, media_ids count=0, media_types count=0]
[2025-Nov-03 22:40:07.914864] <info>: (MediaHandler.h:58:ComposeMedia) ComposeMedia parameter validation passed [req_id=256616114881935520]
[2025-Nov-03 22:40:07.914898] <info>: (MediaHandler.h:68:ComposeMedia) ComposeMedia completed [req_id=256616114881935520, return media count=0]
[2025-Nov-03 22:40:13.276238] <info>: (MediaHandler.h:36:ComposeMedia) Received ComposeMedia request [req_id=630687381367352832, media_ids count=0, media_types count=0]
[2025-Nov-03 22:40:13.276372] <info>: (MediaHandler.h:58:ComposeMedia) ComposeMedia parameter validation passed [req_id=630687381367352832]
[2025-Nov-03 22:40:13.276401] <info>: (MediaHandler.h:68:ComposeMedia) ComposeMedia completed [req_id=630687381367352832, return media count=0]
[2025-Nov-03 22:40:18.628114] <info>: (MediaHandler.h:36:ComposeMedia) Received ComposeMedia request [req_id=23308638277574068, media_ids count=0, media_types count=0]
[2025-Nov-03 22:40:18.628249] <info>: (MediaHandler.h:58:ComposeMedia) ComposeMedia parameter validation passed [req_id=23308638277574068]
[2025-Nov-03 22:40:18.628277] <info>: (MediaHandler.h:68:ComposeMedia) ComposeMedia completed [req_id=23308638277574068, return media count=0]
[2025-Nov-03 22:40:23.997130] <info>: (MediaHandler.h:36:ComposeMedia) Received ComposeMedia request [req_id=308803635106092416, media_ids count=0, media_types count=0]
[2025-Nov-03 22:40:23.997274] <info>: (MediaHandler.h:58:ComposeMedia) ComposeMedia parameter validation passed [req_id=308803635106092416]
[2025-Nov-03 22:40:23.997301] <info>: (MediaHandler.h:68:ComposeMedia) ComposeMedia completed [req_id=308803635106092416, return media count=0]
[2025-Nov-03 22:40:29.368844] <info>: (MediaHandler.h:36:ComposeMedia) Received ComposeMedia request [req_id=1081628713435035648, media_ids count=0, media_types count=0]
[2025-Nov-03 22:40:29.368982] <info>: (MediaHandler.h:58:ComposeMedia) ComposeMedia parameter validation passed [req_id=1081628713435035648]
[2025-Nov-03 22:40:29.369214] <info>: (MediaHandler.h:68:ComposeMedia) ComposeMedia completed [req_id=1081628713435035648, return media count=0]
[2025-Nov-03 22:40:34.719398] <info>: (MediaHandler.h:36:ComposeMedia) Received ComposeMedia request [req_id=1037187797696987008, media_ids count=0, media_types count=0]
[2025-Nov-03 22:40:34.719648] <info>: (MediaHandler.h:58:ComposeMedia) ComposeMedia parameter validation passed [req_id=1037187797696987008]
[2025-Nov-03 22:40:34.719727] <info>: (MediaHandler.h:68:ComposeMedia) ComposeMedia completed [req_id=1037187797696987008, return media count=0]
[2025-Nov-03 22:40:40.061406] <info>: (MediaHandler.h:36:ComposeMedia) Received ComposeMedia request [req_id=95831668206259024, media_ids count=0, media_types count=0]
[2025-Nov-03 22:40:40.062007] <info>: (MediaHandler.h:58:ComposeMedia) ComposeMedia parameter validation passed [req_id=95831668206259024]
[2025-Nov-03 22:40:40.062139] <info>: (MediaHandler.h:68:ComposeMedia) ComposeMedia completed [req_id=95831668206259024, return media count=0]
[2025-Nov-03 22:40:45.435027] <info>: (MediaHandler.h:36:ComposeMedia) Received ComposeMedia request [req_id=1148025602196169472, media_ids count=0, media_types count=0]
[2025-Nov-03 22:40:45.435238] <info>: (MediaHandler.h:58:ComposeMedia) ComposeMedia parameter validation passed [req_id=1148025602196169472]
[2025-Nov-03 22:40:45.435315] <info>: (MediaHandler.h:68:ComposeMedia) ComposeMedia completed [req_id=1148025602196169472, return media count=0]
[2025-Nov-03 22:40:50.777012] <info>: (MediaHandler.h:36:ComposeMedia) Received ComposeMedia request [req_id=983977041586532352, media_ids count=0, media_types count=0]
[2025-Nov-03 22:40:50.777252] <info>: (MediaHandler.h:58:ComposeMedia) ComposeMedia parameter validation passed [req_id=983977041586532352]
[2025-Nov-03 22:40:50.777292] <info>: (MediaHandler.h:68:ComposeMedia) ComposeMedia completed [req_id=983977041586532352, return media count=0]
[2025-Nov-03 22:40:56.128023] <info>: (MediaHandler.h:36:ComposeMedia) Received ComposeMedia request [req_id=909908254794464256, media_ids count=0, media_types count=0]
[2025-Nov-03 22:40:56.128189] <info>: (MediaHandler.h:58:ComposeMedia) ComposeMedia parameter validation passed [req_id=909908254794464256]
[2025-Nov-03 22:40:56.128224] <info>: (MediaHandler.h:68:ComposeMedia) ComposeMedia completed [req_id=909908254794464256, return media count=0]
[2025-Nov-03 22:41:01.482923] <info>: (MediaHandler.h:36:ComposeMedia) Received ComposeMedia request [req_id=36792078996734568, media_ids count=0, media_types count=0]
[2025-Nov-03 22:41:01.483257] <info>: (MediaHandler.h:58:ComposeMedia) ComposeMedia parameter validation passed [req_id=36792078996734568]
[2025-Nov-03 22:41:01.483504] <info>: (MediaHandler.h:68:ComposeMedia) ComposeMedia completed [req_id=36792078996734568, return media count=0]
[2025-Nov-03 22:41:06.829103] <info>: (MediaHandler.h:36:ComposeMedia) Received ComposeMedia request [req_id=150676268012697888, media_ids count=0, media_types count=0]
[2025-Nov-03 22:41:06.829272] <info>: (MediaHandler.h:58:ComposeMedia) ComposeMedia parameter validation passed [req_id=150676268012697888]
[2025-Nov-03 22:41:06.829310] <info>: (MediaHandler.h:68:ComposeMedia) ComposeMedia completed [req_id=150676268012697888, return media count=0]
[2025-Nov-03 22:41:12.185374] <info>: (MediaHandler.h:36:ComposeMedia) Received ComposeMedia request [req_id=427345924099960384, media_ids count=0, media_types count=0]
[2025-Nov-03 22:41:12.185594] <info>: (MediaHandler.h:58:ComposeMedia) ComposeMedia parameter validation passed [req_id=427345924099960384]
[2025-Nov-03 22:41:12.185634] <info>: (MediaHandler.h:68:ComposeMedia) ComposeMedia completed [req_id=427345924099960384, return media count=0]
[2025-Nov-03 22:41:17.527193] <info>: (MediaHandler.h:36:ComposeMedia) Received ComposeMedia request [req_id=334982082019050176, media_ids count=0, media_types count=0]
[2025-Nov-03 22:41:17.527342] <info>: (MediaHandler.h:58:ComposeMedia) ComposeMedia parameter validation passed [req_id=334982082019050176]
[2025-Nov-03 22:41:17.527367] <info>: (MediaHandler.h:68:ComposeMedia) ComposeMedia completed [req_id=334982082019050176, return media count=0]
[2025-Nov-03 22:41:22.874154] <info>: (MediaHandler.h:36:ComposeMedia) Received ComposeMedia request [req_id=320752619150382784, media_ids count=0, media_types count=0]
[2025-Nov-03 22:41:22.874285] <info>: (MediaHandler.h:58:ComposeMedia) ComposeMedia parameter validation passed [req_id=320752619150382784]
[2025-Nov-03 22:41:22.874310] <info>: (MediaHandler.h:68:ComposeMedia) ComposeMedia completed [req_id=320752619150382784, return media count=0]
[2025-Nov-03 22:41:28.221262] <info>: (MediaHandler.h:36:ComposeMedia) Received ComposeMedia request [req_id=210998619977381216, media_ids count=0, media_types count=0]
[2025-Nov-03 22:41:28.221407] <info>: (MediaHandler.h:58:ComposeMedia) ComposeMedia parameter validation passed [req_id=210998619977381216]
[2025-Nov-03 22:41:28.221449] <info>: (MediaHandler.h:68:ComposeMedia) ComposeMedia completed [req_id=210998619977381216, return media count=0]
[2025-Nov-03 22:41:33.603873] <info>: (MediaHandler.h:36:ComposeMedia) Received ComposeMedia request [req_id=1129742626639185024, media_ids count=0, media_types count=0]
[2025-Nov-03 22:41:33.604063] <info>: (MediaHandler.h:58:ComposeMedia) ComposeMedia parameter validation passed [req_id=1129742626639185024]
[2025-Nov-03 22:41:33.604115] <info>: (MediaHandler.h:68:ComposeMedia) ComposeMedia completed [req_id=1129742626639185024, return media count=0]
[2025-Nov-03 22:41:38.966290] <info>: (MediaHandler.h:36:ComposeMedia) Received ComposeMedia request [req_id=93205156120819216, media_ids count=0, media_types count=0]
[2025-Nov-03 22:41:38.966745] <info>: (MediaHandler.h:58:ComposeMedia) ComposeMedia parameter validation passed [req_id=93205156120819216]
[2025-Nov-03 22:41:38.966954] <info>: (MediaHandler.h:68:ComposeMedia) ComposeMedia completed [req_id=93205156120819216, return media count=0]
[2025-Nov-03 22:41:44.358498] <info>: (MediaHandler.h:36:ComposeMedia) Received ComposeMedia request [req_id=342155871073148736, media_ids count=0, media_types count=0]
[2025-Nov-03 22:41:44.358812] <info>: (MediaHandler.h:58:ComposeMedia) ComposeMedia parameter validation passed [req_id=342155871073148736]
[2025-Nov-03 22:41:44.358856] <info>: (MediaHandler.h:68:ComposeMedia) ComposeMedia completed [req_id=342155871073148736, return media count=0]
[2025-Nov-03 22:41:49.713252] <info>: (MediaHandler.h:36:ComposeMedia) Received ComposeMedia request [req_id=941784649682149248, media_ids count=0, media_types count=0]
[2025-Nov-03 22:41:49.713389] <info>: (MediaHandler.h:58:ComposeMedia) ComposeMedia parameter validation passed [req_id=941784649682149248]
[2025-Nov-03 22:41:49.713433] <info>: (MediaHandler.h:68:ComposeMedia) ComposeMedia completed [req_id=941784649682149248, return media count=0]
[2025-Nov-03 22:41:55.075794] <info>: (MediaHandler.h:36:ComposeMedia) Received ComposeMedia request [req_id=1081123208161922176, media_ids count=0, media_types count=0]
[2025-Nov-03 22:41:55.076089] <info>: (MediaHandler.h:58:ComposeMedia) ComposeMedia parameter validation passed [req_id=1081123208161922176]
[2025-Nov-03 22:41:55.076132] <info>: (MediaHandler.h:68:ComposeMedia) ComposeMedia completed [req_id=1081123208161922176, return media count=0]
[2025-Nov-03 22:42:00.440516] <info>: (MediaHandler.h:36:ComposeMedia) Received ComposeMedia request [req_id=260319609733533472, media_ids count=0, media_types count=0]
[2025-Nov-03 22:42:00.441067] <info>: (MediaHandler.h:58:ComposeMedia) ComposeMedia parameter validation passed [req_id=260319609733533472]
[2025-Nov-03 22:42:00.441232] <info>: (MediaHandler.h:68:ComposeMedia) ComposeMedia completed [req_id=260319609733533472, return media count=0]
[2025-Nov-03 22:42:05.820079] <info>: (MediaHandler.h:36:ComposeMedia) Received ComposeMedia request [req_id=845339077098639104, media_ids count=0, media_types count=0]
[2025-Nov-03 22:42:05.820219] <info>: (MediaHandler.h:58:ComposeMedia) ComposeMedia parameter validation passed [req_id=845339077098639104]
[2025-Nov-03 22:42:05.820245] <info>: (MediaHandler.h:68:ComposeMedia) ComposeMedia completed [req_id=845339077098639104, return media count=0]
[2025-Nov-03 22:42:11.179634] <info>: (MediaHandler.h:36:ComposeMedia) Received ComposeMedia request [req_id=401267033602031616, media_ids count=0, media_types count=0]
[2025-Nov-03 22:42:11.180080] <info>: (MediaHandler.h:58:ComposeMedia) ComposeMedia parameter validation passed [req_id=401267033602031616]
[2025-Nov-03 22:42:11.180120] <info>: (MediaHandler.h:68:ComposeMedia) ComposeMedia completed [req_id=401267033602031616, return media count=0]
[2025-Nov-03 22:42:16.539664] <info>: (MediaHandler.h:36:ComposeMedia) Received ComposeMedia request [req_id=590365501493629824, media_ids count=0, media_types count=0]
[2025-Nov-03 22:42:16.539840] <info>: (MediaHandler.h:58:ComposeMedia) ComposeMedia parameter validation passed [req_id=590365501493629824]
[2025-Nov-03 22:42:16.539870] <info>: (MediaHandler.h:68:ComposeMedia) ComposeMedia completed [req_id=590365501493629824, return media count=0]
[2025-Nov-03 22:42:21.910887] <info>: (MediaHandler.h:36:ComposeMedia) Received ComposeMedia request [req_id=1004235537357494784, media_ids count=0, media_types count=0]
[2025-Nov-03 22:42:21.911068] <info>: (MediaHandler.h:58:ComposeMedia) ComposeMedia parameter validation passed [req_id=1004235537357494784]
[2025-Nov-03 22:42:21.911105] <info>: (MediaHandler.h:68:ComposeMedia) ComposeMedia completed [req_id=1004235537357494784, return media count=0]
[2025-Nov-03 22:42:27.286144] <info>: (MediaHandler.h:36:ComposeMedia) Received ComposeMedia request [req_id=1036377540248792832, media_ids count=0, media_types count=0]
[2025-Nov-03 22:42:27.286273] <info>: (MediaHandler.h:58:ComposeMedia) ComposeMedia parameter validation passed [req_id=1036377540248792832]
[2025-Nov-03 22:42:27.286305] <info>: (MediaHandler.h:68:ComposeMedia) ComposeMedia completed [req_id=1036377540248792832, return media count=0]
[2025-Nov-03 22:42:32.653219] <info>: (MediaHandler.h:36:ComposeMedia) Received ComposeMedia request [req_id=445008554633850752, media_ids count=0, media_types count=0]
[2025-Nov-03 22:42:32.653396] <info>: (MediaHandler.h:58:ComposeMedia) ComposeMedia parameter validation passed [req_id=445008554633850752]
[2025-Nov-03 22:42:32.653453] <info>: (MediaHandler.h:68:ComposeMedia) ComposeMedia completed [req_id=445008554633850752, return media count=0]
[2025-Nov-03 22:42:38.046883] <info>: (MediaHandler.h:36:ComposeMedia) Received ComposeMedia request [req_id=1056590627766098304, media_ids count=0, media_types count=0]
[2025-Nov-03 22:42:38.047111] <info>: (MediaHandler.h:58:ComposeMedia) ComposeMedia parameter validation passed [req_id=1056590627766098304]
[2025-Nov-03 22:42:38.047832] <info>: (MediaHandler.h:68:ComposeMedia) ComposeMedia completed [req_id=1056590627766098304, return media count=0]
[2025-Nov-03 22:42:43.406703] <info>: (MediaHandler.h:36:ComposeMedia) Received ComposeMedia request [req_id=220594908450985760, media_ids count=0, media_types count=0]
[2025-Nov-03 22:42:43.407369] <info>: (MediaHandler.h:58:ComposeMedia) ComposeMedia parameter validation passed [req_id=220594908450985760]
[2025-Nov-03 22:42:43.407469] <info>: (MediaHandler.h:68:ComposeMedia) ComposeMedia completed [req_id=220594908450985760, return media count=0]
[2025-Nov-03 22:42:48.758785] <info>: (MediaHandler.h:36:ComposeMedia) Received ComposeMedia request [req_id=787252694700670080, media_ids count=0, media_types count=0]
[2025-Nov-03 22:42:48.758952] <info>: (MediaHandler.h:58:ComposeMedia) ComposeMedia parameter validation passed [req_id=787252694700670080]
[2025-Nov-03 22:42:48.758982] <info>: (MediaHandler.h:68:ComposeMedia) ComposeMedia completed [req_id=787252694700670080, return media count=0]
[2025-Nov-03 22:42:54.126452] <info>: (MediaHandler.h:36:ComposeMedia) Received ComposeMedia request [req_id=1150485323136052224, media_ids count=0, media_types count=0]
[2025-Nov-03 22:42:54.126629] <info>: (MediaHandler.h:58:ComposeMedia) ComposeMedia parameter validation passed [req_id=1150485323136052224]
[2025-Nov-03 22:42:54.126660] <info>: (MediaHandler.h:68:ComposeMedia) ComposeMedia completed [req_id=1150485323136052224, return media count=0]
[2025-Nov-03 22:42:59.480297] <info>: (MediaHandler.h:36:ComposeMedia) Received ComposeMedia request [req_id=509603015810144896, media_ids count=0, media_types count=0]
[2025-Nov-03 22:42:59.480475] <info>: (MediaHandler.h:58:ComposeMedia) ComposeMedia parameter validation passed [req_id=509603015810144896]
[2025-Nov-03 22:42:59.480506] <info>: (MediaHandler.h:68:ComposeMedia) ComposeMedia completed [req_id=509603015810144896, return media count=0]
[2025-Nov-03 22:43:04.838332] <info>: (MediaHandler.h:36:ComposeMedia) Received ComposeMedia request [req_id=998484157982744064, media_ids count=0, media_types count=0]
[2025-Nov-03 22:43:04.838566] <info>: (MediaHandler.h:58:ComposeMedia) ComposeMedia parameter validation passed [req_id=998484157982744064]
[2025-Nov-03 22:43:04.838596] <info>: (MediaHandler.h:68:ComposeMedia) ComposeMedia completed [req_id=998484157982744064, return media count=0]
[2025-Nov-03 22:43:10.183855] <info>: (MediaHandler.h:36:ComposeMedia) Received ComposeMedia request [req_id=559460041882916224, media_ids count=0, media_types count=0]
[2025-Nov-03 22:43:10.183994] <info>: (MediaHandler.h:58:ComposeMedia) ComposeMedia parameter validation passed [req_id=559460041882916224]
[2025-Nov-03 22:43:10.184054] <info>: (MediaHandler.h:68:ComposeMedia) ComposeMedia completed [req_id=559460041882916224, return media count=0]
[2025-Nov-03 22:43:15.532078] <info>: (MediaHandler.h:36:ComposeMedia) Received ComposeMedia request [req_id=960754193547736320, media_ids count=0, media_types count=0]
[2025-Nov-03 22:43:15.532212] <info>: (MediaHandler.h:58:ComposeMedia) ComposeMedia parameter validation passed [req_id=960754193547736320]
[2025-Nov-03 22:43:15.532241] <info>: (MediaHandler.h:68:ComposeMedia) ComposeMedia completed [req_id=960754193547736320, return media count=0]
[2025-Nov-03 22:43:20.887985] <info>: (MediaHandler.h:36:ComposeMedia) Received ComposeMedia request [req_id=805875183315535744, media_ids count=0, media_types count=0]
[2025-Nov-03 22:43:20.888268] <info>: (MediaHandler.h:58:ComposeMedia) ComposeMedia parameter validation passed [req_id=805875183315535744]
[2025-Nov-03 22:43:20.888428] <info>: (MediaHandler.h:68:ComposeMedia) ComposeMedia completed [req_id=805875183315535744, return media count=0]
[2025-Nov-03 22:43:26.236279] <info>: (MediaHandler.h:36:ComposeMedia) Received ComposeMedia request [req_id=308623861943712512, media_ids count=0, media_types count=0]
[2025-Nov-03 22:43:26.236421] <info>: (MediaHandler.h:58:ComposeMedia) ComposeMedia parameter validation passed [req_id=308623861943712512]
[2025-Nov-03 22:43:26.236450] <info>: (MediaHandler.h:68:ComposeMedia) ComposeMedia completed [req_id=308623861943712512, return media count=0]
[2025-Nov-03 22:43:31.583999] <info>: (MediaHandler.h:36:ComposeMedia) Received ComposeMedia request [req_id=1063653396066419968, media_ids count=0, media_types count=0]
[2025-Nov-03 22:43:31.584192] <info>: (MediaHandler.h:58:ComposeMedia) ComposeMedia parameter validation passed [req_id=1063653396066419968]
[2025-Nov-03 22:43:31.584256] <info>: (MediaHandler.h:68:ComposeMedia) ComposeMedia completed [req_id=1063653396066419968, return media count=0]
[2025-Nov-03 22:43:36.987291] <info>: (MediaHandler.h:36:ComposeMedia) Received ComposeMedia request [req_id=776907275430826624, media_ids count=0, media_types count=0]
[2025-Nov-03 22:43:36.987484] <info>: (MediaHandler.h:58:ComposeMedia) ComposeMedia parameter validation passed [req_id=776907275430826624]
[2025-Nov-03 22:43:36.987511] <info>: (MediaHandler.h:68:ComposeMedia) ComposeMedia completed [req_id=776907275430826624, return media count=0]
[2025-Nov-03 22:43:42.340882] <info>: (MediaHandler.h:36:ComposeMedia) Received ComposeMedia request [req_id=1101536481016919296, media_ids count=0, media_types count=0]
[2025-Nov-03 22:43:42.341057] <info>: (MediaHandler.h:58:ComposeMedia) ComposeMedia parameter validation passed [req_id=1101536481016919296]
[2025-Nov-03 22:43:42.341101] <info>: (MediaHandler.h:68:ComposeMedia) ComposeMedia completed [req_id=1101536481016919296, return media count=0]
[2025-Nov-03 22:43:47.697676] <info>: (MediaHandler.h:36:ComposeMedia) Received ComposeMedia request [req_id=227762846936466496, media_ids count=0, media_types count=0]
[2025-Nov-03 22:43:47.697835] <info>: (MediaHandler.h:58:ComposeMedia) ComposeMedia parameter validation passed [req_id=227762846936466496]
[2025-Nov-03 22:43:47.697869] <info>: (MediaHandler.h:68:ComposeMedia) ComposeMedia completed [req_id=227762846936466496, return media count=0]
[2025-Nov-03 22:43:53.075417] <info>: (MediaHandler.h:36:ComposeMedia) Received ComposeMedia request [req_id=698450280393518336, media_ids count=0, media_types count=0]
[2025-Nov-03 22:43:53.075588] <info>: (MediaHandler.h:58:ComposeMedia) ComposeMedia parameter validation passed [req_id=698450280393518336]
[2025-Nov-03 22:43:53.075672] <info>: (MediaHandler.h:68:ComposeMedia) ComposeMedia completed [req_id=698450280393518336, return media count=0]
[2025-Nov-03 22:43:58.437442] <info>: (MediaHandler.h:36:ComposeMedia) Received ComposeMedia request [req_id=857079828397967488, media_ids count=0, media_types count=0]
[2025-Nov-03 22:43:58.437576] <info>: (MediaHandler.h:58:ComposeMedia) ComposeMedia parameter validation passed [req_id=857079828397967488]
[2025-Nov-03 22:43:58.437600] <info>: (MediaHandler.h:68:ComposeMedia) ComposeMedia completed [req_id=857079828397967488, return media count=0]
[2025-Nov-03 22:44:03.799996] <info>: (MediaHandler.h:36:ComposeMedia) Received ComposeMedia request [req_id=690713291793574912, media_ids count=0, media_types count=0]
[2025-Nov-03 22:44:03.800369] <info>: (MediaHandler.h:58:ComposeMedia) ComposeMedia parameter validation passed [req_id=690713291793574912]
[2025-Nov-03 22:44:03.800480] <info>: (MediaHandler.h:68:ComposeMedia) ComposeMedia completed [req_id=690713291793574912, return media count=0]
[2025-Nov-03 22:44:09.209835] <info>: (MediaHandler.h:36:ComposeMedia) Received ComposeMedia request [req_id=789222136684040832, media_ids count=0, media_types count=0]
[2025-Nov-03 22:44:09.210056] <info>: (MediaHandler.h:58:ComposeMedia) ComposeMedia parameter validation passed [req_id=789222136684040832]
[2025-Nov-03 22:44:09.210097] <info>: (MediaHandler.h:68:ComposeMedia) ComposeMedia completed [req_id=789222136684040832, return media count=0]
[2025-Nov-03 22:44:14.577500] <info>: (MediaHandler.h:36:ComposeMedia) Received ComposeMedia request [req_id=955124471253568512, media_ids count=0, media_types count=0]
[2025-Nov-03 22:44:14.577638] <info>: (MediaHandler.h:58:ComposeMedia) ComposeMedia parameter validation passed [req_id=955124471253568512]
[2025-Nov-03 22:44:14.577664] <info>: (MediaHandler.h:68:ComposeMedia) ComposeMedia completed [req_id=955124471253568512, return media count=0]
[2025-Nov-03 22:44:19.932629] <info>: (MediaHandler.h:36:ComposeMedia) Received ComposeMedia request [req_id=929875545129909504, media_ids count=0, media_types count=0]
[2025-Nov-03 22:44:19.932962] <info>: (MediaHandler.h:58:ComposeMedia) ComposeMedia parameter validation passed [req_id=929875545129909504]
[2025-Nov-03 22:44:19.932997] <info>: (MediaHandler.h:68:ComposeMedia) ComposeMedia completed [req_id=929875545129909504, return media count=0]
[2025-Nov-03 22:44:25.286108] <info>: (MediaHandler.h:36:ComposeMedia) Received ComposeMedia request [req_id=452502615735605888, media_ids count=0, media_types count=0]
[2025-Nov-03 22:44:25.286244] <info>: (MediaHandler.h:58:ComposeMedia) ComposeMedia parameter validation passed [req_id=452502615735605888]
[2025-Nov-03 22:44:25.286274] <info>: (MediaHandler.h:68:ComposeMedia) ComposeMedia completed [req_id=452502615735605888, return media count=0]
[2025-Nov-03 22:44:30.655187] <info>: (MediaHandler.h:36:ComposeMedia) Received ComposeMedia request [req_id=184975254457263872, media_ids count=0, media_types count=0]
[2025-Nov-03 22:44:30.655695] <info>: (MediaHandler.h:58:ComposeMedia) ComposeMedia parameter validation passed [req_id=184975254457263872]
[2025-Nov-03 22:44:30.655733] <info>: (MediaHandler.h:68:ComposeMedia) ComposeMedia completed [req_id=184975254457263872, return media count=0]
[2025-Nov-03 22:44:36.038890] <info>: (MediaHandler.h:36:ComposeMedia) Received ComposeMedia request [req_id=584988873855391104, media_ids count=0, media_types count=0]
[2025-Nov-03 22:44:36.039061] <info>: (MediaHandler.h:58:ComposeMedia) ComposeMedia parameter validation passed [req_id=584988873855391104]
[2025-Nov-03 22:44:36.039098] <info>: (MediaHandler.h:68:ComposeMedia) ComposeMedia completed [req_id=584988873855391104, return media count=0]
[2025-Nov-03 22:44:41.381875] <info>: (MediaHandler.h:36:ComposeMedia) Received ComposeMedia request [req_id=1036490367135021824, media_ids count=0, media_types count=0]
[2025-Nov-03 22:44:41.382303] <info>: (MediaHandler.h:58:ComposeMedia) ComposeMedia parameter validation passed [req_id=1036490367135021824]
[2025-Nov-03 22:44:41.382501] <info>: (MediaHandler.h:68:ComposeMedia) ComposeMedia completed [req_id=1036490367135021824, return media count=0]
[2025-Nov-03 22:44:46.725659] <info>: (MediaHandler.h:36:ComposeMedia) Received ComposeMedia request [req_id=777987796626723200, media_ids count=0, media_types count=0]
[2025-Nov-03 22:44:46.725824] <info>: (MediaHandler.h:58:ComposeMedia) ComposeMedia parameter validation passed [req_id=777987796626723200]
[2025-Nov-03 22:44:46.725859] <info>: (MediaHandler.h:68:ComposeMedia) ComposeMedia completed [req_id=777987796626723200, return media count=0]
[2025-Nov-03 22:44:52.111081] <info>: (MediaHandler.h:36:ComposeMedia) Received ComposeMedia request [req_id=775139357239627904, media_ids count=0, media_types count=0]
[2025-Nov-03 22:44:52.111296] <info>: (MediaHandler.h:58:ComposeMedia) ComposeMedia parameter validation passed [req_id=775139357239627904]
[2025-Nov-03 22:44:52.111328] <info>: (MediaHandler.h:68:ComposeMedia) ComposeMedia completed [req_id=775139357239627904, return media count=0]
[2025-Nov-03 22:44:57.460571] <info>: (MediaHandler.h:36:ComposeMedia) Received ComposeMedia request [req_id=447165923743242624, media_ids count=0, media_types count=0]
[2025-Nov-03 22:44:57.460745] <info>: (MediaHandler.h:58:ComposeMedia) ComposeMedia parameter validation passed [req_id=447165923743242624]
[2025-Nov-03 22:44:57.460801] <info>: (MediaHandler.h:68:ComposeMedia) ComposeMedia completed [req_id=447165923743242624, return media count=0]
[2025-Nov-03 22:45:02.814489] <info>: (MediaHandler.h:36:ComposeMedia) Received ComposeMedia request [req_id=135000457478613824, media_ids count=0, media_types count=0]
[2025-Nov-03 22:45:02.814619] <info>: (MediaHandler.h:58:ComposeMedia) ComposeMedia parameter validation passed [req_id=135000457478613824]
[2025-Nov-03 22:45:02.814653] <info>: (MediaHandler.h:68:ComposeMedia) ComposeMedia completed [req_id=135000457478613824, return media count=0]
[2025-Nov-03 22:45:08.170311] <info>: (MediaHandler.h:36:ComposeMedia) Received ComposeMedia request [req_id=15086813828607954, media_ids count=0, media_types count=0]
[2025-Nov-03 22:45:08.170483] <info>: (MediaHandler.h:58:ComposeMedia) ComposeMedia parameter validation passed [req_id=15086813828607954]
[2025-Nov-03 22:45:08.170548] <info>: (MediaHandler.h:68:ComposeMedia) ComposeMedia completed [req_id=15086813828607954, return media count=0]
[2025-Nov-03 22:45:13.544609] <info>: (MediaHandler.h:36:ComposeMedia) Received ComposeMedia request [req_id=630533173733597568, media_ids count=0, media_types count=0]
[2025-Nov-03 22:45:13.544752] <info>: (MediaHandler.h:58:ComposeMedia) ComposeMedia parameter validation passed [req_id=630533173733597568]
[2025-Nov-03 22:45:13.544853] <info>: (MediaHandler.h:68:ComposeMedia) ComposeMedia completed [req_id=630533173733597568, return media count=0]
[2025-Nov-03 22:45:18.920539] <info>: (MediaHandler.h:36:ComposeMedia) Received ComposeMedia request [req_id=36224845870143072, media_ids count=0, media_types count=0]
[2025-Nov-03 22:45:18.920706] <info>: (MediaHandler.h:58:ComposeMedia) ComposeMedia parameter validation passed [req_id=36224845870143072]
[2025-Nov-03 22:45:18.920739] <info>: (MediaHandler.h:68:ComposeMedia) ComposeMedia completed [req_id=36224845870143072, return media count=0]
[2025-Nov-03 22:45:24.285516] <info>: (MediaHandler.h:36:ComposeMedia) Received ComposeMedia request [req_id=1128512673294011264, media_ids count=0, media_types count=0]
[2025-Nov-03 22:45:24.285644] <info>: (MediaHandler.h:58:ComposeMedia) ComposeMedia parameter validation passed [req_id=1128512673294011264]
[2025-Nov-03 22:45:24.285670] <info>: (MediaHandler.h:68:ComposeMedia) ComposeMedia completed [req_id=1128512673294011264, return media count=0]
[2025-Nov-03 22:45:29.629472] <info>: (MediaHandler.h:36:ComposeMedia) Received ComposeMedia request [req_id=1029140306415101056, media_ids count=0, media_types count=0]
[2025-Nov-03 22:45:29.629660] <info>: (MediaHandler.h:58:ComposeMedia) ComposeMedia parameter validation passed [req_id=1029140306415101056]
[2025-Nov-03 22:45:29.629709] <info>: (MediaHandler.h:68:ComposeMedia) ComposeMedia completed [req_id=1029140306415101056, return media count=0]
[2025-Nov-03 22:45:34.998997] <info>: (MediaHandler.h:36:ComposeMedia) Received ComposeMedia request [req_id=264844725479422976, media_ids count=0, media_types count=0]
[2025-Nov-03 22:45:34.999217] <info>: (MediaHandler.h:58:ComposeMedia) ComposeMedia parameter validation passed [req_id=264844725479422976]
[2025-Nov-03 22:45:34.999277] <info>: (MediaHandler.h:68:ComposeMedia) ComposeMedia completed [req_id=264844725479422976, return media count=0]
[2025-Nov-03 22:45:40.368072] <info>: (MediaHandler.h:36:ComposeMedia) Received ComposeMedia request [req_id=896793977898585600, media_ids count=0, media_types count=0]
[2025-Nov-03 22:45:40.368205] <info>: (MediaHandler.h:58:ComposeMedia) ComposeMedia parameter validation passed [req_id=896793977898585600]
[2025-Nov-03 22:45:40.368236] <info>: (MediaHandler.h:68:ComposeMedia) ComposeMedia completed [req_id=896793977898585600, return media count=0]
[2025-Nov-03 22:45:45.754965] <info>: (MediaHandler.h:36:ComposeMedia) Received ComposeMedia request [req_id=232030084746867552, media_ids count=0, media_types count=0]
[2025-Nov-03 22:45:45.755224] <info>: (MediaHandler.h:58:ComposeMedia) ComposeMedia parameter validation passed [req_id=232030084746867552]
[2025-Nov-03 22:45:45.755263] <info>: (MediaHandler.h:68:ComposeMedia) ComposeMedia completed [req_id=232030084746867552, return media count=0]
[2025-Nov-03 22:45:51.166993] <info>: (MediaHandler.h:36:ComposeMedia) Received ComposeMedia request [req_id=829001416188859776, media_ids count=0, media_types count=0]
[2025-Nov-03 22:45:51.167162] <info>: (MediaHandler.h:58:ComposeMedia) ComposeMedia parameter validation passed [req_id=829001416188859776]
[2025-Nov-03 22:45:51.167215] <info>: (MediaHandler.h:68:ComposeMedia) ComposeMedia completed [req_id=829001416188859776, return media count=0]
[2025-Nov-03 22:45:56.546626] <info>: (MediaHandler.h:36:ComposeMedia) Received ComposeMedia request [req_id=865785054845432832, media_ids count=0, media_types count=0]
[2025-Nov-03 22:45:56.546810] <info>: (MediaHandler.h:58:ComposeMedia) ComposeMedia parameter validation passed [req_id=865785054845432832]
[2025-Nov-03 22:45:56.546856] <info>: (MediaHandler.h:68:ComposeMedia) ComposeMedia completed [req_id=865785054845432832, return media count=0]
[2025-Nov-03 22:46:01.897302] <info>: (MediaHandler.h:36:ComposeMedia) Received ComposeMedia request [req_id=236906116888883904, media_ids count=0, media_types count=0]
[2025-Nov-03 22:46:01.898091] <info>: (MediaHandler.h:58:ComposeMedia) ComposeMedia parameter validation passed [req_id=236906116888883904]
[2025-Nov-03 22:46:01.898131] <info>: (MediaHandler.h:68:ComposeMedia) ComposeMedia completed [req_id=236906116888883904, return media count=0]
[2025-Nov-03 22:46:07.250491] <info>: (MediaHandler.h:36:ComposeMedia) Received ComposeMedia request [req_id=141201866942233024, media_ids count=0, media_types count=0]
[2025-Nov-03 22:46:07.250976] <info>: (MediaHandler.h:58:ComposeMedia) ComposeMedia parameter validation passed [req_id=141201866942233024]
[2025-Nov-03 22:46:07.251022] <info>: (MediaHandler.h:68:ComposeMedia) ComposeMedia completed [req_id=141201866942233024, return media count=0]
[2025-Nov-03 22:46:12.612254] <info>: (MediaHandler.h:36:ComposeMedia) Received ComposeMedia request [req_id=559740791219037056, media_ids count=0, media_types count=0]
[2025-Nov-03 22:46:12.612418] <info>: (MediaHandler.h:58:ComposeMedia) ComposeMedia parameter validation passed [req_id=559740791219037056]
[2025-Nov-03 22:46:12.612479] <info>: (MediaHandler.h:68:ComposeMedia) ComposeMedia completed [req_id=559740791219037056, return media count=0]
[2025-Nov-03 22:46:17.958932] <info>: (MediaHandler.h:36:ComposeMedia) Received ComposeMedia request [req_id=742352321631930496, media_ids count=0, media_types count=0]
[2025-Nov-03 22:46:17.959076] <info>: (MediaHandler.h:58:ComposeMedia) ComposeMedia parameter validation passed [req_id=742352321631930496]
[2025-Nov-03 22:46:17.959114] <info>: (MediaHandler.h:68:ComposeMedia) ComposeMedia completed [req_id=742352321631930496, return media count=0]
[2025-Nov-03 22:46:23.335579] <info>: (MediaHandler.h:36:ComposeMedia) Received ComposeMedia request [req_id=778778352970047360, media_ids count=0, media_types count=0]
[2025-Nov-03 22:46:23.335714] <info>: (MediaHandler.h:58:ComposeMedia) ComposeMedia parameter validation passed [req_id=778778352970047360]
[2025-Nov-03 22:46:23.335744] <info>: (MediaHandler.h:68:ComposeMedia) ComposeMedia completed [req_id=778778352970047360, return media count=0]
[2025-Nov-03 22:46:28.693042] <info>: (MediaHandler.h:36:ComposeMedia) Received ComposeMedia request [req_id=463642348358750528, media_ids count=0, media_types count=0]
[2025-Nov-03 22:46:28.693592] <info>: (MediaHandler.h:58:ComposeMedia) ComposeMedia parameter validation passed [req_id=463642348358750528]
[2025-Nov-03 22:46:28.693647] <info>: (MediaHandler.h:68:ComposeMedia) ComposeMedia completed [req_id=463642348358750528, return media count=0]
[2025-Nov-03 22:46:34.051411] <info>: (MediaHandler.h:36:ComposeMedia) Received ComposeMedia request [req_id=631364463974291328, media_ids count=0, media_types count=0]
[2025-Nov-03 22:46:34.051551] <info>: (MediaHandler.h:58:ComposeMedia) ComposeMedia parameter validation passed [req_id=631364463974291328]
[2025-Nov-03 22:46:34.051579] <info>: (MediaHandler.h:68:ComposeMedia) ComposeMedia completed [req_id=631364463974291328, return media count=0]
[2025-Nov-03 22:46:39.410669] <info>: (MediaHandler.h:36:ComposeMedia) Received ComposeMedia request [req_id=17841632288635774, media_ids count=0, media_types count=0]
[2025-Nov-03 22:46:39.411123] <info>: (MediaHandler.h:58:ComposeMedia) ComposeMedia parameter validation passed [req_id=17841632288635774]
[2025-Nov-03 22:46:39.411178] <info>: (MediaHandler.h:68:ComposeMedia) ComposeMedia completed [req_id=17841632288635774, return media count=0]
