[2025-Nov-03 22:26:42.423461] <info>: (UniqueIdHandler.h:150:GetMachineId) MAC address = 02:42:ac:18:00:1b
[2025-Nov-03 22:26:42.423853] <info>: (UniqueIdService.cpp:56:main) machine_id = 13b
[2025-Nov-03 22:26:42.423943] <info>: (UniqueIdService.cpp:67:main) Starting the unique-id-service server ...
[2025-Nov-03 22:28:34.473354] <info>: (UniqueIdHandler.h:65:ComposeUniqueId) Received ComposeUniqueId request [req_id=603364211181735040, post_type=9]
[2025-Nov-03 22:28:34.473684] <info>: (UniqueIdHandler.h:85:ComposeUniqueId) ComposeUniqueId timestamp and counter [req_id=603364211181735040, timestamp=247444114473, counter=0]
[2025-Nov-03 22:28:40.140239] <info>: (UniqueIdHandler.h:65:ComposeUniqueId) Received ComposeUniqueId request [req_id=763999306239106816, post_type=9]
[2025-Nov-03 22:28:40.140433] <info>: (UniqueIdHandler.h:85:ComposeUniqueId) ComposeUniqueId timestamp and counter [req_id=763999306239106816, timestamp=247444120140, counter=0]
[2025-Nov-03 22:28:45.953457] <info>: (UniqueIdHandler.h:65:ComposeUniqueId) Received ComposeUniqueId request [req_id=582325518291394432, post_type=9]
[2025-Nov-03 22:28:45.953905] <info>: (UniqueIdHandler.h:85:ComposeUniqueId) ComposeUniqueId timestamp and counter [req_id=582325518291394432, timestamp=247444125953, counter=0]
[2025-Nov-03 22:28:51.696073] <info>: (UniqueIdHandler.h:65:ComposeUniqueId) Received ComposeUniqueId request [req_id=630275039986923264, post_type=9]
[2025-Nov-03 22:28:51.696360] <info>: (UniqueIdHandler.h:85:ComposeUniqueId) ComposeUniqueId timestamp and counter [req_id=630275039986923264, timestamp=247444131696, counter=0]
[2025-Nov-03 22:28:57.398232] <info>: (UniqueIdHandler.h:65:ComposeUniqueId) Received ComposeUniqueId request [req_id=440260253142898048, post_type=9]
[2025-Nov-03 22:28:57.398564] <info>: (UniqueIdHandler.h:85:ComposeUniqueId) ComposeUniqueId timestamp and counter [req_id=440260253142898048, timestamp=247444137398, counter=0]
[2025-Nov-03 22:29:03.086060] <info>: (UniqueIdHandler.h:65:ComposeUniqueId) Received ComposeUniqueId request [req_id=999100663047509504, post_type=9]
[2025-Nov-03 22:29:03.086305] <info>: (UniqueIdHandler.h:85:ComposeUniqueId) ComposeUniqueId timestamp and counter [req_id=999100663047509504, timestamp=247444143086, counter=0]
[2025-Nov-03 22:29:08.822464] <info>: (UniqueIdHandler.h:65:ComposeUniqueId) Received ComposeUniqueId request [req_id=452929434877008896, post_type=9]
[2025-Nov-03 22:29:08.822663] <info>: (UniqueIdHandler.h:85:ComposeUniqueId) ComposeUniqueId timestamp and counter [req_id=452929434877008896, timestamp=247444148822, counter=0]
[2025-Nov-03 22:29:14.571896] <info>: (UniqueIdHandler.h:65:ComposeUniqueId) Received ComposeUniqueId request [req_id=478499297816789312, post_type=9]
[2025-Nov-03 22:29:14.572242] <info>: (UniqueIdHandler.h:85:ComposeUniqueId) ComposeUniqueId timestamp and counter [req_id=478499297816789312, timestamp=247444154572, counter=0]
[2025-Nov-03 22:29:20.245618] <info>: (UniqueIdHandler.h:65:ComposeUniqueId) Received ComposeUniqueId request [req_id=835475391814910592, post_type=9]
[2025-Nov-03 22:29:20.246203] <info>: (UniqueIdHandler.h:85:ComposeUniqueId) ComposeUniqueId timestamp and counter [req_id=835475391814910592, timestamp=247444160246, counter=0]
[2025-Nov-03 22:29:25.954487] <info>: (UniqueIdHandler.h:65:ComposeUniqueId) Received ComposeUniqueId request [req_id=339330598480847104, post_type=9]
[2025-Nov-03 22:29:25.954662] <info>: (UniqueIdHandler.h:85:ComposeUniqueId) ComposeUniqueId timestamp and counter [req_id=339330598480847104, timestamp=247444165954, counter=0]
[2025-Nov-03 22:29:31.715561] <info>: (UniqueIdHandler.h:65:ComposeUniqueId) Received ComposeUniqueId request [req_id=7405124381902024, post_type=9]
[2025-Nov-03 22:29:31.715745] <info>: (UniqueIdHandler.h:85:ComposeUniqueId) ComposeUniqueId timestamp and counter [req_id=7405124381902024, timestamp=247444171715, counter=0]
[2025-Nov-03 22:29:37.387545] <info>: (UniqueIdHandler.h:65:ComposeUniqueId) Received ComposeUniqueId request [req_id=899577998512697472, post_type=9]
[2025-Nov-03 22:29:37.387676] <info>: (UniqueIdHandler.h:85:ComposeUniqueId) ComposeUniqueId timestamp and counter [req_id=899577998512697472, timestamp=247444177387, counter=0]
[2025-Nov-03 22:29:43.196074] <info>: (UniqueIdHandler.h:65:ComposeUniqueId) Received ComposeUniqueId request [req_id=795846785689218432, post_type=9]
[2025-Nov-03 22:29:43.196272] <info>: (UniqueIdHandler.h:85:ComposeUniqueId) ComposeUniqueId timestamp and counter [req_id=795846785689218432, timestamp=247444183196, counter=0]
[2025-Nov-03 22:29:48.813618] <info>: (UniqueIdHandler.h:65:ComposeUniqueId) Received ComposeUniqueId request [req_id=749619381510646400, post_type=9]
[2025-Nov-03 22:29:48.813834] <info>: (UniqueIdHandler.h:85:ComposeUniqueId) ComposeUniqueId timestamp and counter [req_id=749619381510646400, timestamp=247444188813, counter=0]
[2025-Nov-03 22:29:54.552666] <info>: (UniqueIdHandler.h:65:ComposeUniqueId) Received ComposeUniqueId request [req_id=529985236399617792, post_type=9]
[2025-Nov-03 22:29:54.552877] <info>: (UniqueIdHandler.h:85:ComposeUniqueId) ComposeUniqueId timestamp and counter [req_id=529985236399617792, timestamp=247444194552, counter=0]
[2025-Nov-03 22:30:00.300260] <info>: (UniqueIdHandler.h:65:ComposeUniqueId) Received ComposeUniqueId request [req_id=352755587179145536, post_type=9]
[2025-Nov-03 22:30:00.300421] <info>: (UniqueIdHandler.h:85:ComposeUniqueId) ComposeUniqueId timestamp and counter [req_id=352755587179145536, timestamp=247444200300, counter=0]
[2025-Nov-03 22:30:06.023356] <info>: (UniqueIdHandler.h:65:ComposeUniqueId) Received ComposeUniqueId request [req_id=40631604707383488, post_type=9]
[2025-Nov-03 22:30:06.023535] <info>: (UniqueIdHandler.h:85:ComposeUniqueId) ComposeUniqueId timestamp and counter [req_id=40631604707383488, timestamp=247444206023, counter=0]
[2025-Nov-03 22:30:11.813776] <info>: (UniqueIdHandler.h:65:ComposeUniqueId) Received ComposeUniqueId request [req_id=1014896202132701312, post_type=9]
[2025-Nov-03 22:30:11.813934] <info>: (UniqueIdHandler.h:85:ComposeUniqueId) ComposeUniqueId timestamp and counter [req_id=1014896202132701312, timestamp=247444211813, counter=0]
[2025-Nov-03 22:30:17.603775] <info>: (UniqueIdHandler.h:65:ComposeUniqueId) Received ComposeUniqueId request [req_id=825112757742783232, post_type=9]
[2025-Nov-03 22:30:17.603929] <info>: (UniqueIdHandler.h:85:ComposeUniqueId) ComposeUniqueId timestamp and counter [req_id=825112757742783232, timestamp=247444217603, counter=0]
[2025-Nov-03 22:30:23.393665] <info>: (UniqueIdHandler.h:65:ComposeUniqueId) Received ComposeUniqueId request [req_id=248081594832371200, post_type=9]
[2025-Nov-03 22:30:23.393909] <info>: (UniqueIdHandler.h:85:ComposeUniqueId) ComposeUniqueId timestamp and counter [req_id=248081594832371200, timestamp=247444223393, counter=0]
[2025-Nov-03 22:30:29.162809] <info>: (UniqueIdHandler.h:65:ComposeUniqueId) Received ComposeUniqueId request [req_id=808232549327630720, post_type=9]
[2025-Nov-03 22:30:29.163068] <info>: (UniqueIdHandler.h:85:ComposeUniqueId) ComposeUniqueId timestamp and counter [req_id=808232549327630720, timestamp=247444229163, counter=0]
[2025-Nov-03 22:30:34.984594] <info>: (UniqueIdHandler.h:65:ComposeUniqueId) Received ComposeUniqueId request [req_id=900530307523538, post_type=9]
[2025-Nov-03 22:30:34.984910] <info>: (UniqueIdHandler.h:85:ComposeUniqueId) ComposeUniqueId timestamp and counter [req_id=900530307523538, timestamp=247444234984, counter=0]
[2025-Nov-03 22:30:40.720220] <info>: (UniqueIdHandler.h:65:ComposeUniqueId) Received ComposeUniqueId request [req_id=9590634607029032, post_type=9]
[2025-Nov-03 22:30:40.720453] <info>: (UniqueIdHandler.h:85:ComposeUniqueId) ComposeUniqueId timestamp and counter [req_id=9590634607029032, timestamp=247444240720, counter=0]
[2025-Nov-03 22:30:46.375791] <info>: (UniqueIdHandler.h:65:ComposeUniqueId) Received ComposeUniqueId request [req_id=824602450715965440, post_type=9]
[2025-Nov-03 22:30:46.375974] <info>: (UniqueIdHandler.h:85:ComposeUniqueId) ComposeUniqueId timestamp and counter [req_id=824602450715965440, timestamp=247444246375, counter=0]
[2025-Nov-03 22:30:52.060593] <info>: (UniqueIdHandler.h:65:ComposeUniqueId) Received ComposeUniqueId request [req_id=846614934829477504, post_type=9]
[2025-Nov-03 22:30:52.060745] <info>: (UniqueIdHandler.h:85:ComposeUniqueId) ComposeUniqueId timestamp and counter [req_id=846614934829477504, timestamp=247444252060, counter=0]
[2025-Nov-03 22:30:57.797498] <info>: (UniqueIdHandler.h:65:ComposeUniqueId) Received ComposeUniqueId request [req_id=18100387461459232, post_type=9]
[2025-Nov-03 22:30:57.797664] <info>: (UniqueIdHandler.h:85:ComposeUniqueId) ComposeUniqueId timestamp and counter [req_id=18100387461459232, timestamp=247444257797, counter=0]
[2025-Nov-03 22:31:03.444596] <info>: (UniqueIdHandler.h:65:ComposeUniqueId) Received ComposeUniqueId request [req_id=1063174268605283072, post_type=9]
[2025-Nov-03 22:31:03.444743] <info>: (UniqueIdHandler.h:85:ComposeUniqueId) ComposeUniqueId timestamp and counter [req_id=1063174268605283072, timestamp=247444263444, counter=0]
[2025-Nov-03 22:31:09.175588] <info>: (UniqueIdHandler.h:65:ComposeUniqueId) Received ComposeUniqueId request [req_id=148376507508753920, post_type=9]
[2025-Nov-03 22:31:09.176160] <info>: (UniqueIdHandler.h:85:ComposeUniqueId) ComposeUniqueId timestamp and counter [req_id=148376507508753920, timestamp=247444269176, counter=0]
[2025-Nov-03 22:31:14.800079] <info>: (UniqueIdHandler.h:65:ComposeUniqueId) Received ComposeUniqueId request [req_id=200402377826101088, post_type=9]
[2025-Nov-03 22:31:14.800614] <info>: (UniqueIdHandler.h:85:ComposeUniqueId) ComposeUniqueId timestamp and counter [req_id=200402377826101088, timestamp=247444274800, counter=0]
[2025-Nov-03 22:31:20.513533] <info>: (UniqueIdHandler.h:65:ComposeUniqueId) Received ComposeUniqueId request [req_id=636566671699552384, post_type=9]
[2025-Nov-03 22:31:20.513847] <info>: (UniqueIdHandler.h:85:ComposeUniqueId) ComposeUniqueId timestamp and counter [req_id=636566671699552384, timestamp=247444280513, counter=0]
[2025-Nov-03 22:31:26.262451] <info>: (UniqueIdHandler.h:65:ComposeUniqueId) Received ComposeUniqueId request [req_id=182836326481245760, post_type=9]
[2025-Nov-03 22:31:26.262620] <info>: (UniqueIdHandler.h:85:ComposeUniqueId) ComposeUniqueId timestamp and counter [req_id=182836326481245760, timestamp=247444286262, counter=0]
[2025-Nov-03 22:31:31.961691] <info>: (UniqueIdHandler.h:65:ComposeUniqueId) Received ComposeUniqueId request [req_id=920248307664530688, post_type=9]
[2025-Nov-03 22:31:31.961858] <info>: (UniqueIdHandler.h:85:ComposeUniqueId) ComposeUniqueId timestamp and counter [req_id=920248307664530688, timestamp=247444291961, counter=0]
[2025-Nov-03 22:31:37.564510] <info>: (UniqueIdHandler.h:65:ComposeUniqueId) Received ComposeUniqueId request [req_id=879961535762499328, post_type=9]
[2025-Nov-03 22:31:37.564668] <info>: (UniqueIdHandler.h:85:ComposeUniqueId) ComposeUniqueId timestamp and counter [req_id=879961535762499328, timestamp=247444297564, counter=0]
[2025-Nov-03 22:31:43.284345] <info>: (UniqueIdHandler.h:65:ComposeUniqueId) Received ComposeUniqueId request [req_id=93831704964809920, post_type=9]
[2025-Nov-03 22:31:43.284510] <info>: (UniqueIdHandler.h:85:ComposeUniqueId) ComposeUniqueId timestamp and counter [req_id=93831704964809920, timestamp=247444303284, counter=0]
[2025-Nov-03 22:31:49.042452] <info>: (UniqueIdHandler.h:65:ComposeUniqueId) Received ComposeUniqueId request [req_id=689574268886970624, post_type=9]
[2025-Nov-03 22:31:49.042969] <info>: (UniqueIdHandler.h:85:ComposeUniqueId) ComposeUniqueId timestamp and counter [req_id=689574268886970624, timestamp=247444309042, counter=0]
[2025-Nov-03 22:31:54.744973] <info>: (UniqueIdHandler.h:65:ComposeUniqueId) Received ComposeUniqueId request [req_id=874274397784457216, post_type=9]
[2025-Nov-03 22:31:54.745302] <info>: (UniqueIdHandler.h:85:ComposeUniqueId) ComposeUniqueId timestamp and counter [req_id=874274397784457216, timestamp=247444314745, counter=0]
[2025-Nov-03 22:32:00.530144] <info>: (UniqueIdHandler.h:65:ComposeUniqueId) Received ComposeUniqueId request [req_id=1072534275708371328, post_type=9]
[2025-Nov-03 22:32:00.530326] <info>: (UniqueIdHandler.h:85:ComposeUniqueId) ComposeUniqueId timestamp and counter [req_id=1072534275708371328, timestamp=247444320530, counter=0]
[2025-Nov-03 22:32:06.191891] <info>: (UniqueIdHandler.h:65:ComposeUniqueId) Received ComposeUniqueId request [req_id=937599054065646080, post_type=9]
[2025-Nov-03 22:32:06.192067] <info>: (UniqueIdHandler.h:85:ComposeUniqueId) ComposeUniqueId timestamp and counter [req_id=937599054065646080, timestamp=247444326192, counter=0]
[2025-Nov-03 22:32:11.952532] <info>: (UniqueIdHandler.h:65:ComposeUniqueId) Received ComposeUniqueId request [req_id=174895829225754976, post_type=9]
[2025-Nov-03 22:32:11.952702] <info>: (UniqueIdHandler.h:85:ComposeUniqueId) ComposeUniqueId timestamp and counter [req_id=174895829225754976, timestamp=247444331952, counter=0]
[2025-Nov-03 22:32:17.657990] <info>: (UniqueIdHandler.h:65:ComposeUniqueId) Received ComposeUniqueId request [req_id=418850805737556608, post_type=9]
[2025-Nov-03 22:32:17.658151] <info>: (UniqueIdHandler.h:85:ComposeUniqueId) ComposeUniqueId timestamp and counter [req_id=418850805737556608, timestamp=247444337658, counter=0]
[2025-Nov-03 22:32:23.357821] <info>: (UniqueIdHandler.h:65:ComposeUniqueId) Received ComposeUniqueId request [req_id=127925763518470480, post_type=9]
[2025-Nov-03 22:32:23.357988] <info>: (UniqueIdHandler.h:85:ComposeUniqueId) ComposeUniqueId timestamp and counter [req_id=127925763518470480, timestamp=247444343357, counter=0]
[2025-Nov-03 22:32:29.052254] <info>: (UniqueIdHandler.h:65:ComposeUniqueId) Received ComposeUniqueId request [req_id=770832583704455680, post_type=9]
[2025-Nov-03 22:32:29.052394] <info>: (UniqueIdHandler.h:85:ComposeUniqueId) ComposeUniqueId timestamp and counter [req_id=770832583704455680, timestamp=247444349052, counter=0]
[2025-Nov-03 22:32:34.847661] <info>: (UniqueIdHandler.h:65:ComposeUniqueId) Received ComposeUniqueId request [req_id=999845309404505600, post_type=9]
[2025-Nov-03 22:32:34.847825] <info>: (UniqueIdHandler.h:85:ComposeUniqueId) ComposeUniqueId timestamp and counter [req_id=999845309404505600, timestamp=247444354847, counter=0]
[2025-Nov-03 22:32:40.550690] <info>: (UniqueIdHandler.h:65:ComposeUniqueId) Received ComposeUniqueId request [req_id=258846347994879104, post_type=9]
[2025-Nov-03 22:32:40.550831] <info>: (UniqueIdHandler.h:85:ComposeUniqueId) ComposeUniqueId timestamp and counter [req_id=258846347994879104, timestamp=247444360550, counter=0]
[2025-Nov-03 22:32:46.239813] <info>: (UniqueIdHandler.h:65:ComposeUniqueId) Received ComposeUniqueId request [req_id=1131866163241652224, post_type=9]
[2025-Nov-03 22:32:46.239945] <info>: (UniqueIdHandler.h:85:ComposeUniqueId) ComposeUniqueId timestamp and counter [req_id=1131866163241652224, timestamp=247444366239, counter=0]
[2025-Nov-03 22:32:51.886124] <info>: (UniqueIdHandler.h:65:ComposeUniqueId) Received ComposeUniqueId request [req_id=545078262462269760, post_type=9]
[2025-Nov-03 22:32:51.886567] <info>: (UniqueIdHandler.h:85:ComposeUniqueId) ComposeUniqueId timestamp and counter [req_id=545078262462269760, timestamp=247444371886, counter=0]
[2025-Nov-03 22:32:57.541955] <info>: (UniqueIdHandler.h:65:ComposeUniqueId) Received ComposeUniqueId request [req_id=512439279084566400, post_type=9]
[2025-Nov-03 22:32:57.542222] <info>: (UniqueIdHandler.h:85:ComposeUniqueId) ComposeUniqueId timestamp and counter [req_id=512439279084566400, timestamp=247444377542, counter=0]
[2025-Nov-03 22:33:03.277865] <info>: (UniqueIdHandler.h:65:ComposeUniqueId) Received ComposeUniqueId request [req_id=276955843017925856, post_type=9]
[2025-Nov-03 22:33:03.278415] <info>: (UniqueIdHandler.h:85:ComposeUniqueId) ComposeUniqueId timestamp and counter [req_id=276955843017925856, timestamp=247444383278, counter=0]
[2025-Nov-03 22:33:08.981816] <info>: (UniqueIdHandler.h:65:ComposeUniqueId) Received ComposeUniqueId request [req_id=831970782070815744, post_type=9]
[2025-Nov-03 22:33:08.982913] <info>: (UniqueIdHandler.h:85:ComposeUniqueId) ComposeUniqueId timestamp and counter [req_id=831970782070815744, timestamp=247444388982, counter=0]
[2025-Nov-03 22:33:14.748089] <info>: (UniqueIdHandler.h:65:ComposeUniqueId) Received ComposeUniqueId request [req_id=253649174841817216, post_type=9]
[2025-Nov-03 22:33:14.748590] <info>: (UniqueIdHandler.h:85:ComposeUniqueId) ComposeUniqueId timestamp and counter [req_id=253649174841817216, timestamp=247444394748, counter=0]
[2025-Nov-03 22:33:20.477006] <info>: (UniqueIdHandler.h:65:ComposeUniqueId) Received ComposeUniqueId request [req_id=940161300622737920, post_type=9]
[2025-Nov-03 22:33:20.477139] <info>: (UniqueIdHandler.h:85:ComposeUniqueId) ComposeUniqueId timestamp and counter [req_id=940161300622737920, timestamp=247444400477, counter=0]
[2025-Nov-03 22:33:25.900351] <info>: (UniqueIdHandler.h:65:ComposeUniqueId) Received ComposeUniqueId request [req_id=226000168210491200, post_type=9]
[2025-Nov-03 22:33:25.900616] <info>: (UniqueIdHandler.h:85:ComposeUniqueId) ComposeUniqueId timestamp and counter [req_id=226000168210491200, timestamp=247444405900, counter=0]
[2025-Nov-03 22:33:31.262940] <info>: (UniqueIdHandler.h:65:ComposeUniqueId) Received ComposeUniqueId request [req_id=605951325310250496, post_type=9]
[2025-Nov-03 22:33:31.263349] <info>: (UniqueIdHandler.h:85:ComposeUniqueId) ComposeUniqueId timestamp and counter [req_id=605951325310250496, timestamp=247444411263, counter=0]
[2025-Nov-03 22:33:36.623270] <info>: (UniqueIdHandler.h:65:ComposeUniqueId) Received ComposeUniqueId request [req_id=647824003227261056, post_type=9]
[2025-Nov-03 22:33:36.623799] <info>: (UniqueIdHandler.h:85:ComposeUniqueId) ComposeUniqueId timestamp and counter [req_id=647824003227261056, timestamp=247444416623, counter=0]
[2025-Nov-03 22:33:41.971786] <info>: (UniqueIdHandler.h:65:ComposeUniqueId) Received ComposeUniqueId request [req_id=851411982169733760, post_type=9]
[2025-Nov-03 22:33:41.972028] <info>: (UniqueIdHandler.h:85:ComposeUniqueId) ComposeUniqueId timestamp and counter [req_id=851411982169733760, timestamp=247444421972, counter=0]
[2025-Nov-03 22:33:47.316962] <info>: (UniqueIdHandler.h:65:ComposeUniqueId) Received ComposeUniqueId request [req_id=1093431665548550144, post_type=9]
[2025-Nov-03 22:33:47.317303] <info>: (UniqueIdHandler.h:85:ComposeUniqueId) ComposeUniqueId timestamp and counter [req_id=1093431665548550144, timestamp=247444427317, counter=0]
[2025-Nov-03 22:33:52.681343] <info>: (UniqueIdHandler.h:65:ComposeUniqueId) Received ComposeUniqueId request [req_id=1270652277485916, post_type=9]
[2025-Nov-03 22:33:52.681516] <info>: (UniqueIdHandler.h:85:ComposeUniqueId) ComposeUniqueId timestamp and counter [req_id=1270652277485916, timestamp=247444432681, counter=0]
[2025-Nov-03 22:33:58.061009] <info>: (UniqueIdHandler.h:65:ComposeUniqueId) Received ComposeUniqueId request [req_id=874186143618990208, post_type=9]
[2025-Nov-03 22:33:58.061257] <info>: (UniqueIdHandler.h:85:ComposeUniqueId) ComposeUniqueId timestamp and counter [req_id=874186143618990208, timestamp=247444438061, counter=0]
[2025-Nov-03 22:34:03.412620] <info>: (UniqueIdHandler.h:65:ComposeUniqueId) Received ComposeUniqueId request [req_id=47135945843872696, post_type=9]
[2025-Nov-03 22:34:03.412784] <info>: (UniqueIdHandler.h:85:ComposeUniqueId) ComposeUniqueId timestamp and counter [req_id=47135945843872696, timestamp=247444443412, counter=0]
[2025-Nov-03 22:34:08.778025] <info>: (UniqueIdHandler.h:65:ComposeUniqueId) Received ComposeUniqueId request [req_id=949926862924504448, post_type=9]
[2025-Nov-03 22:34:08.778216] <info>: (UniqueIdHandler.h:85:ComposeUniqueId) ComposeUniqueId timestamp and counter [req_id=949926862924504448, timestamp=247444448778, counter=0]
[2025-Nov-03 22:34:14.160408] <info>: (UniqueIdHandler.h:65:ComposeUniqueId) Received ComposeUniqueId request [req_id=486385775566961408, post_type=9]
[2025-Nov-03 22:34:14.160627] <info>: (UniqueIdHandler.h:85:ComposeUniqueId) ComposeUniqueId timestamp and counter [req_id=486385775566961408, timestamp=247444454160, counter=0]
[2025-Nov-03 22:34:19.559440] <info>: (UniqueIdHandler.h:65:ComposeUniqueId) Received ComposeUniqueId request [req_id=953318524418169856, post_type=9]
[2025-Nov-03 22:34:19.559669] <info>: (UniqueIdHandler.h:85:ComposeUniqueId) ComposeUniqueId timestamp and counter [req_id=953318524418169856, timestamp=247444459559, counter=0]
[2025-Nov-03 22:34:24.920467] <info>: (UniqueIdHandler.h:65:ComposeUniqueId) Received ComposeUniqueId request [req_id=613173827631703552, post_type=9]
[2025-Nov-03 22:34:24.920662] <info>: (UniqueIdHandler.h:85:ComposeUniqueId) ComposeUniqueId timestamp and counter [req_id=613173827631703552, timestamp=247444464920, counter=0]
[2025-Nov-03 22:34:30.299814] <info>: (UniqueIdHandler.h:65:ComposeUniqueId) Received ComposeUniqueId request [req_id=834952968901749760, post_type=9]
[2025-Nov-03 22:34:30.300202] <info>: (UniqueIdHandler.h:85:ComposeUniqueId) ComposeUniqueId timestamp and counter [req_id=834952968901749760, timestamp=247444470300, counter=0]
[2025-Nov-03 22:34:35.694050] <info>: (UniqueIdHandler.h:65:ComposeUniqueId) Received ComposeUniqueId request [req_id=854325787681947904, post_type=9]
[2025-Nov-03 22:34:35.694239] <info>: (UniqueIdHandler.h:85:ComposeUniqueId) ComposeUniqueId timestamp and counter [req_id=854325787681947904, timestamp=247444475694, counter=0]
[2025-Nov-03 22:34:41.066334] <info>: (UniqueIdHandler.h:65:ComposeUniqueId) Received ComposeUniqueId request [req_id=841572869618134144, post_type=9]
[2025-Nov-03 22:34:41.066519] <info>: (UniqueIdHandler.h:85:ComposeUniqueId) ComposeUniqueId timestamp and counter [req_id=841572869618134144, timestamp=247444481066, counter=0]
[2025-Nov-03 22:34:46.421755] <info>: (UniqueIdHandler.h:65:ComposeUniqueId) Received ComposeUniqueId request [req_id=832852629884733696, post_type=9]
[2025-Nov-03 22:34:46.422055] <info>: (UniqueIdHandler.h:85:ComposeUniqueId) ComposeUniqueId timestamp and counter [req_id=832852629884733696, timestamp=247444486422, counter=0]
[2025-Nov-03 22:34:51.767572] <info>: (UniqueIdHandler.h:65:ComposeUniqueId) Received ComposeUniqueId request [req_id=172520689658638112, post_type=9]
[2025-Nov-03 22:34:51.768062] <info>: (UniqueIdHandler.h:85:ComposeUniqueId) ComposeUniqueId timestamp and counter [req_id=172520689658638112, timestamp=247444491768, counter=0]
[2025-Nov-03 22:34:57.126842] <info>: (UniqueIdHandler.h:65:ComposeUniqueId) Received ComposeUniqueId request [req_id=700145054069539200, post_type=9]
[2025-Nov-03 22:34:57.127226] <info>: (UniqueIdHandler.h:85:ComposeUniqueId) ComposeUniqueId timestamp and counter [req_id=700145054069539200, timestamp=247444497127, counter=0]
[2025-Nov-03 22:35:02.504632] <info>: (UniqueIdHandler.h:65:ComposeUniqueId) Received ComposeUniqueId request [req_id=159785531550418752, post_type=9]
[2025-Nov-03 22:35:02.504814] <info>: (UniqueIdHandler.h:85:ComposeUniqueId) ComposeUniqueId timestamp and counter [req_id=159785531550418752, timestamp=247444502504, counter=0]
[2025-Nov-03 22:35:07.863124] <info>: (UniqueIdHandler.h:65:ComposeUniqueId) Received ComposeUniqueId request [req_id=319670519751233600, post_type=9]
[2025-Nov-03 22:35:07.863257] <info>: (UniqueIdHandler.h:85:ComposeUniqueId) ComposeUniqueId timestamp and counter [req_id=319670519751233600, timestamp=247444507863, counter=0]
[2025-Nov-03 22:35:13.226494] <info>: (UniqueIdHandler.h:65:ComposeUniqueId) Received ComposeUniqueId request [req_id=119986652498473120, post_type=9]
[2025-Nov-03 22:35:13.226825] <info>: (UniqueIdHandler.h:85:ComposeUniqueId) ComposeUniqueId timestamp and counter [req_id=119986652498473120, timestamp=247444513226, counter=0]
[2025-Nov-03 22:35:18.573857] <info>: (UniqueIdHandler.h:65:ComposeUniqueId) Received ComposeUniqueId request [req_id=1034618680754188672, post_type=9]
[2025-Nov-03 22:35:18.574045] <info>: (UniqueIdHandler.h:85:ComposeUniqueId) ComposeUniqueId timestamp and counter [req_id=1034618680754188672, timestamp=247444518574, counter=0]
[2025-Nov-03 22:35:23.914814] <info>: (UniqueIdHandler.h:65:ComposeUniqueId) Received ComposeUniqueId request [req_id=231167698525398272, post_type=9]
[2025-Nov-03 22:35:23.914947] <info>: (UniqueIdHandler.h:85:ComposeUniqueId) ComposeUniqueId timestamp and counter [req_id=231167698525398272, timestamp=247444523914, counter=0]
[2025-Nov-03 22:35:29.268555] <info>: (UniqueIdHandler.h:65:ComposeUniqueId) Received ComposeUniqueId request [req_id=947573095607279872, post_type=9]
[2025-Nov-03 22:35:29.268686] <info>: (UniqueIdHandler.h:85:ComposeUniqueId) ComposeUniqueId timestamp and counter [req_id=947573095607279872, timestamp=247444529268, counter=0]
[2025-Nov-03 22:35:34.629199] <info>: (UniqueIdHandler.h:65:ComposeUniqueId) Received ComposeUniqueId request [req_id=639341520159073408, post_type=9]
[2025-Nov-03 22:35:34.629788] <info>: (UniqueIdHandler.h:85:ComposeUniqueId) ComposeUniqueId timestamp and counter [req_id=639341520159073408, timestamp=247444534629, counter=0]
[2025-Nov-03 22:35:40.021732] <info>: (UniqueIdHandler.h:65:ComposeUniqueId) Received ComposeUniqueId request [req_id=507208706905434112, post_type=9]
[2025-Nov-03 22:35:40.021926] <info>: (UniqueIdHandler.h:85:ComposeUniqueId) ComposeUniqueId timestamp and counter [req_id=507208706905434112, timestamp=247444540021, counter=0]
[2025-Nov-03 22:35:45.379169] <info>: (UniqueIdHandler.h:65:ComposeUniqueId) Received ComposeUniqueId request [req_id=391294745129896320, post_type=9]
[2025-Nov-03 22:35:45.379313] <info>: (UniqueIdHandler.h:85:ComposeUniqueId) ComposeUniqueId timestamp and counter [req_id=391294745129896320, timestamp=247444545379, counter=0]
[2025-Nov-03 22:35:50.732555] <info>: (UniqueIdHandler.h:65:ComposeUniqueId) Received ComposeUniqueId request [req_id=688625278297774464, post_type=9]
[2025-Nov-03 22:35:50.732704] <info>: (UniqueIdHandler.h:85:ComposeUniqueId) ComposeUniqueId timestamp and counter [req_id=688625278297774464, timestamp=247444550732, counter=0]
[2025-Nov-03 22:35:56.092577] <info>: (UniqueIdHandler.h:65:ComposeUniqueId) Received ComposeUniqueId request [req_id=804371469339564160, post_type=9]
[2025-Nov-03 22:35:56.092745] <info>: (UniqueIdHandler.h:85:ComposeUniqueId) ComposeUniqueId timestamp and counter [req_id=804371469339564160, timestamp=247444556092, counter=0]
[2025-Nov-03 22:36:01.434074] <info>: (UniqueIdHandler.h:65:ComposeUniqueId) Received ComposeUniqueId request [req_id=733496465789686016, post_type=9]
[2025-Nov-03 22:36:01.434290] <info>: (UniqueIdHandler.h:85:ComposeUniqueId) ComposeUniqueId timestamp and counter [req_id=733496465789686016, timestamp=247444561434, counter=0]
[2025-Nov-03 22:36:06.785878] <info>: (UniqueIdHandler.h:65:ComposeUniqueId) Received ComposeUniqueId request [req_id=172752907294429472, post_type=9]
[2025-Nov-03 22:36:06.786287] <info>: (UniqueIdHandler.h:85:ComposeUniqueId) ComposeUniqueId timestamp and counter [req_id=172752907294429472, timestamp=247444566786, counter=0]
[2025-Nov-03 22:36:12.149476] <info>: (UniqueIdHandler.h:65:ComposeUniqueId) Received ComposeUniqueId request [req_id=1018546246329717760, post_type=9]
[2025-Nov-03 22:36:12.149698] <info>: (UniqueIdHandler.h:85:ComposeUniqueId) ComposeUniqueId timestamp and counter [req_id=1018546246329717760, timestamp=247444572149, counter=0]
[2025-Nov-03 22:36:17.500426] <info>: (UniqueIdHandler.h:65:ComposeUniqueId) Received ComposeUniqueId request [req_id=408342049183292672, post_type=9]
[2025-Nov-03 22:36:17.500582] <info>: (UniqueIdHandler.h:85:ComposeUniqueId) ComposeUniqueId timestamp and counter [req_id=408342049183292672, timestamp=247444577500, counter=0]
[2025-Nov-03 22:36:22.854063] <info>: (UniqueIdHandler.h:65:ComposeUniqueId) Received ComposeUniqueId request [req_id=497203324956807424, post_type=9]
[2025-Nov-03 22:36:22.854256] <info>: (UniqueIdHandler.h:85:ComposeUniqueId) ComposeUniqueId timestamp and counter [req_id=497203324956807424, timestamp=247444582854, counter=0]
[2025-Nov-03 22:36:28.226578] <info>: (UniqueIdHandler.h:65:ComposeUniqueId) Received ComposeUniqueId request [req_id=618311207309791744, post_type=9]
[2025-Nov-03 22:36:28.226744] <info>: (UniqueIdHandler.h:85:ComposeUniqueId) ComposeUniqueId timestamp and counter [req_id=618311207309791744, timestamp=247444588226, counter=0]
[2025-Nov-03 22:36:33.597661] <info>: (UniqueIdHandler.h:65:ComposeUniqueId) Received ComposeUniqueId request [req_id=135701302788843056, post_type=9]
[2025-Nov-03 22:36:33.598101] <info>: (UniqueIdHandler.h:85:ComposeUniqueId) ComposeUniqueId timestamp and counter [req_id=135701302788843056, timestamp=247444593598, counter=0]
[2025-Nov-03 22:36:38.961661] <info>: (UniqueIdHandler.h:65:ComposeUniqueId) Received ComposeUniqueId request [req_id=431808675510831744, post_type=9]
[2025-Nov-03 22:36:38.961890] <info>: (UniqueIdHandler.h:85:ComposeUniqueId) ComposeUniqueId timestamp and counter [req_id=431808675510831744, timestamp=247444598961, counter=0]
[2025-Nov-03 22:36:44.323499] <info>: (UniqueIdHandler.h:65:ComposeUniqueId) Received ComposeUniqueId request [req_id=356880140869154368, post_type=9]
[2025-Nov-03 22:36:44.323957] <info>: (UniqueIdHandler.h:85:ComposeUniqueId) ComposeUniqueId timestamp and counter [req_id=356880140869154368, timestamp=247444604323, counter=0]
[2025-Nov-03 22:36:49.668106] <info>: (UniqueIdHandler.h:65:ComposeUniqueId) Received ComposeUniqueId request [req_id=631013399749155712, post_type=9]
[2025-Nov-03 22:36:49.668312] <info>: (UniqueIdHandler.h:85:ComposeUniqueId) ComposeUniqueId timestamp and counter [req_id=631013399749155712, timestamp=247444609668, counter=0]
[2025-Nov-03 22:36:55.028857] <info>: (UniqueIdHandler.h:65:ComposeUniqueId) Received ComposeUniqueId request [req_id=142274996757920320, post_type=9]
[2025-Nov-03 22:36:55.029004] <info>: (UniqueIdHandler.h:85:ComposeUniqueId) ComposeUniqueId timestamp and counter [req_id=142274996757920320, timestamp=247444615029, counter=0]
[2025-Nov-03 22:37:00.399186] <info>: (UniqueIdHandler.h:65:ComposeUniqueId) Received ComposeUniqueId request [req_id=708184392596864384, post_type=9]
[2025-Nov-03 22:37:00.399409] <info>: (UniqueIdHandler.h:85:ComposeUniqueId) ComposeUniqueId timestamp and counter [req_id=708184392596864384, timestamp=247444620399, counter=0]
[2025-Nov-03 22:37:05.755987] <info>: (UniqueIdHandler.h:65:ComposeUniqueId) Received ComposeUniqueId request [req_id=417281804481098304, post_type=9]
[2025-Nov-03 22:37:05.756419] <info>: (UniqueIdHandler.h:85:ComposeUniqueId) ComposeUniqueId timestamp and counter [req_id=417281804481098304, timestamp=247444625756, counter=0]
[2025-Nov-03 22:37:11.130406] <info>: (UniqueIdHandler.h:65:ComposeUniqueId) Received ComposeUniqueId request [req_id=141439294197881392, post_type=9]
[2025-Nov-03 22:37:11.130567] <info>: (UniqueIdHandler.h:85:ComposeUniqueId) ComposeUniqueId timestamp and counter [req_id=141439294197881392, timestamp=247444631130, counter=0]
[2025-Nov-03 22:37:16.484607] <info>: (UniqueIdHandler.h:65:ComposeUniqueId) Received ComposeUniqueId request [req_id=1050477011195843200, post_type=9]
[2025-Nov-03 22:37:16.484808] <info>: (UniqueIdHandler.h:85:ComposeUniqueId) ComposeUniqueId timestamp and counter [req_id=1050477011195843200, timestamp=247444636484, counter=0]
[2025-Nov-03 22:37:21.828541] <info>: (UniqueIdHandler.h:65:ComposeUniqueId) Received ComposeUniqueId request [req_id=814990916846471040, post_type=9]
[2025-Nov-03 22:37:21.828982] <info>: (UniqueIdHandler.h:85:ComposeUniqueId) ComposeUniqueId timestamp and counter [req_id=814990916846471040, timestamp=247444641828, counter=0]
[2025-Nov-03 22:37:27.185385] <info>: (UniqueIdHandler.h:65:ComposeUniqueId) Received ComposeUniqueId request [req_id=391977441646884352, post_type=9]
[2025-Nov-03 22:37:27.185551] <info>: (UniqueIdHandler.h:85:ComposeUniqueId) ComposeUniqueId timestamp and counter [req_id=391977441646884352, timestamp=247444647185, counter=0]
[2025-Nov-03 22:37:32.532360] <info>: (UniqueIdHandler.h:65:ComposeUniqueId) Received ComposeUniqueId request [req_id=600476350525533568, post_type=9]
[2025-Nov-03 22:37:32.532490] <info>: (UniqueIdHandler.h:85:ComposeUniqueId) ComposeUniqueId timestamp and counter [req_id=600476350525533568, timestamp=247444652532, counter=0]
[2025-Nov-03 22:37:37.888843] <info>: (UniqueIdHandler.h:65:ComposeUniqueId) Received ComposeUniqueId request [req_id=407389061572139072, post_type=9]
[2025-Nov-03 22:37:37.888985] <info>: (UniqueIdHandler.h:85:ComposeUniqueId) ComposeUniqueId timestamp and counter [req_id=407389061572139072, timestamp=247444657888, counter=0]
[2025-Nov-03 22:37:43.246708] <info>: (UniqueIdHandler.h:65:ComposeUniqueId) Received ComposeUniqueId request [req_id=1038569648243303936, post_type=9]
[2025-Nov-03 22:37:43.246901] <info>: (UniqueIdHandler.h:85:ComposeUniqueId) ComposeUniqueId timestamp and counter [req_id=1038569648243303936, timestamp=247444663246, counter=0]
[2025-Nov-03 22:37:48.597832] <info>: (UniqueIdHandler.h:65:ComposeUniqueId) Received ComposeUniqueId request [req_id=536484709578258560, post_type=9]
[2025-Nov-03 22:37:48.597969] <info>: (UniqueIdHandler.h:85:ComposeUniqueId) ComposeUniqueId timestamp and counter [req_id=536484709578258560, timestamp=247444668597, counter=0]
[2025-Nov-03 22:37:53.932298] <info>: (UniqueIdHandler.h:65:ComposeUniqueId) Received ComposeUniqueId request [req_id=513991360842734720, post_type=9]
[2025-Nov-03 22:37:53.932428] <info>: (UniqueIdHandler.h:85:ComposeUniqueId) ComposeUniqueId timestamp and counter [req_id=513991360842734720, timestamp=247444673932, counter=0]
[2025-Nov-03 22:37:59.274269] <info>: (UniqueIdHandler.h:65:ComposeUniqueId) Received ComposeUniqueId request [req_id=985512954475523584, post_type=9]
[2025-Nov-03 22:37:59.274478] <info>: (UniqueIdHandler.h:85:ComposeUniqueId) ComposeUniqueId timestamp and counter [req_id=985512954475523584, timestamp=247444679274, counter=0]
[2025-Nov-03 22:38:04.642916] <info>: (UniqueIdHandler.h:65:ComposeUniqueId) Received ComposeUniqueId request [req_id=497384270973193728, post_type=9]
[2025-Nov-03 22:38:04.643067] <info>: (UniqueIdHandler.h:85:ComposeUniqueId) ComposeUniqueId timestamp and counter [req_id=497384270973193728, timestamp=247444684643, counter=0]
[2025-Nov-03 22:38:09.995783] <info>: (UniqueIdHandler.h:65:ComposeUniqueId) Received ComposeUniqueId request [req_id=882199394368519552, post_type=9]
[2025-Nov-03 22:38:09.995935] <info>: (UniqueIdHandler.h:85:ComposeUniqueId) ComposeUniqueId timestamp and counter [req_id=882199394368519552, timestamp=247444689995, counter=0]
[2025-Nov-03 22:38:15.348923] <info>: (UniqueIdHandler.h:65:ComposeUniqueId) Received ComposeUniqueId request [req_id=88236003944677504, post_type=9]
[2025-Nov-03 22:38:15.349098] <info>: (UniqueIdHandler.h:85:ComposeUniqueId) ComposeUniqueId timestamp and counter [req_id=88236003944677504, timestamp=247444695349, counter=0]
[2025-Nov-03 22:38:20.704996] <info>: (UniqueIdHandler.h:65:ComposeUniqueId) Received ComposeUniqueId request [req_id=672369900231554176, post_type=9]
[2025-Nov-03 22:38:20.705136] <info>: (UniqueIdHandler.h:85:ComposeUniqueId) ComposeUniqueId timestamp and counter [req_id=672369900231554176, timestamp=247444700705, counter=0]
[2025-Nov-03 22:38:26.058101] <info>: (UniqueIdHandler.h:65:ComposeUniqueId) Received ComposeUniqueId request [req_id=539051819532200448, post_type=9]
[2025-Nov-03 22:38:26.058308] <info>: (UniqueIdHandler.h:85:ComposeUniqueId) ComposeUniqueId timestamp and counter [req_id=539051819532200448, timestamp=247444706058, counter=0]
[2025-Nov-03 22:38:31.412287] <info>: (UniqueIdHandler.h:65:ComposeUniqueId) Received ComposeUniqueId request [req_id=1123182101800371328, post_type=9]
[2025-Nov-03 22:38:31.412512] <info>: (UniqueIdHandler.h:85:ComposeUniqueId) ComposeUniqueId timestamp and counter [req_id=1123182101800371328, timestamp=247444711412, counter=0]
[2025-Nov-03 22:38:36.765540] <info>: (UniqueIdHandler.h:65:ComposeUniqueId) Received ComposeUniqueId request [req_id=1116833251409306368, post_type=9]
[2025-Nov-03 22:38:36.765708] <info>: (UniqueIdHandler.h:85:ComposeUniqueId) ComposeUniqueId timestamp and counter [req_id=1116833251409306368, timestamp=247444716765, counter=0]
[2025-Nov-03 22:38:42.149053] <info>: (UniqueIdHandler.h:65:ComposeUniqueId) Received ComposeUniqueId request [req_id=555777293724592064, post_type=9]
[2025-Nov-03 22:38:42.149347] <info>: (UniqueIdHandler.h:85:ComposeUniqueId) ComposeUniqueId timestamp and counter [req_id=555777293724592064, timestamp=247444722149, counter=0]
[2025-Nov-03 22:38:47.504126] <info>: (UniqueIdHandler.h:65:ComposeUniqueId) Received ComposeUniqueId request [req_id=719366632333697792, post_type=9]
[2025-Nov-03 22:38:47.504306] <info>: (UniqueIdHandler.h:85:ComposeUniqueId) ComposeUniqueId timestamp and counter [req_id=719366632333697792, timestamp=247444727504, counter=0]
[2025-Nov-03 22:38:52.879396] <info>: (UniqueIdHandler.h:65:ComposeUniqueId) Received ComposeUniqueId request [req_id=348384424178933440, post_type=9]
[2025-Nov-03 22:38:52.879549] <info>: (UniqueIdHandler.h:85:ComposeUniqueId) ComposeUniqueId timestamp and counter [req_id=348384424178933440, timestamp=247444732879, counter=0]
[2025-Nov-03 22:38:58.269577] <info>: (UniqueIdHandler.h:65:ComposeUniqueId) Received ComposeUniqueId request [req_id=902722135252375936, post_type=9]
[2025-Nov-03 22:38:58.269735] <info>: (UniqueIdHandler.h:85:ComposeUniqueId) ComposeUniqueId timestamp and counter [req_id=902722135252375936, timestamp=247444738269, counter=0]
[2025-Nov-03 22:39:03.619983] <info>: (UniqueIdHandler.h:65:ComposeUniqueId) Received ComposeUniqueId request [req_id=1132239540213337600, post_type=9]
[2025-Nov-03 22:39:03.620126] <info>: (UniqueIdHandler.h:85:ComposeUniqueId) ComposeUniqueId timestamp and counter [req_id=1132239540213337600, timestamp=247444743620, counter=0]
[2025-Nov-03 22:39:09.001069] <info>: (UniqueIdHandler.h:65:ComposeUniqueId) Received ComposeUniqueId request [req_id=1004440195898908928, post_type=9]
[2025-Nov-03 22:39:09.001336] <info>: (UniqueIdHandler.h:85:ComposeUniqueId) ComposeUniqueId timestamp and counter [req_id=1004440195898908928, timestamp=247444749001, counter=0]
[2025-Nov-03 22:39:14.344088] <info>: (UniqueIdHandler.h:65:ComposeUniqueId) Received ComposeUniqueId request [req_id=158043479034255360, post_type=9]
[2025-Nov-03 22:39:14.344486] <info>: (UniqueIdHandler.h:85:ComposeUniqueId) ComposeUniqueId timestamp and counter [req_id=158043479034255360, timestamp=247444754344, counter=0]
[2025-Nov-03 22:39:19.682696] <info>: (UniqueIdHandler.h:65:ComposeUniqueId) Received ComposeUniqueId request [req_id=886394968275599232, post_type=9]
[2025-Nov-03 22:39:19.682904] <info>: (UniqueIdHandler.h:85:ComposeUniqueId) ComposeUniqueId timestamp and counter [req_id=886394968275599232, timestamp=247444759682, counter=0]
[2025-Nov-03 22:39:25.042733] <info>: (UniqueIdHandler.h:65:ComposeUniqueId) Received ComposeUniqueId request [req_id=425432110311647232, post_type=9]
[2025-Nov-03 22:39:25.042919] <info>: (UniqueIdHandler.h:85:ComposeUniqueId) ComposeUniqueId timestamp and counter [req_id=425432110311647232, timestamp=247444765042, counter=0]
[2025-Nov-03 22:39:30.407227] <info>: (UniqueIdHandler.h:65:ComposeUniqueId) Received ComposeUniqueId request [req_id=1003928911844804096, post_type=9]
[2025-Nov-03 22:39:30.407525] <info>: (UniqueIdHandler.h:85:ComposeUniqueId) ComposeUniqueId timestamp and counter [req_id=1003928911844804096, timestamp=247444770407, counter=0]
[2025-Nov-03 22:39:35.770378] <info>: (UniqueIdHandler.h:65:ComposeUniqueId) Received ComposeUniqueId request [req_id=668210908807097088, post_type=9]
[2025-Nov-03 22:39:35.770533] <info>: (UniqueIdHandler.h:85:ComposeUniqueId) ComposeUniqueId timestamp and counter [req_id=668210908807097088, timestamp=247444775770, counter=0]
[2025-Nov-03 22:39:41.141398] <info>: (UniqueIdHandler.h:65:ComposeUniqueId) Received ComposeUniqueId request [req_id=1066616675920447744, post_type=9]
[2025-Nov-03 22:39:41.141584] <info>: (UniqueIdHandler.h:85:ComposeUniqueId) ComposeUniqueId timestamp and counter [req_id=1066616675920447744, timestamp=247444781141, counter=0]
[2025-Nov-03 22:39:46.497640] <info>: (UniqueIdHandler.h:65:ComposeUniqueId) Received ComposeUniqueId request [req_id=832384928031134592, post_type=9]
[2025-Nov-03 22:39:46.497787] <info>: (UniqueIdHandler.h:85:ComposeUniqueId) ComposeUniqueId timestamp and counter [req_id=832384928031134592, timestamp=247444786497, counter=0]
[2025-Nov-03 22:39:51.846603] <info>: (UniqueIdHandler.h:65:ComposeUniqueId) Received ComposeUniqueId request [req_id=942853303312170880, post_type=9]
[2025-Nov-03 22:39:51.847023] <info>: (UniqueIdHandler.h:85:ComposeUniqueId) ComposeUniqueId timestamp and counter [req_id=942853303312170880, timestamp=247444791847, counter=0]
[2025-Nov-03 22:39:57.199300] <info>: (UniqueIdHandler.h:65:ComposeUniqueId) Received ComposeUniqueId request [req_id=603067313607102720, post_type=9]
[2025-Nov-03 22:39:57.199451] <info>: (UniqueIdHandler.h:85:ComposeUniqueId) ComposeUniqueId timestamp and counter [req_id=603067313607102720, timestamp=247444797199, counter=0]
[2025-Nov-03 22:40:02.550244] <info>: (UniqueIdHandler.h:65:ComposeUniqueId) Received ComposeUniqueId request [req_id=628249647316818688, post_type=9]
[2025-Nov-03 22:40:02.550485] <info>: (UniqueIdHandler.h:85:ComposeUniqueId) ComposeUniqueId timestamp and counter [req_id=628249647316818688, timestamp=247444802550, counter=0]
[2025-Nov-03 22:40:07.914890] <info>: (UniqueIdHandler.h:65:ComposeUniqueId) Received ComposeUniqueId request [req_id=256616114881935520, post_type=9]
[2025-Nov-03 22:40:07.915193] <info>: (UniqueIdHandler.h:85:ComposeUniqueId) ComposeUniqueId timestamp and counter [req_id=256616114881935520, timestamp=247444807915, counter=0]
[2025-Nov-03 22:40:13.276597] <info>: (UniqueIdHandler.h:65:ComposeUniqueId) Received ComposeUniqueId request [req_id=630687381367352832, post_type=9]
[2025-Nov-03 22:40:13.276739] <info>: (UniqueIdHandler.h:85:ComposeUniqueId) ComposeUniqueId timestamp and counter [req_id=630687381367352832, timestamp=247444813276, counter=0]
[2025-Nov-03 22:40:18.628216] <info>: (UniqueIdHandler.h:65:ComposeUniqueId) Received ComposeUniqueId request [req_id=23308638277574068, post_type=9]
[2025-Nov-03 22:40:18.628432] <info>: (UniqueIdHandler.h:85:ComposeUniqueId) ComposeUniqueId timestamp and counter [req_id=23308638277574068, timestamp=247444818628, counter=0]
[2025-Nov-03 22:40:23.997313] <info>: (UniqueIdHandler.h:65:ComposeUniqueId) Received ComposeUniqueId request [req_id=308803635106092416, post_type=9]
[2025-Nov-03 22:40:23.997464] <info>: (UniqueIdHandler.h:85:ComposeUniqueId) ComposeUniqueId timestamp and counter [req_id=308803635106092416, timestamp=247444823997, counter=0]
[2025-Nov-03 22:40:29.369473] <info>: (UniqueIdHandler.h:65:ComposeUniqueId) Received ComposeUniqueId request [req_id=1081628713435035648, post_type=9]
[2025-Nov-03 22:40:29.369608] <info>: (UniqueIdHandler.h:85:ComposeUniqueId) ComposeUniqueId timestamp and counter [req_id=1081628713435035648, timestamp=247444829369, counter=0]
[2025-Nov-03 22:40:34.719797] <info>: (UniqueIdHandler.h:65:ComposeUniqueId) Received ComposeUniqueId request [req_id=1037187797696987008, post_type=9]
[2025-Nov-03 22:40:34.719950] <info>: (UniqueIdHandler.h:85:ComposeUniqueId) ComposeUniqueId timestamp and counter [req_id=1037187797696987008, timestamp=247444834719, counter=0]
[2025-Nov-03 22:40:40.061387] <info>: (UniqueIdHandler.h:65:ComposeUniqueId) Received ComposeUniqueId request [req_id=95831668206259024, post_type=9]
[2025-Nov-03 22:40:40.061546] <info>: (UniqueIdHandler.h:85:ComposeUniqueId) ComposeUniqueId timestamp and counter [req_id=95831668206259024, timestamp=247444840061, counter=0]
[2025-Nov-03 22:40:45.435074] <info>: (UniqueIdHandler.h:65:ComposeUniqueId) Received ComposeUniqueId request [req_id=1148025602196169472, post_type=9]
[2025-Nov-03 22:40:45.435209] <info>: (UniqueIdHandler.h:85:ComposeUniqueId) ComposeUniqueId timestamp and counter [req_id=1148025602196169472, timestamp=247444845435, counter=0]
[2025-Nov-03 22:40:50.777084] <info>: (UniqueIdHandler.h:65:ComposeUniqueId) Received ComposeUniqueId request [req_id=983977041586532352, post_type=9]
[2025-Nov-03 22:40:50.777220] <info>: (UniqueIdHandler.h:85:ComposeUniqueId) ComposeUniqueId timestamp and counter [req_id=983977041586532352, timestamp=247444850777, counter=0]
[2025-Nov-03 22:40:56.127628] <info>: (UniqueIdHandler.h:65:ComposeUniqueId) Received ComposeUniqueId request [req_id=909908254794464256, post_type=9]
[2025-Nov-03 22:40:56.127800] <info>: (UniqueIdHandler.h:85:ComposeUniqueId) ComposeUniqueId timestamp and counter [req_id=909908254794464256, timestamp=247444856127, counter=0]
[2025-Nov-03 22:41:01.482885] <info>: (UniqueIdHandler.h:65:ComposeUniqueId) Received ComposeUniqueId request [req_id=36792078996734568, post_type=9]
[2025-Nov-03 22:41:01.483083] <info>: (UniqueIdHandler.h:85:ComposeUniqueId) ComposeUniqueId timestamp and counter [req_id=36792078996734568, timestamp=247444861483, counter=0]
[2025-Nov-03 22:41:06.829222] <info>: (UniqueIdHandler.h:65:ComposeUniqueId) Received ComposeUniqueId request [req_id=150676268012697888, post_type=9]
[2025-Nov-03 22:41:06.829351] <info>: (UniqueIdHandler.h:85:ComposeUniqueId) ComposeUniqueId timestamp and counter [req_id=150676268012697888, timestamp=247444866829, counter=0]
[2025-Nov-03 22:41:12.185375] <info>: (UniqueIdHandler.h:65:ComposeUniqueId) Received ComposeUniqueId request [req_id=427345924099960384, post_type=9]
[2025-Nov-03 22:41:12.185530] <info>: (UniqueIdHandler.h:85:ComposeUniqueId) ComposeUniqueId timestamp and counter [req_id=427345924099960384, timestamp=247444872185, counter=0]
[2025-Nov-03 22:41:17.527272] <info>: (UniqueIdHandler.h:65:ComposeUniqueId) Received ComposeUniqueId request [req_id=334982082019050176, post_type=9]
[2025-Nov-03 22:41:17.527475] <info>: (UniqueIdHandler.h:85:ComposeUniqueId) ComposeUniqueId timestamp and counter [req_id=334982082019050176, timestamp=247444877527, counter=0]
[2025-Nov-03 22:41:22.874115] <info>: (UniqueIdHandler.h:65:ComposeUniqueId) Received ComposeUniqueId request [req_id=320752619150382784, post_type=9]
[2025-Nov-03 22:41:22.874254] <info>: (UniqueIdHandler.h:85:ComposeUniqueId) ComposeUniqueId timestamp and counter [req_id=320752619150382784, timestamp=247444882874, counter=0]
[2025-Nov-03 22:41:28.221310] <info>: (UniqueIdHandler.h:65:ComposeUniqueId) Received ComposeUniqueId request [req_id=210998619977381216, post_type=9]
[2025-Nov-03 22:41:28.221703] <info>: (UniqueIdHandler.h:85:ComposeUniqueId) ComposeUniqueId timestamp and counter [req_id=210998619977381216, timestamp=247444888221, counter=0]
[2025-Nov-03 22:41:33.603873] <info>: (UniqueIdHandler.h:65:ComposeUniqueId) Received ComposeUniqueId request [req_id=1129742626639185024, post_type=9]
[2025-Nov-03 22:41:33.604131] <info>: (UniqueIdHandler.h:85:ComposeUniqueId) ComposeUniqueId timestamp and counter [req_id=1129742626639185024, timestamp=247444893604, counter=0]
[2025-Nov-03 22:41:38.966286] <info>: (UniqueIdHandler.h:65:ComposeUniqueId) Received ComposeUniqueId request [req_id=93205156120819216, post_type=9]
[2025-Nov-03 22:41:38.966453] <info>: (UniqueIdHandler.h:85:ComposeUniqueId) ComposeUniqueId timestamp and counter [req_id=93205156120819216, timestamp=247444898966, counter=0]
[2025-Nov-03 22:41:44.358834] <info>: (UniqueIdHandler.h:65:ComposeUniqueId) Received ComposeUniqueId request [req_id=342155871073148736, post_type=9]
[2025-Nov-03 22:41:44.359091] <info>: (UniqueIdHandler.h:85:ComposeUniqueId) ComposeUniqueId timestamp and counter [req_id=342155871073148736, timestamp=247444904359, counter=0]
[2025-Nov-03 22:41:49.713385] <info>: (UniqueIdHandler.h:65:ComposeUniqueId) Received ComposeUniqueId request [req_id=941784649682149248, post_type=9]
[2025-Nov-03 22:41:49.713535] <info>: (UniqueIdHandler.h:85:ComposeUniqueId) ComposeUniqueId timestamp and counter [req_id=941784649682149248, timestamp=247444909713, counter=0]
[2025-Nov-03 22:41:55.075800] <info>: (UniqueIdHandler.h:65:ComposeUniqueId) Received ComposeUniqueId request [req_id=1081123208161922176, post_type=9]
[2025-Nov-03 22:41:55.075985] <info>: (UniqueIdHandler.h:85:ComposeUniqueId) ComposeUniqueId timestamp and counter [req_id=1081123208161922176, timestamp=247444915075, counter=0]
[2025-Nov-03 22:42:00.441114] <info>: (UniqueIdHandler.h:65:ComposeUniqueId) Received ComposeUniqueId request [req_id=260319609733533472, post_type=9]
[2025-Nov-03 22:42:00.441313] <info>: (UniqueIdHandler.h:85:ComposeUniqueId) ComposeUniqueId timestamp and counter [req_id=260319609733533472, timestamp=247444920441, counter=0]
[2025-Nov-03 22:42:05.820662] <info>: (UniqueIdHandler.h:65:ComposeUniqueId) Received ComposeUniqueId request [req_id=845339077098639104, post_type=9]
[2025-Nov-03 22:42:05.820846] <info>: (UniqueIdHandler.h:85:ComposeUniqueId) ComposeUniqueId timestamp and counter [req_id=845339077098639104, timestamp=247444925820, counter=0]
[2025-Nov-03 22:42:11.179906] <info>: (UniqueIdHandler.h:65:ComposeUniqueId) Received ComposeUniqueId request [req_id=401267033602031616, post_type=9]
[2025-Nov-03 22:42:11.180210] <info>: (UniqueIdHandler.h:85:ComposeUniqueId) ComposeUniqueId timestamp and counter [req_id=401267033602031616, timestamp=247444931180, counter=0]
[2025-Nov-03 22:42:16.539639] <info>: (UniqueIdHandler.h:65:ComposeUniqueId) Received ComposeUniqueId request [req_id=590365501493629824, post_type=9]
[2025-Nov-03 22:42:16.539933] <info>: (UniqueIdHandler.h:85:ComposeUniqueId) ComposeUniqueId timestamp and counter [req_id=590365501493629824, timestamp=247444936539, counter=0]
[2025-Nov-03 22:42:21.910744] <info>: (UniqueIdHandler.h:65:ComposeUniqueId) Received ComposeUniqueId request [req_id=1004235537357494784, post_type=9]
[2025-Nov-03 22:42:21.911239] <info>: (UniqueIdHandler.h:85:ComposeUniqueId) ComposeUniqueId timestamp and counter [req_id=1004235537357494784, timestamp=247444941911, counter=0]
[2025-Nov-03 22:42:27.286178] <info>: (UniqueIdHandler.h:65:ComposeUniqueId) Received ComposeUniqueId request [req_id=1036377540248792832, post_type=9]
[2025-Nov-03 22:42:27.286539] <info>: (UniqueIdHandler.h:85:ComposeUniqueId) ComposeUniqueId timestamp and counter [req_id=1036377540248792832, timestamp=247444947286, counter=0]
[2025-Nov-03 22:42:32.653192] <info>: (UniqueIdHandler.h:65:ComposeUniqueId) Received ComposeUniqueId request [req_id=445008554633850752, post_type=9]
[2025-Nov-03 22:42:32.653431] <info>: (UniqueIdHandler.h:85:ComposeUniqueId) ComposeUniqueId timestamp and counter [req_id=445008554633850752, timestamp=247444952653, counter=0]
[2025-Nov-03 22:42:38.046979] <info>: (UniqueIdHandler.h:65:ComposeUniqueId) Received ComposeUniqueId request [req_id=1056590627766098304, post_type=9]
[2025-Nov-03 22:42:38.047164] <info>: (UniqueIdHandler.h:85:ComposeUniqueId) ComposeUniqueId timestamp and counter [req_id=1056590627766098304, timestamp=247444958047, counter=0]
[2025-Nov-03 22:42:43.406787] <info>: (UniqueIdHandler.h:65:ComposeUniqueId) Received ComposeUniqueId request [req_id=220594908450985760, post_type=9]
[2025-Nov-03 22:42:43.407245] <info>: (UniqueIdHandler.h:85:ComposeUniqueId) ComposeUniqueId timestamp and counter [req_id=220594908450985760, timestamp=247444963407, counter=0]
[2025-Nov-03 22:42:48.758686] <info>: (UniqueIdHandler.h:65:ComposeUniqueId) Received ComposeUniqueId request [req_id=787252694700670080, post_type=9]
[2025-Nov-03 22:42:48.759048] <info>: (UniqueIdHandler.h:85:ComposeUniqueId) ComposeUniqueId timestamp and counter [req_id=787252694700670080, timestamp=247444968759, counter=0]
[2025-Nov-03 22:42:54.126320] <info>: (UniqueIdHandler.h:65:ComposeUniqueId) Received ComposeUniqueId request [req_id=1150485323136052224, post_type=9]
[2025-Nov-03 22:42:54.126515] <info>: (UniqueIdHandler.h:85:ComposeUniqueId) ComposeUniqueId timestamp and counter [req_id=1150485323136052224, timestamp=247444974126, counter=0]
[2025-Nov-03 22:42:59.480450] <info>: (UniqueIdHandler.h:65:ComposeUniqueId) Received ComposeUniqueId request [req_id=509603015810144896, post_type=9]
[2025-Nov-03 22:42:59.480815] <info>: (UniqueIdHandler.h:85:ComposeUniqueId) ComposeUniqueId timestamp and counter [req_id=509603015810144896, timestamp=247444979480, counter=0]
[2025-Nov-03 22:43:04.838243] <info>: (UniqueIdHandler.h:65:ComposeUniqueId) Received ComposeUniqueId request [req_id=998484157982744064, post_type=9]
[2025-Nov-03 22:43:04.838445] <info>: (UniqueIdHandler.h:85:ComposeUniqueId) ComposeUniqueId timestamp and counter [req_id=998484157982744064, timestamp=247444984838, counter=0]
[2025-Nov-03 22:43:10.184008] <info>: (UniqueIdHandler.h:65:ComposeUniqueId) Received ComposeUniqueId request [req_id=559460041882916224, post_type=9]
[2025-Nov-03 22:43:10.184146] <info>: (UniqueIdHandler.h:85:ComposeUniqueId) ComposeUniqueId timestamp and counter [req_id=559460041882916224, timestamp=247444990184, counter=0]
[2025-Nov-03 22:43:15.532053] <info>: (UniqueIdHandler.h:65:ComposeUniqueId) Received ComposeUniqueId request [req_id=960754193547736320, post_type=9]
[2025-Nov-03 22:43:15.532186] <info>: (UniqueIdHandler.h:85:ComposeUniqueId) ComposeUniqueId timestamp and counter [req_id=960754193547736320, timestamp=247444995532, counter=0]
[2025-Nov-03 22:43:20.887874] <info>: (UniqueIdHandler.h:65:ComposeUniqueId) Received ComposeUniqueId request [req_id=805875183315535744, post_type=9]
[2025-Nov-03 22:43:20.888023] <info>: (UniqueIdHandler.h:85:ComposeUniqueId) ComposeUniqueId timestamp and counter [req_id=805875183315535744, timestamp=247445000888, counter=0]
[2025-Nov-03 22:43:26.236336] <info>: (UniqueIdHandler.h:65:ComposeUniqueId) Received ComposeUniqueId request [req_id=308623861943712512, post_type=9]
[2025-Nov-03 22:43:26.236480] <info>: (UniqueIdHandler.h:85:ComposeUniqueId) ComposeUniqueId timestamp and counter [req_id=308623861943712512, timestamp=247445006236, counter=0]
[2025-Nov-03 22:43:31.583674] <info>: (UniqueIdHandler.h:65:ComposeUniqueId) Received ComposeUniqueId request [req_id=1063653396066419968, post_type=9]
[2025-Nov-03 22:43:31.583840] <info>: (UniqueIdHandler.h:85:ComposeUniqueId) ComposeUniqueId timestamp and counter [req_id=1063653396066419968, timestamp=247445011583, counter=0]
[2025-Nov-03 22:43:36.987238] <info>: (UniqueIdHandler.h:65:ComposeUniqueId) Received ComposeUniqueId request [req_id=776907275430826624, post_type=9]
[2025-Nov-03 22:43:36.987440] <info>: (UniqueIdHandler.h:85:ComposeUniqueId) ComposeUniqueId timestamp and counter [req_id=776907275430826624, timestamp=247445016987, counter=0]
[2025-Nov-03 22:43:42.341065] <info>: (UniqueIdHandler.h:65:ComposeUniqueId) Received ComposeUniqueId request [req_id=1101536481016919296, post_type=9]
[2025-Nov-03 22:43:42.341248] <info>: (UniqueIdHandler.h:85:ComposeUniqueId) ComposeUniqueId timestamp and counter [req_id=1101536481016919296, timestamp=247445022341, counter=0]
[2025-Nov-03 22:43:47.697718] <info>: (UniqueIdHandler.h:65:ComposeUniqueId) Received ComposeUniqueId request [req_id=227762846936466496, post_type=9]
[2025-Nov-03 22:43:47.698070] <info>: (UniqueIdHandler.h:85:ComposeUniqueId) ComposeUniqueId timestamp and counter [req_id=227762846936466496, timestamp=247445027698, counter=0]
[2025-Nov-03 22:43:53.077624] <info>: (UniqueIdHandler.h:65:ComposeUniqueId) Received ComposeUniqueId request [req_id=698450280393518336, post_type=9]
[2025-Nov-03 22:43:53.077839] <info>: (UniqueIdHandler.h:85:ComposeUniqueId) ComposeUniqueId timestamp and counter [req_id=698450280393518336, timestamp=247445033077, counter=0]
[2025-Nov-03 22:43:58.437880] <info>: (UniqueIdHandler.h:65:ComposeUniqueId) Received ComposeUniqueId request [req_id=857079828397967488, post_type=9]
[2025-Nov-03 22:43:58.438014] <info>: (UniqueIdHandler.h:85:ComposeUniqueId) ComposeUniqueId timestamp and counter [req_id=857079828397967488, timestamp=247445038438, counter=0]
[2025-Nov-03 22:44:03.800229] <info>: (UniqueIdHandler.h:65:ComposeUniqueId) Received ComposeUniqueId request [req_id=690713291793574912, post_type=9]
[2025-Nov-03 22:44:03.800442] <info>: (UniqueIdHandler.h:85:ComposeUniqueId) ComposeUniqueId timestamp and counter [req_id=690713291793574912, timestamp=247445043800, counter=0]
[2025-Nov-03 22:44:09.210392] <info>: (UniqueIdHandler.h:65:ComposeUniqueId) Received ComposeUniqueId request [req_id=789222136684040832, post_type=9]
[2025-Nov-03 22:44:09.210603] <info>: (UniqueIdHandler.h:85:ComposeUniqueId) ComposeUniqueId timestamp and counter [req_id=789222136684040832, timestamp=247445049210, counter=0]
[2025-Nov-03 22:44:14.577588] <info>: (UniqueIdHandler.h:65:ComposeUniqueId) Received ComposeUniqueId request [req_id=955124471253568512, post_type=9]
[2025-Nov-03 22:44:14.577821] <info>: (UniqueIdHandler.h:85:ComposeUniqueId) ComposeUniqueId timestamp and counter [req_id=955124471253568512, timestamp=247445054577, counter=0]
[2025-Nov-03 22:44:19.932998] <info>: (UniqueIdHandler.h:65:ComposeUniqueId) Received ComposeUniqueId request [req_id=929875545129909504, post_type=9]
[2025-Nov-03 22:44:19.933478] <info>: (UniqueIdHandler.h:85:ComposeUniqueId) ComposeUniqueId timestamp and counter [req_id=929875545129909504, timestamp=247445059933, counter=0]
[2025-Nov-03 22:44:25.286223] <info>: (UniqueIdHandler.h:65:ComposeUniqueId) Received ComposeUniqueId request [req_id=452502615735605888, post_type=9]
[2025-Nov-03 22:44:25.286449] <info>: (UniqueIdHandler.h:85:ComposeUniqueId) ComposeUniqueId timestamp and counter [req_id=452502615735605888, timestamp=247445065286, counter=0]
[2025-Nov-03 22:44:30.655161] <info>: (UniqueIdHandler.h:65:ComposeUniqueId) Received ComposeUniqueId request [req_id=184975254457263872, post_type=9]
[2025-Nov-03 22:44:30.655299] <info>: (UniqueIdHandler.h:85:ComposeUniqueId) ComposeUniqueId timestamp and counter [req_id=184975254457263872, timestamp=247445070655, counter=0]
[2025-Nov-03 22:44:36.038921] <info>: (UniqueIdHandler.h:65:ComposeUniqueId) Received ComposeUniqueId request [req_id=584988873855391104, post_type=9]
[2025-Nov-03 22:44:36.039064] <info>: (UniqueIdHandler.h:85:ComposeUniqueId) ComposeUniqueId timestamp and counter [req_id=584988873855391104, timestamp=247445076039, counter=0]
[2025-Nov-03 22:44:41.381752] <info>: (UniqueIdHandler.h:65:ComposeUniqueId) Received ComposeUniqueId request [req_id=1036490367135021824, post_type=9]
[2025-Nov-03 22:44:41.381912] <info>: (UniqueIdHandler.h:85:ComposeUniqueId) ComposeUniqueId timestamp and counter [req_id=1036490367135021824, timestamp=247445081381, counter=0]
[2025-Nov-03 22:44:46.725719] <info>: (UniqueIdHandler.h:65:ComposeUniqueId) Received ComposeUniqueId request [req_id=777987796626723200, post_type=9]
[2025-Nov-03 22:44:46.725909] <info>: (UniqueIdHandler.h:85:ComposeUniqueId) ComposeUniqueId timestamp and counter [req_id=777987796626723200, timestamp=247445086725, counter=0]
[2025-Nov-03 22:44:52.111155] <info>: (UniqueIdHandler.h:65:ComposeUniqueId) Received ComposeUniqueId request [req_id=775139357239627904, post_type=9]
[2025-Nov-03 22:44:52.111327] <info>: (UniqueIdHandler.h:85:ComposeUniqueId) ComposeUniqueId timestamp and counter [req_id=775139357239627904, timestamp=247445092111, counter=0]
[2025-Nov-03 22:44:57.460590] <info>: (UniqueIdHandler.h:65:ComposeUniqueId) Received ComposeUniqueId request [req_id=447165923743242624, post_type=9]
[2025-Nov-03 22:44:57.460778] <info>: (UniqueIdHandler.h:85:ComposeUniqueId) ComposeUniqueId timestamp and counter [req_id=447165923743242624, timestamp=247445097460, counter=0]
[2025-Nov-03 22:45:02.814525] <info>: (UniqueIdHandler.h:65:ComposeUniqueId) Received ComposeUniqueId request [req_id=135000457478613824, post_type=9]
[2025-Nov-03 22:45:02.814654] <info>: (UniqueIdHandler.h:85:ComposeUniqueId) ComposeUniqueId timestamp and counter [req_id=135000457478613824, timestamp=247445102814, counter=0]
[2025-Nov-03 22:45:08.170311] <info>: (UniqueIdHandler.h:65:ComposeUniqueId) Received ComposeUniqueId request [req_id=15086813828607954, post_type=9]
[2025-Nov-03 22:45:08.170572] <info>: (UniqueIdHandler.h:85:ComposeUniqueId) ComposeUniqueId timestamp and counter [req_id=15086813828607954, timestamp=247445108170, counter=0]
[2025-Nov-03 22:45:13.544544] <info>: (UniqueIdHandler.h:65:ComposeUniqueId) Received ComposeUniqueId request [req_id=630533173733597568, post_type=9]
[2025-Nov-03 22:45:13.544788] <info>: (UniqueIdHandler.h:85:ComposeUniqueId) ComposeUniqueId timestamp and counter [req_id=630533173733597568, timestamp=247445113544, counter=0]
[2025-Nov-03 22:45:18.920601] <info>: (UniqueIdHandler.h:65:ComposeUniqueId) Received ComposeUniqueId request [req_id=36224845870143072, post_type=9]
[2025-Nov-03 22:45:18.920832] <info>: (UniqueIdHandler.h:85:ComposeUniqueId) ComposeUniqueId timestamp and counter [req_id=36224845870143072, timestamp=247445118920, counter=0]
[2025-Nov-03 22:45:24.285536] <info>: (UniqueIdHandler.h:65:ComposeUniqueId) Received ComposeUniqueId request [req_id=1128512673294011264, post_type=9]
[2025-Nov-03 22:45:24.285670] <info>: (UniqueIdHandler.h:85:ComposeUniqueId) ComposeUniqueId timestamp and counter [req_id=1128512673294011264, timestamp=247445124285, counter=0]
[2025-Nov-03 22:45:29.628685] <info>: (UniqueIdHandler.h:65:ComposeUniqueId) Received ComposeUniqueId request [req_id=1029140306415101056, post_type=9]
[2025-Nov-03 22:45:29.628880] <info>: (UniqueIdHandler.h:85:ComposeUniqueId) ComposeUniqueId timestamp and counter [req_id=1029140306415101056, timestamp=247445129628, counter=0]
[2025-Nov-03 22:45:34.999077] <info>: (UniqueIdHandler.h:65:ComposeUniqueId) Received ComposeUniqueId request [req_id=264844725479422976, post_type=9]
[2025-Nov-03 22:45:34.999216] <info>: (UniqueIdHandler.h:85:ComposeUniqueId) ComposeUniqueId timestamp and counter [req_id=264844725479422976, timestamp=247445134999, counter=0]
[2025-Nov-03 22:45:40.368184] <info>: (UniqueIdHandler.h:65:ComposeUniqueId) Received ComposeUniqueId request [req_id=896793977898585600, post_type=9]
[2025-Nov-03 22:45:40.368323] <info>: (UniqueIdHandler.h:85:ComposeUniqueId) ComposeUniqueId timestamp and counter [req_id=896793977898585600, timestamp=247445140368, counter=0]
[2025-Nov-03 22:45:45.754986] <info>: (UniqueIdHandler.h:65:ComposeUniqueId) Received ComposeUniqueId request [req_id=232030084746867552, post_type=9]
[2025-Nov-03 22:45:45.755169] <info>: (UniqueIdHandler.h:85:ComposeUniqueId) ComposeUniqueId timestamp and counter [req_id=232030084746867552, timestamp=247445145755, counter=0]
[2025-Nov-03 22:45:51.167060] <info>: (UniqueIdHandler.h:65:ComposeUniqueId) Received ComposeUniqueId request [req_id=829001416188859776, post_type=9]
[2025-Nov-03 22:45:51.167434] <info>: (UniqueIdHandler.h:85:ComposeUniqueId) ComposeUniqueId timestamp and counter [req_id=829001416188859776, timestamp=247445151167, counter=0]
[2025-Nov-03 22:45:56.545975] <info>: (UniqueIdHandler.h:65:ComposeUniqueId) Received ComposeUniqueId request [req_id=865785054845432832, post_type=9]
[2025-Nov-03 22:45:56.546170] <info>: (UniqueIdHandler.h:85:ComposeUniqueId) ComposeUniqueId timestamp and counter [req_id=865785054845432832, timestamp=247445156546, counter=0]
[2025-Nov-03 22:46:01.897247] <info>: (UniqueIdHandler.h:65:ComposeUniqueId) Received ComposeUniqueId request [req_id=236906116888883904, post_type=9]
[2025-Nov-03 22:46:01.897433] <info>: (UniqueIdHandler.h:85:ComposeUniqueId) ComposeUniqueId timestamp and counter [req_id=236906116888883904, timestamp=247445161897, counter=0]
[2025-Nov-03 22:46:07.250646] <info>: (UniqueIdHandler.h:65:ComposeUniqueId) Received ComposeUniqueId request [req_id=141201866942233024, post_type=9]
[2025-Nov-03 22:46:07.251005] <info>: (UniqueIdHandler.h:85:ComposeUniqueId) ComposeUniqueId timestamp and counter [req_id=141201866942233024, timestamp=247445167250, counter=0]
[2025-Nov-03 22:46:12.612282] <info>: (UniqueIdHandler.h:65:ComposeUniqueId) Received ComposeUniqueId request [req_id=559740791219037056, post_type=9]
[2025-Nov-03 22:46:12.612526] <info>: (UniqueIdHandler.h:85:ComposeUniqueId) ComposeUniqueId timestamp and counter [req_id=559740791219037056, timestamp=247445172612, counter=0]
[2025-Nov-03 22:46:17.959126] <info>: (UniqueIdHandler.h:65:ComposeUniqueId) Received ComposeUniqueId request [req_id=742352321631930496, post_type=9]
[2025-Nov-03 22:46:17.959713] <info>: (UniqueIdHandler.h:85:ComposeUniqueId) ComposeUniqueId timestamp and counter [req_id=742352321631930496, timestamp=247445177959, counter=0]
[2025-Nov-03 22:46:23.335872] <info>: (UniqueIdHandler.h:65:ComposeUniqueId) Received ComposeUniqueId request [req_id=778778352970047360, post_type=9]
[2025-Nov-03 22:46:23.336949] <info>: (UniqueIdHandler.h:85:ComposeUniqueId) ComposeUniqueId timestamp and counter [req_id=778778352970047360, timestamp=247445183336, counter=0]
[2025-Nov-03 22:46:28.693009] <info>: (UniqueIdHandler.h:65:ComposeUniqueId) Received ComposeUniqueId request [req_id=463642348358750528, post_type=9]
[2025-Nov-03 22:46:28.693201] <info>: (UniqueIdHandler.h:85:ComposeUniqueId) ComposeUniqueId timestamp and counter [req_id=463642348358750528, timestamp=247445188693, counter=0]
[2025-Nov-03 22:46:34.051519] <info>: (UniqueIdHandler.h:65:ComposeUniqueId) Received ComposeUniqueId request [req_id=631364463974291328, post_type=9]
[2025-Nov-03 22:46:34.051917] <info>: (UniqueIdHandler.h:85:ComposeUniqueId) ComposeUniqueId timestamp and counter [req_id=631364463974291328, timestamp=247445194051, counter=0]
[2025-Nov-03 22:46:39.410515] <info>: (UniqueIdHandler.h:65:ComposeUniqueId) Received ComposeUniqueId request [req_id=17841632288635774, post_type=9]
[2025-Nov-03 22:46:39.410694] <info>: (UniqueIdHandler.h:85:ComposeUniqueId) ComposeUniqueId timestamp and counter [req_id=17841632288635774, timestamp=247445199410, counter=0]
