[2025-Nov-04 00:01:57.490560] <info>: (MediaService.cpp:44:main) Starting the media-service server...
[2025-Nov-04 00:03:41.500315] <info>: (MediaService.cpp:44:main) Starting the media-service server...
[2025-Nov-04 00:03:50.445427] <info>: (MediaHandler.h:36:ComposeMedia) Received ComposeMedia request [req_id=329994970291196992, media_ids count=0, media_types count=0]
[2025-Nov-04 00:03:50.445693] <info>: (MediaHandler.h:58:ComposeMedia) ComposeMedia parameter validation passed [req_id=329994970291196992]
[2025-Nov-04 00:03:50.445750] <info>: (MediaHandler.h:68:ComposeMedia) ComposeMedia completed [req_id=329994970291196992, return media count=0]
[2025-Nov-04 00:03:55.809123] <info>: (MediaHandler.h:36:ComposeMedia) Received ComposeMedia request [req_id=728674268831329664, media_ids count=0, media_types count=0]
[2025-Nov-04 00:03:55.809261] <info>: (MediaHandler.h:58:ComposeMedia) ComposeMedia parameter validation passed [req_id=728674268831329664]
[2025-Nov-04 00:03:55.809295] <info>: (MediaHandler.h:68:ComposeMedia) ComposeMedia completed [req_id=728674268831329664, return media count=0]
[2025-Nov-04 00:04:01.168864] <info>: (MediaHandler.h:36:ComposeMedia) Received ComposeMedia request [req_id=282680786677904000, media_ids count=0, media_types count=0]
[2025-Nov-04 00:04:01.168995] <info>: (MediaHandler.h:58:ComposeMedia) ComposeMedia parameter validation passed [req_id=282680786677904000]
[2025-Nov-04 00:04:01.169021] <info>: (MediaHandler.h:68:ComposeMedia) ComposeMedia completed [req_id=282680786677904000, return media count=0]
[2025-Nov-04 00:04:06.535571] <info>: (MediaHandler.h:36:ComposeMedia) Received ComposeMedia request [req_id=444724001516662080, media_ids count=0, media_types count=0]
[2025-Nov-04 00:04:06.535721] <info>: (MediaHandler.h:58:ComposeMedia) ComposeMedia parameter validation passed [req_id=444724001516662080]
[2025-Nov-04 00:04:06.535752] <info>: (MediaHandler.h:68:ComposeMedia) ComposeMedia completed [req_id=444724001516662080, return media count=0]
[2025-Nov-04 00:04:11.897293] <info>: (MediaHandler.h:36:ComposeMedia) Received ComposeMedia request [req_id=800039496286457600, media_ids count=0, media_types count=0]
[2025-Nov-04 00:04:11.897425] <info>: (MediaHandler.h:58:ComposeMedia) ComposeMedia parameter validation passed [req_id=800039496286457600]
[2025-Nov-04 00:04:11.897453] <info>: (MediaHandler.h:68:ComposeMedia) ComposeMedia completed [req_id=800039496286457600, return media count=0]
[2025-Nov-04 00:04:17.254995] <info>: (MediaHandler.h:36:ComposeMedia) Received ComposeMedia request [req_id=921860841681087360, media_ids count=0, media_types count=0]
[2025-Nov-04 00:04:17.255130] <info>: (MediaHandler.h:58:ComposeMedia) ComposeMedia parameter validation passed [req_id=921860841681087360]
[2025-Nov-04 00:04:17.255156] <info>: (MediaHandler.h:68:ComposeMedia) ComposeMedia completed [req_id=921860841681087360, return media count=0]
[2025-Nov-04 00:04:22.614499] <info>: (MediaHandler.h:36:ComposeMedia) Received ComposeMedia request [req_id=576569013827515264, media_ids count=0, media_types count=0]
[2025-Nov-04 00:04:22.614661] <info>: (MediaHandler.h:58:ComposeMedia) ComposeMedia parameter validation passed [req_id=576569013827515264]
[2025-Nov-04 00:04:22.614694] <info>: (MediaHandler.h:68:ComposeMedia) ComposeMedia completed [req_id=576569013827515264, return media count=0]
[2025-Nov-04 00:04:27.964324] <info>: (MediaHandler.h:36:ComposeMedia) Received ComposeMedia request [req_id=944056805988070144, media_ids count=0, media_types count=0]
[2025-Nov-04 00:04:27.964480] <info>: (MediaHandler.h:58:ComposeMedia) ComposeMedia parameter validation passed [req_id=944056805988070144]
[2025-Nov-04 00:04:27.964529] <info>: (MediaHandler.h:68:ComposeMedia) ComposeMedia completed [req_id=944056805988070144, return media count=0]
[2025-Nov-04 00:04:33.312165] <info>: (MediaHandler.h:36:ComposeMedia) Received ComposeMedia request [req_id=310419710911786752, media_ids count=0, media_types count=0]
[2025-Nov-04 00:04:33.312286] <info>: (MediaHandler.h:58:ComposeMedia) ComposeMedia parameter validation passed [req_id=310419710911786752]
[2025-Nov-04 00:04:33.312310] <info>: (MediaHandler.h:68:ComposeMedia) ComposeMedia completed [req_id=310419710911786752, return media count=0]
[2025-Nov-04 00:04:38.674163] <info>: (MediaHandler.h:36:ComposeMedia) Received ComposeMedia request [req_id=42602962639225712, media_ids count=0, media_types count=0]
[2025-Nov-04 00:04:38.674481] <info>: (MediaHandler.h:58:ComposeMedia) ComposeMedia parameter validation passed [req_id=42602962639225712]
[2025-Nov-04 00:04:38.674547] <info>: (MediaHandler.h:68:ComposeMedia) ComposeMedia completed [req_id=42602962639225712, return media count=0]
[2025-Nov-04 00:04:44.034754] <info>: (MediaHandler.h:36:ComposeMedia) Received ComposeMedia request [req_id=604802371089451520, media_ids count=0, media_types count=0]
[2025-Nov-04 00:04:44.034966] <info>: (MediaHandler.h:58:ComposeMedia) ComposeMedia parameter validation passed [req_id=604802371089451520]
[2025-Nov-04 00:04:44.034999] <info>: (MediaHandler.h:68:ComposeMedia) ComposeMedia completed [req_id=604802371089451520, return media count=0]
[2025-Nov-04 00:04:49.382040] <info>: (MediaHandler.h:36:ComposeMedia) Received ComposeMedia request [req_id=1124729432787811840, media_ids count=0, media_types count=0]
[2025-Nov-04 00:04:49.382169] <info>: (MediaHandler.h:58:ComposeMedia) ComposeMedia parameter validation passed [req_id=1124729432787811840]
[2025-Nov-04 00:04:49.382204] <info>: (MediaHandler.h:68:ComposeMedia) ComposeMedia completed [req_id=1124729432787811840, return media count=0]
[2025-Nov-04 00:04:54.726267] <info>: (MediaHandler.h:36:ComposeMedia) Received ComposeMedia request [req_id=1067269174501080832, media_ids count=0, media_types count=0]
[2025-Nov-04 00:04:54.726452] <info>: (MediaHandler.h:58:ComposeMedia) ComposeMedia parameter validation passed [req_id=1067269174501080832]
[2025-Nov-04 00:04:54.726509] <info>: (MediaHandler.h:68:ComposeMedia) ComposeMedia completed [req_id=1067269174501080832, return media count=0]
[2025-Nov-04 00:05:00.095953] <info>: (MediaHandler.h:36:ComposeMedia) Received ComposeMedia request [req_id=63006785972239688, media_ids count=0, media_types count=0]
[2025-Nov-04 00:05:00.096092] <info>: (MediaHandler.h:58:ComposeMedia) ComposeMedia parameter validation passed [req_id=63006785972239688]
[2025-Nov-04 00:05:00.096127] <info>: (MediaHandler.h:68:ComposeMedia) ComposeMedia completed [req_id=63006785972239688, return media count=0]
[2025-Nov-04 00:05:05.462375] <info>: (MediaHandler.h:36:ComposeMedia) Received ComposeMedia request [req_id=403747064466790976, media_ids count=0, media_types count=0]
[2025-Nov-04 00:05:05.462508] <info>: (MediaHandler.h:58:ComposeMedia) ComposeMedia parameter validation passed [req_id=403747064466790976]
[2025-Nov-04 00:05:05.462537] <info>: (MediaHandler.h:68:ComposeMedia) ComposeMedia completed [req_id=403747064466790976, return media count=0]
[2025-Nov-04 00:05:10.806332] <info>: (MediaHandler.h:36:ComposeMedia) Received ComposeMedia request [req_id=817457653989505792, media_ids count=0, media_types count=0]
[2025-Nov-04 00:05:10.806558] <info>: (MediaHandler.h:58:ComposeMedia) ComposeMedia parameter validation passed [req_id=817457653989505792]
[2025-Nov-04 00:05:10.806590] <info>: (MediaHandler.h:68:ComposeMedia) ComposeMedia completed [req_id=817457653989505792, return media count=0]
[2025-Nov-04 00:05:16.165752] <info>: (MediaHandler.h:36:ComposeMedia) Received ComposeMedia request [req_id=156877040418058144, media_ids count=0, media_types count=0]
[2025-Nov-04 00:05:16.165923] <info>: (MediaHandler.h:58:ComposeMedia) ComposeMedia parameter validation passed [req_id=156877040418058144]
[2025-Nov-04 00:05:16.165953] <info>: (MediaHandler.h:68:ComposeMedia) ComposeMedia completed [req_id=156877040418058144, return media count=0]
[2025-Nov-04 00:05:21.529089] <info>: (MediaHandler.h:36:ComposeMedia) Received ComposeMedia request [req_id=723501153095306112, media_ids count=0, media_types count=0]
[2025-Nov-04 00:05:21.529253] <info>: (MediaHandler.h:58:ComposeMedia) ComposeMedia parameter validation passed [req_id=723501153095306112]
[2025-Nov-04 00:05:21.529304] <info>: (MediaHandler.h:68:ComposeMedia) ComposeMedia completed [req_id=723501153095306112, return media count=0]
[2025-Nov-04 00:05:26.889673] <info>: (MediaHandler.h:36:ComposeMedia) Received ComposeMedia request [req_id=213895457560961504, media_ids count=0, media_types count=0]
[2025-Nov-04 00:05:26.889893] <info>: (MediaHandler.h:58:ComposeMedia) ComposeMedia parameter validation passed [req_id=213895457560961504]
[2025-Nov-04 00:05:26.889927] <info>: (MediaHandler.h:68:ComposeMedia) ComposeMedia completed [req_id=213895457560961504, return media count=0]
[2025-Nov-04 00:05:32.242141] <info>: (MediaHandler.h:36:ComposeMedia) Received ComposeMedia request [req_id=701457557112756096, media_ids count=0, media_types count=0]
[2025-Nov-04 00:05:32.242296] <info>: (MediaHandler.h:58:ComposeMedia) ComposeMedia parameter validation passed [req_id=701457557112756096]
[2025-Nov-04 00:05:32.242329] <info>: (MediaHandler.h:68:ComposeMedia) ComposeMedia completed [req_id=701457557112756096, return media count=0]
[2025-Nov-04 00:05:37.598331] <info>: (MediaHandler.h:36:ComposeMedia) Received ComposeMedia request [req_id=579947033231732096, media_ids count=0, media_types count=0]
[2025-Nov-04 00:05:37.598454] <info>: (MediaHandler.h:58:ComposeMedia) ComposeMedia parameter validation passed [req_id=579947033231732096]
[2025-Nov-04 00:05:37.598482] <info>: (MediaHandler.h:68:ComposeMedia) ComposeMedia completed [req_id=579947033231732096, return media count=0]
[2025-Nov-04 00:05:42.953182] <info>: (MediaHandler.h:36:ComposeMedia) Received ComposeMedia request [req_id=404379049284287424, media_ids count=0, media_types count=0]
[2025-Nov-04 00:05:42.953343] <info>: (MediaHandler.h:58:ComposeMedia) ComposeMedia parameter validation passed [req_id=404379049284287424]
[2025-Nov-04 00:05:42.953370] <info>: (MediaHandler.h:68:ComposeMedia) ComposeMedia completed [req_id=404379049284287424, return media count=0]
[2025-Nov-04 00:05:48.316402] <info>: (MediaHandler.h:36:ComposeMedia) Received ComposeMedia request [req_id=1046395662382439936, media_ids count=0, media_types count=0]
[2025-Nov-04 00:05:48.316706] <info>: (MediaHandler.h:58:ComposeMedia) ComposeMedia parameter validation passed [req_id=1046395662382439936]
[2025-Nov-04 00:05:48.316786] <info>: (MediaHandler.h:68:ComposeMedia) ComposeMedia completed [req_id=1046395662382439936, return media count=0]
[2025-Nov-04 00:05:53.659393] <info>: (MediaHandler.h:36:ComposeMedia) Received ComposeMedia request [req_id=915646815003957376, media_ids count=0, media_types count=0]
[2025-Nov-04 00:05:53.659533] <info>: (MediaHandler.h:58:ComposeMedia) ComposeMedia parameter validation passed [req_id=915646815003957376]
[2025-Nov-04 00:05:53.659568] <info>: (MediaHandler.h:68:ComposeMedia) ComposeMedia completed [req_id=915646815003957376, return media count=0]
[2025-Nov-04 00:05:59.007049] <info>: (MediaHandler.h:36:ComposeMedia) Received ComposeMedia request [req_id=837630517896685696, media_ids count=0, media_types count=0]
[2025-Nov-04 00:05:59.007212] <info>: (MediaHandler.h:58:ComposeMedia) ComposeMedia parameter validation passed [req_id=837630517896685696]
[2025-Nov-04 00:05:59.007245] <info>: (MediaHandler.h:68:ComposeMedia) ComposeMedia completed [req_id=837630517896685696, return media count=0]
[2025-Nov-04 00:06:04.366882] <info>: (MediaHandler.h:36:ComposeMedia) Received ComposeMedia request [req_id=1040662436267406848, media_ids count=0, media_types count=0]
[2025-Nov-04 00:06:04.367062] <info>: (MediaHandler.h:58:ComposeMedia) ComposeMedia parameter validation passed [req_id=1040662436267406848]
[2025-Nov-04 00:06:04.367108] <info>: (MediaHandler.h:68:ComposeMedia) ComposeMedia completed [req_id=1040662436267406848, return media count=0]
[2025-Nov-04 00:06:09.752513] <info>: (MediaHandler.h:36:ComposeMedia) Received ComposeMedia request [req_id=295012460822107840, media_ids count=0, media_types count=0]
[2025-Nov-04 00:06:09.752798] <info>: (MediaHandler.h:58:ComposeMedia) ComposeMedia parameter validation passed [req_id=295012460822107840]
[2025-Nov-04 00:06:09.752863] <info>: (MediaHandler.h:68:ComposeMedia) ComposeMedia completed [req_id=295012460822107840, return media count=0]
[2025-Nov-04 00:06:15.138546] <info>: (MediaHandler.h:36:ComposeMedia) Received ComposeMedia request [req_id=663759481312574080, media_ids count=0, media_types count=0]
[2025-Nov-04 00:06:15.138805] <info>: (MediaHandler.h:58:ComposeMedia) ComposeMedia parameter validation passed [req_id=663759481312574080]
[2025-Nov-04 00:06:15.138874] <info>: (MediaHandler.h:68:ComposeMedia) ComposeMedia completed [req_id=663759481312574080, return media count=0]
[2025-Nov-04 00:06:20.497324] <info>: (MediaHandler.h:36:ComposeMedia) Received ComposeMedia request [req_id=959499476220084096, media_ids count=0, media_types count=0]
[2025-Nov-04 00:06:20.497528] <info>: (MediaHandler.h:58:ComposeMedia) ComposeMedia parameter validation passed [req_id=959499476220084096]
[2025-Nov-04 00:06:20.497585] <info>: (MediaHandler.h:68:ComposeMedia) ComposeMedia completed [req_id=959499476220084096, return media count=0]
[2025-Nov-04 00:06:25.854034] <info>: (MediaHandler.h:36:ComposeMedia) Received ComposeMedia request [req_id=217540828048969696, media_ids count=0, media_types count=0]
[2025-Nov-04 00:06:25.854162] <info>: (MediaHandler.h:58:ComposeMedia) ComposeMedia parameter validation passed [req_id=217540828048969696]
[2025-Nov-04 00:06:25.854189] <info>: (MediaHandler.h:68:ComposeMedia) ComposeMedia completed [req_id=217540828048969696, return media count=0]
[2025-Nov-04 00:06:31.200911] <info>: (MediaHandler.h:36:ComposeMedia) Received ComposeMedia request [req_id=740791856849467520, media_ids count=0, media_types count=0]
[2025-Nov-04 00:06:31.201097] <info>: (MediaHandler.h:58:ComposeMedia) ComposeMedia parameter validation passed [req_id=740791856849467520]
[2025-Nov-04 00:06:31.201137] <info>: (MediaHandler.h:68:ComposeMedia) ComposeMedia completed [req_id=740791856849467520, return media count=0]
[2025-Nov-04 00:06:36.561320] <info>: (MediaHandler.h:36:ComposeMedia) Received ComposeMedia request [req_id=322778391564615232, media_ids count=0, media_types count=0]
[2025-Nov-04 00:06:36.561461] <info>: (MediaHandler.h:58:ComposeMedia) ComposeMedia parameter validation passed [req_id=322778391564615232]
[2025-Nov-04 00:06:36.561493] <info>: (MediaHandler.h:68:ComposeMedia) ComposeMedia completed [req_id=322778391564615232, return media count=0]
[2025-Nov-04 00:06:41.940061] <info>: (MediaHandler.h:36:ComposeMedia) Received ComposeMedia request [req_id=1111786342496405504, media_ids count=0, media_types count=0]
[2025-Nov-04 00:06:41.940196] <info>: (MediaHandler.h:58:ComposeMedia) ComposeMedia parameter validation passed [req_id=1111786342496405504]
[2025-Nov-04 00:06:41.940225] <info>: (MediaHandler.h:68:ComposeMedia) ComposeMedia completed [req_id=1111786342496405504, return media count=0]
[2025-Nov-04 00:06:47.296535] <info>: (MediaHandler.h:36:ComposeMedia) Received ComposeMedia request [req_id=256066375230206368, media_ids count=0, media_types count=0]
[2025-Nov-04 00:06:47.296889] <info>: (MediaHandler.h:58:ComposeMedia) ComposeMedia parameter validation passed [req_id=256066375230206368]
[2025-Nov-04 00:06:47.297017] <info>: (MediaHandler.h:68:ComposeMedia) ComposeMedia completed [req_id=256066375230206368, return media count=0]
[2025-Nov-04 00:06:52.692881] <info>: (MediaHandler.h:36:ComposeMedia) Received ComposeMedia request [req_id=443765005245219968, media_ids count=0, media_types count=0]
[2025-Nov-04 00:06:52.693095] <info>: (MediaHandler.h:58:ComposeMedia) ComposeMedia parameter validation passed [req_id=443765005245219968]
[2025-Nov-04 00:06:52.693137] <info>: (MediaHandler.h:68:ComposeMedia) ComposeMedia completed [req_id=443765005245219968, return media count=0]
[2025-Nov-04 00:06:58.073166] <info>: (MediaHandler.h:36:ComposeMedia) Received ComposeMedia request [req_id=1022236866025193600, media_ids count=0, media_types count=0]
[2025-Nov-04 00:06:58.073359] <info>: (MediaHandler.h:58:ComposeMedia) ComposeMedia parameter validation passed [req_id=1022236866025193600]
[2025-Nov-04 00:06:58.073421] <info>: (MediaHandler.h:68:ComposeMedia) ComposeMedia completed [req_id=1022236866025193600, return media count=0]
[2025-Nov-04 00:07:03.441928] <info>: (MediaHandler.h:36:ComposeMedia) Received ComposeMedia request [req_id=928264151296659584, media_ids count=0, media_types count=0]
[2025-Nov-04 00:07:03.442109] <info>: (MediaHandler.h:58:ComposeMedia) ComposeMedia parameter validation passed [req_id=928264151296659584]
[2025-Nov-04 00:07:03.442153] <info>: (MediaHandler.h:68:ComposeMedia) ComposeMedia completed [req_id=928264151296659584, return media count=0]
[2025-Nov-04 00:07:08.808316] <info>: (MediaHandler.h:36:ComposeMedia) Received ComposeMedia request [req_id=1016512670469495040, media_ids count=0, media_types count=0]
[2025-Nov-04 00:07:08.808447] <info>: (MediaHandler.h:58:ComposeMedia) ComposeMedia parameter validation passed [req_id=1016512670469495040]
[2025-Nov-04 00:07:08.808472] <info>: (MediaHandler.h:68:ComposeMedia) ComposeMedia completed [req_id=1016512670469495040, return media count=0]
[2025-Nov-04 00:07:14.173655] <info>: (MediaHandler.h:36:ComposeMedia) Received ComposeMedia request [req_id=254144195455690816, media_ids count=0, media_types count=0]
[2025-Nov-04 00:07:14.173838] <info>: (MediaHandler.h:58:ComposeMedia) ComposeMedia parameter validation passed [req_id=254144195455690816]
[2025-Nov-04 00:07:14.173890] <info>: (MediaHandler.h:68:ComposeMedia) ComposeMedia completed [req_id=254144195455690816, return media count=0]
[2025-Nov-04 00:07:19.516397] <info>: (MediaHandler.h:36:ComposeMedia) Received ComposeMedia request [req_id=19975783964221320, media_ids count=0, media_types count=0]
[2025-Nov-04 00:07:19.516543] <info>: (MediaHandler.h:58:ComposeMedia) ComposeMedia parameter validation passed [req_id=19975783964221320]
[2025-Nov-04 00:07:19.516572] <info>: (MediaHandler.h:68:ComposeMedia) ComposeMedia completed [req_id=19975783964221320, return media count=0]
[2025-Nov-04 00:07:24.862216] <info>: (MediaHandler.h:36:ComposeMedia) Received ComposeMedia request [req_id=587880572168578048, media_ids count=0, media_types count=0]
[2025-Nov-04 00:07:24.862348] <info>: (MediaHandler.h:58:ComposeMedia) ComposeMedia parameter validation passed [req_id=587880572168578048]
[2025-Nov-04 00:07:24.862376] <info>: (MediaHandler.h:68:ComposeMedia) ComposeMedia completed [req_id=587880572168578048, return media count=0]
[2025-Nov-04 00:07:30.226817] <info>: (MediaHandler.h:36:ComposeMedia) Received ComposeMedia request [req_id=691483546358922496, media_ids count=0, media_types count=0]
[2025-Nov-04 00:07:30.227153] <info>: (MediaHandler.h:58:ComposeMedia) ComposeMedia parameter validation passed [req_id=691483546358922496]
[2025-Nov-04 00:07:30.227201] <info>: (MediaHandler.h:68:ComposeMedia) ComposeMedia completed [req_id=691483546358922496, return media count=0]
[2025-Nov-04 00:07:35.593326] <info>: (MediaHandler.h:36:ComposeMedia) Received ComposeMedia request [req_id=908988977307812480, media_ids count=0, media_types count=0]
[2025-Nov-04 00:07:35.593666] <info>: (MediaHandler.h:58:ComposeMedia) ComposeMedia parameter validation passed [req_id=908988977307812480]
[2025-Nov-04 00:07:35.593794] <info>: (MediaHandler.h:68:ComposeMedia) ComposeMedia completed [req_id=908988977307812480, return media count=0]
[2025-Nov-04 00:07:40.941986] <info>: (MediaHandler.h:36:ComposeMedia) Received ComposeMedia request [req_id=958277070891928960, media_ids count=0, media_types count=0]
[2025-Nov-04 00:07:40.942539] <info>: (MediaHandler.h:58:ComposeMedia) ComposeMedia parameter validation passed [req_id=958277070891928960]
[2025-Nov-04 00:07:40.942808] <info>: (MediaHandler.h:68:ComposeMedia) ComposeMedia completed [req_id=958277070891928960, return media count=0]
[2025-Nov-04 00:07:46.296369] <info>: (MediaHandler.h:36:ComposeMedia) Received ComposeMedia request [req_id=501872521395061376, media_ids count=0, media_types count=0]
[2025-Nov-04 00:07:46.296527] <info>: (MediaHandler.h:58:ComposeMedia) ComposeMedia parameter validation passed [req_id=501872521395061376]
[2025-Nov-04 00:07:46.296553] <info>: (MediaHandler.h:68:ComposeMedia) ComposeMedia completed [req_id=501872521395061376, return media count=0]
[2025-Nov-04 00:07:51.648792] <info>: (MediaHandler.h:36:ComposeMedia) Received ComposeMedia request [req_id=503262711586905088, media_ids count=0, media_types count=0]
[2025-Nov-04 00:07:51.648939] <info>: (MediaHandler.h:58:ComposeMedia) ComposeMedia parameter validation passed [req_id=503262711586905088]
[2025-Nov-04 00:07:51.648967] <info>: (MediaHandler.h:68:ComposeMedia) ComposeMedia completed [req_id=503262711586905088, return media count=0]
[2025-Nov-04 00:07:57.010145] <info>: (MediaHandler.h:36:ComposeMedia) Received ComposeMedia request [req_id=336051966617059904, media_ids count=0, media_types count=0]
[2025-Nov-04 00:07:57.010281] <info>: (MediaHandler.h:58:ComposeMedia) ComposeMedia parameter validation passed [req_id=336051966617059904]
[2025-Nov-04 00:07:57.010307] <info>: (MediaHandler.h:68:ComposeMedia) ComposeMedia completed [req_id=336051966617059904, return media count=0]
[2025-Nov-04 00:08:02.385132] <info>: (MediaHandler.h:36:ComposeMedia) Received ComposeMedia request [req_id=793304205616137728, media_ids count=0, media_types count=0]
[2025-Nov-04 00:08:02.385266] <info>: (MediaHandler.h:58:ComposeMedia) ComposeMedia parameter validation passed [req_id=793304205616137728]
[2025-Nov-04 00:08:02.385298] <info>: (MediaHandler.h:68:ComposeMedia) ComposeMedia completed [req_id=793304205616137728, return media count=0]
[2025-Nov-04 00:08:07.750927] <info>: (MediaHandler.h:36:ComposeMedia) Received ComposeMedia request [req_id=1109879159868822016, media_ids count=0, media_types count=0]
[2025-Nov-04 00:08:07.751076] <info>: (MediaHandler.h:58:ComposeMedia) ComposeMedia parameter validation passed [req_id=1109879159868822016]
[2025-Nov-04 00:08:07.751107] <info>: (MediaHandler.h:68:ComposeMedia) ComposeMedia completed [req_id=1109879159868822016, return media count=0]
[2025-Nov-04 00:08:13.104281] <info>: (MediaHandler.h:36:ComposeMedia) Received ComposeMedia request [req_id=614908093879599360, media_ids count=0, media_types count=0]
[2025-Nov-04 00:08:13.104410] <info>: (MediaHandler.h:58:ComposeMedia) ComposeMedia parameter validation passed [req_id=614908093879599360]
[2025-Nov-04 00:08:13.104439] <info>: (MediaHandler.h:68:ComposeMedia) ComposeMedia completed [req_id=614908093879599360, return media count=0]
[2025-Nov-04 00:08:18.443211] <info>: (MediaHandler.h:36:ComposeMedia) Received ComposeMedia request [req_id=865282139179670272, media_ids count=0, media_types count=0]
[2025-Nov-04 00:08:18.443449] <info>: (MediaHandler.h:58:ComposeMedia) ComposeMedia parameter validation passed [req_id=865282139179670272]
[2025-Nov-04 00:08:18.443497] <info>: (MediaHandler.h:68:ComposeMedia) ComposeMedia completed [req_id=865282139179670272, return media count=0]
[2025-Nov-04 00:08:23.801891] <info>: (MediaHandler.h:36:ComposeMedia) Received ComposeMedia request [req_id=340490630933182976, media_ids count=0, media_types count=0]
[2025-Nov-04 00:08:23.802074] <info>: (MediaHandler.h:58:ComposeMedia) ComposeMedia parameter validation passed [req_id=340490630933182976]
[2025-Nov-04 00:08:23.802103] <info>: (MediaHandler.h:68:ComposeMedia) ComposeMedia completed [req_id=340490630933182976, return media count=0]
[2025-Nov-04 00:08:29.159441] <info>: (MediaHandler.h:36:ComposeMedia) Received ComposeMedia request [req_id=787650197081573888, media_ids count=0, media_types count=0]
[2025-Nov-04 00:08:29.159599] <info>: (MediaHandler.h:58:ComposeMedia) ComposeMedia parameter validation passed [req_id=787650197081573888]
[2025-Nov-04 00:08:29.159777] <info>: (MediaHandler.h:68:ComposeMedia) ComposeMedia completed [req_id=787650197081573888, return media count=0]
[2025-Nov-04 00:08:34.506841] <info>: (MediaHandler.h:36:ComposeMedia) Received ComposeMedia request [req_id=714609418490770944, media_ids count=0, media_types count=0]
[2025-Nov-04 00:08:34.507126] <info>: (MediaHandler.h:58:ComposeMedia) ComposeMedia parameter validation passed [req_id=714609418490770944]
[2025-Nov-04 00:08:34.507165] <info>: (MediaHandler.h:68:ComposeMedia) ComposeMedia completed [req_id=714609418490770944, return media count=0]
[2025-Nov-04 00:08:39.855675] <info>: (MediaHandler.h:36:ComposeMedia) Received ComposeMedia request [req_id=626024562496493568, media_ids count=0, media_types count=0]
[2025-Nov-04 00:08:39.855848] <info>: (MediaHandler.h:58:ComposeMedia) ComposeMedia parameter validation passed [req_id=626024562496493568]
[2025-Nov-04 00:08:39.855884] <info>: (MediaHandler.h:68:ComposeMedia) ComposeMedia completed [req_id=626024562496493568, return media count=0]
[2025-Nov-04 00:08:45.238393] <info>: (MediaHandler.h:36:ComposeMedia) Received ComposeMedia request [req_id=716517515114863872, media_ids count=0, media_types count=0]
[2025-Nov-04 00:08:45.238565] <info>: (MediaHandler.h:58:ComposeMedia) ComposeMedia parameter validation passed [req_id=716517515114863872]
[2025-Nov-04 00:08:45.238616] <info>: (MediaHandler.h:68:ComposeMedia) ComposeMedia completed [req_id=716517515114863872, return media count=0]
[2025-Nov-04 00:08:50.589222] <info>: (MediaHandler.h:36:ComposeMedia) Received ComposeMedia request [req_id=184126118173725472, media_ids count=0, media_types count=0]
[2025-Nov-04 00:08:50.589382] <info>: (MediaHandler.h:58:ComposeMedia) ComposeMedia parameter validation passed [req_id=184126118173725472]
[2025-Nov-04 00:08:50.589703] <info>: (MediaHandler.h:68:ComposeMedia) ComposeMedia completed [req_id=184126118173725472, return media count=0]
[2025-Nov-04 00:08:55.945142] <info>: (MediaHandler.h:36:ComposeMedia) Received ComposeMedia request [req_id=468275808092887168, media_ids count=0, media_types count=0]
[2025-Nov-04 00:08:55.945747] <info>: (MediaHandler.h:58:ComposeMedia) ComposeMedia parameter validation passed [req_id=468275808092887168]
[2025-Nov-04 00:08:55.945883] <info>: (MediaHandler.h:68:ComposeMedia) ComposeMedia completed [req_id=468275808092887168, return media count=0]
[2025-Nov-04 00:09:01.309503] <info>: (MediaHandler.h:36:ComposeMedia) Received ComposeMedia request [req_id=1093487456152724480, media_ids count=0, media_types count=0]
[2025-Nov-04 00:09:01.309668] <info>: (MediaHandler.h:58:ComposeMedia) ComposeMedia parameter validation passed [req_id=1093487456152724480]
[2025-Nov-04 00:09:01.309703] <info>: (MediaHandler.h:68:ComposeMedia) ComposeMedia completed [req_id=1093487456152724480, return media count=0]
[2025-Nov-04 00:09:06.697102] <info>: (MediaHandler.h:36:ComposeMedia) Received ComposeMedia request [req_id=710082262859488512, media_ids count=0, media_types count=0]
[2025-Nov-04 00:09:06.697301] <info>: (MediaHandler.h:58:ComposeMedia) ComposeMedia parameter validation passed [req_id=710082262859488512]
[2025-Nov-04 00:09:06.697350] <info>: (MediaHandler.h:68:ComposeMedia) ComposeMedia completed [req_id=710082262859488512, return media count=0]
[2025-Nov-04 00:09:12.052787] <info>: (MediaHandler.h:36:ComposeMedia) Received ComposeMedia request [req_id=950521896656707968, media_ids count=0, media_types count=0]
[2025-Nov-04 00:09:12.052934] <info>: (MediaHandler.h:58:ComposeMedia) ComposeMedia parameter validation passed [req_id=950521896656707968]
[2025-Nov-04 00:09:12.052966] <info>: (MediaHandler.h:68:ComposeMedia) ComposeMedia completed [req_id=950521896656707968, return media count=0]
[2025-Nov-04 00:09:17.408119] <info>: (MediaHandler.h:36:ComposeMedia) Received ComposeMedia request [req_id=893780820508410496, media_ids count=0, media_types count=0]
[2025-Nov-04 00:09:17.408265] <info>: (MediaHandler.h:58:ComposeMedia) ComposeMedia parameter validation passed [req_id=893780820508410496]
[2025-Nov-04 00:09:17.408295] <info>: (MediaHandler.h:68:ComposeMedia) ComposeMedia completed [req_id=893780820508410496, return media count=0]
[2025-Nov-04 00:09:22.758263] <info>: (MediaHandler.h:36:ComposeMedia) Received ComposeMedia request [req_id=546575167490803200, media_ids count=0, media_types count=0]
[2025-Nov-04 00:09:22.758431] <info>: (MediaHandler.h:58:ComposeMedia) ComposeMedia parameter validation passed [req_id=546575167490803200]
[2025-Nov-04 00:09:22.758474] <info>: (MediaHandler.h:68:ComposeMedia) ComposeMedia completed [req_id=546575167490803200, return media count=0]
[2025-Nov-04 00:09:28.106948] <info>: (MediaHandler.h:36:ComposeMedia) Received ComposeMedia request [req_id=656088401379016832, media_ids count=0, media_types count=0]
[2025-Nov-04 00:09:28.107096] <info>: (MediaHandler.h:58:ComposeMedia) ComposeMedia parameter validation passed [req_id=656088401379016832]
[2025-Nov-04 00:09:28.107146] <info>: (MediaHandler.h:68:ComposeMedia) ComposeMedia completed [req_id=656088401379016832, return media count=0]
[2025-Nov-04 00:09:33.459076] <info>: (MediaHandler.h:36:ComposeMedia) Received ComposeMedia request [req_id=816644285208801280, media_ids count=0, media_types count=0]
[2025-Nov-04 00:09:33.459222] <info>: (MediaHandler.h:58:ComposeMedia) ComposeMedia parameter validation passed [req_id=816644285208801280]
[2025-Nov-04 00:09:33.459248] <info>: (MediaHandler.h:68:ComposeMedia) ComposeMedia completed [req_id=816644285208801280, return media count=0]
[2025-Nov-04 00:09:38.806949] <info>: (MediaHandler.h:36:ComposeMedia) Received ComposeMedia request [req_id=323754618270129472, media_ids count=0, media_types count=0]
[2025-Nov-04 00:09:38.807158] <info>: (MediaHandler.h:58:ComposeMedia) ComposeMedia parameter validation passed [req_id=323754618270129472]
[2025-Nov-04 00:09:38.807199] <info>: (MediaHandler.h:68:ComposeMedia) ComposeMedia completed [req_id=323754618270129472, return media count=0]
[2025-Nov-04 00:09:44.159307] <info>: (MediaHandler.h:36:ComposeMedia) Received ComposeMedia request [req_id=845248274483708416, media_ids count=0, media_types count=0]
[2025-Nov-04 00:09:44.159453] <info>: (MediaHandler.h:58:ComposeMedia) ComposeMedia parameter validation passed [req_id=845248274483708416]
[2025-Nov-04 00:09:44.159482] <info>: (MediaHandler.h:68:ComposeMedia) ComposeMedia completed [req_id=845248274483708416, return media count=0]
[2025-Nov-04 00:09:49.533031] <info>: (MediaHandler.h:36:ComposeMedia) Received ComposeMedia request [req_id=1086394096756780544, media_ids count=0, media_types count=0]
[2025-Nov-04 00:09:49.533176] <info>: (MediaHandler.h:58:ComposeMedia) ComposeMedia parameter validation passed [req_id=1086394096756780544]
[2025-Nov-04 00:09:49.533206] <info>: (MediaHandler.h:68:ComposeMedia) ComposeMedia completed [req_id=1086394096756780544, return media count=0]
[2025-Nov-04 00:09:54.898105] <info>: (MediaHandler.h:36:ComposeMedia) Received ComposeMedia request [req_id=551727454842807552, media_ids count=0, media_types count=0]
[2025-Nov-04 00:09:54.898268] <info>: (MediaHandler.h:58:ComposeMedia) ComposeMedia parameter validation passed [req_id=551727454842807552]
[2025-Nov-04 00:09:54.898323] <info>: (MediaHandler.h:68:ComposeMedia) ComposeMedia completed [req_id=551727454842807552, return media count=0]
[2025-Nov-04 00:10:00.288027] <info>: (MediaHandler.h:36:ComposeMedia) Received ComposeMedia request [req_id=1108671322534934016, media_ids count=0, media_types count=0]
[2025-Nov-04 00:10:00.288220] <info>: (MediaHandler.h:58:ComposeMedia) ComposeMedia parameter validation passed [req_id=1108671322534934016]
[2025-Nov-04 00:10:00.288255] <info>: (MediaHandler.h:68:ComposeMedia) ComposeMedia completed [req_id=1108671322534934016, return media count=0]
[2025-Nov-04 00:10:05.657427] <info>: (MediaHandler.h:36:ComposeMedia) Received ComposeMedia request [req_id=328478272693676608, media_ids count=0, media_types count=0]
[2025-Nov-04 00:10:05.657563] <info>: (MediaHandler.h:58:ComposeMedia) ComposeMedia parameter validation passed [req_id=328478272693676608]
[2025-Nov-04 00:10:05.657631] <info>: (MediaHandler.h:68:ComposeMedia) ComposeMedia completed [req_id=328478272693676608, return media count=0]
[2025-Nov-04 00:10:11.044602] <info>: (MediaHandler.h:36:ComposeMedia) Received ComposeMedia request [req_id=965620470629343616, media_ids count=0, media_types count=0]
[2025-Nov-04 00:10:11.044753] <info>: (MediaHandler.h:58:ComposeMedia) ComposeMedia parameter validation passed [req_id=965620470629343616]
[2025-Nov-04 00:10:11.044842] <info>: (MediaHandler.h:68:ComposeMedia) ComposeMedia completed [req_id=965620470629343616, return media count=0]
[2025-Nov-04 00:10:16.412388] <info>: (MediaHandler.h:36:ComposeMedia) Received ComposeMedia request [req_id=74464444351176512, media_ids count=0, media_types count=0]
[2025-Nov-04 00:10:16.412537] <info>: (MediaHandler.h:58:ComposeMedia) ComposeMedia parameter validation passed [req_id=74464444351176512]
[2025-Nov-04 00:10:16.412566] <info>: (MediaHandler.h:68:ComposeMedia) ComposeMedia completed [req_id=74464444351176512, return media count=0]
[2025-Nov-04 00:10:21.785967] <info>: (MediaHandler.h:36:ComposeMedia) Received ComposeMedia request [req_id=1011335388408278016, media_ids count=0, media_types count=0]
[2025-Nov-04 00:10:21.786111] <info>: (MediaHandler.h:58:ComposeMedia) ComposeMedia parameter validation passed [req_id=1011335388408278016]
[2025-Nov-04 00:10:21.786145] <info>: (MediaHandler.h:68:ComposeMedia) ComposeMedia completed [req_id=1011335388408278016, return media count=0]
[2025-Nov-04 00:10:27.135471] <info>: (MediaHandler.h:36:ComposeMedia) Received ComposeMedia request [req_id=717980192795675136, media_ids count=0, media_types count=0]
[2025-Nov-04 00:10:27.135624] <info>: (MediaHandler.h:58:ComposeMedia) ComposeMedia parameter validation passed [req_id=717980192795675136]
[2025-Nov-04 00:10:27.135854] <info>: (MediaHandler.h:68:ComposeMedia) ComposeMedia completed [req_id=717980192795675136, return media count=0]
[2025-Nov-04 00:10:32.487145] <info>: (MediaHandler.h:36:ComposeMedia) Received ComposeMedia request [req_id=248671584424436864, media_ids count=0, media_types count=0]
[2025-Nov-04 00:10:32.487297] <info>: (MediaHandler.h:58:ComposeMedia) ComposeMedia parameter validation passed [req_id=248671584424436864]
[2025-Nov-04 00:10:32.487331] <info>: (MediaHandler.h:68:ComposeMedia) ComposeMedia completed [req_id=248671584424436864, return media count=0]
[2025-Nov-04 00:10:37.831398] <info>: (MediaHandler.h:36:ComposeMedia) Received ComposeMedia request [req_id=850843026218403712, media_ids count=0, media_types count=0]
[2025-Nov-04 00:10:37.831525] <info>: (MediaHandler.h:58:ComposeMedia) ComposeMedia parameter validation passed [req_id=850843026218403712]
[2025-Nov-04 00:10:37.831552] <info>: (MediaHandler.h:68:ComposeMedia) ComposeMedia completed [req_id=850843026218403712, return media count=0]
[2025-Nov-04 00:10:43.173562] <info>: (MediaHandler.h:36:ComposeMedia) Received ComposeMedia request [req_id=41009091122802784, media_ids count=0, media_types count=0]
[2025-Nov-04 00:10:43.173715] <info>: (MediaHandler.h:58:ComposeMedia) ComposeMedia parameter validation passed [req_id=41009091122802784]
[2025-Nov-04 00:10:43.173784] <info>: (MediaHandler.h:68:ComposeMedia) ComposeMedia completed [req_id=41009091122802784, return media count=0]
[2025-Nov-04 00:10:48.573866] <info>: (MediaHandler.h:36:ComposeMedia) Received ComposeMedia request [req_id=139815003700618000, media_ids count=0, media_types count=0]
[2025-Nov-04 00:10:48.574016] <info>: (MediaHandler.h:58:ComposeMedia) ComposeMedia parameter validation passed [req_id=139815003700618000]
[2025-Nov-04 00:10:48.574047] <info>: (MediaHandler.h:68:ComposeMedia) ComposeMedia completed [req_id=139815003700618000, return media count=0]
[2025-Nov-04 00:10:53.926189] <info>: (MediaHandler.h:36:ComposeMedia) Received ComposeMedia request [req_id=569758699864175360, media_ids count=0, media_types count=0]
[2025-Nov-04 00:10:53.926364] <info>: (MediaHandler.h:58:ComposeMedia) ComposeMedia parameter validation passed [req_id=569758699864175360]
[2025-Nov-04 00:10:53.926411] <info>: (MediaHandler.h:68:ComposeMedia) ComposeMedia completed [req_id=569758699864175360, return media count=0]
[2025-Nov-04 00:10:59.279729] <info>: (MediaHandler.h:36:ComposeMedia) Received ComposeMedia request [req_id=622828599880664832, media_ids count=0, media_types count=0]
[2025-Nov-04 00:10:59.279903] <info>: (MediaHandler.h:58:ComposeMedia) ComposeMedia parameter validation passed [req_id=622828599880664832]
[2025-Nov-04 00:10:59.279936] <info>: (MediaHandler.h:68:ComposeMedia) ComposeMedia completed [req_id=622828599880664832, return media count=0]
[2025-Nov-04 00:11:04.643602] <info>: (MediaHandler.h:36:ComposeMedia) Received ComposeMedia request [req_id=19559795021815752, media_ids count=0, media_types count=0]
[2025-Nov-04 00:11:04.643780] <info>: (MediaHandler.h:58:ComposeMedia) ComposeMedia parameter validation passed [req_id=19559795021815752]
[2025-Nov-04 00:11:04.643817] <info>: (MediaHandler.h:68:ComposeMedia) ComposeMedia completed [req_id=19559795021815752, return media count=0]
[2025-Nov-04 00:11:10.015357] <info>: (MediaHandler.h:36:ComposeMedia) Received ComposeMedia request [req_id=484305083846366400, media_ids count=0, media_types count=0]
[2025-Nov-04 00:11:10.015495] <info>: (MediaHandler.h:58:ComposeMedia) ComposeMedia parameter validation passed [req_id=484305083846366400]
[2025-Nov-04 00:11:10.015536] <info>: (MediaHandler.h:68:ComposeMedia) ComposeMedia completed [req_id=484305083846366400, return media count=0]
[2025-Nov-04 00:11:15.369906] <info>: (MediaHandler.h:36:ComposeMedia) Received ComposeMedia request [req_id=377923741667009472, media_ids count=0, media_types count=0]
[2025-Nov-04 00:11:15.370044] <info>: (MediaHandler.h:58:ComposeMedia) ComposeMedia parameter validation passed [req_id=377923741667009472]
[2025-Nov-04 00:11:15.370077] <info>: (MediaHandler.h:68:ComposeMedia) ComposeMedia completed [req_id=377923741667009472, return media count=0]
[2025-Nov-04 00:11:20.752638] <info>: (MediaHandler.h:36:ComposeMedia) Received ComposeMedia request [req_id=914502827450135680, media_ids count=0, media_types count=0]
[2025-Nov-04 00:11:20.752818] <info>: (MediaHandler.h:58:ComposeMedia) ComposeMedia parameter validation passed [req_id=914502827450135680]
[2025-Nov-04 00:11:20.752847] <info>: (MediaHandler.h:68:ComposeMedia) ComposeMedia completed [req_id=914502827450135680, return media count=0]
[2025-Nov-04 00:11:26.119724] <info>: (MediaHandler.h:36:ComposeMedia) Received ComposeMedia request [req_id=114228516547316576, media_ids count=0, media_types count=0]
[2025-Nov-04 00:11:26.119953] <info>: (MediaHandler.h:58:ComposeMedia) ComposeMedia parameter validation passed [req_id=114228516547316576]
[2025-Nov-04 00:11:26.120031] <info>: (MediaHandler.h:68:ComposeMedia) ComposeMedia completed [req_id=114228516547316576, return media count=0]
[2025-Nov-04 00:11:31.476810] <info>: (MediaHandler.h:36:ComposeMedia) Received ComposeMedia request [req_id=965130132289177472, media_ids count=0, media_types count=0]
[2025-Nov-04 00:11:31.477356] <info>: (MediaHandler.h:58:ComposeMedia) ComposeMedia parameter validation passed [req_id=965130132289177472]
[2025-Nov-04 00:11:31.477424] <info>: (MediaHandler.h:68:ComposeMedia) ComposeMedia completed [req_id=965130132289177472, return media count=0]
[2025-Nov-04 00:11:36.827718] <info>: (MediaHandler.h:36:ComposeMedia) Received ComposeMedia request [req_id=176567774878922880, media_ids count=0, media_types count=0]
[2025-Nov-04 00:11:36.828143] <info>: (MediaHandler.h:58:ComposeMedia) ComposeMedia parameter validation passed [req_id=176567774878922880]
[2025-Nov-04 00:11:36.828186] <info>: (MediaHandler.h:68:ComposeMedia) ComposeMedia completed [req_id=176567774878922880, return media count=0]
[2025-Nov-04 00:11:42.190066] <info>: (MediaHandler.h:36:ComposeMedia) Received ComposeMedia request [req_id=1016313244901360384, media_ids count=0, media_types count=0]
[2025-Nov-04 00:11:42.190291] <info>: (MediaHandler.h:58:ComposeMedia) ComposeMedia parameter validation passed [req_id=1016313244901360384]
[2025-Nov-04 00:11:42.190324] <info>: (MediaHandler.h:68:ComposeMedia) ComposeMedia completed [req_id=1016313244901360384, return media count=0]
[2025-Nov-04 00:11:47.539293] <info>: (MediaHandler.h:36:ComposeMedia) Received ComposeMedia request [req_id=755068828814963840, media_ids count=0, media_types count=0]
[2025-Nov-04 00:11:47.539433] <info>: (MediaHandler.h:58:ComposeMedia) ComposeMedia parameter validation passed [req_id=755068828814963840]
[2025-Nov-04 00:11:47.539469] <info>: (MediaHandler.h:68:ComposeMedia) ComposeMedia completed [req_id=755068828814963840, return media count=0]
[2025-Nov-04 00:11:52.888295] <info>: (MediaHandler.h:36:ComposeMedia) Received ComposeMedia request [req_id=676982223015417216, media_ids count=0, media_types count=0]
[2025-Nov-04 00:11:52.888456] <info>: (MediaHandler.h:58:ComposeMedia) ComposeMedia parameter validation passed [req_id=676982223015417216]
[2025-Nov-04 00:11:52.888483] <info>: (MediaHandler.h:68:ComposeMedia) ComposeMedia completed [req_id=676982223015417216, return media count=0]
[2025-Nov-04 00:11:58.236922] <info>: (MediaHandler.h:36:ComposeMedia) Received ComposeMedia request [req_id=873734435882780416, media_ids count=0, media_types count=0]
[2025-Nov-04 00:11:58.237052] <info>: (MediaHandler.h:58:ComposeMedia) ComposeMedia parameter validation passed [req_id=873734435882780416]
[2025-Nov-04 00:11:58.237084] <info>: (MediaHandler.h:68:ComposeMedia) ComposeMedia completed [req_id=873734435882780416, return media count=0]
[2025-Nov-04 00:12:03.576325] <info>: (MediaHandler.h:36:ComposeMedia) Received ComposeMedia request [req_id=758422162307762176, media_ids count=0, media_types count=0]
[2025-Nov-04 00:12:03.576467] <info>: (MediaHandler.h:58:ComposeMedia) ComposeMedia parameter validation passed [req_id=758422162307762176]
[2025-Nov-04 00:12:03.576496] <info>: (MediaHandler.h:68:ComposeMedia) ComposeMedia completed [req_id=758422162307762176, return media count=0]
[2025-Nov-04 00:12:08.969989] <info>: (MediaHandler.h:36:ComposeMedia) Received ComposeMedia request [req_id=547476721217793472, media_ids count=0, media_types count=0]
[2025-Nov-04 00:12:08.970179] <info>: (MediaHandler.h:58:ComposeMedia) ComposeMedia parameter validation passed [req_id=547476721217793472]
[2025-Nov-04 00:12:08.970209] <info>: (MediaHandler.h:68:ComposeMedia) ComposeMedia completed [req_id=547476721217793472, return media count=0]
[2025-Nov-04 00:12:14.347426] <info>: (MediaHandler.h:36:ComposeMedia) Received ComposeMedia request [req_id=132247160420130688, media_ids count=0, media_types count=0]
[2025-Nov-04 00:12:14.347569] <info>: (MediaHandler.h:58:ComposeMedia) ComposeMedia parameter validation passed [req_id=132247160420130688]
[2025-Nov-04 00:12:14.347653] <info>: (MediaHandler.h:68:ComposeMedia) ComposeMedia completed [req_id=132247160420130688, return media count=0]
[2025-Nov-04 00:12:19.694501] <info>: (MediaHandler.h:36:ComposeMedia) Received ComposeMedia request [req_id=1015884866183494656, media_ids count=0, media_types count=0]
[2025-Nov-04 00:12:19.694660] <info>: (MediaHandler.h:58:ComposeMedia) ComposeMedia parameter validation passed [req_id=1015884866183494656]
[2025-Nov-04 00:12:19.694721] <info>: (MediaHandler.h:68:ComposeMedia) ComposeMedia completed [req_id=1015884866183494656, return media count=0]
[2025-Nov-04 00:12:25.094183] <info>: (MediaHandler.h:36:ComposeMedia) Received ComposeMedia request [req_id=214313402593334304, media_ids count=0, media_types count=0]
[2025-Nov-04 00:12:25.094359] <info>: (MediaHandler.h:58:ComposeMedia) ComposeMedia parameter validation passed [req_id=214313402593334304]
[2025-Nov-04 00:12:25.094406] <info>: (MediaHandler.h:68:ComposeMedia) ComposeMedia completed [req_id=214313402593334304, return media count=0]
[2025-Nov-04 00:12:30.462463] <info>: (MediaHandler.h:36:ComposeMedia) Received ComposeMedia request [req_id=564753950290763712, media_ids count=0, media_types count=0]
[2025-Nov-04 00:12:30.462621] <info>: (MediaHandler.h:58:ComposeMedia) ComposeMedia parameter validation passed [req_id=564753950290763712]
[2025-Nov-04 00:12:30.462661] <info>: (MediaHandler.h:68:ComposeMedia) ComposeMedia completed [req_id=564753950290763712, return media count=0]
[2025-Nov-04 00:12:35.813543] <info>: (MediaHandler.h:36:ComposeMedia) Received ComposeMedia request [req_id=425845046011988608, media_ids count=0, media_types count=0]
[2025-Nov-04 00:12:35.813665] <info>: (MediaHandler.h:58:ComposeMedia) ComposeMedia parameter validation passed [req_id=425845046011988608]
[2025-Nov-04 00:12:35.813692] <info>: (MediaHandler.h:68:ComposeMedia) ComposeMedia completed [req_id=425845046011988608, return media count=0]
[2025-Nov-04 00:12:41.187001] <info>: (MediaHandler.h:36:ComposeMedia) Received ComposeMedia request [req_id=597163037670059392, media_ids count=0, media_types count=0]
[2025-Nov-04 00:12:41.187143] <info>: (MediaHandler.h:58:ComposeMedia) ComposeMedia parameter validation passed [req_id=597163037670059392]
[2025-Nov-04 00:12:41.187174] <info>: (MediaHandler.h:68:ComposeMedia) ComposeMedia completed [req_id=597163037670059392, return media count=0]
[2025-Nov-04 00:12:46.553966] <info>: (MediaHandler.h:36:ComposeMedia) Received ComposeMedia request [req_id=840107823278453632, media_ids count=0, media_types count=0]
[2025-Nov-04 00:12:46.554117] <info>: (MediaHandler.h:58:ComposeMedia) ComposeMedia parameter validation passed [req_id=840107823278453632]
[2025-Nov-04 00:12:46.554142] <info>: (MediaHandler.h:68:ComposeMedia) ComposeMedia completed [req_id=840107823278453632, return media count=0]
[2025-Nov-04 00:12:51.896402] <info>: (MediaHandler.h:36:ComposeMedia) Received ComposeMedia request [req_id=669342888019345152, media_ids count=0, media_types count=0]
[2025-Nov-04 00:12:51.896542] <info>: (MediaHandler.h:58:ComposeMedia) ComposeMedia parameter validation passed [req_id=669342888019345152]
[2025-Nov-04 00:12:51.896576] <info>: (MediaHandler.h:68:ComposeMedia) ComposeMedia completed [req_id=669342888019345152, return media count=0]
[2025-Nov-04 00:12:57.263160] <info>: (MediaHandler.h:36:ComposeMedia) Received ComposeMedia request [req_id=781358530616744576, media_ids count=0, media_types count=0]
[2025-Nov-04 00:12:57.263308] <info>: (MediaHandler.h:58:ComposeMedia) ComposeMedia parameter validation passed [req_id=781358530616744576]
[2025-Nov-04 00:12:57.263335] <info>: (MediaHandler.h:68:ComposeMedia) ComposeMedia completed [req_id=781358530616744576, return media count=0]
[2025-Nov-04 00:13:02.627195] <info>: (MediaHandler.h:36:ComposeMedia) Received ComposeMedia request [req_id=993102751629551616, media_ids count=0, media_types count=0]
[2025-Nov-04 00:13:02.627374] <info>: (MediaHandler.h:58:ComposeMedia) ComposeMedia parameter validation passed [req_id=993102751629551616]
[2025-Nov-04 00:13:02.627404] <info>: (MediaHandler.h:68:ComposeMedia) ComposeMedia completed [req_id=993102751629551616, return media count=0]
[2025-Nov-04 00:13:07.987462] <info>: (MediaHandler.h:36:ComposeMedia) Received ComposeMedia request [req_id=1146474425029218560, media_ids count=0, media_types count=0]
[2025-Nov-04 00:13:07.987626] <info>: (MediaHandler.h:58:ComposeMedia) ComposeMedia parameter validation passed [req_id=1146474425029218560]
[2025-Nov-04 00:13:07.987656] <info>: (MediaHandler.h:68:ComposeMedia) ComposeMedia completed [req_id=1146474425029218560, return media count=0]
[2025-Nov-04 00:13:13.345469] <info>: (MediaHandler.h:36:ComposeMedia) Received ComposeMedia request [req_id=132857809490804080, media_ids count=0, media_types count=0]
[2025-Nov-04 00:13:13.345845] <info>: (MediaHandler.h:58:ComposeMedia) ComposeMedia parameter validation passed [req_id=132857809490804080]
[2025-Nov-04 00:13:13.345905] <info>: (MediaHandler.h:68:ComposeMedia) ComposeMedia completed [req_id=132857809490804080, return media count=0]
[2025-Nov-04 00:13:18.705629] <info>: (MediaHandler.h:36:ComposeMedia) Received ComposeMedia request [req_id=1086066655653665408, media_ids count=0, media_types count=0]
[2025-Nov-04 00:13:18.706032] <info>: (MediaHandler.h:58:ComposeMedia) ComposeMedia parameter validation passed [req_id=1086066655653665408]
[2025-Nov-04 00:13:18.706075] <info>: (MediaHandler.h:68:ComposeMedia) ComposeMedia completed [req_id=1086066655653665408, return media count=0]
[2025-Nov-04 00:13:24.053160] <info>: (MediaHandler.h:36:ComposeMedia) Received ComposeMedia request [req_id=1078378511257353600, media_ids count=0, media_types count=0]
[2025-Nov-04 00:13:24.053467] <info>: (MediaHandler.h:58:ComposeMedia) ComposeMedia parameter validation passed [req_id=1078378511257353600]
[2025-Nov-04 00:13:24.053509] <info>: (MediaHandler.h:68:ComposeMedia) ComposeMedia completed [req_id=1078378511257353600, return media count=0]
[2025-Nov-04 00:13:29.404238] <info>: (MediaHandler.h:36:ComposeMedia) Received ComposeMedia request [req_id=984558529916698880, media_ids count=0, media_types count=0]
[2025-Nov-04 00:13:29.404382] <info>: (MediaHandler.h:58:ComposeMedia) ComposeMedia parameter validation passed [req_id=984558529916698880]
[2025-Nov-04 00:13:29.404602] <info>: (MediaHandler.h:68:ComposeMedia) ComposeMedia completed [req_id=984558529916698880, return media count=0]
[2025-Nov-04 00:13:34.755829] <info>: (MediaHandler.h:36:ComposeMedia) Received ComposeMedia request [req_id=393992859579464128, media_ids count=0, media_types count=0]
[2025-Nov-04 00:13:34.756150] <info>: (MediaHandler.h:58:ComposeMedia) ComposeMedia parameter validation passed [req_id=393992859579464128]
[2025-Nov-04 00:13:34.756179] <info>: (MediaHandler.h:68:ComposeMedia) ComposeMedia completed [req_id=393992859579464128, return media count=0]
[2025-Nov-04 00:13:40.108749] <info>: (MediaHandler.h:36:ComposeMedia) Received ComposeMedia request [req_id=1130961760452759168, media_ids count=0, media_types count=0]
[2025-Nov-04 00:13:40.109170] <info>: (MediaHandler.h:58:ComposeMedia) ComposeMedia parameter validation passed [req_id=1130961760452759168]
[2025-Nov-04 00:13:40.109215] <info>: (MediaHandler.h:68:ComposeMedia) ComposeMedia completed [req_id=1130961760452759168, return media count=0]
[2025-Nov-04 00:13:45.475436] <info>: (MediaHandler.h:36:ComposeMedia) Received ComposeMedia request [req_id=719495964306874368, media_ids count=0, media_types count=0]
[2025-Nov-04 00:13:45.475623] <info>: (MediaHandler.h:58:ComposeMedia) ComposeMedia parameter validation passed [req_id=719495964306874368]
[2025-Nov-04 00:13:45.475661] <info>: (MediaHandler.h:68:ComposeMedia) ComposeMedia completed [req_id=719495964306874368, return media count=0]
[2025-Nov-04 00:13:50.824825] <info>: (MediaHandler.h:36:ComposeMedia) Received ComposeMedia request [req_id=84496018281732192, media_ids count=0, media_types count=0]
[2025-Nov-04 00:13:50.824977] <info>: (MediaHandler.h:58:ComposeMedia) ComposeMedia parameter validation passed [req_id=84496018281732192]
[2025-Nov-04 00:13:50.825001] <info>: (MediaHandler.h:68:ComposeMedia) ComposeMedia completed [req_id=84496018281732192, return media count=0]
[2025-Nov-04 00:13:56.179990] <info>: (MediaHandler.h:36:ComposeMedia) Received ComposeMedia request [req_id=1125243707956319360, media_ids count=0, media_types count=0]
[2025-Nov-04 00:13:56.180145] <info>: (MediaHandler.h:58:ComposeMedia) ComposeMedia parameter validation passed [req_id=1125243707956319360]
[2025-Nov-04 00:13:56.180175] <info>: (MediaHandler.h:68:ComposeMedia) ComposeMedia completed [req_id=1125243707956319360, return media count=0]
[2025-Nov-04 00:14:01.525198] <info>: (MediaHandler.h:36:ComposeMedia) Received ComposeMedia request [req_id=716553376440098304, media_ids count=0, media_types count=0]
[2025-Nov-04 00:14:01.525334] <info>: (MediaHandler.h:58:ComposeMedia) ComposeMedia parameter validation passed [req_id=716553376440098304]
[2025-Nov-04 00:14:01.525361] <info>: (MediaHandler.h:68:ComposeMedia) ComposeMedia completed [req_id=716553376440098304, return media count=0]
[2025-Nov-04 00:14:06.884790] <info>: (MediaHandler.h:36:ComposeMedia) Received ComposeMedia request [req_id=27422358347395864, media_ids count=0, media_types count=0]
[2025-Nov-04 00:14:06.885202] <info>: (MediaHandler.h:58:ComposeMedia) ComposeMedia parameter validation passed [req_id=27422358347395864]
[2025-Nov-04 00:14:06.885320] <info>: (MediaHandler.h:68:ComposeMedia) ComposeMedia completed [req_id=27422358347395864, return media count=0]
[2025-Nov-04 00:14:12.237928] <info>: (MediaHandler.h:36:ComposeMedia) Received ComposeMedia request [req_id=184337862872507808, media_ids count=0, media_types count=0]
[2025-Nov-04 00:14:12.238183] <info>: (MediaHandler.h:58:ComposeMedia) ComposeMedia parameter validation passed [req_id=184337862872507808]
[2025-Nov-04 00:14:12.238222] <info>: (MediaHandler.h:68:ComposeMedia) ComposeMedia completed [req_id=184337862872507808, return media count=0]
[2025-Nov-04 00:14:17.575071] <info>: (MediaHandler.h:36:ComposeMedia) Received ComposeMedia request [req_id=527163340704131840, media_ids count=0, media_types count=0]
[2025-Nov-04 00:14:17.575416] <info>: (MediaHandler.h:58:ComposeMedia) ComposeMedia parameter validation passed [req_id=527163340704131840]
[2025-Nov-04 00:14:17.575506] <info>: (MediaHandler.h:68:ComposeMedia) ComposeMedia completed [req_id=527163340704131840, return media count=0]
[2025-Nov-04 00:14:22.926890] <info>: (MediaHandler.h:36:ComposeMedia) Received ComposeMedia request [req_id=732282323181310208, media_ids count=0, media_types count=0]
[2025-Nov-04 00:14:22.927229] <info>: (MediaHandler.h:58:ComposeMedia) ComposeMedia parameter validation passed [req_id=732282323181310208]
[2025-Nov-04 00:14:22.927402] <info>: (MediaHandler.h:68:ComposeMedia) ComposeMedia completed [req_id=732282323181310208, return media count=0]
[2025-Nov-04 00:14:28.286038] <info>: (MediaHandler.h:36:ComposeMedia) Received ComposeMedia request [req_id=315929107745328064, media_ids count=0, media_types count=0]
[2025-Nov-04 00:14:28.286630] <info>: (MediaHandler.h:58:ComposeMedia) ComposeMedia parameter validation passed [req_id=315929107745328064]
[2025-Nov-04 00:14:28.286698] <info>: (MediaHandler.h:68:ComposeMedia) ComposeMedia completed [req_id=315929107745328064, return media count=0]
[2025-Nov-04 00:14:33.647057] <info>: (MediaHandler.h:36:ComposeMedia) Received ComposeMedia request [req_id=94539942443821568, media_ids count=0, media_types count=0]
[2025-Nov-04 00:14:33.647197] <info>: (MediaHandler.h:58:ComposeMedia) ComposeMedia parameter validation passed [req_id=94539942443821568]
[2025-Nov-04 00:14:33.647229] <info>: (MediaHandler.h:68:ComposeMedia) ComposeMedia completed [req_id=94539942443821568, return media count=0]
[2025-Nov-04 00:14:39.017167] <info>: (MediaHandler.h:36:ComposeMedia) Received ComposeMedia request [req_id=468668810404809344, media_ids count=0, media_types count=0]
[2025-Nov-04 00:14:39.017362] <info>: (MediaHandler.h:58:ComposeMedia) ComposeMedia parameter validation passed [req_id=468668810404809344]
[2025-Nov-04 00:14:39.017420] <info>: (MediaHandler.h:68:ComposeMedia) ComposeMedia completed [req_id=468668810404809344, return media count=0]
[2025-Nov-04 00:14:44.394385] <info>: (MediaHandler.h:36:ComposeMedia) Received ComposeMedia request [req_id=479568069439609664, media_ids count=0, media_types count=0]
[2025-Nov-04 00:14:44.394612] <info>: (MediaHandler.h:58:ComposeMedia) ComposeMedia parameter validation passed [req_id=479568069439609664]
[2025-Nov-04 00:14:44.394643] <info>: (MediaHandler.h:68:ComposeMedia) ComposeMedia completed [req_id=479568069439609664, return media count=0]
[2025-Nov-04 00:14:49.771634] <info>: (MediaHandler.h:36:ComposeMedia) Received ComposeMedia request [req_id=689440381834090880, media_ids count=0, media_types count=0]
[2025-Nov-04 00:14:49.772014] <info>: (MediaHandler.h:58:ComposeMedia) ComposeMedia parameter validation passed [req_id=689440381834090880]
[2025-Nov-04 00:14:49.772047] <info>: (MediaHandler.h:68:ComposeMedia) ComposeMedia completed [req_id=689440381834090880, return media count=0]
[2025-Nov-04 00:14:55.126688] <info>: (MediaHandler.h:36:ComposeMedia) Received ComposeMedia request [req_id=638051150954536704, media_ids count=0, media_types count=0]
[2025-Nov-04 00:14:55.126876] <info>: (MediaHandler.h:58:ComposeMedia) ComposeMedia parameter validation passed [req_id=638051150954536704]
[2025-Nov-04 00:14:55.126929] <info>: (MediaHandler.h:68:ComposeMedia) ComposeMedia completed [req_id=638051150954536704, return media count=0]
[2025-Nov-04 00:15:00.479779] <info>: (MediaHandler.h:36:ComposeMedia) Received ComposeMedia request [req_id=770274586619196288, media_ids count=0, media_types count=0]
[2025-Nov-04 00:15:00.479975] <info>: (MediaHandler.h:58:ComposeMedia) ComposeMedia parameter validation passed [req_id=770274586619196288]
[2025-Nov-04 00:15:00.480009] <info>: (MediaHandler.h:68:ComposeMedia) ComposeMedia completed [req_id=770274586619196288, return media count=0]
[2025-Nov-04 00:15:05.823310] <info>: (MediaHandler.h:36:ComposeMedia) Received ComposeMedia request [req_id=680693738207081728, media_ids count=0, media_types count=0]
[2025-Nov-04 00:15:05.823566] <info>: (MediaHandler.h:58:ComposeMedia) ComposeMedia parameter validation passed [req_id=680693738207081728]
[2025-Nov-04 00:15:05.823643] <info>: (MediaHandler.h:68:ComposeMedia) ComposeMedia completed [req_id=680693738207081728, return media count=0]
[2025-Nov-04 00:15:11.196682] <info>: (MediaHandler.h:36:ComposeMedia) Received ComposeMedia request [req_id=610389348288286208, media_ids count=0, media_types count=0]
[2025-Nov-04 00:15:11.197083] <info>: (MediaHandler.h:58:ComposeMedia) ComposeMedia parameter validation passed [req_id=610389348288286208]
[2025-Nov-04 00:15:11.197122] <info>: (MediaHandler.h:68:ComposeMedia) ComposeMedia completed [req_id=610389348288286208, return media count=0]
[2025-Nov-04 00:15:16.545359] <info>: (MediaHandler.h:36:ComposeMedia) Received ComposeMedia request [req_id=113121879701505392, media_ids count=0, media_types count=0]
[2025-Nov-04 00:15:16.545752] <info>: (MediaHandler.h:58:ComposeMedia) ComposeMedia parameter validation passed [req_id=113121879701505392]
[2025-Nov-04 00:15:16.546114] <info>: (MediaHandler.h:68:ComposeMedia) ComposeMedia completed [req_id=113121879701505392, return media count=0]
[2025-Nov-04 00:15:21.898684] <info>: (MediaHandler.h:36:ComposeMedia) Received ComposeMedia request [req_id=441333431046901504, media_ids count=0, media_types count=0]
[2025-Nov-04 00:15:21.898906] <info>: (MediaHandler.h:58:ComposeMedia) ComposeMedia parameter validation passed [req_id=441333431046901504]
[2025-Nov-04 00:15:21.898948] <info>: (MediaHandler.h:68:ComposeMedia) ComposeMedia completed [req_id=441333431046901504, return media count=0]
[2025-Nov-04 00:15:27.259017] <info>: (MediaHandler.h:36:ComposeMedia) Received ComposeMedia request [req_id=157318643229571264, media_ids count=0, media_types count=0]
[2025-Nov-04 00:15:27.259149] <info>: (MediaHandler.h:58:ComposeMedia) ComposeMedia parameter validation passed [req_id=157318643229571264]
[2025-Nov-04 00:15:27.259286] <info>: (MediaHandler.h:68:ComposeMedia) ComposeMedia completed [req_id=157318643229571264, return media count=0]
[2025-Nov-04 00:15:32.604503] <info>: (MediaHandler.h:36:ComposeMedia) Received ComposeMedia request [req_id=101016038333112528, media_ids count=0, media_types count=0]
[2025-Nov-04 00:15:32.604622] <info>: (MediaHandler.h:58:ComposeMedia) ComposeMedia parameter validation passed [req_id=101016038333112528]
[2025-Nov-04 00:15:32.604654] <info>: (MediaHandler.h:68:ComposeMedia) ComposeMedia completed [req_id=101016038333112528, return media count=0]
[2025-Nov-04 00:15:37.968219] <info>: (MediaHandler.h:36:ComposeMedia) Received ComposeMedia request [req_id=962631066028979328, media_ids count=0, media_types count=0]
[2025-Nov-04 00:15:37.968676] <info>: (MediaHandler.h:58:ComposeMedia) ComposeMedia parameter validation passed [req_id=962631066028979328]
[2025-Nov-04 00:15:37.968882] <info>: (MediaHandler.h:68:ComposeMedia) ComposeMedia completed [req_id=962631066028979328, return media count=0]
[2025-Nov-04 00:15:43.341192] <info>: (MediaHandler.h:36:ComposeMedia) Received ComposeMedia request [req_id=799777576434122752, media_ids count=0, media_types count=0]
[2025-Nov-04 00:15:43.341367] <info>: (MediaHandler.h:58:ComposeMedia) ComposeMedia parameter validation passed [req_id=799777576434122752]
[2025-Nov-04 00:15:43.341400] <info>: (MediaHandler.h:68:ComposeMedia) ComposeMedia completed [req_id=799777576434122752, return media count=0]
[2025-Nov-04 00:15:48.675067] <info>: (MediaHandler.h:36:ComposeMedia) Received ComposeMedia request [req_id=620915768719223936, media_ids count=0, media_types count=0]
[2025-Nov-04 00:15:48.675210] <info>: (MediaHandler.h:58:ComposeMedia) ComposeMedia parameter validation passed [req_id=620915768719223936]
[2025-Nov-04 00:15:48.675242] <info>: (MediaHandler.h:68:ComposeMedia) ComposeMedia completed [req_id=620915768719223936, return media count=0]
[2025-Nov-04 00:15:54.030236] <info>: (MediaHandler.h:36:ComposeMedia) Received ComposeMedia request [req_id=872246076244285568, media_ids count=0, media_types count=0]
[2025-Nov-04 00:15:54.030371] <info>: (MediaHandler.h:58:ComposeMedia) ComposeMedia parameter validation passed [req_id=872246076244285568]
[2025-Nov-04 00:15:54.030403] <info>: (MediaHandler.h:68:ComposeMedia) ComposeMedia completed [req_id=872246076244285568, return media count=0]
[2025-Nov-04 00:15:59.378342] <info>: (MediaHandler.h:36:ComposeMedia) Received ComposeMedia request [req_id=782879009060539264, media_ids count=0, media_types count=0]
[2025-Nov-04 00:15:59.378569] <info>: (MediaHandler.h:58:ComposeMedia) ComposeMedia parameter validation passed [req_id=782879009060539264]
[2025-Nov-04 00:15:59.378627] <info>: (MediaHandler.h:68:ComposeMedia) ComposeMedia completed [req_id=782879009060539264, return media count=0]
[2025-Nov-04 00:16:04.732835] <info>: (MediaHandler.h:36:ComposeMedia) Received ComposeMedia request [req_id=572002443357933824, media_ids count=0, media_types count=0]
[2025-Nov-04 00:16:04.733153] <info>: (MediaHandler.h:58:ComposeMedia) ComposeMedia parameter validation passed [req_id=572002443357933824]
[2025-Nov-04 00:16:04.733229] <info>: (MediaHandler.h:68:ComposeMedia) ComposeMedia completed [req_id=572002443357933824, return media count=0]
[2025-Nov-04 00:16:10.099381] <info>: (MediaHandler.h:36:ComposeMedia) Received ComposeMedia request [req_id=389485131949163968, media_ids count=0, media_types count=0]
[2025-Nov-04 00:16:10.099527] <info>: (MediaHandler.h:58:ComposeMedia) ComposeMedia parameter validation passed [req_id=389485131949163968]
[2025-Nov-04 00:16:10.099559] <info>: (MediaHandler.h:68:ComposeMedia) ComposeMedia completed [req_id=389485131949163968, return media count=0]
[2025-Nov-04 00:16:15.465476] <info>: (MediaHandler.h:36:ComposeMedia) Received ComposeMedia request [req_id=1066074167276600832, media_ids count=0, media_types count=0]
[2025-Nov-04 00:16:15.465617] <info>: (MediaHandler.h:58:ComposeMedia) ComposeMedia parameter validation passed [req_id=1066074167276600832]
[2025-Nov-04 00:16:15.465651] <info>: (MediaHandler.h:68:ComposeMedia) ComposeMedia completed [req_id=1066074167276600832, return media count=0]
[2025-Nov-04 00:16:20.806014] <info>: (MediaHandler.h:36:ComposeMedia) Received ComposeMedia request [req_id=122783209907425712, media_ids count=0, media_types count=0]
[2025-Nov-04 00:16:20.806137] <info>: (MediaHandler.h:58:ComposeMedia) ComposeMedia parameter validation passed [req_id=122783209907425712]
[2025-Nov-04 00:16:20.806160] <info>: (MediaHandler.h:68:ComposeMedia) ComposeMedia completed [req_id=122783209907425712, return media count=0]
[2025-Nov-04 00:16:26.157213] <info>: (MediaHandler.h:36:ComposeMedia) Received ComposeMedia request [req_id=949148583056225152, media_ids count=0, media_types count=0]
[2025-Nov-04 00:16:26.157352] <info>: (MediaHandler.h:58:ComposeMedia) ComposeMedia parameter validation passed [req_id=949148583056225152]
[2025-Nov-04 00:16:26.157392] <info>: (MediaHandler.h:68:ComposeMedia) ComposeMedia completed [req_id=949148583056225152, return media count=0]
[2025-Nov-04 00:16:31.506840] <info>: (MediaHandler.h:36:ComposeMedia) Received ComposeMedia request [req_id=1137530633533407232, media_ids count=0, media_types count=0]
[2025-Nov-04 00:16:31.506977] <info>: (MediaHandler.h:58:ComposeMedia) ComposeMedia parameter validation passed [req_id=1137530633533407232]
[2025-Nov-04 00:16:31.507003] <info>: (MediaHandler.h:68:ComposeMedia) ComposeMedia completed [req_id=1137530633533407232, return media count=0]
[2025-Nov-04 00:16:36.858752] <info>: (MediaHandler.h:36:ComposeMedia) Received ComposeMedia request [req_id=568442895591601088, media_ids count=0, media_types count=0]
[2025-Nov-04 00:16:36.858912] <info>: (MediaHandler.h:58:ComposeMedia) ComposeMedia parameter validation passed [req_id=568442895591601088]
[2025-Nov-04 00:16:36.858947] <info>: (MediaHandler.h:68:ComposeMedia) ComposeMedia completed [req_id=568442895591601088, return media count=0]
[2025-Nov-04 00:16:42.214525] <info>: (MediaHandler.h:36:ComposeMedia) Received ComposeMedia request [req_id=263991442365362528, media_ids count=0, media_types count=0]
[2025-Nov-04 00:16:42.214663] <info>: (MediaHandler.h:58:ComposeMedia) ComposeMedia parameter validation passed [req_id=263991442365362528]
[2025-Nov-04 00:16:42.214689] <info>: (MediaHandler.h:68:ComposeMedia) ComposeMedia completed [req_id=263991442365362528, return media count=0]
[2025-Nov-04 00:16:47.561656] <info>: (MediaHandler.h:36:ComposeMedia) Received ComposeMedia request [req_id=1033147687610377216, media_ids count=0, media_types count=0]
[2025-Nov-04 00:16:47.561842] <info>: (MediaHandler.h:58:ComposeMedia) ComposeMedia parameter validation passed [req_id=1033147687610377216]
[2025-Nov-04 00:16:47.561904] <info>: (MediaHandler.h:68:ComposeMedia) ComposeMedia completed [req_id=1033147687610377216, return media count=0]
[2025-Nov-04 00:16:52.901816] <info>: (MediaHandler.h:36:ComposeMedia) Received ComposeMedia request [req_id=797028733520251520, media_ids count=0, media_types count=0]
[2025-Nov-04 00:16:52.902078] <info>: (MediaHandler.h:58:ComposeMedia) ComposeMedia parameter validation passed [req_id=797028733520251520]
[2025-Nov-04 00:16:52.902143] <info>: (MediaHandler.h:68:ComposeMedia) ComposeMedia completed [req_id=797028733520251520, return media count=0]
[2025-Nov-04 00:16:58.250900] <info>: (MediaHandler.h:36:ComposeMedia) Received ComposeMedia request [req_id=378994359184863744, media_ids count=0, media_types count=0]
[2025-Nov-04 00:16:58.251063] <info>: (MediaHandler.h:58:ComposeMedia) ComposeMedia parameter validation passed [req_id=378994359184863744]
[2025-Nov-04 00:16:58.251090] <info>: (MediaHandler.h:68:ComposeMedia) ComposeMedia completed [req_id=378994359184863744, return media count=0]
[2025-Nov-04 00:17:03.609072] <info>: (MediaHandler.h:36:ComposeMedia) Received ComposeMedia request [req_id=463470944993693632, media_ids count=0, media_types count=0]
[2025-Nov-04 00:17:03.609288] <info>: (MediaHandler.h:58:ComposeMedia) ComposeMedia parameter validation passed [req_id=463470944993693632]
[2025-Nov-04 00:17:03.609367] <info>: (MediaHandler.h:68:ComposeMedia) ComposeMedia completed [req_id=463470944993693632, return media count=0]
[2025-Nov-04 00:17:08.974238] <info>: (MediaHandler.h:36:ComposeMedia) Received ComposeMedia request [req_id=315700536853667584, media_ids count=0, media_types count=0]
[2025-Nov-04 00:17:08.974399] <info>: (MediaHandler.h:58:ComposeMedia) ComposeMedia parameter validation passed [req_id=315700536853667584]
[2025-Nov-04 00:17:08.974430] <info>: (MediaHandler.h:68:ComposeMedia) ComposeMedia completed [req_id=315700536853667584, return media count=0]
[2025-Nov-04 00:17:14.329414] <info>: (MediaHandler.h:36:ComposeMedia) Received ComposeMedia request [req_id=643107000380255872, media_ids count=0, media_types count=0]
[2025-Nov-04 00:17:14.329607] <info>: (MediaHandler.h:58:ComposeMedia) ComposeMedia parameter validation passed [req_id=643107000380255872]
[2025-Nov-04 00:17:14.329634] <info>: (MediaHandler.h:68:ComposeMedia) ComposeMedia completed [req_id=643107000380255872, return media count=0]
[2025-Nov-04 00:17:19.685032] <info>: (MediaHandler.h:36:ComposeMedia) Received ComposeMedia request [req_id=857061936686320640, media_ids count=0, media_types count=0]
[2025-Nov-04 00:17:19.685536] <info>: (MediaHandler.h:58:ComposeMedia) ComposeMedia parameter validation passed [req_id=857061936686320640]
[2025-Nov-04 00:17:19.685579] <info>: (MediaHandler.h:68:ComposeMedia) ComposeMedia completed [req_id=857061936686320640, return media count=0]
[2025-Nov-04 00:17:25.032916] <info>: (MediaHandler.h:36:ComposeMedia) Received ComposeMedia request [req_id=1070155993520864384, media_ids count=0, media_types count=0]
[2025-Nov-04 00:17:25.033416] <info>: (MediaHandler.h:58:ComposeMedia) ComposeMedia parameter validation passed [req_id=1070155993520864384]
[2025-Nov-04 00:17:25.033453] <info>: (MediaHandler.h:68:ComposeMedia) ComposeMedia completed [req_id=1070155993520864384, return media count=0]
[2025-Nov-04 00:17:30.410829] <info>: (MediaHandler.h:36:ComposeMedia) Received ComposeMedia request [req_id=226514987298861120, media_ids count=0, media_types count=0]
[2025-Nov-04 00:17:30.411133] <info>: (MediaHandler.h:58:ComposeMedia) ComposeMedia parameter validation passed [req_id=226514987298861120]
[2025-Nov-04 00:17:30.411201] <info>: (MediaHandler.h:68:ComposeMedia) ComposeMedia completed [req_id=226514987298861120, return media count=0]
[2025-Nov-04 00:17:35.764470] <info>: (MediaHandler.h:36:ComposeMedia) Received ComposeMedia request [req_id=1119572025252432640, media_ids count=0, media_types count=0]
[2025-Nov-04 00:17:35.764603] <info>: (MediaHandler.h:58:ComposeMedia) ComposeMedia parameter validation passed [req_id=1119572025252432640]
[2025-Nov-04 00:17:35.764632] <info>: (MediaHandler.h:68:ComposeMedia) ComposeMedia completed [req_id=1119572025252432640, return media count=0]
[2025-Nov-04 00:17:41.101007] <info>: (MediaHandler.h:36:ComposeMedia) Received ComposeMedia request [req_id=475219021316566208, media_ids count=0, media_types count=0]
[2025-Nov-04 00:17:41.101250] <info>: (MediaHandler.h:58:ComposeMedia) ComposeMedia parameter validation passed [req_id=475219021316566208]
[2025-Nov-04 00:17:41.101289] <info>: (MediaHandler.h:68:ComposeMedia) ComposeMedia completed [req_id=475219021316566208, return media count=0]
[2025-Nov-04 00:17:46.457484] <info>: (MediaHandler.h:36:ComposeMedia) Received ComposeMedia request [req_id=818615397937310720, media_ids count=0, media_types count=0]
[2025-Nov-04 00:17:46.458636] <info>: (MediaHandler.h:58:ComposeMedia) ComposeMedia parameter validation passed [req_id=818615397937310720]
[2025-Nov-04 00:17:46.458675] <info>: (MediaHandler.h:68:ComposeMedia) ComposeMedia completed [req_id=818615397937310720, return media count=0]
[2025-Nov-04 00:17:51.816912] <info>: (MediaHandler.h:36:ComposeMedia) Received ComposeMedia request [req_id=1110777142414174080, media_ids count=0, media_types count=0]
[2025-Nov-04 00:17:51.817469] <info>: (MediaHandler.h:58:ComposeMedia) ComposeMedia parameter validation passed [req_id=1110777142414174080]
[2025-Nov-04 00:17:51.817500] <info>: (MediaHandler.h:68:ComposeMedia) ComposeMedia completed [req_id=1110777142414174080, return media count=0]
[2025-Nov-04 00:17:57.165856] <info>: (MediaHandler.h:36:ComposeMedia) Received ComposeMedia request [req_id=106605106705581536, media_ids count=0, media_types count=0]
[2025-Nov-04 00:17:57.166017] <info>: (MediaHandler.h:58:ComposeMedia) ComposeMedia parameter validation passed [req_id=106605106705581536]
[2025-Nov-04 00:17:57.166046] <info>: (MediaHandler.h:68:ComposeMedia) ComposeMedia completed [req_id=106605106705581536, return media count=0]
[2025-Nov-04 00:18:02.519565] <info>: (MediaHandler.h:36:ComposeMedia) Received ComposeMedia request [req_id=401329731263852800, media_ids count=0, media_types count=0]
[2025-Nov-04 00:18:02.519783] <info>: (MediaHandler.h:58:ComposeMedia) ComposeMedia parameter validation passed [req_id=401329731263852800]
[2025-Nov-04 00:18:02.519841] <info>: (MediaHandler.h:68:ComposeMedia) ComposeMedia completed [req_id=401329731263852800, return media count=0]
[2025-Nov-04 00:18:07.888304] <info>: (MediaHandler.h:36:ComposeMedia) Received ComposeMedia request [req_id=198010177734724224, media_ids count=0, media_types count=0]
[2025-Nov-04 00:18:07.888447] <info>: (MediaHandler.h:58:ComposeMedia) ComposeMedia parameter validation passed [req_id=198010177734724224]
[2025-Nov-04 00:18:07.888479] <info>: (MediaHandler.h:68:ComposeMedia) ComposeMedia completed [req_id=198010177734724224, return media count=0]
[2025-Nov-04 00:18:13.260493] <info>: (MediaHandler.h:36:ComposeMedia) Received ComposeMedia request [req_id=137501045762038304, media_ids count=0, media_types count=0]
[2025-Nov-04 00:18:13.260621] <info>: (MediaHandler.h:58:ComposeMedia) ComposeMedia parameter validation passed [req_id=137501045762038304]
[2025-Nov-04 00:18:13.260649] <info>: (MediaHandler.h:68:ComposeMedia) ComposeMedia completed [req_id=137501045762038304, return media count=0]
[2025-Nov-04 00:18:18.627566] <info>: (MediaHandler.h:36:ComposeMedia) Received ComposeMedia request [req_id=127683111463476032, media_ids count=0, media_types count=0]
[2025-Nov-04 00:18:18.627868] <info>: (MediaHandler.h:58:ComposeMedia) ComposeMedia parameter validation passed [req_id=127683111463476032]
[2025-Nov-04 00:18:18.627959] <info>: (MediaHandler.h:68:ComposeMedia) ComposeMedia completed [req_id=127683111463476032, return media count=0]
[2025-Nov-04 00:18:23.976057] <info>: (MediaHandler.h:36:ComposeMedia) Received ComposeMedia request [req_id=203232156420116800, media_ids count=0, media_types count=0]
[2025-Nov-04 00:18:23.976225] <info>: (MediaHandler.h:58:ComposeMedia) ComposeMedia parameter validation passed [req_id=203232156420116800]
[2025-Nov-04 00:18:23.976288] <info>: (MediaHandler.h:68:ComposeMedia) ComposeMedia completed [req_id=203232156420116800, return media count=0]
[2025-Nov-04 00:18:29.378712] <info>: (MediaHandler.h:36:ComposeMedia) Received ComposeMedia request [req_id=1017584022844613504, media_ids count=0, media_types count=0]
[2025-Nov-04 00:18:29.378908] <info>: (MediaHandler.h:58:ComposeMedia) ComposeMedia parameter validation passed [req_id=1017584022844613504]
[2025-Nov-04 00:18:29.378965] <info>: (MediaHandler.h:68:ComposeMedia) ComposeMedia completed [req_id=1017584022844613504, return media count=0]
[2025-Nov-04 00:18:34.736746] <info>: (MediaHandler.h:36:ComposeMedia) Received ComposeMedia request [req_id=69415664120653976, media_ids count=0, media_types count=0]
[2025-Nov-04 00:18:34.736897] <info>: (MediaHandler.h:58:ComposeMedia) ComposeMedia parameter validation passed [req_id=69415664120653976]
[2025-Nov-04 00:18:34.736929] <info>: (MediaHandler.h:68:ComposeMedia) ComposeMedia completed [req_id=69415664120653976, return media count=0]
[2025-Nov-04 00:18:40.088226] <info>: (MediaHandler.h:36:ComposeMedia) Received ComposeMedia request [req_id=704173138749208704, media_ids count=0, media_types count=0]
[2025-Nov-04 00:18:40.088406] <info>: (MediaHandler.h:58:ComposeMedia) ComposeMedia parameter validation passed [req_id=704173138749208704]
[2025-Nov-04 00:18:40.088464] <info>: (MediaHandler.h:68:ComposeMedia) ComposeMedia completed [req_id=704173138749208704, return media count=0]
[2025-Nov-04 00:18:45.456941] <info>: (MediaHandler.h:36:ComposeMedia) Received ComposeMedia request [req_id=353539159940398080, media_ids count=0, media_types count=0]
[2025-Nov-04 00:18:45.457128] <info>: (MediaHandler.h:58:ComposeMedia) ComposeMedia parameter validation passed [req_id=353539159940398080]
[2025-Nov-04 00:18:45.457181] <info>: (MediaHandler.h:68:ComposeMedia) ComposeMedia completed [req_id=353539159940398080, return media count=0]
[2025-Nov-04 00:18:50.807364] <info>: (MediaHandler.h:36:ComposeMedia) Received ComposeMedia request [req_id=615562812450615936, media_ids count=0, media_types count=0]
[2025-Nov-04 00:18:50.807499] <info>: (MediaHandler.h:58:ComposeMedia) ComposeMedia parameter validation passed [req_id=615562812450615936]
[2025-Nov-04 00:18:50.807542] <info>: (MediaHandler.h:68:ComposeMedia) ComposeMedia completed [req_id=615562812450615936, return media count=0]
[2025-Nov-04 00:18:56.155165] <info>: (MediaHandler.h:36:ComposeMedia) Received ComposeMedia request [req_id=745020805215524736, media_ids count=0, media_types count=0]
[2025-Nov-04 00:18:56.155291] <info>: (MediaHandler.h:58:ComposeMedia) ComposeMedia parameter validation passed [req_id=745020805215524736]
[2025-Nov-04 00:18:56.155315] <info>: (MediaHandler.h:68:ComposeMedia) ComposeMedia completed [req_id=745020805215524736, return media count=0]
[2025-Nov-04 00:19:01.530320] <info>: (MediaHandler.h:36:ComposeMedia) Received ComposeMedia request [req_id=856353276609806976, media_ids count=0, media_types count=0]
[2025-Nov-04 00:19:01.530467] <info>: (MediaHandler.h:58:ComposeMedia) ComposeMedia parameter validation passed [req_id=856353276609806976]
[2025-Nov-04 00:19:01.530570] <info>: (MediaHandler.h:68:ComposeMedia) ComposeMedia completed [req_id=856353276609806976, return media count=0]
[2025-Nov-04 00:19:06.889527] <info>: (MediaHandler.h:36:ComposeMedia) Received ComposeMedia request [req_id=920727770139041792, media_ids count=0, media_types count=0]
[2025-Nov-04 00:19:06.889726] <info>: (MediaHandler.h:58:ComposeMedia) ComposeMedia parameter validation passed [req_id=920727770139041792]
[2025-Nov-04 00:19:06.889805] <info>: (MediaHandler.h:68:ComposeMedia) ComposeMedia completed [req_id=920727770139041792, return media count=0]
[2025-Nov-04 00:19:12.251506] <info>: (MediaHandler.h:36:ComposeMedia) Received ComposeMedia request [req_id=710996493237900544, media_ids count=0, media_types count=0]
[2025-Nov-04 00:19:12.251646] <info>: (MediaHandler.h:58:ComposeMedia) ComposeMedia parameter validation passed [req_id=710996493237900544]
[2025-Nov-04 00:19:12.251681] <info>: (MediaHandler.h:68:ComposeMedia) ComposeMedia completed [req_id=710996493237900544, return media count=0]
[2025-Nov-04 00:19:17.612863] <info>: (MediaHandler.h:36:ComposeMedia) Received ComposeMedia request [req_id=354940731581926976, media_ids count=0, media_types count=0]
[2025-Nov-04 00:19:17.613041] <info>: (MediaHandler.h:58:ComposeMedia) ComposeMedia parameter validation passed [req_id=354940731581926976]
[2025-Nov-04 00:19:17.613105] <info>: (MediaHandler.h:68:ComposeMedia) ComposeMedia completed [req_id=354940731581926976, return media count=0]
[2025-Nov-04 00:19:22.973553] <info>: (MediaHandler.h:36:ComposeMedia) Received ComposeMedia request [req_id=836636438081179264, media_ids count=0, media_types count=0]
[2025-Nov-04 00:19:22.973751] <info>: (MediaHandler.h:58:ComposeMedia) ComposeMedia parameter validation passed [req_id=836636438081179264]
[2025-Nov-04 00:19:22.973840] <info>: (MediaHandler.h:68:ComposeMedia) ComposeMedia completed [req_id=836636438081179264, return media count=0]
[2025-Nov-04 00:19:28.323622] <info>: (MediaHandler.h:36:ComposeMedia) Received ComposeMedia request [req_id=397990344624377280, media_ids count=0, media_types count=0]
[2025-Nov-04 00:19:28.323792] <info>: (MediaHandler.h:58:ComposeMedia) ComposeMedia parameter validation passed [req_id=397990344624377280]
[2025-Nov-04 00:19:28.323830] <info>: (MediaHandler.h:68:ComposeMedia) ComposeMedia completed [req_id=397990344624377280, return media count=0]
[2025-Nov-04 00:19:33.668048] <info>: (MediaHandler.h:36:ComposeMedia) Received ComposeMedia request [req_id=612100374498418688, media_ids count=0, media_types count=0]
[2025-Nov-04 00:19:33.668258] <info>: (MediaHandler.h:58:ComposeMedia) ComposeMedia parameter validation passed [req_id=612100374498418688]
[2025-Nov-04 00:19:33.668287] <info>: (MediaHandler.h:68:ComposeMedia) ComposeMedia completed [req_id=612100374498418688, return media count=0]
[2025-Nov-04 00:19:39.028692] <info>: (MediaHandler.h:36:ComposeMedia) Received ComposeMedia request [req_id=536461541741194880, media_ids count=0, media_types count=0]
[2025-Nov-04 00:19:39.028872] <info>: (MediaHandler.h:58:ComposeMedia) ComposeMedia parameter validation passed [req_id=536461541741194880]
[2025-Nov-04 00:19:39.028901] <info>: (MediaHandler.h:68:ComposeMedia) ComposeMedia completed [req_id=536461541741194880, return media count=0]
[2025-Nov-04 00:19:44.386972] <info>: (MediaHandler.h:36:ComposeMedia) Received ComposeMedia request [req_id=642844479908822528, media_ids count=0, media_types count=0]
[2025-Nov-04 00:19:44.387287] <info>: (MediaHandler.h:58:ComposeMedia) ComposeMedia parameter validation passed [req_id=642844479908822528]
[2025-Nov-04 00:19:44.387327] <info>: (MediaHandler.h:68:ComposeMedia) ComposeMedia completed [req_id=642844479908822528, return media count=0]
[2025-Nov-04 00:19:49.738458] <info>: (MediaHandler.h:36:ComposeMedia) Received ComposeMedia request [req_id=745360674539949568, media_ids count=0, media_types count=0]
[2025-Nov-04 00:19:49.738591] <info>: (MediaHandler.h:58:ComposeMedia) ComposeMedia parameter validation passed [req_id=745360674539949568]
[2025-Nov-04 00:19:49.738623] <info>: (MediaHandler.h:68:ComposeMedia) ComposeMedia completed [req_id=745360674539949568, return media count=0]
[2025-Nov-04 00:19:55.134492] <info>: (MediaHandler.h:36:ComposeMedia) Received ComposeMedia request [req_id=1020150847678851200, media_ids count=0, media_types count=0]
[2025-Nov-04 00:19:55.134687] <info>: (MediaHandler.h:58:ComposeMedia) ComposeMedia parameter validation passed [req_id=1020150847678851200]
[2025-Nov-04 00:19:55.134740] <info>: (MediaHandler.h:68:ComposeMedia) ComposeMedia completed [req_id=1020150847678851200, return media count=0]
[2025-Nov-04 00:20:00.497187] <info>: (MediaHandler.h:36:ComposeMedia) Received ComposeMedia request [req_id=299435320323092800, media_ids count=0, media_types count=0]
[2025-Nov-04 00:20:00.497319] <info>: (MediaHandler.h:58:ComposeMedia) ComposeMedia parameter validation passed [req_id=299435320323092800]
[2025-Nov-04 00:20:00.497380] <info>: (MediaHandler.h:68:ComposeMedia) ComposeMedia completed [req_id=299435320323092800, return media count=0]
[2025-Nov-04 00:20:05.855981] <info>: (MediaHandler.h:36:ComposeMedia) Received ComposeMedia request [req_id=1021109428018489856, media_ids count=0, media_types count=0]
[2025-Nov-04 00:20:05.856110] <info>: (MediaHandler.h:58:ComposeMedia) ComposeMedia parameter validation passed [req_id=1021109428018489856]
[2025-Nov-04 00:20:05.856152] <info>: (MediaHandler.h:68:ComposeMedia) ComposeMedia completed [req_id=1021109428018489856, return media count=0]
[2025-Nov-04 00:20:11.252562] <info>: (MediaHandler.h:36:ComposeMedia) Received ComposeMedia request [req_id=521586364273387520, media_ids count=0, media_types count=0]
[2025-Nov-04 00:20:11.252883] <info>: (MediaHandler.h:58:ComposeMedia) ComposeMedia parameter validation passed [req_id=521586364273387520]
[2025-Nov-04 00:20:11.252917] <info>: (MediaHandler.h:68:ComposeMedia) ComposeMedia completed [req_id=521586364273387520, return media count=0]
[2025-Nov-04 00:20:16.620611] <info>: (MediaHandler.h:36:ComposeMedia) Received ComposeMedia request [req_id=575809343646656960, media_ids count=0, media_types count=0]
[2025-Nov-04 00:20:16.620986] <info>: (MediaHandler.h:58:ComposeMedia) ComposeMedia parameter validation passed [req_id=575809343646656960]
[2025-Nov-04 00:20:16.621038] <info>: (MediaHandler.h:68:ComposeMedia) ComposeMedia completed [req_id=575809343646656960, return media count=0]
[2025-Nov-04 00:20:21.970059] <info>: (MediaHandler.h:36:ComposeMedia) Received ComposeMedia request [req_id=534332729135119616, media_ids count=0, media_types count=0]
[2025-Nov-04 00:20:21.970306] <info>: (MediaHandler.h:58:ComposeMedia) ComposeMedia parameter validation passed [req_id=534332729135119616]
[2025-Nov-04 00:20:21.970365] <info>: (MediaHandler.h:68:ComposeMedia) ComposeMedia completed [req_id=534332729135119616, return media count=0]
[2025-Nov-04 00:20:27.363889] <info>: (MediaHandler.h:36:ComposeMedia) Received ComposeMedia request [req_id=930820874420182912, media_ids count=0, media_types count=0]
[2025-Nov-04 00:20:27.364377] <info>: (MediaHandler.h:58:ComposeMedia) ComposeMedia parameter validation passed [req_id=930820874420182912]
[2025-Nov-04 00:20:27.364432] <info>: (MediaHandler.h:68:ComposeMedia) ComposeMedia completed [req_id=930820874420182912, return media count=0]
[2025-Nov-04 00:20:32.736568] <info>: (MediaHandler.h:36:ComposeMedia) Received ComposeMedia request [req_id=848609707234132864, media_ids count=0, media_types count=0]
[2025-Nov-04 00:20:32.736716] <info>: (MediaHandler.h:58:ComposeMedia) ComposeMedia parameter validation passed [req_id=848609707234132864]
[2025-Nov-04 00:20:32.736742] <info>: (MediaHandler.h:68:ComposeMedia) ComposeMedia completed [req_id=848609707234132864, return media count=0]
[2025-Nov-04 00:20:38.100230] <info>: (MediaHandler.h:36:ComposeMedia) Received ComposeMedia request [req_id=1130229103674365312, media_ids count=0, media_types count=0]
[2025-Nov-04 00:20:38.100482] <info>: (MediaHandler.h:58:ComposeMedia) ComposeMedia parameter validation passed [req_id=1130229103674365312]
[2025-Nov-04 00:20:38.100556] <info>: (MediaHandler.h:68:ComposeMedia) ComposeMedia completed [req_id=1130229103674365312, return media count=0]
[2025-Nov-04 00:20:43.471864] <info>: (MediaHandler.h:36:ComposeMedia) Received ComposeMedia request [req_id=127814786051359680, media_ids count=0, media_types count=0]
[2025-Nov-04 00:20:43.472029] <info>: (MediaHandler.h:58:ComposeMedia) ComposeMedia parameter validation passed [req_id=127814786051359680]
[2025-Nov-04 00:20:43.472066] <info>: (MediaHandler.h:68:ComposeMedia) ComposeMedia completed [req_id=127814786051359680, return media count=0]
[2025-Nov-04 00:20:48.830113] <info>: (MediaHandler.h:36:ComposeMedia) Received ComposeMedia request [req_id=620757984422647040, media_ids count=0, media_types count=0]
[2025-Nov-04 00:20:48.830648] <info>: (MediaHandler.h:58:ComposeMedia) ComposeMedia parameter validation passed [req_id=620757984422647040]
[2025-Nov-04 00:20:48.830701] <info>: (MediaHandler.h:68:ComposeMedia) ComposeMedia completed [req_id=620757984422647040, return media count=0]
[2025-Nov-04 00:20:54.196732] <info>: (MediaHandler.h:36:ComposeMedia) Received ComposeMedia request [req_id=629968884369703552, media_ids count=0, media_types count=0]
[2025-Nov-04 00:20:54.196917] <info>: (MediaHandler.h:58:ComposeMedia) ComposeMedia parameter validation passed [req_id=629968884369703552]
[2025-Nov-04 00:20:54.196992] <info>: (MediaHandler.h:68:ComposeMedia) ComposeMedia completed [req_id=629968884369703552, return media count=0]
[2025-Nov-04 00:20:59.575494] <info>: (MediaHandler.h:36:ComposeMedia) Received ComposeMedia request [req_id=1054192670914584704, media_ids count=0, media_types count=0]
[2025-Nov-04 00:20:59.575642] <info>: (MediaHandler.h:58:ComposeMedia) ComposeMedia parameter validation passed [req_id=1054192670914584704]
[2025-Nov-04 00:20:59.575668] <info>: (MediaHandler.h:68:ComposeMedia) ComposeMedia completed [req_id=1054192670914584704, return media count=0]
[2025-Nov-04 00:21:04.942017] <info>: (MediaHandler.h:36:ComposeMedia) Received ComposeMedia request [req_id=440061890955803904, media_ids count=0, media_types count=0]
[2025-Nov-04 00:21:04.942155] <info>: (MediaHandler.h:58:ComposeMedia) ComposeMedia parameter validation passed [req_id=440061890955803904]
[2025-Nov-04 00:21:04.942311] <info>: (MediaHandler.h:68:ComposeMedia) ComposeMedia completed [req_id=440061890955803904, return media count=0]
[2025-Nov-04 00:21:10.299799] <info>: (MediaHandler.h:36:ComposeMedia) Received ComposeMedia request [req_id=744043290945385216, media_ids count=0, media_types count=0]
[2025-Nov-04 00:21:10.299964] <info>: (MediaHandler.h:58:ComposeMedia) ComposeMedia parameter validation passed [req_id=744043290945385216]
[2025-Nov-04 00:21:10.300019] <info>: (MediaHandler.h:68:ComposeMedia) ComposeMedia completed [req_id=744043290945385216, return media count=0]
[2025-Nov-04 00:21:15.653868] <info>: (MediaHandler.h:36:ComposeMedia) Received ComposeMedia request [req_id=803337756654969984, media_ids count=0, media_types count=0]
[2025-Nov-04 00:21:15.654156] <info>: (MediaHandler.h:58:ComposeMedia) ComposeMedia parameter validation passed [req_id=803337756654969984]
[2025-Nov-04 00:21:15.654220] <info>: (MediaHandler.h:68:ComposeMedia) ComposeMedia completed [req_id=803337756654969984, return media count=0]
[2025-Nov-04 00:21:21.046336] <info>: (MediaHandler.h:36:ComposeMedia) Received ComposeMedia request [req_id=220002560626557152, media_ids count=0, media_types count=0]
[2025-Nov-04 00:21:21.046499] <info>: (MediaHandler.h:58:ComposeMedia) ComposeMedia parameter validation passed [req_id=220002560626557152]
[2025-Nov-04 00:21:21.046536] <info>: (MediaHandler.h:68:ComposeMedia) ComposeMedia completed [req_id=220002560626557152, return media count=0]
[2025-Nov-04 00:21:26.406664] <info>: (MediaHandler.h:36:ComposeMedia) Received ComposeMedia request [req_id=825326611605792640, media_ids count=0, media_types count=0]
[2025-Nov-04 00:21:26.406805] <info>: (MediaHandler.h:58:ComposeMedia) ComposeMedia parameter validation passed [req_id=825326611605792640]
[2025-Nov-04 00:21:26.406834] <info>: (MediaHandler.h:68:ComposeMedia) ComposeMedia completed [req_id=825326611605792640, return media count=0]
[2025-Nov-04 00:21:31.803472] <info>: (MediaHandler.h:36:ComposeMedia) Received ComposeMedia request [req_id=956743862728708992, media_ids count=0, media_types count=0]
[2025-Nov-04 00:21:31.803609] <info>: (MediaHandler.h:58:ComposeMedia) ComposeMedia parameter validation passed [req_id=956743862728708992]
[2025-Nov-04 00:21:31.803632] <info>: (MediaHandler.h:68:ComposeMedia) ComposeMedia completed [req_id=956743862728708992, return media count=0]
[2025-Nov-04 00:21:37.169922] <info>: (MediaHandler.h:36:ComposeMedia) Received ComposeMedia request [req_id=1057926530369723136, media_ids count=0, media_types count=0]
[2025-Nov-04 00:21:37.170251] <info>: (MediaHandler.h:58:ComposeMedia) ComposeMedia parameter validation passed [req_id=1057926530369723136]
[2025-Nov-04 00:21:37.170316] <info>: (MediaHandler.h:68:ComposeMedia) ComposeMedia completed [req_id=1057926530369723136, return media count=0]
