[2025-Nov-04 00:01:50.658667] <info>: (UniqueIdHandler.h:150:GetMachineId) MAC address = 02:42:ac:1c:00:13
[2025-Nov-04 00:01:50.659014] <info>: (UniqueIdService.cpp:56:main) machine_id = 137
[2025-Nov-04 00:01:50.659083] <info>: (UniqueIdService.cpp:67:main) Starting the unique-id-service server ...
[2025-Nov-04 00:03:50.445638] <info>: (UniqueIdHandler.h:65:ComposeUniqueId) Received ComposeUniqueId request [req_id=329994970291196992, post_type=9]
[2025-Nov-04 00:03:50.445947] <info>: (UniqueIdHandler.h:85:ComposeUniqueId) ComposeUniqueId timestamp and counter [req_id=329994970291196992, timestamp=247449830445, counter=0]
[2025-Nov-04 00:03:55.809111] <info>: (UniqueIdHandler.h:65:ComposeUniqueId) Received ComposeUniqueId request [req_id=728674268831329664, post_type=9]
[2025-Nov-04 00:03:55.809255] <info>: (UniqueIdHandler.h:85:ComposeUniqueId) ComposeUniqueId timestamp and counter [req_id=728674268831329664, timestamp=247449835809, counter=0]
[2025-Nov-04 00:04:01.168889] <info>: (UniqueIdHandler.h:65:ComposeUniqueId) Received ComposeUniqueId request [req_id=282680786677904000, post_type=9]
[2025-Nov-04 00:04:01.169028] <info>: (UniqueIdHandler.h:85:ComposeUniqueId) ComposeUniqueId timestamp and counter [req_id=282680786677904000, timestamp=247449841169, counter=0]
[2025-Nov-04 00:04:06.535548] <info>: (UniqueIdHandler.h:65:ComposeUniqueId) Received ComposeUniqueId request [req_id=444724001516662080, post_type=9]
[2025-Nov-04 00:04:06.535920] <info>: (UniqueIdHandler.h:85:ComposeUniqueId) ComposeUniqueId timestamp and counter [req_id=444724001516662080, timestamp=247449846535, counter=0]
[2025-Nov-04 00:04:11.897348] <info>: (UniqueIdHandler.h:65:ComposeUniqueId) Received ComposeUniqueId request [req_id=800039496286457600, post_type=9]
[2025-Nov-04 00:04:11.897535] <info>: (UniqueIdHandler.h:85:ComposeUniqueId) ComposeUniqueId timestamp and counter [req_id=800039496286457600, timestamp=247449851897, counter=0]
[2025-Nov-04 00:04:17.255125] <info>: (UniqueIdHandler.h:65:ComposeUniqueId) Received ComposeUniqueId request [req_id=921860841681087360, post_type=9]
[2025-Nov-04 00:04:17.255409] <info>: (UniqueIdHandler.h:85:ComposeUniqueId) ComposeUniqueId timestamp and counter [req_id=921860841681087360, timestamp=247449857255, counter=0]
[2025-Nov-04 00:04:22.615031] <info>: (UniqueIdHandler.h:65:ComposeUniqueId) Received ComposeUniqueId request [req_id=576569013827515264, post_type=9]
[2025-Nov-04 00:04:22.615209] <info>: (UniqueIdHandler.h:85:ComposeUniqueId) ComposeUniqueId timestamp and counter [req_id=576569013827515264, timestamp=247449862615, counter=0]
[2025-Nov-04 00:04:27.964381] <info>: (UniqueIdHandler.h:65:ComposeUniqueId) Received ComposeUniqueId request [req_id=944056805988070144, post_type=9]
[2025-Nov-04 00:04:27.964597] <info>: (UniqueIdHandler.h:85:ComposeUniqueId) ComposeUniqueId timestamp and counter [req_id=944056805988070144, timestamp=247449867964, counter=0]
[2025-Nov-04 00:04:33.312194] <info>: (UniqueIdHandler.h:65:ComposeUniqueId) Received ComposeUniqueId request [req_id=310419710911786752, post_type=9]
[2025-Nov-04 00:04:33.312340] <info>: (UniqueIdHandler.h:85:ComposeUniqueId) ComposeUniqueId timestamp and counter [req_id=310419710911786752, timestamp=247449873312, counter=0]
[2025-Nov-04 00:04:38.674106] <info>: (UniqueIdHandler.h:65:ComposeUniqueId) Received ComposeUniqueId request [req_id=42602962639225712, post_type=9]
[2025-Nov-04 00:04:38.674255] <info>: (UniqueIdHandler.h:85:ComposeUniqueId) ComposeUniqueId timestamp and counter [req_id=42602962639225712, timestamp=247449878674, counter=0]
[2025-Nov-04 00:04:44.034843] <info>: (UniqueIdHandler.h:65:ComposeUniqueId) Received ComposeUniqueId request [req_id=604802371089451520, post_type=9]
[2025-Nov-04 00:04:44.035038] <info>: (UniqueIdHandler.h:85:ComposeUniqueId) ComposeUniqueId timestamp and counter [req_id=604802371089451520, timestamp=247449884035, counter=0]
[2025-Nov-04 00:04:49.382047] <info>: (UniqueIdHandler.h:65:ComposeUniqueId) Received ComposeUniqueId request [req_id=1124729432787811840, post_type=9]
[2025-Nov-04 00:04:49.382226] <info>: (UniqueIdHandler.h:85:ComposeUniqueId) ComposeUniqueId timestamp and counter [req_id=1124729432787811840, timestamp=247449889382, counter=0]
[2025-Nov-04 00:04:54.726272] <info>: (UniqueIdHandler.h:65:ComposeUniqueId) Received ComposeUniqueId request [req_id=1067269174501080832, post_type=9]
[2025-Nov-04 00:04:54.726711] <info>: (UniqueIdHandler.h:85:ComposeUniqueId) ComposeUniqueId timestamp and counter [req_id=1067269174501080832, timestamp=247449894726, counter=0]
[2025-Nov-04 00:05:00.096173] <info>: (UniqueIdHandler.h:65:ComposeUniqueId) Received ComposeUniqueId request [req_id=63006785972239688, post_type=9]
[2025-Nov-04 00:05:00.096476] <info>: (UniqueIdHandler.h:85:ComposeUniqueId) ComposeUniqueId timestamp and counter [req_id=63006785972239688, timestamp=247449900096, counter=0]
[2025-Nov-04 00:05:05.462363] <info>: (UniqueIdHandler.h:65:ComposeUniqueId) Received ComposeUniqueId request [req_id=403747064466790976, post_type=9]
[2025-Nov-04 00:05:05.462651] <info>: (UniqueIdHandler.h:85:ComposeUniqueId) ComposeUniqueId timestamp and counter [req_id=403747064466790976, timestamp=247449905462, counter=0]
[2025-Nov-04 00:05:10.806602] <info>: (UniqueIdHandler.h:65:ComposeUniqueId) Received ComposeUniqueId request [req_id=817457653989505792, post_type=9]
[2025-Nov-04 00:05:10.806968] <info>: (UniqueIdHandler.h:85:ComposeUniqueId) ComposeUniqueId timestamp and counter [req_id=817457653989505792, timestamp=247449910806, counter=0]
[2025-Nov-04 00:05:16.165775] <info>: (UniqueIdHandler.h:65:ComposeUniqueId) Received ComposeUniqueId request [req_id=156877040418058144, post_type=9]
[2025-Nov-04 00:05:16.165935] <info>: (UniqueIdHandler.h:85:ComposeUniqueId) ComposeUniqueId timestamp and counter [req_id=156877040418058144, timestamp=247449916165, counter=0]
[2025-Nov-04 00:05:21.529082] <info>: (UniqueIdHandler.h:65:ComposeUniqueId) Received ComposeUniqueId request [req_id=723501153095306112, post_type=9]
[2025-Nov-04 00:05:21.529392] <info>: (UniqueIdHandler.h:85:ComposeUniqueId) ComposeUniqueId timestamp and counter [req_id=723501153095306112, timestamp=247449921529, counter=0]
[2025-Nov-04 00:05:26.889825] <info>: (UniqueIdHandler.h:65:ComposeUniqueId) Received ComposeUniqueId request [req_id=213895457560961504, post_type=9]
[2025-Nov-04 00:05:26.890145] <info>: (UniqueIdHandler.h:85:ComposeUniqueId) ComposeUniqueId timestamp and counter [req_id=213895457560961504, timestamp=247449926890, counter=0]
[2025-Nov-04 00:05:32.242340] <info>: (UniqueIdHandler.h:65:ComposeUniqueId) Received ComposeUniqueId request [req_id=701457557112756096, post_type=9]
[2025-Nov-04 00:05:32.242636] <info>: (UniqueIdHandler.h:85:ComposeUniqueId) ComposeUniqueId timestamp and counter [req_id=701457557112756096, timestamp=247449932242, counter=0]
[2025-Nov-04 00:05:37.598374] <info>: (UniqueIdHandler.h:65:ComposeUniqueId) Received ComposeUniqueId request [req_id=579947033231732096, post_type=9]
[2025-Nov-04 00:05:37.598514] <info>: (UniqueIdHandler.h:85:ComposeUniqueId) ComposeUniqueId timestamp and counter [req_id=579947033231732096, timestamp=247449937598, counter=0]
[2025-Nov-04 00:05:42.952630] <info>: (UniqueIdHandler.h:65:ComposeUniqueId) Received ComposeUniqueId request [req_id=404379049284287424, post_type=9]
[2025-Nov-04 00:05:42.952806] <info>: (UniqueIdHandler.h:85:ComposeUniqueId) ComposeUniqueId timestamp and counter [req_id=404379049284287424, timestamp=247449942952, counter=0]
[2025-Nov-04 00:05:48.316691] <info>: (UniqueIdHandler.h:65:ComposeUniqueId) Received ComposeUniqueId request [req_id=1046395662382439936, post_type=9]
[2025-Nov-04 00:05:48.316974] <info>: (UniqueIdHandler.h:85:ComposeUniqueId) ComposeUniqueId timestamp and counter [req_id=1046395662382439936, timestamp=247449948316, counter=0]
[2025-Nov-04 00:05:53.659634] <info>: (UniqueIdHandler.h:65:ComposeUniqueId) Received ComposeUniqueId request [req_id=915646815003957376, post_type=9]
[2025-Nov-04 00:05:53.659797] <info>: (UniqueIdHandler.h:85:ComposeUniqueId) ComposeUniqueId timestamp and counter [req_id=915646815003957376, timestamp=247449953659, counter=0]
[2025-Nov-04 00:05:59.007098] <info>: (UniqueIdHandler.h:65:ComposeUniqueId) Received ComposeUniqueId request [req_id=837630517896685696, post_type=9]
[2025-Nov-04 00:05:59.007270] <info>: (UniqueIdHandler.h:85:ComposeUniqueId) ComposeUniqueId timestamp and counter [req_id=837630517896685696, timestamp=247449959007, counter=0]
[2025-Nov-04 00:06:04.366992] <info>: (UniqueIdHandler.h:65:ComposeUniqueId) Received ComposeUniqueId request [req_id=1040662436267406848, post_type=9]
[2025-Nov-04 00:06:04.367157] <info>: (UniqueIdHandler.h:85:ComposeUniqueId) ComposeUniqueId timestamp and counter [req_id=1040662436267406848, timestamp=247449964367, counter=0]
[2025-Nov-04 00:06:09.752478] <info>: (UniqueIdHandler.h:65:ComposeUniqueId) Received ComposeUniqueId request [req_id=295012460822107840, post_type=9]
[2025-Nov-04 00:06:09.752657] <info>: (UniqueIdHandler.h:85:ComposeUniqueId) ComposeUniqueId timestamp and counter [req_id=295012460822107840, timestamp=247449969752, counter=0]
[2025-Nov-04 00:06:15.138484] <info>: (UniqueIdHandler.h:65:ComposeUniqueId) Received ComposeUniqueId request [req_id=663759481312574080, post_type=9]
[2025-Nov-04 00:06:15.138683] <info>: (UniqueIdHandler.h:85:ComposeUniqueId) ComposeUniqueId timestamp and counter [req_id=663759481312574080, timestamp=247449975138, counter=0]
[2025-Nov-04 00:06:20.497325] <info>: (UniqueIdHandler.h:65:ComposeUniqueId) Received ComposeUniqueId request [req_id=959499476220084096, post_type=9]
[2025-Nov-04 00:06:20.497560] <info>: (UniqueIdHandler.h:85:ComposeUniqueId) ComposeUniqueId timestamp and counter [req_id=959499476220084096, timestamp=247449980497, counter=0]
[2025-Nov-04 00:06:25.854044] <info>: (UniqueIdHandler.h:65:ComposeUniqueId) Received ComposeUniqueId request [req_id=217540828048969696, post_type=9]
[2025-Nov-04 00:06:25.854408] <info>: (UniqueIdHandler.h:85:ComposeUniqueId) ComposeUniqueId timestamp and counter [req_id=217540828048969696, timestamp=247449985854, counter=0]
[2025-Nov-04 00:06:31.200935] <info>: (UniqueIdHandler.h:65:ComposeUniqueId) Received ComposeUniqueId request [req_id=740791856849467520, post_type=9]
[2025-Nov-04 00:06:31.201173] <info>: (UniqueIdHandler.h:85:ComposeUniqueId) ComposeUniqueId timestamp and counter [req_id=740791856849467520, timestamp=247449991201, counter=0]
[2025-Nov-04 00:06:36.561225] <info>: (UniqueIdHandler.h:65:ComposeUniqueId) Received ComposeUniqueId request [req_id=322778391564615232, post_type=9]
[2025-Nov-04 00:06:36.561353] <info>: (UniqueIdHandler.h:85:ComposeUniqueId) ComposeUniqueId timestamp and counter [req_id=322778391564615232, timestamp=247449996561, counter=0]
[2025-Nov-04 00:06:41.940334] <info>: (UniqueIdHandler.h:65:ComposeUniqueId) Received ComposeUniqueId request [req_id=1111786342496405504, post_type=9]
[2025-Nov-04 00:06:41.940496] <info>: (UniqueIdHandler.h:85:ComposeUniqueId) ComposeUniqueId timestamp and counter [req_id=1111786342496405504, timestamp=247450001940, counter=0]
[2025-Nov-04 00:06:47.296626] <info>: (UniqueIdHandler.h:65:ComposeUniqueId) Received ComposeUniqueId request [req_id=256066375230206368, post_type=9]
[2025-Nov-04 00:06:47.296961] <info>: (UniqueIdHandler.h:85:ComposeUniqueId) ComposeUniqueId timestamp and counter [req_id=256066375230206368, timestamp=247450007296, counter=0]
[2025-Nov-04 00:06:52.692884] <info>: (UniqueIdHandler.h:65:ComposeUniqueId) Received ComposeUniqueId request [req_id=443765005245219968, post_type=9]
[2025-Nov-04 00:06:52.693009] <info>: (UniqueIdHandler.h:85:ComposeUniqueId) ComposeUniqueId timestamp and counter [req_id=443765005245219968, timestamp=247450012693, counter=0]
[2025-Nov-04 00:06:58.073137] <info>: (UniqueIdHandler.h:65:ComposeUniqueId) Received ComposeUniqueId request [req_id=1022236866025193600, post_type=9]
[2025-Nov-04 00:06:58.073260] <info>: (UniqueIdHandler.h:85:ComposeUniqueId) ComposeUniqueId timestamp and counter [req_id=1022236866025193600, timestamp=247450018073, counter=0]
[2025-Nov-04 00:07:03.441733] <info>: (UniqueIdHandler.h:65:ComposeUniqueId) Received ComposeUniqueId request [req_id=928264151296659584, post_type=9]
[2025-Nov-04 00:07:03.441917] <info>: (UniqueIdHandler.h:85:ComposeUniqueId) ComposeUniqueId timestamp and counter [req_id=928264151296659584, timestamp=247450023441, counter=0]
[2025-Nov-04 00:07:08.808375] <info>: (UniqueIdHandler.h:65:ComposeUniqueId) Received ComposeUniqueId request [req_id=1016512670469495040, post_type=9]
[2025-Nov-04 00:07:08.808618] <info>: (UniqueIdHandler.h:85:ComposeUniqueId) ComposeUniqueId timestamp and counter [req_id=1016512670469495040, timestamp=247450028808, counter=0]
[2025-Nov-04 00:07:14.173710] <info>: (UniqueIdHandler.h:65:ComposeUniqueId) Received ComposeUniqueId request [req_id=254144195455690816, post_type=9]
[2025-Nov-04 00:07:14.173989] <info>: (UniqueIdHandler.h:85:ComposeUniqueId) ComposeUniqueId timestamp and counter [req_id=254144195455690816, timestamp=247450034173, counter=0]
[2025-Nov-04 00:07:19.516751] <info>: (UniqueIdHandler.h:65:ComposeUniqueId) Received ComposeUniqueId request [req_id=19975783964221320, post_type=9]
[2025-Nov-04 00:07:19.516913] <info>: (UniqueIdHandler.h:85:ComposeUniqueId) ComposeUniqueId timestamp and counter [req_id=19975783964221320, timestamp=247450039516, counter=0]
[2025-Nov-04 00:07:24.862250] <info>: (UniqueIdHandler.h:65:ComposeUniqueId) Received ComposeUniqueId request [req_id=587880572168578048, post_type=9]
[2025-Nov-04 00:07:24.862545] <info>: (UniqueIdHandler.h:85:ComposeUniqueId) ComposeUniqueId timestamp and counter [req_id=587880572168578048, timestamp=247450044862, counter=0]
[2025-Nov-04 00:07:30.226802] <info>: (UniqueIdHandler.h:65:ComposeUniqueId) Received ComposeUniqueId request [req_id=691483546358922496, post_type=9]
[2025-Nov-04 00:07:30.227187] <info>: (UniqueIdHandler.h:85:ComposeUniqueId) ComposeUniqueId timestamp and counter [req_id=691483546358922496, timestamp=247450050227, counter=0]
[2025-Nov-04 00:07:35.592751] <info>: (UniqueIdHandler.h:65:ComposeUniqueId) Received ComposeUniqueId request [req_id=908988977307812480, post_type=9]
[2025-Nov-04 00:07:35.593001] <info>: (UniqueIdHandler.h:85:ComposeUniqueId) ComposeUniqueId timestamp and counter [req_id=908988977307812480, timestamp=247450055592, counter=0]
[2025-Nov-04 00:07:40.942196] <info>: (UniqueIdHandler.h:65:ComposeUniqueId) Received ComposeUniqueId request [req_id=958277070891928960, post_type=9]
[2025-Nov-04 00:07:40.942328] <info>: (UniqueIdHandler.h:85:ComposeUniqueId) ComposeUniqueId timestamp and counter [req_id=958277070891928960, timestamp=247450060942, counter=0]
[2025-Nov-04 00:07:46.296469] <info>: (UniqueIdHandler.h:65:ComposeUniqueId) Received ComposeUniqueId request [req_id=501872521395061376, post_type=9]
[2025-Nov-04 00:07:46.296795] <info>: (UniqueIdHandler.h:85:ComposeUniqueId) ComposeUniqueId timestamp and counter [req_id=501872521395061376, timestamp=247450066296, counter=0]
[2025-Nov-04 00:07:51.648969] <info>: (UniqueIdHandler.h:65:ComposeUniqueId) Received ComposeUniqueId request [req_id=503262711586905088, post_type=9]
[2025-Nov-04 00:07:51.649121] <info>: (UniqueIdHandler.h:85:ComposeUniqueId) ComposeUniqueId timestamp and counter [req_id=503262711586905088, timestamp=247450071649, counter=0]
[2025-Nov-04 00:07:57.010286] <info>: (UniqueIdHandler.h:65:ComposeUniqueId) Received ComposeUniqueId request [req_id=336051966617059904, post_type=9]
[2025-Nov-04 00:07:57.010469] <info>: (UniqueIdHandler.h:85:ComposeUniqueId) ComposeUniqueId timestamp and counter [req_id=336051966617059904, timestamp=247450077010, counter=0]
[2025-Nov-04 00:08:02.385238] <info>: (UniqueIdHandler.h:65:ComposeUniqueId) Received ComposeUniqueId request [req_id=793304205616137728, post_type=9]
[2025-Nov-04 00:08:02.385426] <info>: (UniqueIdHandler.h:85:ComposeUniqueId) ComposeUniqueId timestamp and counter [req_id=793304205616137728, timestamp=247450082385, counter=0]
[2025-Nov-04 00:08:07.750983] <info>: (UniqueIdHandler.h:65:ComposeUniqueId) Received ComposeUniqueId request [req_id=1109879159868822016, post_type=9]
[2025-Nov-04 00:08:07.751143] <info>: (UniqueIdHandler.h:85:ComposeUniqueId) ComposeUniqueId timestamp and counter [req_id=1109879159868822016, timestamp=247450087751, counter=0]
[2025-Nov-04 00:08:13.103720] <info>: (UniqueIdHandler.h:65:ComposeUniqueId) Received ComposeUniqueId request [req_id=614908093879599360, post_type=9]
[2025-Nov-04 00:08:13.103948] <info>: (UniqueIdHandler.h:85:ComposeUniqueId) ComposeUniqueId timestamp and counter [req_id=614908093879599360, timestamp=247450093103, counter=0]
[2025-Nov-04 00:08:18.443247] <info>: (UniqueIdHandler.h:65:ComposeUniqueId) Received ComposeUniqueId request [req_id=865282139179670272, post_type=9]
[2025-Nov-04 00:08:18.443401] <info>: (UniqueIdHandler.h:85:ComposeUniqueId) ComposeUniqueId timestamp and counter [req_id=865282139179670272, timestamp=247450098443, counter=0]
[2025-Nov-04 00:08:23.802212] <info>: (UniqueIdHandler.h:65:ComposeUniqueId) Received ComposeUniqueId request [req_id=340490630933182976, post_type=9]
[2025-Nov-04 00:08:23.802624] <info>: (UniqueIdHandler.h:85:ComposeUniqueId) ComposeUniqueId timestamp and counter [req_id=340490630933182976, timestamp=247450103802, counter=0]
[2025-Nov-04 00:08:29.159570] <info>: (UniqueIdHandler.h:65:ComposeUniqueId) Received ComposeUniqueId request [req_id=787650197081573888, post_type=9]
[2025-Nov-04 00:08:29.160188] <info>: (UniqueIdHandler.h:85:ComposeUniqueId) ComposeUniqueId timestamp and counter [req_id=787650197081573888, timestamp=247450109160, counter=0]
[2025-Nov-04 00:08:34.506855] <info>: (UniqueIdHandler.h:65:ComposeUniqueId) Received ComposeUniqueId request [req_id=714609418490770944, post_type=9]
[2025-Nov-04 00:08:34.507172] <info>: (UniqueIdHandler.h:85:ComposeUniqueId) ComposeUniqueId timestamp and counter [req_id=714609418490770944, timestamp=247450114507, counter=0]
[2025-Nov-04 00:08:39.856121] <info>: (UniqueIdHandler.h:65:ComposeUniqueId) Received ComposeUniqueId request [req_id=626024562496493568, post_type=9]
[2025-Nov-04 00:08:39.856409] <info>: (UniqueIdHandler.h:85:ComposeUniqueId) ComposeUniqueId timestamp and counter [req_id=626024562496493568, timestamp=247450119856, counter=0]
[2025-Nov-04 00:08:45.238465] <info>: (UniqueIdHandler.h:65:ComposeUniqueId) Received ComposeUniqueId request [req_id=716517515114863872, post_type=9]
[2025-Nov-04 00:08:45.238614] <info>: (UniqueIdHandler.h:85:ComposeUniqueId) ComposeUniqueId timestamp and counter [req_id=716517515114863872, timestamp=247450125238, counter=0]
[2025-Nov-04 00:08:50.589238] <info>: (UniqueIdHandler.h:65:ComposeUniqueId) Received ComposeUniqueId request [req_id=184126118173725472, post_type=9]
[2025-Nov-04 00:08:50.589362] <info>: (UniqueIdHandler.h:85:ComposeUniqueId) ComposeUniqueId timestamp and counter [req_id=184126118173725472, timestamp=247450130589, counter=0]
[2025-Nov-04 00:08:55.945145] <info>: (UniqueIdHandler.h:65:ComposeUniqueId) Received ComposeUniqueId request [req_id=468275808092887168, post_type=9]
[2025-Nov-04 00:08:55.945324] <info>: (UniqueIdHandler.h:85:ComposeUniqueId) ComposeUniqueId timestamp and counter [req_id=468275808092887168, timestamp=247450135945, counter=0]
[2025-Nov-04 00:09:01.309555] <info>: (UniqueIdHandler.h:65:ComposeUniqueId) Received ComposeUniqueId request [req_id=1093487456152724480, post_type=9]
[2025-Nov-04 00:09:01.309722] <info>: (UniqueIdHandler.h:85:ComposeUniqueId) ComposeUniqueId timestamp and counter [req_id=1093487456152724480, timestamp=247450141309, counter=0]
[2025-Nov-04 00:09:06.697160] <info>: (UniqueIdHandler.h:65:ComposeUniqueId) Received ComposeUniqueId request [req_id=710082262859488512, post_type=9]
[2025-Nov-04 00:09:06.697320] <info>: (UniqueIdHandler.h:85:ComposeUniqueId) ComposeUniqueId timestamp and counter [req_id=710082262859488512, timestamp=247450146697, counter=0]
[2025-Nov-04 00:09:12.052859] <info>: (UniqueIdHandler.h:65:ComposeUniqueId) Received ComposeUniqueId request [req_id=950521896656707968, post_type=9]
[2025-Nov-04 00:09:12.053044] <info>: (UniqueIdHandler.h:85:ComposeUniqueId) ComposeUniqueId timestamp and counter [req_id=950521896656707968, timestamp=247450152053, counter=0]
[2025-Nov-04 00:09:17.408060] <info>: (UniqueIdHandler.h:65:ComposeUniqueId) Received ComposeUniqueId request [req_id=893780820508410496, post_type=9]
[2025-Nov-04 00:09:17.408219] <info>: (UniqueIdHandler.h:85:ComposeUniqueId) ComposeUniqueId timestamp and counter [req_id=893780820508410496, timestamp=247450157408, counter=0]
[2025-Nov-04 00:09:22.758326] <info>: (UniqueIdHandler.h:65:ComposeUniqueId) Received ComposeUniqueId request [req_id=546575167490803200, post_type=9]
[2025-Nov-04 00:09:22.758536] <info>: (UniqueIdHandler.h:85:ComposeUniqueId) ComposeUniqueId timestamp and counter [req_id=546575167490803200, timestamp=247450162758, counter=0]
[2025-Nov-04 00:09:28.106980] <info>: (UniqueIdHandler.h:65:ComposeUniqueId) Received ComposeUniqueId request [req_id=656088401379016832, post_type=9]
[2025-Nov-04 00:09:28.107153] <info>: (UniqueIdHandler.h:85:ComposeUniqueId) ComposeUniqueId timestamp and counter [req_id=656088401379016832, timestamp=247450168107, counter=0]
[2025-Nov-04 00:09:33.459899] <info>: (UniqueIdHandler.h:65:ComposeUniqueId) Received ComposeUniqueId request [req_id=816644285208801280, post_type=9]
[2025-Nov-04 00:09:33.460035] <info>: (UniqueIdHandler.h:85:ComposeUniqueId) ComposeUniqueId timestamp and counter [req_id=816644285208801280, timestamp=247450173460, counter=0]
[2025-Nov-04 00:09:38.806986] <info>: (UniqueIdHandler.h:65:ComposeUniqueId) Received ComposeUniqueId request [req_id=323754618270129472, post_type=9]
[2025-Nov-04 00:09:38.807171] <info>: (UniqueIdHandler.h:85:ComposeUniqueId) ComposeUniqueId timestamp and counter [req_id=323754618270129472, timestamp=247450178807, counter=0]
[2025-Nov-04 00:09:44.159591] <info>: (UniqueIdHandler.h:65:ComposeUniqueId) Received ComposeUniqueId request [req_id=845248274483708416, post_type=9]
[2025-Nov-04 00:09:44.159813] <info>: (UniqueIdHandler.h:85:ComposeUniqueId) ComposeUniqueId timestamp and counter [req_id=845248274483708416, timestamp=247450184159, counter=0]
[2025-Nov-04 00:09:49.533322] <info>: (UniqueIdHandler.h:65:ComposeUniqueId) Received ComposeUniqueId request [req_id=1086394096756780544, post_type=9]
[2025-Nov-04 00:09:49.533481] <info>: (UniqueIdHandler.h:85:ComposeUniqueId) ComposeUniqueId timestamp and counter [req_id=1086394096756780544, timestamp=247450189533, counter=0]
[2025-Nov-04 00:09:54.898231] <info>: (UniqueIdHandler.h:65:ComposeUniqueId) Received ComposeUniqueId request [req_id=551727454842807552, post_type=9]
[2025-Nov-04 00:09:54.898474] <info>: (UniqueIdHandler.h:85:ComposeUniqueId) ComposeUniqueId timestamp and counter [req_id=551727454842807552, timestamp=247450194898, counter=0]
[2025-Nov-04 00:10:00.288109] <info>: (UniqueIdHandler.h:65:ComposeUniqueId) Received ComposeUniqueId request [req_id=1108671322534934016, post_type=9]
[2025-Nov-04 00:10:00.288309] <info>: (UniqueIdHandler.h:85:ComposeUniqueId) ComposeUniqueId timestamp and counter [req_id=1108671322534934016, timestamp=247450200288, counter=0]
[2025-Nov-04 00:10:05.657467] <info>: (UniqueIdHandler.h:65:ComposeUniqueId) Received ComposeUniqueId request [req_id=328478272693676608, post_type=9]
[2025-Nov-04 00:10:05.657628] <info>: (UniqueIdHandler.h:85:ComposeUniqueId) ComposeUniqueId timestamp and counter [req_id=328478272693676608, timestamp=247450205657, counter=0]
[2025-Nov-04 00:10:11.044689] <info>: (UniqueIdHandler.h:65:ComposeUniqueId) Received ComposeUniqueId request [req_id=965620470629343616, post_type=9]
[2025-Nov-04 00:10:11.045101] <info>: (UniqueIdHandler.h:85:ComposeUniqueId) ComposeUniqueId timestamp and counter [req_id=965620470629343616, timestamp=247450211045, counter=0]
[2025-Nov-04 00:10:16.412232] <info>: (UniqueIdHandler.h:65:ComposeUniqueId) Received ComposeUniqueId request [req_id=74464444351176512, post_type=9]
[2025-Nov-04 00:10:16.412375] <info>: (UniqueIdHandler.h:85:ComposeUniqueId) ComposeUniqueId timestamp and counter [req_id=74464444351176512, timestamp=247450216412, counter=0]
[2025-Nov-04 00:10:21.785982] <info>: (UniqueIdHandler.h:65:ComposeUniqueId) Received ComposeUniqueId request [req_id=1011335388408278016, post_type=9]
[2025-Nov-04 00:10:21.786251] <info>: (UniqueIdHandler.h:85:ComposeUniqueId) ComposeUniqueId timestamp and counter [req_id=1011335388408278016, timestamp=247450221786, counter=0]
[2025-Nov-04 00:10:27.135533] <info>: (UniqueIdHandler.h:65:ComposeUniqueId) Received ComposeUniqueId request [req_id=717980192795675136, post_type=9]
[2025-Nov-04 00:10:27.135798] <info>: (UniqueIdHandler.h:85:ComposeUniqueId) ComposeUniqueId timestamp and counter [req_id=717980192795675136, timestamp=247450227135, counter=0]
[2025-Nov-04 00:10:32.486632] <info>: (UniqueIdHandler.h:65:ComposeUniqueId) Received ComposeUniqueId request [req_id=248671584424436864, post_type=9]
[2025-Nov-04 00:10:32.486818] <info>: (UniqueIdHandler.h:85:ComposeUniqueId) ComposeUniqueId timestamp and counter [req_id=248671584424436864, timestamp=247450232486, counter=0]
[2025-Nov-04 00:10:37.831507] <info>: (UniqueIdHandler.h:65:ComposeUniqueId) Received ComposeUniqueId request [req_id=850843026218403712, post_type=9]
[2025-Nov-04 00:10:37.831637] <info>: (UniqueIdHandler.h:85:ComposeUniqueId) ComposeUniqueId timestamp and counter [req_id=850843026218403712, timestamp=247450237831, counter=0]
[2025-Nov-04 00:10:43.173587] <info>: (UniqueIdHandler.h:65:ComposeUniqueId) Received ComposeUniqueId request [req_id=41009091122802784, post_type=9]
[2025-Nov-04 00:10:43.173816] <info>: (UniqueIdHandler.h:85:ComposeUniqueId) ComposeUniqueId timestamp and counter [req_id=41009091122802784, timestamp=247450243173, counter=0]
[2025-Nov-04 00:10:48.574400] <info>: (UniqueIdHandler.h:65:ComposeUniqueId) Received ComposeUniqueId request [req_id=139815003700618000, post_type=9]
[2025-Nov-04 00:10:48.574567] <info>: (UniqueIdHandler.h:85:ComposeUniqueId) ComposeUniqueId timestamp and counter [req_id=139815003700618000, timestamp=247450248574, counter=0]
[2025-Nov-04 00:10:53.926345] <info>: (UniqueIdHandler.h:65:ComposeUniqueId) Received ComposeUniqueId request [req_id=569758699864175360, post_type=9]
[2025-Nov-04 00:10:53.926548] <info>: (UniqueIdHandler.h:85:ComposeUniqueId) ComposeUniqueId timestamp and counter [req_id=569758699864175360, timestamp=247450253926, counter=0]
[2025-Nov-04 00:10:59.279862] <info>: (UniqueIdHandler.h:65:ComposeUniqueId) Received ComposeUniqueId request [req_id=622828599880664832, post_type=9]
[2025-Nov-04 00:10:59.280031] <info>: (UniqueIdHandler.h:85:ComposeUniqueId) ComposeUniqueId timestamp and counter [req_id=622828599880664832, timestamp=247450259280, counter=0]
[2025-Nov-04 00:11:04.643812] <info>: (UniqueIdHandler.h:65:ComposeUniqueId) Received ComposeUniqueId request [req_id=19559795021815752, post_type=9]
[2025-Nov-04 00:11:04.644008] <info>: (UniqueIdHandler.h:85:ComposeUniqueId) ComposeUniqueId timestamp and counter [req_id=19559795021815752, timestamp=247450264643, counter=0]
[2025-Nov-04 00:11:10.015366] <info>: (UniqueIdHandler.h:65:ComposeUniqueId) Received ComposeUniqueId request [req_id=484305083846366400, post_type=9]
[2025-Nov-04 00:11:10.015523] <info>: (UniqueIdHandler.h:85:ComposeUniqueId) ComposeUniqueId timestamp and counter [req_id=484305083846366400, timestamp=247450270015, counter=0]
[2025-Nov-04 00:11:15.369908] <info>: (UniqueIdHandler.h:65:ComposeUniqueId) Received ComposeUniqueId request [req_id=377923741667009472, post_type=9]
[2025-Nov-04 00:11:15.370150] <info>: (UniqueIdHandler.h:85:ComposeUniqueId) ComposeUniqueId timestamp and counter [req_id=377923741667009472, timestamp=247450275370, counter=0]
[2025-Nov-04 00:11:20.752697] <info>: (UniqueIdHandler.h:65:ComposeUniqueId) Received ComposeUniqueId request [req_id=914502827450135680, post_type=9]
[2025-Nov-04 00:11:20.752895] <info>: (UniqueIdHandler.h:85:ComposeUniqueId) ComposeUniqueId timestamp and counter [req_id=914502827450135680, timestamp=247450280752, counter=0]
[2025-Nov-04 00:11:26.119755] <info>: (UniqueIdHandler.h:65:ComposeUniqueId) Received ComposeUniqueId request [req_id=114228516547316576, post_type=9]
[2025-Nov-04 00:11:26.120009] <info>: (UniqueIdHandler.h:85:ComposeUniqueId) ComposeUniqueId timestamp and counter [req_id=114228516547316576, timestamp=247450286119, counter=0]
[2025-Nov-04 00:11:31.476800] <info>: (UniqueIdHandler.h:65:ComposeUniqueId) Received ComposeUniqueId request [req_id=965130132289177472, post_type=9]
[2025-Nov-04 00:11:31.476980] <info>: (UniqueIdHandler.h:85:ComposeUniqueId) ComposeUniqueId timestamp and counter [req_id=965130132289177472, timestamp=247450291476, counter=0]
[2025-Nov-04 00:11:36.828293] <info>: (UniqueIdHandler.h:65:ComposeUniqueId) Received ComposeUniqueId request [req_id=176567774878922880, post_type=9]
[2025-Nov-04 00:11:36.828484] <info>: (UniqueIdHandler.h:85:ComposeUniqueId) ComposeUniqueId timestamp and counter [req_id=176567774878922880, timestamp=247450296828, counter=0]
[2025-Nov-04 00:11:42.190134] <info>: (UniqueIdHandler.h:65:ComposeUniqueId) Received ComposeUniqueId request [req_id=1016313244901360384, post_type=9]
[2025-Nov-04 00:11:42.190304] <info>: (UniqueIdHandler.h:85:ComposeUniqueId) ComposeUniqueId timestamp and counter [req_id=1016313244901360384, timestamp=247450302190, counter=0]
[2025-Nov-04 00:11:47.539420] <info>: (UniqueIdHandler.h:65:ComposeUniqueId) Received ComposeUniqueId request [req_id=755068828814963840, post_type=9]
[2025-Nov-04 00:11:47.539604] <info>: (UniqueIdHandler.h:85:ComposeUniqueId) ComposeUniqueId timestamp and counter [req_id=755068828814963840, timestamp=247450307539, counter=0]
[2025-Nov-04 00:11:52.888141] <info>: (UniqueIdHandler.h:65:ComposeUniqueId) Received ComposeUniqueId request [req_id=676982223015417216, post_type=9]
[2025-Nov-04 00:11:52.888294] <info>: (UniqueIdHandler.h:85:ComposeUniqueId) ComposeUniqueId timestamp and counter [req_id=676982223015417216, timestamp=247450312888, counter=0]
[2025-Nov-04 00:11:58.237197] <info>: (UniqueIdHandler.h:65:ComposeUniqueId) Received ComposeUniqueId request [req_id=873734435882780416, post_type=9]
[2025-Nov-04 00:11:58.237330] <info>: (UniqueIdHandler.h:85:ComposeUniqueId) ComposeUniqueId timestamp and counter [req_id=873734435882780416, timestamp=247450318237, counter=0]
[2025-Nov-04 00:12:03.576285] <info>: (UniqueIdHandler.h:65:ComposeUniqueId) Received ComposeUniqueId request [req_id=758422162307762176, post_type=9]
[2025-Nov-04 00:12:03.576470] <info>: (UniqueIdHandler.h:85:ComposeUniqueId) ComposeUniqueId timestamp and counter [req_id=758422162307762176, timestamp=247450323576, counter=0]
[2025-Nov-04 00:12:08.969487] <info>: (UniqueIdHandler.h:65:ComposeUniqueId) Received ComposeUniqueId request [req_id=547476721217793472, post_type=9]
[2025-Nov-04 00:12:08.969696] <info>: (UniqueIdHandler.h:85:ComposeUniqueId) ComposeUniqueId timestamp and counter [req_id=547476721217793472, timestamp=247450328969, counter=0]
[2025-Nov-04 00:12:14.347490] <info>: (UniqueIdHandler.h:65:ComposeUniqueId) Received ComposeUniqueId request [req_id=132247160420130688, post_type=9]
[2025-Nov-04 00:12:14.347647] <info>: (UniqueIdHandler.h:85:ComposeUniqueId) ComposeUniqueId timestamp and counter [req_id=132247160420130688, timestamp=247450334347, counter=0]
[2025-Nov-04 00:12:19.694551] <info>: (UniqueIdHandler.h:65:ComposeUniqueId) Received ComposeUniqueId request [req_id=1015884866183494656, post_type=9]
[2025-Nov-04 00:12:19.694838] <info>: (UniqueIdHandler.h:85:ComposeUniqueId) ComposeUniqueId timestamp and counter [req_id=1015884866183494656, timestamp=247450339694, counter=0]
[2025-Nov-04 00:12:25.094201] <info>: (UniqueIdHandler.h:65:ComposeUniqueId) Received ComposeUniqueId request [req_id=214313402593334304, post_type=9]
[2025-Nov-04 00:12:25.094434] <info>: (UniqueIdHandler.h:85:ComposeUniqueId) ComposeUniqueId timestamp and counter [req_id=214313402593334304, timestamp=247450345094, counter=0]
[2025-Nov-04 00:12:30.462692] <info>: (UniqueIdHandler.h:65:ComposeUniqueId) Received ComposeUniqueId request [req_id=564753950290763712, post_type=9]
[2025-Nov-04 00:12:30.462848] <info>: (UniqueIdHandler.h:85:ComposeUniqueId) ComposeUniqueId timestamp and counter [req_id=564753950290763712, timestamp=247450350462, counter=0]
[2025-Nov-04 00:12:35.814012] <info>: (UniqueIdHandler.h:65:ComposeUniqueId) Received ComposeUniqueId request [req_id=425845046011988608, post_type=9]
[2025-Nov-04 00:12:35.814197] <info>: (UniqueIdHandler.h:85:ComposeUniqueId) ComposeUniqueId timestamp and counter [req_id=425845046011988608, timestamp=247450355814, counter=0]
[2025-Nov-04 00:12:41.187214] <info>: (UniqueIdHandler.h:65:ComposeUniqueId) Received ComposeUniqueId request [req_id=597163037670059392, post_type=9]
[2025-Nov-04 00:12:41.187553] <info>: (UniqueIdHandler.h:85:ComposeUniqueId) ComposeUniqueId timestamp and counter [req_id=597163037670059392, timestamp=247450361187, counter=0]
[2025-Nov-04 00:12:46.554015] <info>: (UniqueIdHandler.h:65:ComposeUniqueId) Received ComposeUniqueId request [req_id=840107823278453632, post_type=9]
[2025-Nov-04 00:12:46.554179] <info>: (UniqueIdHandler.h:85:ComposeUniqueId) ComposeUniqueId timestamp and counter [req_id=840107823278453632, timestamp=247450366554, counter=0]
[2025-Nov-04 00:12:51.896391] <info>: (UniqueIdHandler.h:65:ComposeUniqueId) Received ComposeUniqueId request [req_id=669342888019345152, post_type=9]
[2025-Nov-04 00:12:51.896988] <info>: (UniqueIdHandler.h:85:ComposeUniqueId) ComposeUniqueId timestamp and counter [req_id=669342888019345152, timestamp=247450371896, counter=0]
[2025-Nov-04 00:12:57.263297] <info>: (UniqueIdHandler.h:65:ComposeUniqueId) Received ComposeUniqueId request [req_id=781358530616744576, post_type=9]
[2025-Nov-04 00:12:57.263557] <info>: (UniqueIdHandler.h:85:ComposeUniqueId) ComposeUniqueId timestamp and counter [req_id=781358530616744576, timestamp=247450377263, counter=0]
[2025-Nov-04 00:13:02.626798] <info>: (UniqueIdHandler.h:65:ComposeUniqueId) Received ComposeUniqueId request [req_id=993102751629551616, post_type=9]
[2025-Nov-04 00:13:02.627000] <info>: (UniqueIdHandler.h:85:ComposeUniqueId) ComposeUniqueId timestamp and counter [req_id=993102751629551616, timestamp=247450382626, counter=0]
[2025-Nov-04 00:13:07.987569] <info>: (UniqueIdHandler.h:65:ComposeUniqueId) Received ComposeUniqueId request [req_id=1146474425029218560, post_type=9]
[2025-Nov-04 00:13:07.987705] <info>: (UniqueIdHandler.h:85:ComposeUniqueId) ComposeUniqueId timestamp and counter [req_id=1146474425029218560, timestamp=247450387987, counter=0]
[2025-Nov-04 00:13:13.344873] <info>: (UniqueIdHandler.h:65:ComposeUniqueId) Received ComposeUniqueId request [req_id=132857809490804080, post_type=9]
[2025-Nov-04 00:13:13.345061] <info>: (UniqueIdHandler.h:85:ComposeUniqueId) ComposeUniqueId timestamp and counter [req_id=132857809490804080, timestamp=247450393345, counter=0]
[2025-Nov-04 00:13:18.705672] <info>: (UniqueIdHandler.h:65:ComposeUniqueId) Received ComposeUniqueId request [req_id=1086066655653665408, post_type=9]
[2025-Nov-04 00:13:18.705867] <info>: (UniqueIdHandler.h:85:ComposeUniqueId) ComposeUniqueId timestamp and counter [req_id=1086066655653665408, timestamp=247450398705, counter=0]
[2025-Nov-04 00:13:24.053174] <info>: (UniqueIdHandler.h:65:ComposeUniqueId) Received ComposeUniqueId request [req_id=1078378511257353600, post_type=9]
[2025-Nov-04 00:13:24.053308] <info>: (UniqueIdHandler.h:85:ComposeUniqueId) ComposeUniqueId timestamp and counter [req_id=1078378511257353600, timestamp=247450404053, counter=0]
[2025-Nov-04 00:13:29.404328] <info>: (UniqueIdHandler.h:65:ComposeUniqueId) Received ComposeUniqueId request [req_id=984558529916698880, post_type=9]
[2025-Nov-04 00:13:29.404492] <info>: (UniqueIdHandler.h:85:ComposeUniqueId) ComposeUniqueId timestamp and counter [req_id=984558529916698880, timestamp=247450409404, counter=0]
[2025-Nov-04 00:13:34.755864] <info>: (UniqueIdHandler.h:65:ComposeUniqueId) Received ComposeUniqueId request [req_id=393992859579464128, post_type=9]
[2025-Nov-04 00:13:34.756005] <info>: (UniqueIdHandler.h:85:ComposeUniqueId) ComposeUniqueId timestamp and counter [req_id=393992859579464128, timestamp=247450414756, counter=0]
[2025-Nov-04 00:13:40.108755] <info>: (UniqueIdHandler.h:65:ComposeUniqueId) Received ComposeUniqueId request [req_id=1130961760452759168, post_type=9]
[2025-Nov-04 00:13:40.108910] <info>: (UniqueIdHandler.h:85:ComposeUniqueId) ComposeUniqueId timestamp and counter [req_id=1130961760452759168, timestamp=247450420108, counter=0]
[2025-Nov-04 00:13:45.475742] <info>: (UniqueIdHandler.h:65:ComposeUniqueId) Received ComposeUniqueId request [req_id=719495964306874368, post_type=9]
[2025-Nov-04 00:13:45.475929] <info>: (UniqueIdHandler.h:85:ComposeUniqueId) ComposeUniqueId timestamp and counter [req_id=719495964306874368, timestamp=247450425475, counter=0]
[2025-Nov-04 00:13:50.824887] <info>: (UniqueIdHandler.h:65:ComposeUniqueId) Received ComposeUniqueId request [req_id=84496018281732192, post_type=9]
[2025-Nov-04 00:13:50.825077] <info>: (UniqueIdHandler.h:85:ComposeUniqueId) ComposeUniqueId timestamp and counter [req_id=84496018281732192, timestamp=247450430825, counter=0]
[2025-Nov-04 00:13:56.179854] <info>: (UniqueIdHandler.h:65:ComposeUniqueId) Received ComposeUniqueId request [req_id=1125243707956319360, post_type=9]
[2025-Nov-04 00:13:56.180014] <info>: (UniqueIdHandler.h:85:ComposeUniqueId) ComposeUniqueId timestamp and counter [req_id=1125243707956319360, timestamp=247450436180, counter=0]
[2025-Nov-04 00:14:01.525215] <info>: (UniqueIdHandler.h:65:ComposeUniqueId) Received ComposeUniqueId request [req_id=716553376440098304, post_type=9]
[2025-Nov-04 00:14:01.525407] <info>: (UniqueIdHandler.h:85:ComposeUniqueId) ComposeUniqueId timestamp and counter [req_id=716553376440098304, timestamp=247450441525, counter=0]
[2025-Nov-04 00:14:06.884791] <info>: (UniqueIdHandler.h:65:ComposeUniqueId) Received ComposeUniqueId request [req_id=27422358347395864, post_type=9]
[2025-Nov-04 00:14:06.884970] <info>: (UniqueIdHandler.h:85:ComposeUniqueId) ComposeUniqueId timestamp and counter [req_id=27422358347395864, timestamp=247450446884, counter=0]
[2025-Nov-04 00:14:12.238340] <info>: (UniqueIdHandler.h:65:ComposeUniqueId) Received ComposeUniqueId request [req_id=184337862872507808, post_type=9]
[2025-Nov-04 00:14:12.238502] <info>: (UniqueIdHandler.h:85:ComposeUniqueId) ComposeUniqueId timestamp and counter [req_id=184337862872507808, timestamp=247450452238, counter=0]
[2025-Nov-04 00:14:17.574689] <info>: (UniqueIdHandler.h:65:ComposeUniqueId) Received ComposeUniqueId request [req_id=527163340704131840, post_type=9]
[2025-Nov-04 00:14:17.574858] <info>: (UniqueIdHandler.h:85:ComposeUniqueId) ComposeUniqueId timestamp and counter [req_id=527163340704131840, timestamp=247450457574, counter=0]
[2025-Nov-04 00:14:22.926949] <info>: (UniqueIdHandler.h:65:ComposeUniqueId) Received ComposeUniqueId request [req_id=732282323181310208, post_type=9]
[2025-Nov-04 00:14:22.927253] <info>: (UniqueIdHandler.h:85:ComposeUniqueId) ComposeUniqueId timestamp and counter [req_id=732282323181310208, timestamp=247450462927, counter=0]
[2025-Nov-04 00:14:28.286069] <info>: (UniqueIdHandler.h:65:ComposeUniqueId) Received ComposeUniqueId request [req_id=315929107745328064, post_type=9]
[2025-Nov-04 00:14:28.286205] <info>: (UniqueIdHandler.h:85:ComposeUniqueId) ComposeUniqueId timestamp and counter [req_id=315929107745328064, timestamp=247450468286, counter=0]
[2025-Nov-04 00:14:33.647448] <info>: (UniqueIdHandler.h:65:ComposeUniqueId) Received ComposeUniqueId request [req_id=94539942443821568, post_type=9]
[2025-Nov-04 00:14:33.647608] <info>: (UniqueIdHandler.h:85:ComposeUniqueId) ComposeUniqueId timestamp and counter [req_id=94539942443821568, timestamp=247450473647, counter=0]
[2025-Nov-04 00:14:39.017900] <info>: (UniqueIdHandler.h:65:ComposeUniqueId) Received ComposeUniqueId request [req_id=468668810404809344, post_type=9]
[2025-Nov-04 00:14:39.018120] <info>: (UniqueIdHandler.h:85:ComposeUniqueId) ComposeUniqueId timestamp and counter [req_id=468668810404809344, timestamp=247450479018, counter=0]
[2025-Nov-04 00:14:44.394005] <info>: (UniqueIdHandler.h:65:ComposeUniqueId) Received ComposeUniqueId request [req_id=479568069439609664, post_type=9]
[2025-Nov-04 00:14:44.394177] <info>: (UniqueIdHandler.h:85:ComposeUniqueId) ComposeUniqueId timestamp and counter [req_id=479568069439609664, timestamp=247450484394, counter=0]
[2025-Nov-04 00:14:49.771559] <info>: (UniqueIdHandler.h:65:ComposeUniqueId) Received ComposeUniqueId request [req_id=689440381834090880, post_type=9]
[2025-Nov-04 00:14:49.771755] <info>: (UniqueIdHandler.h:85:ComposeUniqueId) ComposeUniqueId timestamp and counter [req_id=689440381834090880, timestamp=247450489771, counter=0]
[2025-Nov-04 00:14:55.126958] <info>: (UniqueIdHandler.h:65:ComposeUniqueId) Received ComposeUniqueId request [req_id=638051150954536704, post_type=9]
[2025-Nov-04 00:14:55.127269] <info>: (UniqueIdHandler.h:85:ComposeUniqueId) ComposeUniqueId timestamp and counter [req_id=638051150954536704, timestamp=247450495127, counter=0]
[2025-Nov-04 00:15:00.479755] <info>: (UniqueIdHandler.h:65:ComposeUniqueId) Received ComposeUniqueId request [req_id=770274586619196288, post_type=9]
[2025-Nov-04 00:15:00.480348] <info>: (UniqueIdHandler.h:85:ComposeUniqueId) ComposeUniqueId timestamp and counter [req_id=770274586619196288, timestamp=247450500480, counter=0]
[2025-Nov-04 00:15:05.823995] <info>: (UniqueIdHandler.h:65:ComposeUniqueId) Received ComposeUniqueId request [req_id=680693738207081728, post_type=9]
[2025-Nov-04 00:15:05.824211] <info>: (UniqueIdHandler.h:85:ComposeUniqueId) ComposeUniqueId timestamp and counter [req_id=680693738207081728, timestamp=247450505824, counter=0]
[2025-Nov-04 00:15:11.196728] <info>: (UniqueIdHandler.h:65:ComposeUniqueId) Received ComposeUniqueId request [req_id=610389348288286208, post_type=9]
[2025-Nov-04 00:15:11.196887] <info>: (UniqueIdHandler.h:85:ComposeUniqueId) ComposeUniqueId timestamp and counter [req_id=610389348288286208, timestamp=247450511196, counter=0]
[2025-Nov-04 00:15:16.545482] <info>: (UniqueIdHandler.h:65:ComposeUniqueId) Received ComposeUniqueId request [req_id=113121879701505392, post_type=9]
[2025-Nov-04 00:15:16.545614] <info>: (UniqueIdHandler.h:85:ComposeUniqueId) ComposeUniqueId timestamp and counter [req_id=113121879701505392, timestamp=247450516545, counter=0]
[2025-Nov-04 00:15:21.898739] <info>: (UniqueIdHandler.h:65:ComposeUniqueId) Received ComposeUniqueId request [req_id=441333431046901504, post_type=9]
[2025-Nov-04 00:15:21.898977] <info>: (UniqueIdHandler.h:85:ComposeUniqueId) ComposeUniqueId timestamp and counter [req_id=441333431046901504, timestamp=247450521898, counter=0]
[2025-Nov-04 00:15:27.259046] <info>: (UniqueIdHandler.h:65:ComposeUniqueId) Received ComposeUniqueId request [req_id=157318643229571264, post_type=9]
[2025-Nov-04 00:15:27.259239] <info>: (UniqueIdHandler.h:85:ComposeUniqueId) ComposeUniqueId timestamp and counter [req_id=157318643229571264, timestamp=247450527259, counter=0]
[2025-Nov-04 00:15:32.604519] <info>: (UniqueIdHandler.h:65:ComposeUniqueId) Received ComposeUniqueId request [req_id=101016038333112528, post_type=9]
[2025-Nov-04 00:15:32.604728] <info>: (UniqueIdHandler.h:85:ComposeUniqueId) ComposeUniqueId timestamp and counter [req_id=101016038333112528, timestamp=247450532604, counter=0]
[2025-Nov-04 00:15:37.968254] <info>: (UniqueIdHandler.h:65:ComposeUniqueId) Received ComposeUniqueId request [req_id=962631066028979328, post_type=9]
[2025-Nov-04 00:15:37.968520] <info>: (UniqueIdHandler.h:85:ComposeUniqueId) ComposeUniqueId timestamp and counter [req_id=962631066028979328, timestamp=247450537968, counter=0]
[2025-Nov-04 00:15:43.341113] <info>: (UniqueIdHandler.h:65:ComposeUniqueId) Received ComposeUniqueId request [req_id=799777576434122752, post_type=9]
[2025-Nov-04 00:15:43.341267] <info>: (UniqueIdHandler.h:85:ComposeUniqueId) ComposeUniqueId timestamp and counter [req_id=799777576434122752, timestamp=247450543341, counter=0]
[2025-Nov-04 00:15:48.675160] <info>: (UniqueIdHandler.h:65:ComposeUniqueId) Received ComposeUniqueId request [req_id=620915768719223936, post_type=9]
[2025-Nov-04 00:15:48.675297] <info>: (UniqueIdHandler.h:85:ComposeUniqueId) ComposeUniqueId timestamp and counter [req_id=620915768719223936, timestamp=247450548675, counter=0]
[2025-Nov-04 00:15:54.029991] <info>: (UniqueIdHandler.h:65:ComposeUniqueId) Received ComposeUniqueId request [req_id=872246076244285568, post_type=9]
[2025-Nov-04 00:15:54.030252] <info>: (UniqueIdHandler.h:85:ComposeUniqueId) ComposeUniqueId timestamp and counter [req_id=872246076244285568, timestamp=247450554030, counter=0]
[2025-Nov-04 00:15:59.378378] <info>: (UniqueIdHandler.h:65:ComposeUniqueId) Received ComposeUniqueId request [req_id=782879009060539264, post_type=9]
[2025-Nov-04 00:15:59.378513] <info>: (UniqueIdHandler.h:85:ComposeUniqueId) ComposeUniqueId timestamp and counter [req_id=782879009060539264, timestamp=247450559378, counter=0]
[2025-Nov-04 00:16:04.732902] <info>: (UniqueIdHandler.h:65:ComposeUniqueId) Received ComposeUniqueId request [req_id=572002443357933824, post_type=9]
[2025-Nov-04 00:16:04.733034] <info>: (UniqueIdHandler.h:85:ComposeUniqueId) ComposeUniqueId timestamp and counter [req_id=572002443357933824, timestamp=247450564733, counter=0]
[2025-Nov-04 00:16:10.099345] <info>: (UniqueIdHandler.h:65:ComposeUniqueId) Received ComposeUniqueId request [req_id=389485131949163968, post_type=9]
[2025-Nov-04 00:16:10.099639] <info>: (UniqueIdHandler.h:85:ComposeUniqueId) ComposeUniqueId timestamp and counter [req_id=389485131949163968, timestamp=247450570099, counter=0]
[2025-Nov-04 00:16:15.465598] <info>: (UniqueIdHandler.h:65:ComposeUniqueId) Received ComposeUniqueId request [req_id=1066074167276600832, post_type=9]
[2025-Nov-04 00:16:15.466016] <info>: (UniqueIdHandler.h:85:ComposeUniqueId) ComposeUniqueId timestamp and counter [req_id=1066074167276600832, timestamp=247450575466, counter=0]
[2025-Nov-04 00:16:20.806018] <info>: (UniqueIdHandler.h:65:ComposeUniqueId) Received ComposeUniqueId request [req_id=122783209907425712, post_type=9]
[2025-Nov-04 00:16:20.806331] <info>: (UniqueIdHandler.h:85:ComposeUniqueId) ComposeUniqueId timestamp and counter [req_id=122783209907425712, timestamp=247450580806, counter=0]
[2025-Nov-04 00:16:26.157245] <info>: (UniqueIdHandler.h:65:ComposeUniqueId) Received ComposeUniqueId request [req_id=949148583056225152, post_type=9]
[2025-Nov-04 00:16:26.157431] <info>: (UniqueIdHandler.h:85:ComposeUniqueId) ComposeUniqueId timestamp and counter [req_id=949148583056225152, timestamp=247450586157, counter=0]
[2025-Nov-04 00:16:31.506898] <info>: (UniqueIdHandler.h:65:ComposeUniqueId) Received ComposeUniqueId request [req_id=1137530633533407232, post_type=9]
[2025-Nov-04 00:16:31.507038] <info>: (UniqueIdHandler.h:85:ComposeUniqueId) ComposeUniqueId timestamp and counter [req_id=1137530633533407232, timestamp=247450591507, counter=0]
[2025-Nov-04 00:16:36.858823] <info>: (UniqueIdHandler.h:65:ComposeUniqueId) Received ComposeUniqueId request [req_id=568442895591601088, post_type=9]
[2025-Nov-04 00:16:36.858961] <info>: (UniqueIdHandler.h:85:ComposeUniqueId) ComposeUniqueId timestamp and counter [req_id=568442895591601088, timestamp=247450596858, counter=0]
[2025-Nov-04 00:16:42.214511] <info>: (UniqueIdHandler.h:65:ComposeUniqueId) Received ComposeUniqueId request [req_id=263991442365362528, post_type=9]
[2025-Nov-04 00:16:42.214829] <info>: (UniqueIdHandler.h:85:ComposeUniqueId) ComposeUniqueId timestamp and counter [req_id=263991442365362528, timestamp=247450602214, counter=0]
[2025-Nov-04 00:16:47.561718] <info>: (UniqueIdHandler.h:65:ComposeUniqueId) Received ComposeUniqueId request [req_id=1033147687610377216, post_type=9]
[2025-Nov-04 00:16:47.561947] <info>: (UniqueIdHandler.h:85:ComposeUniqueId) ComposeUniqueId timestamp and counter [req_id=1033147687610377216, timestamp=247450607561, counter=0]
[2025-Nov-04 00:16:52.901683] <info>: (UniqueIdHandler.h:65:ComposeUniqueId) Received ComposeUniqueId request [req_id=797028733520251520, post_type=9]
[2025-Nov-04 00:16:52.901932] <info>: (UniqueIdHandler.h:85:ComposeUniqueId) ComposeUniqueId timestamp and counter [req_id=797028733520251520, timestamp=247450612901, counter=0]
[2025-Nov-04 00:16:58.251241] <info>: (UniqueIdHandler.h:65:ComposeUniqueId) Received ComposeUniqueId request [req_id=378994359184863744, post_type=9]
[2025-Nov-04 00:16:58.251576] <info>: (UniqueIdHandler.h:85:ComposeUniqueId) ComposeUniqueId timestamp and counter [req_id=378994359184863744, timestamp=247450618251, counter=0]
[2025-Nov-04 00:17:03.609095] <info>: (UniqueIdHandler.h:65:ComposeUniqueId) Received ComposeUniqueId request [req_id=463470944993693632, post_type=9]
[2025-Nov-04 00:17:03.609570] <info>: (UniqueIdHandler.h:85:ComposeUniqueId) ComposeUniqueId timestamp and counter [req_id=463470944993693632, timestamp=247450623609, counter=0]
[2025-Nov-04 00:17:08.974004] <info>: (UniqueIdHandler.h:65:ComposeUniqueId) Received ComposeUniqueId request [req_id=315700536853667584, post_type=9]
[2025-Nov-04 00:17:08.974331] <info>: (UniqueIdHandler.h:85:ComposeUniqueId) ComposeUniqueId timestamp and counter [req_id=315700536853667584, timestamp=247450628974, counter=0]
[2025-Nov-04 00:17:14.329460] <info>: (UniqueIdHandler.h:65:ComposeUniqueId) Received ComposeUniqueId request [req_id=643107000380255872, post_type=9]
[2025-Nov-04 00:17:14.329634] <info>: (UniqueIdHandler.h:85:ComposeUniqueId) ComposeUniqueId timestamp and counter [req_id=643107000380255872, timestamp=247450634329, counter=0]
[2025-Nov-04 00:17:19.685003] <info>: (UniqueIdHandler.h:65:ComposeUniqueId) Received ComposeUniqueId request [req_id=857061936686320640, post_type=9]
[2025-Nov-04 00:17:19.685132] <info>: (UniqueIdHandler.h:85:ComposeUniqueId) ComposeUniqueId timestamp and counter [req_id=857061936686320640, timestamp=247450639685, counter=0]
[2025-Nov-04 00:17:25.032946] <info>: (UniqueIdHandler.h:65:ComposeUniqueId) Received ComposeUniqueId request [req_id=1070155993520864384, post_type=9]
[2025-Nov-04 00:17:25.033112] <info>: (UniqueIdHandler.h:85:ComposeUniqueId) ComposeUniqueId timestamp and counter [req_id=1070155993520864384, timestamp=247450645033, counter=0]
[2025-Nov-04 00:17:30.410941] <info>: (UniqueIdHandler.h:65:ComposeUniqueId) Received ComposeUniqueId request [req_id=226514987298861120, post_type=9]
[2025-Nov-04 00:17:30.411102] <info>: (UniqueIdHandler.h:85:ComposeUniqueId) ComposeUniqueId timestamp and counter [req_id=226514987298861120, timestamp=247450650411, counter=0]
[2025-Nov-04 00:17:35.764605] <info>: (UniqueIdHandler.h:65:ComposeUniqueId) Received ComposeUniqueId request [req_id=1119572025252432640, post_type=9]
[2025-Nov-04 00:17:35.764739] <info>: (UniqueIdHandler.h:85:ComposeUniqueId) ComposeUniqueId timestamp and counter [req_id=1119572025252432640, timestamp=247450655764, counter=0]
[2025-Nov-04 00:17:41.101015] <info>: (UniqueIdHandler.h:65:ComposeUniqueId) Received ComposeUniqueId request [req_id=475219021316566208, post_type=9]
[2025-Nov-04 00:17:41.101189] <info>: (UniqueIdHandler.h:85:ComposeUniqueId) ComposeUniqueId timestamp and counter [req_id=475219021316566208, timestamp=247450661101, counter=0]
[2025-Nov-04 00:17:46.457052] <info>: (UniqueIdHandler.h:65:ComposeUniqueId) Received ComposeUniqueId request [req_id=818615397937310720, post_type=9]
[2025-Nov-04 00:17:46.457194] <info>: (UniqueIdHandler.h:85:ComposeUniqueId) ComposeUniqueId timestamp and counter [req_id=818615397937310720, timestamp=247450666457, counter=0]
[2025-Nov-04 00:17:51.816965] <info>: (UniqueIdHandler.h:65:ComposeUniqueId) Received ComposeUniqueId request [req_id=1110777142414174080, post_type=9]
[2025-Nov-04 00:17:51.817112] <info>: (UniqueIdHandler.h:85:ComposeUniqueId) ComposeUniqueId timestamp and counter [req_id=1110777142414174080, timestamp=247450671817, counter=0]
[2025-Nov-04 00:17:57.165634] <info>: (UniqueIdHandler.h:65:ComposeUniqueId) Received ComposeUniqueId request [req_id=106605106705581536, post_type=9]
[2025-Nov-04 00:17:57.165785] <info>: (UniqueIdHandler.h:85:ComposeUniqueId) ComposeUniqueId timestamp and counter [req_id=106605106705581536, timestamp=247450677165, counter=0]
[2025-Nov-04 00:18:02.519610] <info>: (UniqueIdHandler.h:65:ComposeUniqueId) Received ComposeUniqueId request [req_id=401329731263852800, post_type=9]
[2025-Nov-04 00:18:02.520678] <info>: (UniqueIdHandler.h:85:ComposeUniqueId) ComposeUniqueId timestamp and counter [req_id=401329731263852800, timestamp=247450682520, counter=0]
[2025-Nov-04 00:18:07.888410] <info>: (UniqueIdHandler.h:65:ComposeUniqueId) Received ComposeUniqueId request [req_id=198010177734724224, post_type=9]
[2025-Nov-04 00:18:07.888613] <info>: (UniqueIdHandler.h:85:ComposeUniqueId) ComposeUniqueId timestamp and counter [req_id=198010177734724224, timestamp=247450687888, counter=0]
[2025-Nov-04 00:18:13.260542] <info>: (UniqueIdHandler.h:65:ComposeUniqueId) Received ComposeUniqueId request [req_id=137501045762038304, post_type=9]
[2025-Nov-04 00:18:13.260677] <info>: (UniqueIdHandler.h:85:ComposeUniqueId) ComposeUniqueId timestamp and counter [req_id=137501045762038304, timestamp=247450693260, counter=0]
[2025-Nov-04 00:18:18.627792] <info>: (UniqueIdHandler.h:65:ComposeUniqueId) Received ComposeUniqueId request [req_id=127683111463476032, post_type=9]
[2025-Nov-04 00:18:18.628013] <info>: (UniqueIdHandler.h:85:ComposeUniqueId) ComposeUniqueId timestamp and counter [req_id=127683111463476032, timestamp=247450698628, counter=0]
[2025-Nov-04 00:18:23.976056] <info>: (UniqueIdHandler.h:65:ComposeUniqueId) Received ComposeUniqueId request [req_id=203232156420116800, post_type=9]
[2025-Nov-04 00:18:23.976194] <info>: (UniqueIdHandler.h:85:ComposeUniqueId) ComposeUniqueId timestamp and counter [req_id=203232156420116800, timestamp=247450703976, counter=0]
[2025-Nov-04 00:18:29.378754] <info>: (UniqueIdHandler.h:65:ComposeUniqueId) Received ComposeUniqueId request [req_id=1017584022844613504, post_type=9]
[2025-Nov-04 00:18:29.378939] <info>: (UniqueIdHandler.h:85:ComposeUniqueId) ComposeUniqueId timestamp and counter [req_id=1017584022844613504, timestamp=247450709378, counter=0]
[2025-Nov-04 00:18:34.737056] <info>: (UniqueIdHandler.h:65:ComposeUniqueId) Received ComposeUniqueId request [req_id=69415664120653976, post_type=9]
[2025-Nov-04 00:18:34.737470] <info>: (UniqueIdHandler.h:85:ComposeUniqueId) ComposeUniqueId timestamp and counter [req_id=69415664120653976, timestamp=247450714737, counter=0]
[2025-Nov-04 00:18:40.087976] <info>: (UniqueIdHandler.h:65:ComposeUniqueId) Received ComposeUniqueId request [req_id=704173138749208704, post_type=9]
[2025-Nov-04 00:18:40.088126] <info>: (UniqueIdHandler.h:85:ComposeUniqueId) ComposeUniqueId timestamp and counter [req_id=704173138749208704, timestamp=247450720088, counter=0]
[2025-Nov-04 00:18:45.456793] <info>: (UniqueIdHandler.h:65:ComposeUniqueId) Received ComposeUniqueId request [req_id=353539159940398080, post_type=9]
[2025-Nov-04 00:18:45.456924] <info>: (UniqueIdHandler.h:85:ComposeUniqueId) ComposeUniqueId timestamp and counter [req_id=353539159940398080, timestamp=247450725456, counter=0]
[2025-Nov-04 00:18:50.807300] <info>: (UniqueIdHandler.h:65:ComposeUniqueId) Received ComposeUniqueId request [req_id=615562812450615936, post_type=9]
[2025-Nov-04 00:18:50.807510] <info>: (UniqueIdHandler.h:85:ComposeUniqueId) ComposeUniqueId timestamp and counter [req_id=615562812450615936, timestamp=247450730807, counter=0]
[2025-Nov-04 00:18:56.155156] <info>: (UniqueIdHandler.h:65:ComposeUniqueId) Received ComposeUniqueId request [req_id=745020805215524736, post_type=9]
[2025-Nov-04 00:18:56.155725] <info>: (UniqueIdHandler.h:85:ComposeUniqueId) ComposeUniqueId timestamp and counter [req_id=745020805215524736, timestamp=247450736155, counter=0]
[2025-Nov-04 00:19:01.530328] <info>: (UniqueIdHandler.h:65:ComposeUniqueId) Received ComposeUniqueId request [req_id=856353276609806976, post_type=9]
[2025-Nov-04 00:19:01.530798] <info>: (UniqueIdHandler.h:85:ComposeUniqueId) ComposeUniqueId timestamp and counter [req_id=856353276609806976, timestamp=247450741530, counter=0]
[2025-Nov-04 00:19:06.889612] <info>: (UniqueIdHandler.h:65:ComposeUniqueId) Received ComposeUniqueId request [req_id=920727770139041792, post_type=9]
[2025-Nov-04 00:19:06.889805] <info>: (UniqueIdHandler.h:85:ComposeUniqueId) ComposeUniqueId timestamp and counter [req_id=920727770139041792, timestamp=247450746889, counter=0]
[2025-Nov-04 00:19:12.251543] <info>: (UniqueIdHandler.h:65:ComposeUniqueId) Received ComposeUniqueId request [req_id=710996493237900544, post_type=9]
[2025-Nov-04 00:19:12.251714] <info>: (UniqueIdHandler.h:85:ComposeUniqueId) ComposeUniqueId timestamp and counter [req_id=710996493237900544, timestamp=247450752251, counter=0]
[2025-Nov-04 00:19:17.612823] <info>: (UniqueIdHandler.h:65:ComposeUniqueId) Received ComposeUniqueId request [req_id=354940731581926976, post_type=9]
[2025-Nov-04 00:19:17.613096] <info>: (UniqueIdHandler.h:85:ComposeUniqueId) ComposeUniqueId timestamp and counter [req_id=354940731581926976, timestamp=247450757613, counter=0]
[2025-Nov-04 00:19:22.973444] <info>: (UniqueIdHandler.h:65:ComposeUniqueId) Received ComposeUniqueId request [req_id=836636438081179264, post_type=9]
[2025-Nov-04 00:19:22.973593] <info>: (UniqueIdHandler.h:85:ComposeUniqueId) ComposeUniqueId timestamp and counter [req_id=836636438081179264, timestamp=247450762973, counter=0]
[2025-Nov-04 00:19:28.323673] <info>: (UniqueIdHandler.h:65:ComposeUniqueId) Received ComposeUniqueId request [req_id=397990344624377280, post_type=9]
[2025-Nov-04 00:19:28.323823] <info>: (UniqueIdHandler.h:85:ComposeUniqueId) ComposeUniqueId timestamp and counter [req_id=397990344624377280, timestamp=247450768323, counter=0]
[2025-Nov-04 00:19:33.667921] <info>: (UniqueIdHandler.h:65:ComposeUniqueId) Received ComposeUniqueId request [req_id=612100374498418688, post_type=9]
[2025-Nov-04 00:19:33.668066] <info>: (UniqueIdHandler.h:85:ComposeUniqueId) ComposeUniqueId timestamp and counter [req_id=612100374498418688, timestamp=247450773668, counter=0]
[2025-Nov-04 00:19:39.028641] <info>: (UniqueIdHandler.h:65:ComposeUniqueId) Received ComposeUniqueId request [req_id=536461541741194880, post_type=9]
[2025-Nov-04 00:19:39.028829] <info>: (UniqueIdHandler.h:85:ComposeUniqueId) ComposeUniqueId timestamp and counter [req_id=536461541741194880, timestamp=247450779028, counter=0]
[2025-Nov-04 00:19:44.386972] <info>: (UniqueIdHandler.h:65:ComposeUniqueId) Received ComposeUniqueId request [req_id=642844479908822528, post_type=9]
[2025-Nov-04 00:19:44.387124] <info>: (UniqueIdHandler.h:85:ComposeUniqueId) ComposeUniqueId timestamp and counter [req_id=642844479908822528, timestamp=247450784387, counter=0]
[2025-Nov-04 00:19:49.738487] <info>: (UniqueIdHandler.h:65:ComposeUniqueId) Received ComposeUniqueId request [req_id=745360674539949568, post_type=9]
[2025-Nov-04 00:19:49.738643] <info>: (UniqueIdHandler.h:85:ComposeUniqueId) ComposeUniqueId timestamp and counter [req_id=745360674539949568, timestamp=247450789738, counter=0]
[2025-Nov-04 00:19:55.134470] <info>: (UniqueIdHandler.h:65:ComposeUniqueId) Received ComposeUniqueId request [req_id=1020150847678851200, post_type=9]
[2025-Nov-04 00:19:55.134642] <info>: (UniqueIdHandler.h:85:ComposeUniqueId) ComposeUniqueId timestamp and counter [req_id=1020150847678851200, timestamp=247450795134, counter=0]
[2025-Nov-04 00:20:00.497256] <info>: (UniqueIdHandler.h:65:ComposeUniqueId) Received ComposeUniqueId request [req_id=299435320323092800, post_type=9]
[2025-Nov-04 00:20:00.497403] <info>: (UniqueIdHandler.h:85:ComposeUniqueId) ComposeUniqueId timestamp and counter [req_id=299435320323092800, timestamp=247450800497, counter=0]
[2025-Nov-04 00:20:05.856054] <info>: (UniqueIdHandler.h:65:ComposeUniqueId) Received ComposeUniqueId request [req_id=1021109428018489856, post_type=9]
[2025-Nov-04 00:20:05.856205] <info>: (UniqueIdHandler.h:85:ComposeUniqueId) ComposeUniqueId timestamp and counter [req_id=1021109428018489856, timestamp=247450805856, counter=0]
[2025-Nov-04 00:20:11.252839] <info>: (UniqueIdHandler.h:65:ComposeUniqueId) Received ComposeUniqueId request [req_id=521586364273387520, post_type=9]
[2025-Nov-04 00:20:11.253023] <info>: (UniqueIdHandler.h:85:ComposeUniqueId) ComposeUniqueId timestamp and counter [req_id=521586364273387520, timestamp=247450811253, counter=0]
[2025-Nov-04 00:20:16.620627] <info>: (UniqueIdHandler.h:65:ComposeUniqueId) Received ComposeUniqueId request [req_id=575809343646656960, post_type=9]
[2025-Nov-04 00:20:16.620794] <info>: (UniqueIdHandler.h:85:ComposeUniqueId) ComposeUniqueId timestamp and counter [req_id=575809343646656960, timestamp=247450816620, counter=0]
[2025-Nov-04 00:20:21.969817] <info>: (UniqueIdHandler.h:65:ComposeUniqueId) Received ComposeUniqueId request [req_id=534332729135119616, post_type=9]
[2025-Nov-04 00:20:21.969970] <info>: (UniqueIdHandler.h:85:ComposeUniqueId) ComposeUniqueId timestamp and counter [req_id=534332729135119616, timestamp=247450821969, counter=0]
[2025-Nov-04 00:20:27.363404] <info>: (UniqueIdHandler.h:65:ComposeUniqueId) Received ComposeUniqueId request [req_id=930820874420182912, post_type=9]
[2025-Nov-04 00:20:27.363643] <info>: (UniqueIdHandler.h:85:ComposeUniqueId) ComposeUniqueId timestamp and counter [req_id=930820874420182912, timestamp=247450827363, counter=0]
[2025-Nov-04 00:20:32.736610] <info>: (UniqueIdHandler.h:65:ComposeUniqueId) Received ComposeUniqueId request [req_id=848609707234132864, post_type=9]
[2025-Nov-04 00:20:32.736745] <info>: (UniqueIdHandler.h:85:ComposeUniqueId) ComposeUniqueId timestamp and counter [req_id=848609707234132864, timestamp=247450832736, counter=0]
[2025-Nov-04 00:20:38.100255] <info>: (UniqueIdHandler.h:65:ComposeUniqueId) Received ComposeUniqueId request [req_id=1130229103674365312, post_type=9]
[2025-Nov-04 00:20:38.100427] <info>: (UniqueIdHandler.h:85:ComposeUniqueId) ComposeUniqueId timestamp and counter [req_id=1130229103674365312, timestamp=247450838100, counter=0]
[2025-Nov-04 00:20:43.472307] <info>: (UniqueIdHandler.h:65:ComposeUniqueId) Received ComposeUniqueId request [req_id=127814786051359680, post_type=9]
[2025-Nov-04 00:20:43.472453] <info>: (UniqueIdHandler.h:85:ComposeUniqueId) ComposeUniqueId timestamp and counter [req_id=127814786051359680, timestamp=247450843472, counter=0]
[2025-Nov-04 00:20:48.830341] <info>: (UniqueIdHandler.h:65:ComposeUniqueId) Received ComposeUniqueId request [req_id=620757984422647040, post_type=9]
[2025-Nov-04 00:20:48.830487] <info>: (UniqueIdHandler.h:85:ComposeUniqueId) ComposeUniqueId timestamp and counter [req_id=620757984422647040, timestamp=247450848830, counter=0]
[2025-Nov-04 00:20:54.197478] <info>: (UniqueIdHandler.h:65:ComposeUniqueId) Received ComposeUniqueId request [req_id=629968884369703552, post_type=9]
[2025-Nov-04 00:20:54.197628] <info>: (UniqueIdHandler.h:85:ComposeUniqueId) ComposeUniqueId timestamp and counter [req_id=629968884369703552, timestamp=247450854197, counter=0]
[2025-Nov-04 00:20:59.575462] <info>: (UniqueIdHandler.h:65:ComposeUniqueId) Received ComposeUniqueId request [req_id=1054192670914584704, post_type=9]
[2025-Nov-04 00:20:59.575670] <info>: (UniqueIdHandler.h:85:ComposeUniqueId) ComposeUniqueId timestamp and counter [req_id=1054192670914584704, timestamp=247450859575, counter=0]
[2025-Nov-04 00:21:04.942087] <info>: (UniqueIdHandler.h:65:ComposeUniqueId) Received ComposeUniqueId request [req_id=440061890955803904, post_type=9]
[2025-Nov-04 00:21:04.942667] <info>: (UniqueIdHandler.h:85:ComposeUniqueId) ComposeUniqueId timestamp and counter [req_id=440061890955803904, timestamp=247450864942, counter=0]
[2025-Nov-04 00:21:10.299848] <info>: (UniqueIdHandler.h:65:ComposeUniqueId) Received ComposeUniqueId request [req_id=744043290945385216, post_type=9]
[2025-Nov-04 00:21:10.300264] <info>: (UniqueIdHandler.h:85:ComposeUniqueId) ComposeUniqueId timestamp and counter [req_id=744043290945385216, timestamp=247450870300, counter=0]
[2025-Nov-04 00:21:15.653899] <info>: (UniqueIdHandler.h:65:ComposeUniqueId) Received ComposeUniqueId request [req_id=803337756654969984, post_type=9]
[2025-Nov-04 00:21:15.654061] <info>: (UniqueIdHandler.h:85:ComposeUniqueId) ComposeUniqueId timestamp and counter [req_id=803337756654969984, timestamp=247450875654, counter=0]
[2025-Nov-04 00:21:21.046404] <info>: (UniqueIdHandler.h:65:ComposeUniqueId) Received ComposeUniqueId request [req_id=220002560626557152, post_type=9]
[2025-Nov-04 00:21:21.046700] <info>: (UniqueIdHandler.h:85:ComposeUniqueId) ComposeUniqueId timestamp and counter [req_id=220002560626557152, timestamp=247450881046, counter=0]
[2025-Nov-04 00:21:26.406738] <info>: (UniqueIdHandler.h:65:ComposeUniqueId) Received ComposeUniqueId request [req_id=825326611605792640, post_type=9]
[2025-Nov-04 00:21:26.406888] <info>: (UniqueIdHandler.h:85:ComposeUniqueId) ComposeUniqueId timestamp and counter [req_id=825326611605792640, timestamp=247450886406, counter=0]
[2025-Nov-04 00:21:31.803505] <info>: (UniqueIdHandler.h:65:ComposeUniqueId) Received ComposeUniqueId request [req_id=956743862728708992, post_type=9]
[2025-Nov-04 00:21:31.803915] <info>: (UniqueIdHandler.h:85:ComposeUniqueId) ComposeUniqueId timestamp and counter [req_id=956743862728708992, timestamp=247450891803, counter=0]
[2025-Nov-04 00:21:37.169666] <info>: (UniqueIdHandler.h:65:ComposeUniqueId) Received ComposeUniqueId request [req_id=1057926530369723136, post_type=9]
[2025-Nov-04 00:21:37.169940] <info>: (UniqueIdHandler.h:85:ComposeUniqueId) ComposeUniqueId timestamp and counter [req_id=1057926530369723136, timestamp=247450897169, counter=0]
