[2025-Nov-04 02:56:21.212791] <info>: (UniqueIdHandler.h:150:GetMachineId) MAC address = 02:42:c0:a8:40:16
[2025-Nov-04 02:56:21.213134] <info>: (UniqueIdService.cpp:56:main) machine_id = e15
[2025-Nov-04 02:56:21.213218] <info>: (UniqueIdService.cpp:67:main) Starting the unique-id-service server ...
[2025-Nov-04 02:58:25.877216] <info>: (UniqueIdHandler.h:65:ComposeUniqueId) Received ComposeUniqueId request [req_id=486324124695398080, post_type=9]
[2025-Nov-04 02:58:25.877672] <info>: (UniqueIdHandler.h:85:ComposeUniqueId) ComposeUniqueId timestamp and counter [req_id=486324124695398080, timestamp=247460305877, counter=0]
[2025-Nov-04 02:58:31.248043] <info>: (UniqueIdHandler.h:65:ComposeUniqueId) Received ComposeUniqueId request [req_id=885796910012121728, post_type=9]
[2025-Nov-04 02:58:31.248177] <info>: (UniqueIdHandler.h:85:ComposeUniqueId) ComposeUniqueId timestamp and counter [req_id=885796910012121728, timestamp=247460311248, counter=0]
[2025-Nov-04 02:58:36.626228] <info>: (UniqueIdHandler.h:65:ComposeUniqueId) Received ComposeUniqueId request [req_id=1104392347718618240, post_type=9]
[2025-Nov-04 02:58:36.626389] <info>: (UniqueIdHandler.h:85:ComposeUniqueId) ComposeUniqueId timestamp and counter [req_id=1104392347718618240, timestamp=247460316626, counter=0]
[2025-Nov-04 02:58:41.983674] <info>: (UniqueIdHandler.h:65:ComposeUniqueId) Received ComposeUniqueId request [req_id=162281387748801600, post_type=9]
[2025-Nov-04 02:58:41.983874] <info>: (UniqueIdHandler.h:85:ComposeUniqueId) ComposeUniqueId timestamp and counter [req_id=162281387748801600, timestamp=247460321983, counter=0]
[2025-Nov-04 02:58:47.342668] <info>: (UniqueIdHandler.h:65:ComposeUniqueId) Received ComposeUniqueId request [req_id=953291639474888832, post_type=9]
[2025-Nov-04 02:58:47.342822] <info>: (UniqueIdHandler.h:85:ComposeUniqueId) ComposeUniqueId timestamp and counter [req_id=953291639474888832, timestamp=247460327342, counter=0]
[2025-Nov-04 02:58:52.694564] <info>: (UniqueIdHandler.h:65:ComposeUniqueId) Received ComposeUniqueId request [req_id=342887880555957696, post_type=9]
[2025-Nov-04 02:58:52.694946] <info>: (UniqueIdHandler.h:85:ComposeUniqueId) ComposeUniqueId timestamp and counter [req_id=342887880555957696, timestamp=247460332694, counter=0]
[2025-Nov-04 02:58:58.053551] <info>: (UniqueIdHandler.h:65:ComposeUniqueId) Received ComposeUniqueId request [req_id=377968913827493824, post_type=9]
[2025-Nov-04 02:58:58.053791] <info>: (UniqueIdHandler.h:85:ComposeUniqueId) ComposeUniqueId timestamp and counter [req_id=377968913827493824, timestamp=247460338053, counter=0]
[2025-Nov-04 02:59:03.423989] <info>: (UniqueIdHandler.h:65:ComposeUniqueId) Received ComposeUniqueId request [req_id=603369128777823744, post_type=9]
[2025-Nov-04 02:59:03.424456] <info>: (UniqueIdHandler.h:85:ComposeUniqueId) ComposeUniqueId timestamp and counter [req_id=603369128777823744, timestamp=247460343424, counter=0]
[2025-Nov-04 02:59:08.775469] <info>: (UniqueIdHandler.h:65:ComposeUniqueId) Received ComposeUniqueId request [req_id=1083013615067335936, post_type=9]
[2025-Nov-04 02:59:08.775589] <info>: (UniqueIdHandler.h:85:ComposeUniqueId) ComposeUniqueId timestamp and counter [req_id=1083013615067335936, timestamp=247460348775, counter=0]
[2025-Nov-04 02:59:14.145659] <info>: (UniqueIdHandler.h:65:ComposeUniqueId) Received ComposeUniqueId request [req_id=313476862062451712, post_type=9]
[2025-Nov-04 02:59:14.145920] <info>: (UniqueIdHandler.h:85:ComposeUniqueId) ComposeUniqueId timestamp and counter [req_id=313476862062451712, timestamp=247460354145, counter=0]
[2025-Nov-04 02:59:19.527789] <info>: (UniqueIdHandler.h:65:ComposeUniqueId) Received ComposeUniqueId request [req_id=246331862173535168, post_type=9]
[2025-Nov-04 02:59:19.527928] <info>: (UniqueIdHandler.h:85:ComposeUniqueId) ComposeUniqueId timestamp and counter [req_id=246331862173535168, timestamp=247460359527, counter=0]
[2025-Nov-04 02:59:24.896230] <info>: (UniqueIdHandler.h:65:ComposeUniqueId) Received ComposeUniqueId request [req_id=490151328678246144, post_type=9]
[2025-Nov-04 02:59:24.896525] <info>: (UniqueIdHandler.h:85:ComposeUniqueId) ComposeUniqueId timestamp and counter [req_id=490151328678246144, timestamp=247460364896, counter=0]
[2025-Nov-04 02:59:30.262737] <info>: (UniqueIdHandler.h:65:ComposeUniqueId) Received ComposeUniqueId request [req_id=313809494384816640, post_type=9]
[2025-Nov-04 02:59:30.262907] <info>: (UniqueIdHandler.h:85:ComposeUniqueId) ComposeUniqueId timestamp and counter [req_id=313809494384816640, timestamp=247460370262, counter=0]
[2025-Nov-04 02:59:35.625244] <info>: (UniqueIdHandler.h:65:ComposeUniqueId) Received ComposeUniqueId request [req_id=7230384885325946, post_type=9]
[2025-Nov-04 02:59:35.625892] <info>: (UniqueIdHandler.h:85:ComposeUniqueId) ComposeUniqueId timestamp and counter [req_id=7230384885325946, timestamp=247460375625, counter=0]
[2025-Nov-04 02:59:40.972027] <info>: (UniqueIdHandler.h:65:ComposeUniqueId) Received ComposeUniqueId request [req_id=902831150455837184, post_type=9]
[2025-Nov-04 02:59:40.972164] <info>: (UniqueIdHandler.h:85:ComposeUniqueId) ComposeUniqueId timestamp and counter [req_id=902831150455837184, timestamp=247460380972, counter=0]
[2025-Nov-04 02:59:46.322594] <info>: (UniqueIdHandler.h:65:ComposeUniqueId) Received ComposeUniqueId request [req_id=900604106867593600, post_type=9]
[2025-Nov-04 02:59:46.322904] <info>: (UniqueIdHandler.h:85:ComposeUniqueId) ComposeUniqueId timestamp and counter [req_id=900604106867593600, timestamp=247460386322, counter=0]
[2025-Nov-04 02:59:51.718315] <info>: (UniqueIdHandler.h:65:ComposeUniqueId) Received ComposeUniqueId request [req_id=199931370054366240, post_type=9]
[2025-Nov-04 02:59:51.718891] <info>: (UniqueIdHandler.h:85:ComposeUniqueId) ComposeUniqueId timestamp and counter [req_id=199931370054366240, timestamp=247460391718, counter=0]
[2025-Nov-04 02:59:57.068399] <info>: (UniqueIdHandler.h:65:ComposeUniqueId) Received ComposeUniqueId request [req_id=664610168315405696, post_type=9]
[2025-Nov-04 02:59:57.068523] <info>: (UniqueIdHandler.h:85:ComposeUniqueId) ComposeUniqueId timestamp and counter [req_id=664610168315405696, timestamp=247460397068, counter=0]
[2025-Nov-04 03:00:02.416129] <info>: (UniqueIdHandler.h:65:ComposeUniqueId) Received ComposeUniqueId request [req_id=127123505366672064, post_type=9]
[2025-Nov-04 03:00:02.416279] <info>: (UniqueIdHandler.h:85:ComposeUniqueId) ComposeUniqueId timestamp and counter [req_id=127123505366672064, timestamp=247460402416, counter=0]
[2025-Nov-04 03:00:07.796322] <info>: (UniqueIdHandler.h:65:ComposeUniqueId) Received ComposeUniqueId request [req_id=992938581789726208, post_type=9]
[2025-Nov-04 03:00:07.796694] <info>: (UniqueIdHandler.h:85:ComposeUniqueId) ComposeUniqueId timestamp and counter [req_id=992938581789726208, timestamp=247460407796, counter=0]
[2025-Nov-04 03:00:13.162980] <info>: (UniqueIdHandler.h:65:ComposeUniqueId) Received ComposeUniqueId request [req_id=1122847616528820224, post_type=9]
[2025-Nov-04 03:00:13.163173] <info>: (UniqueIdHandler.h:85:ComposeUniqueId) ComposeUniqueId timestamp and counter [req_id=1122847616528820224, timestamp=247460413163, counter=0]
[2025-Nov-04 03:00:18.536109] <info>: (UniqueIdHandler.h:65:ComposeUniqueId) Received ComposeUniqueId request [req_id=437323912374312064, post_type=9]
[2025-Nov-04 03:00:18.536295] <info>: (UniqueIdHandler.h:85:ComposeUniqueId) ComposeUniqueId timestamp and counter [req_id=437323912374312064, timestamp=247460418536, counter=0]
[2025-Nov-04 03:00:23.887683] <info>: (UniqueIdHandler.h:65:ComposeUniqueId) Received ComposeUniqueId request [req_id=20460340970636584, post_type=9]
[2025-Nov-04 03:00:23.887861] <info>: (UniqueIdHandler.h:85:ComposeUniqueId) ComposeUniqueId timestamp and counter [req_id=20460340970636584, timestamp=247460423887, counter=0]
[2025-Nov-04 03:00:29.250807] <info>: (UniqueIdHandler.h:65:ComposeUniqueId) Received ComposeUniqueId request [req_id=30897935045850176, post_type=9]
[2025-Nov-04 03:00:29.250956] <info>: (UniqueIdHandler.h:85:ComposeUniqueId) ComposeUniqueId timestamp and counter [req_id=30897935045850176, timestamp=247460429250, counter=0]
[2025-Nov-04 03:00:34.604929] <info>: (UniqueIdHandler.h:65:ComposeUniqueId) Received ComposeUniqueId request [req_id=908087361205002368, post_type=9]
[2025-Nov-04 03:00:34.605138] <info>: (UniqueIdHandler.h:85:ComposeUniqueId) ComposeUniqueId timestamp and counter [req_id=908087361205002368, timestamp=247460434605, counter=0]
[2025-Nov-04 03:00:39.970085] <info>: (UniqueIdHandler.h:65:ComposeUniqueId) Received ComposeUniqueId request [req_id=280197670310834752, post_type=9]
[2025-Nov-04 03:00:39.970214] <info>: (UniqueIdHandler.h:85:ComposeUniqueId) ComposeUniqueId timestamp and counter [req_id=280197670310834752, timestamp=247460439970, counter=0]
[2025-Nov-04 03:00:45.342379] <info>: (UniqueIdHandler.h:65:ComposeUniqueId) Received ComposeUniqueId request [req_id=970414906722945792, post_type=9]
[2025-Nov-04 03:00:45.342550] <info>: (UniqueIdHandler.h:85:ComposeUniqueId) ComposeUniqueId timestamp and counter [req_id=970414906722945792, timestamp=247460445342, counter=0]
[2025-Nov-04 03:00:50.703597] <info>: (UniqueIdHandler.h:65:ComposeUniqueId) Received ComposeUniqueId request [req_id=433460826945560448, post_type=9]
[2025-Nov-04 03:00:50.703981] <info>: (UniqueIdHandler.h:85:ComposeUniqueId) ComposeUniqueId timestamp and counter [req_id=433460826945560448, timestamp=247460450703, counter=0]
[2025-Nov-04 03:00:56.092133] <info>: (UniqueIdHandler.h:65:ComposeUniqueId) Received ComposeUniqueId request [req_id=433187706239056704, post_type=9]
[2025-Nov-04 03:00:56.092283] <info>: (UniqueIdHandler.h:85:ComposeUniqueId) ComposeUniqueId timestamp and counter [req_id=433187706239056704, timestamp=247460456092, counter=0]
[2025-Nov-04 03:01:01.449094] <info>: (UniqueIdHandler.h:65:ComposeUniqueId) Received ComposeUniqueId request [req_id=97062098573349440, post_type=9]
[2025-Nov-04 03:01:01.449735] <info>: (UniqueIdHandler.h:85:ComposeUniqueId) ComposeUniqueId timestamp and counter [req_id=97062098573349440, timestamp=247460461449, counter=0]
[2025-Nov-04 03:01:06.841917] <info>: (UniqueIdHandler.h:65:ComposeUniqueId) Received ComposeUniqueId request [req_id=883998480727733248, post_type=9]
[2025-Nov-04 03:01:06.842411] <info>: (UniqueIdHandler.h:85:ComposeUniqueId) ComposeUniqueId timestamp and counter [req_id=883998480727733248, timestamp=247460466842, counter=0]
[2025-Nov-04 03:01:12.201129] <info>: (UniqueIdHandler.h:65:ComposeUniqueId) Received ComposeUniqueId request [req_id=151240905354864992, post_type=9]
[2025-Nov-04 03:01:12.201257] <info>: (UniqueIdHandler.h:85:ComposeUniqueId) ComposeUniqueId timestamp and counter [req_id=151240905354864992, timestamp=247460472201, counter=0]
[2025-Nov-04 03:01:17.597459] <info>: (UniqueIdHandler.h:65:ComposeUniqueId) Received ComposeUniqueId request [req_id=167396208329106944, post_type=9]
[2025-Nov-04 03:01:17.597609] <info>: (UniqueIdHandler.h:85:ComposeUniqueId) ComposeUniqueId timestamp and counter [req_id=167396208329106944, timestamp=247460477597, counter=0]
[2025-Nov-04 03:01:22.956229] <info>: (UniqueIdHandler.h:65:ComposeUniqueId) Received ComposeUniqueId request [req_id=1098015365885370880, post_type=9]
[2025-Nov-04 03:01:22.956387] <info>: (UniqueIdHandler.h:85:ComposeUniqueId) ComposeUniqueId timestamp and counter [req_id=1098015365885370880, timestamp=247460482956, counter=0]
[2025-Nov-04 03:01:28.326225] <info>: (UniqueIdHandler.h:65:ComposeUniqueId) Received ComposeUniqueId request [req_id=275522517096239200, post_type=9]
[2025-Nov-04 03:01:28.326581] <info>: (UniqueIdHandler.h:85:ComposeUniqueId) ComposeUniqueId timestamp and counter [req_id=275522517096239200, timestamp=247460488326, counter=0]
[2025-Nov-04 03:01:33.712293] <info>: (UniqueIdHandler.h:65:ComposeUniqueId) Received ComposeUniqueId request [req_id=320091145939763008, post_type=9]
[2025-Nov-04 03:01:33.712661] <info>: (UniqueIdHandler.h:85:ComposeUniqueId) ComposeUniqueId timestamp and counter [req_id=320091145939763008, timestamp=247460493712, counter=0]
[2025-Nov-04 03:01:39.089469] <info>: (UniqueIdHandler.h:65:ComposeUniqueId) Received ComposeUniqueId request [req_id=1085813942204490496, post_type=9]
[2025-Nov-04 03:01:39.089854] <info>: (UniqueIdHandler.h:85:ComposeUniqueId) ComposeUniqueId timestamp and counter [req_id=1085813942204490496, timestamp=247460499089, counter=0]
[2025-Nov-04 03:01:44.445661] <info>: (UniqueIdHandler.h:65:ComposeUniqueId) Received ComposeUniqueId request [req_id=1146386359598792960, post_type=9]
[2025-Nov-04 03:01:44.445858] <info>: (UniqueIdHandler.h:85:ComposeUniqueId) ComposeUniqueId timestamp and counter [req_id=1146386359598792960, timestamp=247460504445, counter=0]
[2025-Nov-04 03:01:49.794354] <info>: (UniqueIdHandler.h:65:ComposeUniqueId) Received ComposeUniqueId request [req_id=69302311658439376, post_type=9]
[2025-Nov-04 03:01:49.794733] <info>: (UniqueIdHandler.h:85:ComposeUniqueId) ComposeUniqueId timestamp and counter [req_id=69302311658439376, timestamp=247460509794, counter=0]
[2025-Nov-04 03:01:55.176435] <info>: (UniqueIdHandler.h:65:ComposeUniqueId) Received ComposeUniqueId request [req_id=689464901065572864, post_type=9]
[2025-Nov-04 03:01:55.176746] <info>: (UniqueIdHandler.h:85:ComposeUniqueId) ComposeUniqueId timestamp and counter [req_id=689464901065572864, timestamp=247460515176, counter=0]
[2025-Nov-04 03:02:00.549042] <info>: (UniqueIdHandler.h:65:ComposeUniqueId) Received ComposeUniqueId request [req_id=436065725402110656, post_type=9]
[2025-Nov-04 03:02:00.549285] <info>: (UniqueIdHandler.h:85:ComposeUniqueId) ComposeUniqueId timestamp and counter [req_id=436065725402110656, timestamp=247460520549, counter=0]
[2025-Nov-04 03:02:05.914341] <info>: (UniqueIdHandler.h:65:ComposeUniqueId) Received ComposeUniqueId request [req_id=910680505856852992, post_type=9]
[2025-Nov-04 03:02:05.914539] <info>: (UniqueIdHandler.h:85:ComposeUniqueId) ComposeUniqueId timestamp and counter [req_id=910680505856852992, timestamp=247460525914, counter=0]
[2025-Nov-04 03:02:11.286418] <info>: (UniqueIdHandler.h:65:ComposeUniqueId) Received ComposeUniqueId request [req_id=661394861351026048, post_type=9]
[2025-Nov-04 03:02:11.286635] <info>: (UniqueIdHandler.h:85:ComposeUniqueId) ComposeUniqueId timestamp and counter [req_id=661394861351026048, timestamp=247460531286, counter=0]
[2025-Nov-04 03:02:16.649357] <info>: (UniqueIdHandler.h:65:ComposeUniqueId) Received ComposeUniqueId request [req_id=414166404449845056, post_type=9]
[2025-Nov-04 03:02:16.649518] <info>: (UniqueIdHandler.h:85:ComposeUniqueId) ComposeUniqueId timestamp and counter [req_id=414166404449845056, timestamp=247460536649, counter=0]
[2025-Nov-04 03:02:22.007812] <info>: (UniqueIdHandler.h:65:ComposeUniqueId) Received ComposeUniqueId request [req_id=823164377895290112, post_type=9]
[2025-Nov-04 03:02:22.007956] <info>: (UniqueIdHandler.h:85:ComposeUniqueId) ComposeUniqueId timestamp and counter [req_id=823164377895290112, timestamp=247460542007, counter=0]
[2025-Nov-04 03:02:27.372616] <info>: (UniqueIdHandler.h:65:ComposeUniqueId) Received ComposeUniqueId request [req_id=958464950050930560, post_type=9]
[2025-Nov-04 03:02:27.372913] <info>: (UniqueIdHandler.h:85:ComposeUniqueId) ComposeUniqueId timestamp and counter [req_id=958464950050930560, timestamp=247460547372, counter=0]
[2025-Nov-04 03:02:32.729830] <info>: (UniqueIdHandler.h:65:ComposeUniqueId) Received ComposeUniqueId request [req_id=524860100498458560, post_type=9]
[2025-Nov-04 03:02:32.729963] <info>: (UniqueIdHandler.h:85:ComposeUniqueId) ComposeUniqueId timestamp and counter [req_id=524860100498458560, timestamp=247460552729, counter=0]
[2025-Nov-04 03:02:38.075892] <info>: (UniqueIdHandler.h:65:ComposeUniqueId) Received ComposeUniqueId request [req_id=546054663353102144, post_type=9]
[2025-Nov-04 03:02:38.076014] <info>: (UniqueIdHandler.h:85:ComposeUniqueId) ComposeUniqueId timestamp and counter [req_id=546054663353102144, timestamp=247460558076, counter=0]
[2025-Nov-04 03:02:43.428642] <info>: (UniqueIdHandler.h:65:ComposeUniqueId) Received ComposeUniqueId request [req_id=1005433043864807680, post_type=9]
[2025-Nov-04 03:02:43.428865] <info>: (UniqueIdHandler.h:85:ComposeUniqueId) ComposeUniqueId timestamp and counter [req_id=1005433043864807680, timestamp=247460563428, counter=0]
[2025-Nov-04 03:02:48.786941] <info>: (UniqueIdHandler.h:65:ComposeUniqueId) Received ComposeUniqueId request [req_id=1136105002815014528, post_type=9]
[2025-Nov-04 03:02:48.787087] <info>: (UniqueIdHandler.h:85:ComposeUniqueId) ComposeUniqueId timestamp and counter [req_id=1136105002815014528, timestamp=247460568787, counter=0]
[2025-Nov-04 03:02:54.161576] <info>: (UniqueIdHandler.h:65:ComposeUniqueId) Received ComposeUniqueId request [req_id=362297571077488640, post_type=9]
[2025-Nov-04 03:02:54.161711] <info>: (UniqueIdHandler.h:85:ComposeUniqueId) ComposeUniqueId timestamp and counter [req_id=362297571077488640, timestamp=247460574161, counter=0]
[2025-Nov-04 03:02:59.522083] <info>: (UniqueIdHandler.h:65:ComposeUniqueId) Received ComposeUniqueId request [req_id=63583063072047536, post_type=9]
[2025-Nov-04 03:02:59.522325] <info>: (UniqueIdHandler.h:85:ComposeUniqueId) ComposeUniqueId timestamp and counter [req_id=63583063072047536, timestamp=247460579522, counter=0]
[2025-Nov-04 03:03:04.880092] <info>: (UniqueIdHandler.h:65:ComposeUniqueId) Received ComposeUniqueId request [req_id=845560530208352640, post_type=9]
[2025-Nov-04 03:03:04.880238] <info>: (UniqueIdHandler.h:85:ComposeUniqueId) ComposeUniqueId timestamp and counter [req_id=845560530208352640, timestamp=247460584880, counter=0]
[2025-Nov-04 03:03:10.238439] <info>: (UniqueIdHandler.h:65:ComposeUniqueId) Received ComposeUniqueId request [req_id=1050762464549401856, post_type=9]
[2025-Nov-04 03:03:10.238571] <info>: (UniqueIdHandler.h:85:ComposeUniqueId) ComposeUniqueId timestamp and counter [req_id=1050762464549401856, timestamp=247460590238, counter=0]
[2025-Nov-04 03:03:15.590996] <info>: (UniqueIdHandler.h:65:ComposeUniqueId) Received ComposeUniqueId request [req_id=394405581838855552, post_type=9]
[2025-Nov-04 03:03:15.591137] <info>: (UniqueIdHandler.h:85:ComposeUniqueId) ComposeUniqueId timestamp and counter [req_id=394405581838855552, timestamp=247460595591, counter=0]
[2025-Nov-04 03:03:20.941541] <info>: (UniqueIdHandler.h:65:ComposeUniqueId) Received ComposeUniqueId request [req_id=516266310661698560, post_type=9]
[2025-Nov-04 03:03:20.941700] <info>: (UniqueIdHandler.h:85:ComposeUniqueId) ComposeUniqueId timestamp and counter [req_id=516266310661698560, timestamp=247460600941, counter=0]
[2025-Nov-04 03:03:26.310130] <info>: (UniqueIdHandler.h:65:ComposeUniqueId) Received ComposeUniqueId request [req_id=214508257723655840, post_type=9]
[2025-Nov-04 03:03:26.310278] <info>: (UniqueIdHandler.h:85:ComposeUniqueId) ComposeUniqueId timestamp and counter [req_id=214508257723655840, timestamp=247460606310, counter=0]
[2025-Nov-04 03:03:31.669724] <info>: (UniqueIdHandler.h:65:ComposeUniqueId) Received ComposeUniqueId request [req_id=123628311798885024, post_type=9]
[2025-Nov-04 03:03:31.669921] <info>: (UniqueIdHandler.h:85:ComposeUniqueId) ComposeUniqueId timestamp and counter [req_id=123628311798885024, timestamp=247460611669, counter=0]
[2025-Nov-04 03:03:37.071429] <info>: (UniqueIdHandler.h:65:ComposeUniqueId) Received ComposeUniqueId request [req_id=600022593656409472, post_type=9]
[2025-Nov-04 03:03:37.071596] <info>: (UniqueIdHandler.h:85:ComposeUniqueId) ComposeUniqueId timestamp and counter [req_id=600022593656409472, timestamp=247460617071, counter=0]
[2025-Nov-04 03:03:42.435890] <info>: (UniqueIdHandler.h:65:ComposeUniqueId) Received ComposeUniqueId request [req_id=214186823431189568, post_type=9]
[2025-Nov-04 03:03:42.436156] <info>: (UniqueIdHandler.h:85:ComposeUniqueId) ComposeUniqueId timestamp and counter [req_id=214186823431189568, timestamp=247460622436, counter=0]
[2025-Nov-04 03:03:47.818843] <info>: (UniqueIdHandler.h:65:ComposeUniqueId) Received ComposeUniqueId request [req_id=1058588947784762368, post_type=9]
[2025-Nov-04 03:03:47.819066] <info>: (UniqueIdHandler.h:85:ComposeUniqueId) ComposeUniqueId timestamp and counter [req_id=1058588947784762368, timestamp=247460627819, counter=0]
[2025-Nov-04 03:03:53.181500] <info>: (UniqueIdHandler.h:65:ComposeUniqueId) Received ComposeUniqueId request [req_id=767828609532023296, post_type=9]
[2025-Nov-04 03:03:53.182017] <info>: (UniqueIdHandler.h:85:ComposeUniqueId) ComposeUniqueId timestamp and counter [req_id=767828609532023296, timestamp=247460633182, counter=0]
[2025-Nov-04 03:03:58.553132] <info>: (UniqueIdHandler.h:65:ComposeUniqueId) Received ComposeUniqueId request [req_id=801150490480565888, post_type=9]
[2025-Nov-04 03:03:58.553396] <info>: (UniqueIdHandler.h:85:ComposeUniqueId) ComposeUniqueId timestamp and counter [req_id=801150490480565888, timestamp=247460638553, counter=0]
[2025-Nov-04 03:04:03.900683] <info>: (UniqueIdHandler.h:65:ComposeUniqueId) Received ComposeUniqueId request [req_id=337694454771944384, post_type=9]
[2025-Nov-04 03:04:03.900893] <info>: (UniqueIdHandler.h:85:ComposeUniqueId) ComposeUniqueId timestamp and counter [req_id=337694454771944384, timestamp=247460643900, counter=0]
[2025-Nov-04 03:04:09.276223] <info>: (UniqueIdHandler.h:65:ComposeUniqueId) Received ComposeUniqueId request [req_id=343665054238433280, post_type=9]
[2025-Nov-04 03:04:09.276375] <info>: (UniqueIdHandler.h:85:ComposeUniqueId) ComposeUniqueId timestamp and counter [req_id=343665054238433280, timestamp=247460649276, counter=0]
[2025-Nov-04 03:04:14.680527] <info>: (UniqueIdHandler.h:65:ComposeUniqueId) Received ComposeUniqueId request [req_id=417179297568297472, post_type=9]
[2025-Nov-04 03:04:14.680666] <info>: (UniqueIdHandler.h:85:ComposeUniqueId) ComposeUniqueId timestamp and counter [req_id=417179297568297472, timestamp=247460654680, counter=0]
[2025-Nov-04 03:04:20.057039] <info>: (UniqueIdHandler.h:65:ComposeUniqueId) Received ComposeUniqueId request [req_id=336238362000919232, post_type=9]
[2025-Nov-04 03:04:20.057184] <info>: (UniqueIdHandler.h:85:ComposeUniqueId) ComposeUniqueId timestamp and counter [req_id=336238362000919232, timestamp=247460660057, counter=0]
[2025-Nov-04 03:04:25.417855] <info>: (UniqueIdHandler.h:65:ComposeUniqueId) Received ComposeUniqueId request [req_id=537198254756527872, post_type=9]
[2025-Nov-04 03:04:25.417986] <info>: (UniqueIdHandler.h:85:ComposeUniqueId) ComposeUniqueId timestamp and counter [req_id=537198254756527872, timestamp=247460665417, counter=0]
[2025-Nov-04 03:04:30.763592] <info>: (UniqueIdHandler.h:65:ComposeUniqueId) Received ComposeUniqueId request [req_id=245442494822000992, post_type=9]
[2025-Nov-04 03:04:30.763730] <info>: (UniqueIdHandler.h:85:ComposeUniqueId) ComposeUniqueId timestamp and counter [req_id=245442494822000992, timestamp=247460670763, counter=0]
[2025-Nov-04 03:04:36.126000] <info>: (UniqueIdHandler.h:65:ComposeUniqueId) Received ComposeUniqueId request [req_id=928502705130241152, post_type=9]
[2025-Nov-04 03:04:36.126155] <info>: (UniqueIdHandler.h:85:ComposeUniqueId) ComposeUniqueId timestamp and counter [req_id=928502705130241152, timestamp=247460676126, counter=0]
[2025-Nov-04 03:04:41.495355] <info>: (UniqueIdHandler.h:65:ComposeUniqueId) Received ComposeUniqueId request [req_id=1007089917156313216, post_type=9]
[2025-Nov-04 03:04:41.495485] <info>: (UniqueIdHandler.h:85:ComposeUniqueId) ComposeUniqueId timestamp and counter [req_id=1007089917156313216, timestamp=247460681495, counter=0]
[2025-Nov-04 03:04:46.860001] <info>: (UniqueIdHandler.h:65:ComposeUniqueId) Received ComposeUniqueId request [req_id=471635349514816320, post_type=9]
[2025-Nov-04 03:04:46.860141] <info>: (UniqueIdHandler.h:85:ComposeUniqueId) ComposeUniqueId timestamp and counter [req_id=471635349514816320, timestamp=247460686860, counter=0]
[2025-Nov-04 03:04:52.216784] <info>: (UniqueIdHandler.h:65:ComposeUniqueId) Received ComposeUniqueId request [req_id=145829871810533280, post_type=9]
[2025-Nov-04 03:04:52.216994] <info>: (UniqueIdHandler.h:85:ComposeUniqueId) ComposeUniqueId timestamp and counter [req_id=145829871810533280, timestamp=247460692216, counter=0]
[2025-Nov-04 03:04:57.571902] <info>: (UniqueIdHandler.h:65:ComposeUniqueId) Received ComposeUniqueId request [req_id=803292500890888064, post_type=9]
[2025-Nov-04 03:04:57.572164] <info>: (UniqueIdHandler.h:85:ComposeUniqueId) ComposeUniqueId timestamp and counter [req_id=803292500890888064, timestamp=247460697572, counter=0]
[2025-Nov-04 03:05:02.936734] <info>: (UniqueIdHandler.h:65:ComposeUniqueId) Received ComposeUniqueId request [req_id=705312279034310400, post_type=9]
[2025-Nov-04 03:05:02.937111] <info>: (UniqueIdHandler.h:85:ComposeUniqueId) ComposeUniqueId timestamp and counter [req_id=705312279034310400, timestamp=247460702937, counter=0]
[2025-Nov-04 03:05:08.319819] <info>: (UniqueIdHandler.h:65:ComposeUniqueId) Received ComposeUniqueId request [req_id=694148600577113344, post_type=9]
[2025-Nov-04 03:05:08.319996] <info>: (UniqueIdHandler.h:85:ComposeUniqueId) ComposeUniqueId timestamp and counter [req_id=694148600577113344, timestamp=247460708319, counter=0]
[2025-Nov-04 03:05:13.715721] <info>: (UniqueIdHandler.h:65:ComposeUniqueId) Received ComposeUniqueId request [req_id=442065011413733888, post_type=9]
[2025-Nov-04 03:05:13.715905] <info>: (UniqueIdHandler.h:85:ComposeUniqueId) ComposeUniqueId timestamp and counter [req_id=442065011413733888, timestamp=247460713715, counter=0]
[2025-Nov-04 03:05:19.100337] <info>: (UniqueIdHandler.h:65:ComposeUniqueId) Received ComposeUniqueId request [req_id=1056926730772369536, post_type=9]
[2025-Nov-04 03:05:19.100558] <info>: (UniqueIdHandler.h:85:ComposeUniqueId) ComposeUniqueId timestamp and counter [req_id=1056926730772369536, timestamp=247460719100, counter=0]
[2025-Nov-04 03:05:24.474535] <info>: (UniqueIdHandler.h:65:ComposeUniqueId) Received ComposeUniqueId request [req_id=710581823272077312, post_type=9]
[2025-Nov-04 03:05:24.474818] <info>: (UniqueIdHandler.h:85:ComposeUniqueId) ComposeUniqueId timestamp and counter [req_id=710581823272077312, timestamp=247460724474, counter=0]
[2025-Nov-04 03:05:29.838922] <info>: (UniqueIdHandler.h:65:ComposeUniqueId) Received ComposeUniqueId request [req_id=550490799074394112, post_type=9]
[2025-Nov-04 03:05:29.839108] <info>: (UniqueIdHandler.h:85:ComposeUniqueId) ComposeUniqueId timestamp and counter [req_id=550490799074394112, timestamp=247460729839, counter=0]
[2025-Nov-04 03:05:35.215069] <info>: (UniqueIdHandler.h:65:ComposeUniqueId) Received ComposeUniqueId request [req_id=457908927829654144, post_type=9]
[2025-Nov-04 03:05:35.215211] <info>: (UniqueIdHandler.h:85:ComposeUniqueId) ComposeUniqueId timestamp and counter [req_id=457908927829654144, timestamp=247460735215, counter=0]
[2025-Nov-04 03:05:40.650896] <info>: (UniqueIdHandler.h:65:ComposeUniqueId) Received ComposeUniqueId request [req_id=1002654281231450240, post_type=9]
[2025-Nov-04 03:05:40.651106] <info>: (UniqueIdHandler.h:85:ComposeUniqueId) ComposeUniqueId timestamp and counter [req_id=1002654281231450240, timestamp=247460740651, counter=0]
[2025-Nov-04 03:05:46.069868] <info>: (UniqueIdHandler.h:65:ComposeUniqueId) Received ComposeUniqueId request [req_id=750835277523033088, post_type=9]
[2025-Nov-04 03:05:46.070100] <info>: (UniqueIdHandler.h:85:ComposeUniqueId) ComposeUniqueId timestamp and counter [req_id=750835277523033088, timestamp=247460746070, counter=0]
[2025-Nov-04 03:05:51.447467] <info>: (UniqueIdHandler.h:65:ComposeUniqueId) Received ComposeUniqueId request [req_id=117184584115549840, post_type=9]
[2025-Nov-04 03:05:51.447718] <info>: (UniqueIdHandler.h:85:ComposeUniqueId) ComposeUniqueId timestamp and counter [req_id=117184584115549840, timestamp=247460751447, counter=0]
[2025-Nov-04 03:05:56.812007] <info>: (UniqueIdHandler.h:65:ComposeUniqueId) Received ComposeUniqueId request [req_id=109612749931690288, post_type=9]
[2025-Nov-04 03:05:56.812165] <info>: (UniqueIdHandler.h:85:ComposeUniqueId) ComposeUniqueId timestamp and counter [req_id=109612749931690288, timestamp=247460756812, counter=0]
[2025-Nov-04 03:06:02.164360] <info>: (UniqueIdHandler.h:65:ComposeUniqueId) Received ComposeUniqueId request [req_id=781550682163291392, post_type=9]
[2025-Nov-04 03:06:02.164542] <info>: (UniqueIdHandler.h:85:ComposeUniqueId) ComposeUniqueId timestamp and counter [req_id=781550682163291392, timestamp=247460762164, counter=0]
[2025-Nov-04 03:06:07.516473] <info>: (UniqueIdHandler.h:65:ComposeUniqueId) Received ComposeUniqueId request [req_id=798388290397530752, post_type=9]
[2025-Nov-04 03:06:07.516603] <info>: (UniqueIdHandler.h:85:ComposeUniqueId) ComposeUniqueId timestamp and counter [req_id=798388290397530752, timestamp=247460767516, counter=0]
[2025-Nov-04 03:06:12.867623] <info>: (UniqueIdHandler.h:65:ComposeUniqueId) Received ComposeUniqueId request [req_id=388984562196535872, post_type=9]
[2025-Nov-04 03:06:12.868004] <info>: (UniqueIdHandler.h:85:ComposeUniqueId) ComposeUniqueId timestamp and counter [req_id=388984562196535872, timestamp=247460772867, counter=0]
[2025-Nov-04 03:06:18.221235] <info>: (UniqueIdHandler.h:65:ComposeUniqueId) Received ComposeUniqueId request [req_id=355208033200728000, post_type=9]
[2025-Nov-04 03:06:18.221418] <info>: (UniqueIdHandler.h:85:ComposeUniqueId) ComposeUniqueId timestamp and counter [req_id=355208033200728000, timestamp=247460778221, counter=0]
[2025-Nov-04 03:06:23.565860] <info>: (UniqueIdHandler.h:65:ComposeUniqueId) Received ComposeUniqueId request [req_id=256734995595412416, post_type=9]
[2025-Nov-04 03:06:23.565983] <info>: (UniqueIdHandler.h:85:ComposeUniqueId) ComposeUniqueId timestamp and counter [req_id=256734995595412416, timestamp=247460783565, counter=0]
[2025-Nov-04 03:06:28.957985] <info>: (UniqueIdHandler.h:65:ComposeUniqueId) Received ComposeUniqueId request [req_id=406798848444114752, post_type=9]
[2025-Nov-04 03:06:28.958261] <info>: (UniqueIdHandler.h:85:ComposeUniqueId) ComposeUniqueId timestamp and counter [req_id=406798848444114752, timestamp=247460788958, counter=0]
[2025-Nov-04 03:06:34.331031] <info>: (UniqueIdHandler.h:65:ComposeUniqueId) Received ComposeUniqueId request [req_id=551767736379868096, post_type=9]
[2025-Nov-04 03:06:34.331405] <info>: (UniqueIdHandler.h:85:ComposeUniqueId) ComposeUniqueId timestamp and counter [req_id=551767736379868096, timestamp=247460794331, counter=0]
[2025-Nov-04 03:06:39.682262] <info>: (UniqueIdHandler.h:65:ComposeUniqueId) Received ComposeUniqueId request [req_id=178680296206628064, post_type=9]
[2025-Nov-04 03:06:39.682440] <info>: (UniqueIdHandler.h:85:ComposeUniqueId) ComposeUniqueId timestamp and counter [req_id=178680296206628064, timestamp=247460799682, counter=0]
[2025-Nov-04 03:06:45.044317] <info>: (UniqueIdHandler.h:65:ComposeUniqueId) Received ComposeUniqueId request [req_id=793997840577032320, post_type=9]
[2025-Nov-04 03:06:45.044462] <info>: (UniqueIdHandler.h:85:ComposeUniqueId) ComposeUniqueId timestamp and counter [req_id=793997840577032320, timestamp=247460805044, counter=0]
[2025-Nov-04 03:06:50.408170] <info>: (UniqueIdHandler.h:65:ComposeUniqueId) Received ComposeUniqueId request [req_id=811587020158371712, post_type=9]
[2025-Nov-04 03:06:50.408295] <info>: (UniqueIdHandler.h:85:ComposeUniqueId) ComposeUniqueId timestamp and counter [req_id=811587020158371712, timestamp=247460810408, counter=0]
[2025-Nov-04 03:06:55.751128] <info>: (UniqueIdHandler.h:65:ComposeUniqueId) Received ComposeUniqueId request [req_id=374331265302042816, post_type=9]
[2025-Nov-04 03:06:55.751297] <info>: (UniqueIdHandler.h:85:ComposeUniqueId) ComposeUniqueId timestamp and counter [req_id=374331265302042816, timestamp=247460815751, counter=0]
[2025-Nov-04 03:07:01.131338] <info>: (UniqueIdHandler.h:65:ComposeUniqueId) Received ComposeUniqueId request [req_id=295372488327001472, post_type=9]
[2025-Nov-04 03:07:01.131536] <info>: (UniqueIdHandler.h:85:ComposeUniqueId) ComposeUniqueId timestamp and counter [req_id=295372488327001472, timestamp=247460821131, counter=0]
[2025-Nov-04 03:07:06.475162] <info>: (UniqueIdHandler.h:65:ComposeUniqueId) Received ComposeUniqueId request [req_id=928299709122670720, post_type=9]
[2025-Nov-04 03:07:06.475333] <info>: (UniqueIdHandler.h:85:ComposeUniqueId) ComposeUniqueId timestamp and counter [req_id=928299709122670720, timestamp=247460826475, counter=0]
[2025-Nov-04 03:07:11.826238] <info>: (UniqueIdHandler.h:65:ComposeUniqueId) Received ComposeUniqueId request [req_id=1100258610827585024, post_type=9]
[2025-Nov-04 03:07:11.826472] <info>: (UniqueIdHandler.h:85:ComposeUniqueId) ComposeUniqueId timestamp and counter [req_id=1100258610827585024, timestamp=247460831826, counter=0]
[2025-Nov-04 03:07:17.196904] <info>: (UniqueIdHandler.h:65:ComposeUniqueId) Received ComposeUniqueId request [req_id=669878946334835968, post_type=9]
[2025-Nov-04 03:07:17.197121] <info>: (UniqueIdHandler.h:85:ComposeUniqueId) ComposeUniqueId timestamp and counter [req_id=669878946334835968, timestamp=247460837197, counter=0]
[2025-Nov-04 03:07:22.541281] <info>: (UniqueIdHandler.h:65:ComposeUniqueId) Received ComposeUniqueId request [req_id=424645855267243200, post_type=9]
[2025-Nov-04 03:07:22.541474] <info>: (UniqueIdHandler.h:85:ComposeUniqueId) ComposeUniqueId timestamp and counter [req_id=424645855267243200, timestamp=247460842541, counter=0]
[2025-Nov-04 03:07:27.889201] <info>: (UniqueIdHandler.h:65:ComposeUniqueId) Received ComposeUniqueId request [req_id=487848832210035136, post_type=9]
[2025-Nov-04 03:07:27.889332] <info>: (UniqueIdHandler.h:85:ComposeUniqueId) ComposeUniqueId timestamp and counter [req_id=487848832210035136, timestamp=247460847889, counter=0]
[2025-Nov-04 03:07:33.241495] <info>: (UniqueIdHandler.h:65:ComposeUniqueId) Received ComposeUniqueId request [req_id=671804139569838976, post_type=9]
[2025-Nov-04 03:07:33.241641] <info>: (UniqueIdHandler.h:85:ComposeUniqueId) ComposeUniqueId timestamp and counter [req_id=671804139569838976, timestamp=247460853241, counter=0]
[2025-Nov-04 03:07:38.615241] <info>: (UniqueIdHandler.h:65:ComposeUniqueId) Received ComposeUniqueId request [req_id=590901127732598144, post_type=9]
[2025-Nov-04 03:07:38.615431] <info>: (UniqueIdHandler.h:85:ComposeUniqueId) ComposeUniqueId timestamp and counter [req_id=590901127732598144, timestamp=247460858615, counter=0]
[2025-Nov-04 03:07:43.961965] <info>: (UniqueIdHandler.h:65:ComposeUniqueId) Received ComposeUniqueId request [req_id=685108665934302464, post_type=9]
[2025-Nov-04 03:07:43.962198] <info>: (UniqueIdHandler.h:85:ComposeUniqueId) ComposeUniqueId timestamp and counter [req_id=685108665934302464, timestamp=247460863962, counter=0]
[2025-Nov-04 03:07:49.318364] <info>: (UniqueIdHandler.h:65:ComposeUniqueId) Received ComposeUniqueId request [req_id=879940644530727168, post_type=9]
[2025-Nov-04 03:07:49.318666] <info>: (UniqueIdHandler.h:85:ComposeUniqueId) ComposeUniqueId timestamp and counter [req_id=879940644530727168, timestamp=247460869318, counter=0]
[2025-Nov-04 03:07:54.657542] <info>: (UniqueIdHandler.h:65:ComposeUniqueId) Received ComposeUniqueId request [req_id=837715499729784064, post_type=9]
[2025-Nov-04 03:07:54.657710] <info>: (UniqueIdHandler.h:85:ComposeUniqueId) ComposeUniqueId timestamp and counter [req_id=837715499729784064, timestamp=247460874657, counter=0]
[2025-Nov-04 03:08:00.009033] <info>: (UniqueIdHandler.h:65:ComposeUniqueId) Received ComposeUniqueId request [req_id=1096612632196493568, post_type=9]
[2025-Nov-04 03:08:00.009169] <info>: (UniqueIdHandler.h:85:ComposeUniqueId) ComposeUniqueId timestamp and counter [req_id=1096612632196493568, timestamp=247460880009, counter=0]
[2025-Nov-04 03:08:05.377105] <info>: (UniqueIdHandler.h:65:ComposeUniqueId) Received ComposeUniqueId request [req_id=537916360777089152, post_type=9]
[2025-Nov-04 03:08:05.377297] <info>: (UniqueIdHandler.h:85:ComposeUniqueId) ComposeUniqueId timestamp and counter [req_id=537916360777089152, timestamp=247460885377, counter=0]
[2025-Nov-04 03:08:10.724901] <info>: (UniqueIdHandler.h:65:ComposeUniqueId) Received ComposeUniqueId request [req_id=766355323932337280, post_type=9]
[2025-Nov-04 03:08:10.725029] <info>: (UniqueIdHandler.h:85:ComposeUniqueId) ComposeUniqueId timestamp and counter [req_id=766355323932337280, timestamp=247460890725, counter=0]
[2025-Nov-04 03:08:16.071254] <info>: (UniqueIdHandler.h:65:ComposeUniqueId) Received ComposeUniqueId request [req_id=91928095792337792, post_type=9]
[2025-Nov-04 03:08:16.071597] <info>: (UniqueIdHandler.h:85:ComposeUniqueId) ComposeUniqueId timestamp and counter [req_id=91928095792337792, timestamp=247460896071, counter=0]
[2025-Nov-04 03:08:21.429282] <info>: (UniqueIdHandler.h:65:ComposeUniqueId) Received ComposeUniqueId request [req_id=723513532576319872, post_type=9]
[2025-Nov-04 03:08:21.429423] <info>: (UniqueIdHandler.h:85:ComposeUniqueId) ComposeUniqueId timestamp and counter [req_id=723513532576319872, timestamp=247460901429, counter=0]
[2025-Nov-04 03:08:26.795245] <info>: (UniqueIdHandler.h:65:ComposeUniqueId) Received ComposeUniqueId request [req_id=361352282652264576, post_type=9]
[2025-Nov-04 03:08:26.795538] <info>: (UniqueIdHandler.h:85:ComposeUniqueId) ComposeUniqueId timestamp and counter [req_id=361352282652264576, timestamp=247460906795, counter=0]
[2025-Nov-04 03:08:32.207238] <info>: (UniqueIdHandler.h:65:ComposeUniqueId) Received ComposeUniqueId request [req_id=448556981571493248, post_type=9]
[2025-Nov-04 03:08:32.207370] <info>: (UniqueIdHandler.h:85:ComposeUniqueId) ComposeUniqueId timestamp and counter [req_id=448556981571493248, timestamp=247460912207, counter=0]
[2025-Nov-04 03:08:37.565716] <info>: (UniqueIdHandler.h:65:ComposeUniqueId) Received ComposeUniqueId request [req_id=383658343172476480, post_type=9]
[2025-Nov-04 03:08:37.566066] <info>: (UniqueIdHandler.h:85:ComposeUniqueId) ComposeUniqueId timestamp and counter [req_id=383658343172476480, timestamp=247460917566, counter=0]
[2025-Nov-04 03:08:42.912391] <info>: (UniqueIdHandler.h:65:ComposeUniqueId) Received ComposeUniqueId request [req_id=1094363097858601216, post_type=9]
[2025-Nov-04 03:08:42.912562] <info>: (UniqueIdHandler.h:85:ComposeUniqueId) ComposeUniqueId timestamp and counter [req_id=1094363097858601216, timestamp=247460922912, counter=0]
[2025-Nov-04 03:08:48.257272] <info>: (UniqueIdHandler.h:65:ComposeUniqueId) Received ComposeUniqueId request [req_id=313501386601336768, post_type=9]
[2025-Nov-04 03:08:48.257406] <info>: (UniqueIdHandler.h:85:ComposeUniqueId) ComposeUniqueId timestamp and counter [req_id=313501386601336768, timestamp=247460928257, counter=0]
[2025-Nov-04 03:08:53.604431] <info>: (UniqueIdHandler.h:65:ComposeUniqueId) Received ComposeUniqueId request [req_id=884749549101069312, post_type=9]
[2025-Nov-04 03:08:53.604684] <info>: (UniqueIdHandler.h:85:ComposeUniqueId) ComposeUniqueId timestamp and counter [req_id=884749549101069312, timestamp=247460933604, counter=0]
[2025-Nov-04 03:08:58.950731] <info>: (UniqueIdHandler.h:65:ComposeUniqueId) Received ComposeUniqueId request [req_id=1086571472068600960, post_type=9]
[2025-Nov-04 03:08:58.950918] <info>: (UniqueIdHandler.h:85:ComposeUniqueId) ComposeUniqueId timestamp and counter [req_id=1086571472068600960, timestamp=247460938950, counter=0]
[2025-Nov-04 03:09:04.336686] <info>: (UniqueIdHandler.h:65:ComposeUniqueId) Received ComposeUniqueId request [req_id=35244223616834636, post_type=9]
[2025-Nov-04 03:09:04.337092] <info>: (UniqueIdHandler.h:85:ComposeUniqueId) ComposeUniqueId timestamp and counter [req_id=35244223616834636, timestamp=247460944337, counter=0]
[2025-Nov-04 03:09:09.703538] <info>: (UniqueIdHandler.h:65:ComposeUniqueId) Received ComposeUniqueId request [req_id=109868290038782320, post_type=9]
[2025-Nov-04 03:09:09.703713] <info>: (UniqueIdHandler.h:85:ComposeUniqueId) ComposeUniqueId timestamp and counter [req_id=109868290038782320, timestamp=247460949703, counter=0]
[2025-Nov-04 03:09:15.068520] <info>: (UniqueIdHandler.h:65:ComposeUniqueId) Received ComposeUniqueId request [req_id=994838136601657216, post_type=9]
[2025-Nov-04 03:09:15.068716] <info>: (UniqueIdHandler.h:85:ComposeUniqueId) ComposeUniqueId timestamp and counter [req_id=994838136601657216, timestamp=247460955068, counter=0]
[2025-Nov-04 03:09:20.431319] <info>: (UniqueIdHandler.h:65:ComposeUniqueId) Received ComposeUniqueId request [req_id=440168561203177792, post_type=9]
[2025-Nov-04 03:09:20.431454] <info>: (UniqueIdHandler.h:85:ComposeUniqueId) ComposeUniqueId timestamp and counter [req_id=440168561203177792, timestamp=247460960431, counter=0]
[2025-Nov-04 03:09:25.785730] <info>: (UniqueIdHandler.h:65:ComposeUniqueId) Received ComposeUniqueId request [req_id=560682232071200000, post_type=9]
[2025-Nov-04 03:09:25.785894] <info>: (UniqueIdHandler.h:85:ComposeUniqueId) ComposeUniqueId timestamp and counter [req_id=560682232071200000, timestamp=247460965785, counter=0]
[2025-Nov-04 03:09:31.139852] <info>: (UniqueIdHandler.h:65:ComposeUniqueId) Received ComposeUniqueId request [req_id=251196555592217920, post_type=9]
[2025-Nov-04 03:09:31.140005] <info>: (UniqueIdHandler.h:85:ComposeUniqueId) ComposeUniqueId timestamp and counter [req_id=251196555592217920, timestamp=247460971139, counter=0]
[2025-Nov-04 03:09:36.493931] <info>: (UniqueIdHandler.h:65:ComposeUniqueId) Received ComposeUniqueId request [req_id=926520061978403200, post_type=9]
[2025-Nov-04 03:09:36.494082] <info>: (UniqueIdHandler.h:85:ComposeUniqueId) ComposeUniqueId timestamp and counter [req_id=926520061978403200, timestamp=247460976494, counter=0]
[2025-Nov-04 03:09:41.846783] <info>: (UniqueIdHandler.h:65:ComposeUniqueId) Received ComposeUniqueId request [req_id=292574677422884224, post_type=9]
[2025-Nov-04 03:09:41.846969] <info>: (UniqueIdHandler.h:85:ComposeUniqueId) ComposeUniqueId timestamp and counter [req_id=292574677422884224, timestamp=247460981846, counter=0]
[2025-Nov-04 03:09:47.241155] <info>: (UniqueIdHandler.h:65:ComposeUniqueId) Received ComposeUniqueId request [req_id=657377545175852416, post_type=9]
[2025-Nov-04 03:09:47.241312] <info>: (UniqueIdHandler.h:85:ComposeUniqueId) ComposeUniqueId timestamp and counter [req_id=657377545175852416, timestamp=247460987241, counter=0]
[2025-Nov-04 03:09:52.582321] <info>: (UniqueIdHandler.h:65:ComposeUniqueId) Received ComposeUniqueId request [req_id=752084124984343936, post_type=9]
[2025-Nov-04 03:09:52.582459] <info>: (UniqueIdHandler.h:85:ComposeUniqueId) ComposeUniqueId timestamp and counter [req_id=752084124984343936, timestamp=247460992582, counter=0]
[2025-Nov-04 03:09:57.936697] <info>: (UniqueIdHandler.h:65:ComposeUniqueId) Received ComposeUniqueId request [req_id=896225603788861952, post_type=9]
[2025-Nov-04 03:09:57.937042] <info>: (UniqueIdHandler.h:85:ComposeUniqueId) ComposeUniqueId timestamp and counter [req_id=896225603788861952, timestamp=247460997937, counter=0]
[2025-Nov-04 03:10:03.290867] <info>: (UniqueIdHandler.h:65:ComposeUniqueId) Received ComposeUniqueId request [req_id=756299934539784192, post_type=9]
[2025-Nov-04 03:10:03.291082] <info>: (UniqueIdHandler.h:85:ComposeUniqueId) ComposeUniqueId timestamp and counter [req_id=756299934539784192, timestamp=247461003291, counter=0]
[2025-Nov-04 03:10:08.655668] <info>: (UniqueIdHandler.h:65:ComposeUniqueId) Received ComposeUniqueId request [req_id=166287945252643520, post_type=9]
[2025-Nov-04 03:10:08.655824] <info>: (UniqueIdHandler.h:85:ComposeUniqueId) ComposeUniqueId timestamp and counter [req_id=166287945252643520, timestamp=247461008655, counter=0]
[2025-Nov-04 03:10:14.019631] <info>: (UniqueIdHandler.h:65:ComposeUniqueId) Received ComposeUniqueId request [req_id=1028088475319601024, post_type=9]
[2025-Nov-04 03:10:14.020197] <info>: (UniqueIdHandler.h:85:ComposeUniqueId) ComposeUniqueId timestamp and counter [req_id=1028088475319601024, timestamp=247461014020, counter=0]
[2025-Nov-04 03:10:19.389485] <info>: (UniqueIdHandler.h:65:ComposeUniqueId) Received ComposeUniqueId request [req_id=956669312816997376, post_type=9]
[2025-Nov-04 03:10:19.389650] <info>: (UniqueIdHandler.h:85:ComposeUniqueId) ComposeUniqueId timestamp and counter [req_id=956669312816997376, timestamp=247461019389, counter=0]
[2025-Nov-04 03:10:24.759652] <info>: (UniqueIdHandler.h:65:ComposeUniqueId) Received ComposeUniqueId request [req_id=1003069074624475776, post_type=9]
[2025-Nov-04 03:10:24.759840] <info>: (UniqueIdHandler.h:85:ComposeUniqueId) ComposeUniqueId timestamp and counter [req_id=1003069074624475776, timestamp=247461024759, counter=0]
[2025-Nov-04 03:10:30.125980] <info>: (UniqueIdHandler.h:65:ComposeUniqueId) Received ComposeUniqueId request [req_id=1146770912649342464, post_type=9]
[2025-Nov-04 03:10:30.126358] <info>: (UniqueIdHandler.h:85:ComposeUniqueId) ComposeUniqueId timestamp and counter [req_id=1146770912649342464, timestamp=247461030126, counter=0]
[2025-Nov-04 03:10:35.475564] <info>: (UniqueIdHandler.h:65:ComposeUniqueId) Received ComposeUniqueId request [req_id=255903680042658368, post_type=9]
[2025-Nov-04 03:10:35.475688] <info>: (UniqueIdHandler.h:85:ComposeUniqueId) ComposeUniqueId timestamp and counter [req_id=255903680042658368, timestamp=247461035475, counter=0]
[2025-Nov-04 03:10:40.818549] <info>: (UniqueIdHandler.h:65:ComposeUniqueId) Received ComposeUniqueId request [req_id=828587578444246400, post_type=9]
[2025-Nov-04 03:10:40.818673] <info>: (UniqueIdHandler.h:85:ComposeUniqueId) ComposeUniqueId timestamp and counter [req_id=828587578444246400, timestamp=247461040818, counter=0]
[2025-Nov-04 03:10:46.193780] <info>: (UniqueIdHandler.h:65:ComposeUniqueId) Received ComposeUniqueId request [req_id=700726794786450560, post_type=9]
[2025-Nov-04 03:10:46.193950] <info>: (UniqueIdHandler.h:85:ComposeUniqueId) ComposeUniqueId timestamp and counter [req_id=700726794786450560, timestamp=247461046193, counter=0]
[2025-Nov-04 03:10:51.548470] <info>: (UniqueIdHandler.h:65:ComposeUniqueId) Received ComposeUniqueId request [req_id=1048520773358609664, post_type=9]
[2025-Nov-04 03:10:51.548678] <info>: (UniqueIdHandler.h:85:ComposeUniqueId) ComposeUniqueId timestamp and counter [req_id=1048520773358609664, timestamp=247461051548, counter=0]
[2025-Nov-04 03:10:56.903516] <info>: (UniqueIdHandler.h:65:ComposeUniqueId) Received ComposeUniqueId request [req_id=280863724250496832, post_type=9]
[2025-Nov-04 03:10:56.903932] <info>: (UniqueIdHandler.h:85:ComposeUniqueId) ComposeUniqueId timestamp and counter [req_id=280863724250496832, timestamp=247461056903, counter=0]
[2025-Nov-04 03:11:02.281282] <info>: (UniqueIdHandler.h:65:ComposeUniqueId) Received ComposeUniqueId request [req_id=709211623791287424, post_type=9]
[2025-Nov-04 03:11:02.281431] <info>: (UniqueIdHandler.h:85:ComposeUniqueId) ComposeUniqueId timestamp and counter [req_id=709211623791287424, timestamp=247461062281, counter=0]
[2025-Nov-04 03:11:07.652196] <info>: (UniqueIdHandler.h:65:ComposeUniqueId) Received ComposeUniqueId request [req_id=1114274612192333184, post_type=9]
[2025-Nov-04 03:11:07.652479] <info>: (UniqueIdHandler.h:85:ComposeUniqueId) ComposeUniqueId timestamp and counter [req_id=1114274612192333184, timestamp=247461067652, counter=0]
[2025-Nov-04 03:11:13.002337] <info>: (UniqueIdHandler.h:65:ComposeUniqueId) Received ComposeUniqueId request [req_id=549050633104990272, post_type=9]
[2025-Nov-04 03:11:13.002525] <info>: (UniqueIdHandler.h:85:ComposeUniqueId) ComposeUniqueId timestamp and counter [req_id=549050633104990272, timestamp=247461073002, counter=0]
[2025-Nov-04 03:11:18.377295] <info>: (UniqueIdHandler.h:65:ComposeUniqueId) Received ComposeUniqueId request [req_id=221873435518088160, post_type=9]
[2025-Nov-04 03:11:18.377455] <info>: (UniqueIdHandler.h:85:ComposeUniqueId) ComposeUniqueId timestamp and counter [req_id=221873435518088160, timestamp=247461078377, counter=0]
[2025-Nov-04 03:11:23.759994] <info>: (UniqueIdHandler.h:65:ComposeUniqueId) Received ComposeUniqueId request [req_id=319221293498053632, post_type=9]
[2025-Nov-04 03:11:23.760427] <info>: (UniqueIdHandler.h:85:ComposeUniqueId) ComposeUniqueId timestamp and counter [req_id=319221293498053632, timestamp=247461083760, counter=0]
[2025-Nov-04 03:11:29.136017] <info>: (UniqueIdHandler.h:65:ComposeUniqueId) Received ComposeUniqueId request [req_id=628293010211544704, post_type=9]
[2025-Nov-04 03:11:29.136180] <info>: (UniqueIdHandler.h:85:ComposeUniqueId) ComposeUniqueId timestamp and counter [req_id=628293010211544704, timestamp=247461089136, counter=0]
[2025-Nov-04 03:11:34.490391] <info>: (UniqueIdHandler.h:65:ComposeUniqueId) Received ComposeUniqueId request [req_id=10883255164537636, post_type=9]
[2025-Nov-04 03:11:34.490545] <info>: (UniqueIdHandler.h:85:ComposeUniqueId) ComposeUniqueId timestamp and counter [req_id=10883255164537636, timestamp=247461094490, counter=0]
[2025-Nov-04 03:11:39.857225] <info>: (UniqueIdHandler.h:65:ComposeUniqueId) Received ComposeUniqueId request [req_id=698884164231657984, post_type=9]
[2025-Nov-04 03:11:39.857352] <info>: (UniqueIdHandler.h:85:ComposeUniqueId) ComposeUniqueId timestamp and counter [req_id=698884164231657984, timestamp=247461099857, counter=0]
[2025-Nov-04 03:11:45.244711] <info>: (UniqueIdHandler.h:65:ComposeUniqueId) Received ComposeUniqueId request [req_id=30285517502859768, post_type=9]
[2025-Nov-04 03:11:45.244918] <info>: (UniqueIdHandler.h:85:ComposeUniqueId) ComposeUniqueId timestamp and counter [req_id=30285517502859768, timestamp=247461105244, counter=0]
[2025-Nov-04 03:11:50.641370] <info>: (UniqueIdHandler.h:65:ComposeUniqueId) Received ComposeUniqueId request [req_id=225504171700201696, post_type=9]
[2025-Nov-04 03:11:50.641539] <info>: (UniqueIdHandler.h:85:ComposeUniqueId) ComposeUniqueId timestamp and counter [req_id=225504171700201696, timestamp=247461110641, counter=0]
[2025-Nov-04 03:11:55.986799] <info>: (UniqueIdHandler.h:65:ComposeUniqueId) Received ComposeUniqueId request [req_id=247596182254555680, post_type=9]
[2025-Nov-04 03:11:55.986930] <info>: (UniqueIdHandler.h:85:ComposeUniqueId) ComposeUniqueId timestamp and counter [req_id=247596182254555680, timestamp=247461115986, counter=0]
[2025-Nov-04 03:12:01.338510] <info>: (UniqueIdHandler.h:65:ComposeUniqueId) Received ComposeUniqueId request [req_id=353913096405676288, post_type=9]
[2025-Nov-04 03:12:01.338651] <info>: (UniqueIdHandler.h:85:ComposeUniqueId) ComposeUniqueId timestamp and counter [req_id=353913096405676288, timestamp=247461121338, counter=0]
[2025-Nov-04 03:12:06.727903] <info>: (UniqueIdHandler.h:65:ComposeUniqueId) Received ComposeUniqueId request [req_id=359725869687722432, post_type=9]
[2025-Nov-04 03:12:06.728122] <info>: (UniqueIdHandler.h:85:ComposeUniqueId) ComposeUniqueId timestamp and counter [req_id=359725869687722432, timestamp=247461126728, counter=0]
[2025-Nov-04 03:12:12.092305] <info>: (UniqueIdHandler.h:65:ComposeUniqueId) Received ComposeUniqueId request [req_id=668107026745583488, post_type=9]
[2025-Nov-04 03:12:12.092449] <info>: (UniqueIdHandler.h:85:ComposeUniqueId) ComposeUniqueId timestamp and counter [req_id=668107026745583488, timestamp=247461132092, counter=0]
[2025-Nov-04 03:12:17.440791] <info>: (UniqueIdHandler.h:65:ComposeUniqueId) Received ComposeUniqueId request [req_id=601994553579911552, post_type=9]
[2025-Nov-04 03:12:17.440981] <info>: (UniqueIdHandler.h:85:ComposeUniqueId) ComposeUniqueId timestamp and counter [req_id=601994553579911552, timestamp=247461137440, counter=0]
[2025-Nov-04 03:12:22.794395] <info>: (UniqueIdHandler.h:65:ComposeUniqueId) Received ComposeUniqueId request [req_id=802897110694590208, post_type=9]
[2025-Nov-04 03:12:22.794601] <info>: (UniqueIdHandler.h:85:ComposeUniqueId) ComposeUniqueId timestamp and counter [req_id=802897110694590208, timestamp=247461142794, counter=0]
[2025-Nov-04 03:12:28.162283] <info>: (UniqueIdHandler.h:65:ComposeUniqueId) Received ComposeUniqueId request [req_id=325290648471208064, post_type=9]
[2025-Nov-04 03:12:28.162423] <info>: (UniqueIdHandler.h:85:ComposeUniqueId) ComposeUniqueId timestamp and counter [req_id=325290648471208064, timestamp=247461148162, counter=0]
[2025-Nov-04 03:12:33.528967] <info>: (UniqueIdHandler.h:65:ComposeUniqueId) Received ComposeUniqueId request [req_id=346340799333726400, post_type=9]
[2025-Nov-04 03:12:33.529504] <info>: (UniqueIdHandler.h:85:ComposeUniqueId) ComposeUniqueId timestamp and counter [req_id=346340799333726400, timestamp=247461153529, counter=0]
[2025-Nov-04 03:12:38.892271] <info>: (UniqueIdHandler.h:65:ComposeUniqueId) Received ComposeUniqueId request [req_id=650891869389843072, post_type=9]
[2025-Nov-04 03:12:38.892410] <info>: (UniqueIdHandler.h:85:ComposeUniqueId) ComposeUniqueId timestamp and counter [req_id=650891869389843072, timestamp=247461158892, counter=0]
[2025-Nov-04 03:12:44.260556] <info>: (UniqueIdHandler.h:65:ComposeUniqueId) Received ComposeUniqueId request [req_id=483464010360984704, post_type=9]
[2025-Nov-04 03:12:44.260684] <info>: (UniqueIdHandler.h:85:ComposeUniqueId) ComposeUniqueId timestamp and counter [req_id=483464010360984704, timestamp=247461164260, counter=0]
[2025-Nov-04 03:12:49.620621] <info>: (UniqueIdHandler.h:65:ComposeUniqueId) Received ComposeUniqueId request [req_id=273938838115634528, post_type=9]
[2025-Nov-04 03:12:49.620795] <info>: (UniqueIdHandler.h:85:ComposeUniqueId) ComposeUniqueId timestamp and counter [req_id=273938838115634528, timestamp=247461169620, counter=0]
[2025-Nov-04 03:12:54.972041] <info>: (UniqueIdHandler.h:65:ComposeUniqueId) Received ComposeUniqueId request [req_id=1043240856408261248, post_type=9]
[2025-Nov-04 03:12:54.972210] <info>: (UniqueIdHandler.h:85:ComposeUniqueId) ComposeUniqueId timestamp and counter [req_id=1043240856408261248, timestamp=247461174972, counter=0]
[2025-Nov-04 03:13:00.333650] <info>: (UniqueIdHandler.h:65:ComposeUniqueId) Received ComposeUniqueId request [req_id=478432982569196608, post_type=9]
[2025-Nov-04 03:13:00.333815] <info>: (UniqueIdHandler.h:85:ComposeUniqueId) ComposeUniqueId timestamp and counter [req_id=478432982569196608, timestamp=247461180333, counter=0]
[2025-Nov-04 03:13:05.737159] <info>: (UniqueIdHandler.h:65:ComposeUniqueId) Received ComposeUniqueId request [req_id=375653650934055680, post_type=9]
[2025-Nov-04 03:13:05.737419] <info>: (UniqueIdHandler.h:85:ComposeUniqueId) ComposeUniqueId timestamp and counter [req_id=375653650934055680, timestamp=247461185737, counter=0]
[2025-Nov-04 03:13:11.102372] <info>: (UniqueIdHandler.h:65:ComposeUniqueId) Received ComposeUniqueId request [req_id=557386124994293760, post_type=9]
[2025-Nov-04 03:13:11.102876] <info>: (UniqueIdHandler.h:85:ComposeUniqueId) ComposeUniqueId timestamp and counter [req_id=557386124994293760, timestamp=247461191102, counter=0]
[2025-Nov-04 03:13:16.464963] <info>: (UniqueIdHandler.h:65:ComposeUniqueId) Received ComposeUniqueId request [req_id=1129096423749041536, post_type=9]
[2025-Nov-04 03:13:16.465155] <info>: (UniqueIdHandler.h:85:ComposeUniqueId) ComposeUniqueId timestamp and counter [req_id=1129096423749041536, timestamp=247461196465, counter=0]
[2025-Nov-04 03:13:21.830803] <info>: (UniqueIdHandler.h:65:ComposeUniqueId) Received ComposeUniqueId request [req_id=191618304106923648, post_type=9]
[2025-Nov-04 03:13:21.830982] <info>: (UniqueIdHandler.h:85:ComposeUniqueId) ComposeUniqueId timestamp and counter [req_id=191618304106923648, timestamp=247461201830, counter=0]
[2025-Nov-04 03:13:27.201874] <info>: (UniqueIdHandler.h:65:ComposeUniqueId) Received ComposeUniqueId request [req_id=825039348113046656, post_type=9]
[2025-Nov-04 03:13:27.202023] <info>: (UniqueIdHandler.h:85:ComposeUniqueId) ComposeUniqueId timestamp and counter [req_id=825039348113046656, timestamp=247461207202, counter=0]
[2025-Nov-04 03:13:32.543906] <info>: (UniqueIdHandler.h:65:ComposeUniqueId) Received ComposeUniqueId request [req_id=739821421918041984, post_type=9]
[2025-Nov-04 03:13:32.544113] <info>: (UniqueIdHandler.h:85:ComposeUniqueId) ComposeUniqueId timestamp and counter [req_id=739821421918041984, timestamp=247461212544, counter=0]
[2025-Nov-04 03:13:37.890757] <info>: (UniqueIdHandler.h:65:ComposeUniqueId) Received ComposeUniqueId request [req_id=315933440675169984, post_type=9]
[2025-Nov-04 03:13:37.891015] <info>: (UniqueIdHandler.h:85:ComposeUniqueId) ComposeUniqueId timestamp and counter [req_id=315933440675169984, timestamp=247461217891, counter=0]
[2025-Nov-04 03:13:43.246360] <info>: (UniqueIdHandler.h:65:ComposeUniqueId) Received ComposeUniqueId request [req_id=892770272141678592, post_type=9]
[2025-Nov-04 03:13:43.246509] <info>: (UniqueIdHandler.h:85:ComposeUniqueId) ComposeUniqueId timestamp and counter [req_id=892770272141678592, timestamp=247461223246, counter=0]
[2025-Nov-04 03:13:48.613237] <info>: (UniqueIdHandler.h:65:ComposeUniqueId) Received ComposeUniqueId request [req_id=601572541658177792, post_type=9]
[2025-Nov-04 03:13:48.613428] <info>: (UniqueIdHandler.h:85:ComposeUniqueId) ComposeUniqueId timestamp and counter [req_id=601572541658177792, timestamp=247461228613, counter=0]
[2025-Nov-04 03:13:53.972578] <info>: (UniqueIdHandler.h:65:ComposeUniqueId) Received ComposeUniqueId request [req_id=733266265593413632, post_type=9]
[2025-Nov-04 03:13:53.972859] <info>: (UniqueIdHandler.h:85:ComposeUniqueId) ComposeUniqueId timestamp and counter [req_id=733266265593413632, timestamp=247461233972, counter=0]
[2025-Nov-04 03:13:59.325231] <info>: (UniqueIdHandler.h:65:ComposeUniqueId) Received ComposeUniqueId request [req_id=9909354221536112, post_type=9]
[2025-Nov-04 03:13:59.325432] <info>: (UniqueIdHandler.h:85:ComposeUniqueId) ComposeUniqueId timestamp and counter [req_id=9909354221536112, timestamp=247461239325, counter=0]
[2025-Nov-04 03:14:04.671347] <info>: (UniqueIdHandler.h:65:ComposeUniqueId) Received ComposeUniqueId request [req_id=956116943840014080, post_type=9]
[2025-Nov-04 03:14:04.671478] <info>: (UniqueIdHandler.h:85:ComposeUniqueId) ComposeUniqueId timestamp and counter [req_id=956116943840014080, timestamp=247461244671, counter=0]
[2025-Nov-04 03:14:10.016884] <info>: (UniqueIdHandler.h:65:ComposeUniqueId) Received ComposeUniqueId request [req_id=521541036864559552, post_type=9]
[2025-Nov-04 03:14:10.017029] <info>: (UniqueIdHandler.h:85:ComposeUniqueId) ComposeUniqueId timestamp and counter [req_id=521541036864559552, timestamp=247461250017, counter=0]
[2025-Nov-04 03:14:15.383671] <info>: (UniqueIdHandler.h:65:ComposeUniqueId) Received ComposeUniqueId request [req_id=794918286873100032, post_type=9]
[2025-Nov-04 03:14:15.383922] <info>: (UniqueIdHandler.h:85:ComposeUniqueId) ComposeUniqueId timestamp and counter [req_id=794918286873100032, timestamp=247461255383, counter=0]
[2025-Nov-04 03:14:20.745198] <info>: (UniqueIdHandler.h:65:ComposeUniqueId) Received ComposeUniqueId request [req_id=33014601370620304, post_type=9]
[2025-Nov-04 03:14:20.745549] <info>: (UniqueIdHandler.h:85:ComposeUniqueId) ComposeUniqueId timestamp and counter [req_id=33014601370620304, timestamp=247461260745, counter=0]
[2025-Nov-04 03:14:26.118099] <info>: (UniqueIdHandler.h:65:ComposeUniqueId) Received ComposeUniqueId request [req_id=113599018161602752, post_type=9]
[2025-Nov-04 03:14:26.118301] <info>: (UniqueIdHandler.h:85:ComposeUniqueId) ComposeUniqueId timestamp and counter [req_id=113599018161602752, timestamp=247461266118, counter=0]
[2025-Nov-04 03:14:31.491640] <info>: (UniqueIdHandler.h:65:ComposeUniqueId) Received ComposeUniqueId request [req_id=701509522384048384, post_type=9]
[2025-Nov-04 03:14:31.492123] <info>: (UniqueIdHandler.h:85:ComposeUniqueId) ComposeUniqueId timestamp and counter [req_id=701509522384048384, timestamp=247461271492, counter=0]
[2025-Nov-04 03:14:36.866803] <info>: (UniqueIdHandler.h:65:ComposeUniqueId) Received ComposeUniqueId request [req_id=1102073940294735744, post_type=9]
[2025-Nov-04 03:14:36.867201] <info>: (UniqueIdHandler.h:85:ComposeUniqueId) ComposeUniqueId timestamp and counter [req_id=1102073940294735744, timestamp=247461276867, counter=0]
[2025-Nov-04 03:14:42.230152] <info>: (UniqueIdHandler.h:65:ComposeUniqueId) Received ComposeUniqueId request [req_id=970873864376023680, post_type=9]
[2025-Nov-04 03:14:42.230557] <info>: (UniqueIdHandler.h:85:ComposeUniqueId) ComposeUniqueId timestamp and counter [req_id=970873864376023680, timestamp=247461282230, counter=0]
[2025-Nov-04 03:14:47.576906] <info>: (UniqueIdHandler.h:65:ComposeUniqueId) Received ComposeUniqueId request [req_id=462047045525466432, post_type=9]
[2025-Nov-04 03:14:47.577061] <info>: (UniqueIdHandler.h:85:ComposeUniqueId) ComposeUniqueId timestamp and counter [req_id=462047045525466432, timestamp=247461287577, counter=0]
[2025-Nov-04 03:14:52.959154] <info>: (UniqueIdHandler.h:65:ComposeUniqueId) Received ComposeUniqueId request [req_id=1038753291231099648, post_type=9]
[2025-Nov-04 03:14:52.959611] <info>: (UniqueIdHandler.h:85:ComposeUniqueId) ComposeUniqueId timestamp and counter [req_id=1038753291231099648, timestamp=247461292959, counter=0]
[2025-Nov-04 03:14:58.318599] <info>: (UniqueIdHandler.h:65:ComposeUniqueId) Received ComposeUniqueId request [req_id=958647335380239488, post_type=9]
[2025-Nov-04 03:14:58.318937] <info>: (UniqueIdHandler.h:85:ComposeUniqueId) ComposeUniqueId timestamp and counter [req_id=958647335380239488, timestamp=247461298318, counter=0]
[2025-Nov-04 03:15:03.664340] <info>: (UniqueIdHandler.h:65:ComposeUniqueId) Received ComposeUniqueId request [req_id=785257778392604160, post_type=9]
[2025-Nov-04 03:15:03.664488] <info>: (UniqueIdHandler.h:85:ComposeUniqueId) ComposeUniqueId timestamp and counter [req_id=785257778392604160, timestamp=247461303664, counter=0]
[2025-Nov-04 03:15:09.043892] <info>: (UniqueIdHandler.h:65:ComposeUniqueId) Received ComposeUniqueId request [req_id=1141457446289109376, post_type=9]
[2025-Nov-04 03:15:09.044093] <info>: (UniqueIdHandler.h:85:ComposeUniqueId) ComposeUniqueId timestamp and counter [req_id=1141457446289109376, timestamp=247461309044, counter=0]
[2025-Nov-04 03:15:14.416416] <info>: (UniqueIdHandler.h:65:ComposeUniqueId) Received ComposeUniqueId request [req_id=836760667100345216, post_type=9]
[2025-Nov-04 03:15:14.416581] <info>: (UniqueIdHandler.h:85:ComposeUniqueId) ComposeUniqueId timestamp and counter [req_id=836760667100345216, timestamp=247461314416, counter=0]
[2025-Nov-04 03:15:19.759945] <info>: (UniqueIdHandler.h:65:ComposeUniqueId) Received ComposeUniqueId request [req_id=925990344533161088, post_type=9]
[2025-Nov-04 03:15:19.760092] <info>: (UniqueIdHandler.h:85:ComposeUniqueId) ComposeUniqueId timestamp and counter [req_id=925990344533161088, timestamp=247461319760, counter=0]
[2025-Nov-04 03:15:25.119551] <info>: (UniqueIdHandler.h:65:ComposeUniqueId) Received ComposeUniqueId request [req_id=639044277683667072, post_type=9]
[2025-Nov-04 03:15:25.119689] <info>: (UniqueIdHandler.h:85:ComposeUniqueId) ComposeUniqueId timestamp and counter [req_id=639044277683667072, timestamp=247461325119, counter=0]
[2025-Nov-04 03:15:30.466351] <info>: (UniqueIdHandler.h:65:ComposeUniqueId) Received ComposeUniqueId request [req_id=810882276161075712, post_type=9]
[2025-Nov-04 03:15:30.466526] <info>: (UniqueIdHandler.h:85:ComposeUniqueId) ComposeUniqueId timestamp and counter [req_id=810882276161075712, timestamp=247461330466, counter=0]
[2025-Nov-04 03:15:35.843581] <info>: (UniqueIdHandler.h:65:ComposeUniqueId) Received ComposeUniqueId request [req_id=585724059668493440, post_type=9]
[2025-Nov-04 03:15:35.843975] <info>: (UniqueIdHandler.h:85:ComposeUniqueId) ComposeUniqueId timestamp and counter [req_id=585724059668493440, timestamp=247461335843, counter=0]
[2025-Nov-04 03:15:41.221573] <info>: (UniqueIdHandler.h:65:ComposeUniqueId) Received ComposeUniqueId request [req_id=902662822047453440, post_type=9]
[2025-Nov-04 03:15:41.221715] <info>: (UniqueIdHandler.h:85:ComposeUniqueId) ComposeUniqueId timestamp and counter [req_id=902662822047453440, timestamp=247461341221, counter=0]
[2025-Nov-04 03:15:46.571755] <info>: (UniqueIdHandler.h:65:ComposeUniqueId) Received ComposeUniqueId request [req_id=140678202271524368, post_type=9]
[2025-Nov-04 03:15:46.572408] <info>: (UniqueIdHandler.h:85:ComposeUniqueId) ComposeUniqueId timestamp and counter [req_id=140678202271524368, timestamp=247461346572, counter=0]
[2025-Nov-04 03:15:51.984777] <info>: (UniqueIdHandler.h:65:ComposeUniqueId) Received ComposeUniqueId request [req_id=773408932180948992, post_type=9]
[2025-Nov-04 03:15:51.985050] <info>: (UniqueIdHandler.h:85:ComposeUniqueId) ComposeUniqueId timestamp and counter [req_id=773408932180948992, timestamp=247461351985, counter=0]
[2025-Nov-04 03:15:57.329867] <info>: (UniqueIdHandler.h:65:ComposeUniqueId) Received ComposeUniqueId request [req_id=649346415025528576, post_type=9]
[2025-Nov-04 03:15:57.330114] <info>: (UniqueIdHandler.h:85:ComposeUniqueId) ComposeUniqueId timestamp and counter [req_id=649346415025528576, timestamp=247461357330, counter=0]
[2025-Nov-04 03:16:02.716658] <info>: (UniqueIdHandler.h:65:ComposeUniqueId) Received ComposeUniqueId request [req_id=777536889581894144, post_type=9]
[2025-Nov-04 03:16:02.716828] <info>: (UniqueIdHandler.h:85:ComposeUniqueId) ComposeUniqueId timestamp and counter [req_id=777536889581894144, timestamp=247461362716, counter=0]
[2025-Nov-04 03:21:29.407129] <info>: (UniqueIdHandler.h:65:ComposeUniqueId) Received ComposeUniqueId request [req_id=554485556551095232, post_type=9]
[2025-Nov-04 03:21:29.407486] <info>: (UniqueIdHandler.h:85:ComposeUniqueId) ComposeUniqueId timestamp and counter [req_id=554485556551095232, timestamp=247461689407, counter=0]
[2025-Nov-04 03:21:34.756869] <info>: (UniqueIdHandler.h:65:ComposeUniqueId) Received ComposeUniqueId request [req_id=753939807007684096, post_type=9]
[2025-Nov-04 03:21:34.757230] <info>: (UniqueIdHandler.h:85:ComposeUniqueId) ComposeUniqueId timestamp and counter [req_id=753939807007684096, timestamp=247461694757, counter=0]
